SUCCESS [2023-11-19 10:13:28] bbox 3.38366526926314
SUCCESS [2023-11-19 10:13:28] bbox 47.4203411607135
SUCCESS [2023-11-19 10:13:28] bbox 8.2324965113586
SUCCESS [2023-11-19 10:13:28] bbox 50.1692987559308
SUCCESS [2023-11-19 10:13:41] downloaded après 0 split
SUCCESS [2023-11-19 10:13:42] downloaded après 0 split
SUCCESS [2023-11-19 10:13:43] downloaded après 0 split
SUCCESS [2023-11-19 10:13:50] downloaded après 0 split
SUCCESS [2023-11-19 10:13:52] downloaded après 0 split
SUCCESS [2023-11-19 10:13:54] downloaded après 0 split
SUCCESS [2023-11-19 10:13:54] downloaded après 0 split
SUCCESS [2023-11-19 10:13:57] downloaded après 0 split
SUCCESS [2023-11-19 10:13:57] downloaded après 0 split
INFO [2023-11-19 10:14:01] Timed out split (0)
INFO [2023-11-19 10:14:01] Error in check_for_error(paste0(doc)) : 
  General overpass server error; returned:
The data included in this document is from www.openstreetmap.org. The data is made available under ODbL. runtime error: Query timed out in "query" at line 23 after 26 seconds. 
, distance 85 km; split (1)
INFO [2023-11-19 10:14:03] Timed out split (0)
INFO [2023-11-19 10:14:03] Error in check_for_error(paste0(doc)) : 
  General overpass server error; returned:
The data included in this document is from www.openstreetmap.org. The data is made available under ODbL. runtime error: Query timed out in "recurse" at line 31 after 27 seconds. 
, distance 87 km; split (1)
INFO [2023-11-19 10:14:03] Timed out split (0)
INFO [2023-11-19 10:14:03] Error in check_for_error(paste0(doc)) : 
  General overpass server error; returned:
The data included in this document is from www.openstreetmap.org. The data is made available under ODbL. runtime error: Query timed out in "query" at line 4 after 27 seconds. 
, distance 85 km; split (1)
INFO [2023-11-19 10:14:03] Timed out split (0)
INFO [2023-11-19 10:14:03] Error in check_for_error(paste0(doc)) : 
  General overpass server error; returned:
The data included in this document is from www.openstreetmap.org. The data is made available under ODbL. runtime error: Query timed out in "query" at line 11 after 26 seconds. 
, distance 87 km; split (1)
INFO [2023-11-19 10:14:04] Timed out split (0)
INFO [2023-11-19 10:14:04] Error in check_for_error(paste0(doc)) : 
  General overpass server error; returned:
The data included in this document is from www.openstreetmap.org. The data is made available under ODbL. runtime error: Query timed out in "query" at line 4 after 27 seconds. 
, distance 85 km; split (1)
SUCCESS [2023-11-19 10:14:05] downloaded après 0 split
INFO [2023-11-19 10:14:06] Timed out split (0)
INFO [2023-11-19 10:14:06] Error in check_for_error(paste0(doc)) : 
  General overpass server error; returned:
The data included in this document is from www.openstreetmap.org. The data is made available under ODbL. runtime error: Query timed out in "query" at line 23 after 26 seconds. 
, distance 87 km; split (1)
INFO [2023-11-19 10:14:07] Timed out split (0)
INFO [2023-11-19 10:14:07] Error in check_for_error(paste0(doc)) : 
  General overpass server error; returned:
The data included in this document is from www.openstreetmap.org. The data is made available under ODbL. runtime error: Query timed out in "query" at line 4 after 26 seconds. 
, distance 86 km; split (1)
INFO [2023-11-19 10:14:08] Timed out split (0)
INFO [2023-11-19 10:14:08] Error in check_for_error(paste0(doc)) : 
  General overpass server error; returned:
The data included in this document is from www.openstreetmap.org. The data is made available under ODbL. runtime error: Query timed out in "recurse" at line 31 after 33 seconds. 
, distance 86 km; split (1)
SUCCESS [2023-11-19 10:14:08] downloaded après 0 split
SUCCESS [2023-11-19 10:14:12] downloaded après 0 split
SUCCESS [2023-11-19 10:14:16] downloaded après 1 split
SUCCESS [2023-11-19 10:14:17] downloaded après 1 split
SUCCESS [2023-11-19 10:14:17] downloaded après 1 split
SUCCESS [2023-11-19 10:14:19] downloaded après 0 split
SUCCESS [2023-11-19 10:14:20] downloaded après 1 split
INFO [2023-11-19 10:14:22] Timed out split (0)
INFO [2023-11-19 10:14:22] Error in check_for_error(paste0(doc)) : 
  General overpass server error; returned:
The data included in this document is from www.openstreetmap.org. The data is made available under ODbL. runtime error: Query timed out in "query" at line 16 after 26 seconds. 
, distance 87 km; split (1)
SUCCESS [2023-11-19 10:14:24] downloaded après 1 split
SUCCESS [2023-11-19 10:14:29] downloaded après 1 split
SUCCESS [2023-11-19 10:14:30] downloaded après 0 split
SUCCESS [2023-11-19 10:14:31] downloaded après 1 split
INFO [2023-11-19 10:14:31] Timed out split (0)
INFO [2023-11-19 10:14:31] Error in check_for_error(paste0(doc)) : 
  General overpass server error; returned:
The data included in this document is from www.openstreetmap.org. The data is made available under ODbL. runtime error: Query timed out in "query" at line 4 after 29 seconds. 
, distance 86 km; split (1)
SUCCESS [2023-11-19 10:14:32] downloaded après 1 split
INFO [2023-11-19 10:14:45] Timed out split (1)
INFO [2023-11-19 10:14:45] Error in check_for_error(paste0(doc)) : 
  General overpass server error; returned:
The data included in this document is from www.openstreetmap.org. The data is made available under ODbL. runtime error: Query timed out in "recurse" at line 31 after 34 seconds. 
, distance 47 km; split (2)
SUCCESS [2023-11-19 10:14:47] downloaded après 2 split
SUCCESS [2023-11-19 10:14:48] downloaded après 1 split
SUCCESS [2023-11-19 10:14:49] downloaded après 1 split
SUCCESS [2023-11-19 10:14:51] downloaded après 1 split
SUCCESS [2023-11-19 10:14:53] downloaded après 1 split
INFO [2023-11-19 10:14:54] Timed out split (1)
INFO [2023-11-19 10:14:54] Error in check_for_error(paste0(doc)) : 
  General overpass server error; returned:
The data included in this document is from www.openstreetmap.org. The data is made available under ODbL. runtime error: Query timed out in "recurse" at line 31 after 49 seconds. 
, distance 48 km; split (2)
SUCCESS [2023-11-19 10:14:55] downloaded après 1 split
SUCCESS [2023-11-19 10:14:55] downloaded après 1 split
SUCCESS [2023-11-19 10:14:58] downloaded après 1 split
SUCCESS [2023-11-19 10:14:58] downloaded après 1 split
SUCCESS [2023-11-19 10:15:00] downloaded après 1 split
SUCCESS [2023-11-19 10:15:03] downloaded après 1 split
SUCCESS [2023-11-19 10:15:06] downloaded après 1 split
SUCCESS [2023-11-19 10:15:07] downloaded après 1 split
INFO [2023-11-19 10:15:09] Timed out split (1)
INFO [2023-11-19 10:15:09] Error in check_for_error(paste0(doc)) : 
  General overpass server error; returned:
The data included in this document is from www.openstreetmap.org. The data is made available under ODbL. runtime error: Query timed out in "recurse" at line 31 after 35 seconds. 
, distance 47 km; split (2)
SUCCESS [2023-11-19 10:15:10] downloaded après 2 split
SUCCESS [2023-11-19 10:15:16] downloaded après 1 split
SUCCESS [2023-11-19 10:15:19] downloaded après 1 split
INFO [2023-11-19 10:15:22] Timed out split (2)
INFO [2023-11-19 10:15:22] Error in check_for_error(paste0(doc)) : 
  General overpass server error; returned:
The data included in this document is from www.openstreetmap.org. The data is made available under ODbL. runtime error: Query timed out in "recurse" at line 31 after 27 seconds. 
, distance 26 km; split (3)
SUCCESS [2023-11-19 10:15:23] downloaded après 1 split
INFO [2023-11-19 10:15:27] Timed out split (0)
INFO [2023-11-19 10:15:27] Error in check_for_error(paste0(doc)) : 
  General overpass server error; returned:
The data included in this document is from www.openstreetmap.org. The data is made available under ODbL. runtime error: Query timed out in "recurse" at line 31 after 27 seconds. 
, distance 87 km; split (1)
SUCCESS [2023-11-19 10:15:28] downloaded après 2 split
SUCCESS [2023-11-19 10:15:33] downloaded après 2 split
INFO [2023-11-19 10:15:33] Timed out split (1)
INFO [2023-11-19 10:15:33] Error in check_for_error(paste0(doc)) : 
  General overpass server error; returned:
The data included in this document is from www.openstreetmap.org. The data is made available under ODbL. runtime error: Query timed out in "recurse" at line 31 after 37 seconds. 
, distance 48 km; split (2)
SUCCESS [2023-11-19 10:15:33] downloaded après 2 split
SUCCESS [2023-11-19 10:15:35] downloaded après 0 split
SUCCESS [2023-11-19 10:15:38] downloaded après 2 split
SUCCESS [2023-11-19 10:15:40] downloaded après 3 split
SUCCESS [2023-11-19 10:15:43] downloaded après 2 split
SUCCESS [2023-11-19 10:15:46] downloaded après 2 split
SUCCESS [2023-11-19 10:15:47] downloaded après 1 split
INFO [2023-11-19 10:15:48] Timed out split (0)
INFO [2023-11-19 10:15:48] Error in check_for_error(paste0(doc)) : 
  General overpass server error; returned:
The data included in this document is from www.openstreetmap.org. The data is made available under ODbL. runtime error: Query timed out in "query" at line 20 after 26 seconds. 
, distance 86 km; split (1)
INFO [2023-11-19 10:15:52] Timed out split (1)
INFO [2023-11-19 10:15:52] Error in check_for_error(paste0(doc)) : 
  General overpass server error; returned:
The data included in this document is from www.openstreetmap.org. The data is made available under ODbL. runtime error: Query timed out in "recurse" at line 31 after 26 seconds. 
, distance 47 km; split (2)
SUCCESS [2023-11-19 10:15:52] downloaded après 1 split
SUCCESS [2023-11-19 10:15:57] downloaded après 2 split
SUCCESS [2023-11-19 10:15:58] downloaded après 2 split
SUCCESS [2023-11-19 10:16:00] downloaded après 2 split
SUCCESS [2023-11-19 10:16:01] downloaded après 1 split
SUCCESS [2023-11-19 10:16:03] downloaded après 3 split
SUCCESS [2023-11-19 10:16:04] downloaded après 0 split
SUCCESS [2023-11-19 10:16:08] downloaded après 2 split
SUCCESS [2023-11-19 10:16:08] downloaded après 3 split
SUCCESS [2023-11-19 10:16:11] downloaded après 2 split
INFO [2023-11-19 10:16:13] Timed out split (0)
INFO [2023-11-19 10:16:13] Error in check_for_error(paste0(doc)) : 
  General overpass server error; returned:
The data included in this document is from www.openstreetmap.org. The data is made available under ODbL. runtime error: Query timed out in "recurse" at line 31 after 53 seconds. 
, distance 87 km; split (1)
SUCCESS [2023-11-19 10:16:14] downloaded après 3 split
SUCCESS [2023-11-19 10:16:14] downloaded après 2 split
SUCCESS [2023-11-19 10:16:14] downloaded après 2 split
SUCCESS [2023-11-19 10:16:16] downloaded après 1 split
SUCCESS [2023-11-19 10:16:17] downloaded après 3 split
SUCCESS [2023-11-19 10:16:19] downloaded après 2 split
INFO [2023-11-19 10:16:20] Timed out split (1)
INFO [2023-11-19 10:16:20] Error in check_for_error(paste0(doc)) : 
  General overpass server error; returned:
The data included in this document is from www.openstreetmap.org. The data is made available under ODbL. runtime error: Query timed out in "recurse" at line 31 after 32 seconds. 
, distance 48 km; split (2)
SUCCESS [2023-11-19 10:16:22] downloaded après 2 split
SUCCESS [2023-11-19 10:16:23] downloaded après 3 split
SUCCESS [2023-11-19 10:16:23] downloaded après 2 split
SUCCESS [2023-11-19 10:16:27] downloaded après 1 split
SUCCESS [2023-11-19 10:16:29] downloaded après 2 split
SUCCESS [2023-11-19 10:16:30] downloaded après 2 split
SUCCESS [2023-11-19 10:16:31] downloaded après 3 split
SUCCESS [2023-11-19 10:16:34] downloaded après 2 split
SUCCESS [2023-11-19 10:16:37] downloaded après 3 split
INFO [2023-11-19 10:16:37] Timed out split (2)
INFO [2023-11-19 10:16:37] Error in check_for_error(paste0(doc)) : 
  General overpass server error; returned:
The data included in this document is from www.openstreetmap.org. The data is made available under ODbL. runtime error: Query timed out in "recurse" at line 31 after 28 seconds. 
, distance 26 km; split (3)
SUCCESS [2023-11-19 10:16:40] downloaded après 2 split
SUCCESS [2023-11-19 10:16:41] downloaded après 2 split
SUCCESS [2023-11-19 10:16:41] downloaded après 2 split
SUCCESS [2023-11-19 10:16:50] downloaded après 2 split
INFO [2023-11-19 10:16:52] Timed out split (0)
INFO [2023-11-19 10:16:52] Error in check_for_error(paste0(doc)) : 
  General overpass server error; returned:
The data included in this document is from www.openstreetmap.org. The data is made available under ODbL. runtime error: Query timed out in "query" at line 12 after 26 seconds. 
, distance 85 km; split (1)
INFO [2023-11-19 10:17:02] Timed out split (1)
INFO [2023-11-19 10:17:02] Error in check_for_error(paste0(doc)) : 
  General overpass server error; returned:
The data included in this document is from www.openstreetmap.org. The data is made available under ODbL. runtime error: Query timed out in "recurse" at line 31 after 49 seconds. 
, distance 48 km; split (2)
SUCCESS [2023-11-19 10:17:03] downloaded après 3 split
SUCCESS [2023-11-19 10:17:08] downloaded après 3 split
SUCCESS [2023-11-19 10:17:08] downloaded après 0 split
SUCCESS [2023-11-19 10:17:12] downloaded après 3 split
INFO [2023-11-19 10:17:16] Timed out split (3)
INFO [2023-11-19 10:17:16] Error in check_for_error(paste0(doc)) : 
  General overpass server error; returned:
The data included in this document is from www.openstreetmap.org. The data is made available under ODbL. runtime error: Query timed out in "recurse" at line 31 after 38 seconds. 
, distance 47 km; split (4)
SUCCESS [2023-11-19 10:17:17] downloaded après 0 split
SUCCESS [2023-11-19 10:17:21] downloaded après 4 split
SUCCESS [2023-11-19 10:17:22] downloaded après 1 split
SUCCESS [2023-11-19 10:17:25] downloaded après 3 split
SUCCESS [2023-11-19 10:17:26] downloaded après 4 split
SUCCESS [2023-11-19 10:17:29] downloaded après 1 split
SUCCESS [2023-11-19 10:17:32] downloaded après 4 split
SUCCESS [2023-11-19 10:17:33] downloaded après 3 split
SUCCESS [2023-11-19 10:17:33] downloaded après 4 split
INFO [2023-11-19 10:17:38] Timed out split (2)
INFO [2023-11-19 10:17:38] Error in check_for_error(paste0(doc)) : 
  General overpass server error; returned:
The data included in this document is from www.openstreetmap.org. The data is made available under ODbL. runtime error: Query timed out in "recurse" at line 31 after 35 seconds. 
, distance 26 km; split (3)
SUCCESS [2023-11-19 10:17:38] downloaded après 1 split
SUCCESS [2023-11-19 10:17:40] downloaded après 3 split
INFO [2023-11-19 10:17:41] Timed out split (2)
INFO [2023-11-19 10:17:41] Error in check_for_error(paste0(doc)) : 
  General overpass server error; returned:
The data included in this document is from www.openstreetmap.org. The data is made available under ODbL. runtime error: Query timed out in "recurse" at line 31 after 57 seconds. 
, distance 48 km; split (3)
SUCCESS [2023-11-19 10:17:43] downloaded après 1 split
SUCCESS [2023-11-19 10:17:51] downloaded après 0 split
INFO [2023-11-19 10:17:55] Timed out split (0)
INFO [2023-11-19 10:17:55] Error in check_for_error(paste0(doc)) : 
  General overpass server error; returned:
The data included in this document is from www.openstreetmap.org. The data is made available under ODbL. runtime error: Query timed out in "query" at line 4 after 27 seconds. 
, distance 85 km; split (1)
SUCCESS [2023-11-19 10:18:01] downloaded après 3 split
SUCCESS [2023-11-19 10:18:08] downloaded après 1 split
INFO [2023-11-19 10:18:18] Timed out split (3)
INFO [2023-11-19 10:18:18] Error in check_for_error(paste0(doc)) : 
  General overpass server error; returned:
The data included in this document is from www.openstreetmap.org. The data is made available under ODbL. runtime error: Query timed out in "recurse" at line 31 after 40 seconds. 
, distance 15 km; split (4)
SUCCESS [2023-11-19 10:18:19] downloaded après 4 split
SUCCESS [2023-11-19 10:18:22] downloaded après 1 split
SUCCESS [2023-11-19 10:18:23] downloaded après 3 split
INFO [2023-11-19 10:18:28] Timed out split (3)
INFO [2023-11-19 10:18:28] Error in check_for_error(paste0(doc)) : 
  General overpass server error; returned:
The data included in this document is from www.openstreetmap.org. The data is made available under ODbL. runtime error: Query timed out in "recurse" at line 31 after 26 seconds. 
, distance 48 km; split (4)
SUCCESS [2023-11-19 10:18:39] downloaded après 3 split
SUCCESS [2023-11-19 10:18:40] downloaded après 4 split
SUCCESS [2023-11-19 10:18:44] downloaded après 1 split
SUCCESS [2023-11-19 10:18:49] downloaded après 4 split
SUCCESS [2023-11-19 10:19:09] downloaded après 4 split
INFO [2023-11-19 10:19:10] Timed out split (1)
INFO [2023-11-19 10:19:10] Error in check_for_error(paste0(doc)) : 
  General overpass server error; returned:
The data included in this document is from www.openstreetmap.org. The data is made available under ODbL. runtime error: Query timed out in "recurse" at line 31 after 26 seconds. 
, distance 47 km; split (2)
SUCCESS [2023-11-19 10:19:19] downloaded après 4 split
SUCCESS [2023-11-19 10:19:20] downloaded après 4 split
SUCCESS [2023-11-19 10:19:20] downloaded après 2 split
INFO [2023-11-19 10:19:25] Timed out split (3)
INFO [2023-11-19 10:19:25] Error in check_for_error(paste0(doc)) : 
  General overpass server error; returned:
The data included in this document is from www.openstreetmap.org. The data is made available under ODbL. runtime error: Query timed out in "recurse" at line 31 after 46 seconds. 
, distance 26 km; split (4)
SUCCESS [2023-11-19 10:19:28] downloaded après 2 split
SUCCESS [2023-11-19 10:19:37] downloaded après 4 split
SUCCESS [2023-11-19 10:19:45] downloaded après 2 split
INFO [2023-11-19 10:19:48] Timed out split (4)
INFO [2023-11-19 10:19:48] Error in check_for_error(paste0(doc)) : 
  General overpass server error; returned:
The data included in this document is from www.openstreetmap.org. The data is made available under ODbL. runtime error: Query timed out in "recurse" at line 31 after 28 seconds. 
, distance 8 km; split (5)
SUCCESS [2023-11-19 10:19:50] downloaded après 2 split
SUCCESS [2023-11-19 10:19:52] downloaded après 5 split
INFO [2023-11-19 10:19:56] Timed out split (0)
INFO [2023-11-19 10:19:56] Error in check_for_error(paste0(doc)) : 
  General overpass server error; returned:
The data included in this document is from www.openstreetmap.org. The data is made available under ODbL. runtime error: Query timed out in "query" at line 22 after 26 seconds. 
, distance 86 km; split (1)
SUCCESS [2023-11-19 10:20:18] downloaded après 4 split
INFO [2023-11-19 10:20:23] Timed out split (1)
INFO [2023-11-19 10:20:23] Error in check_for_error(paste0(doc)) : 
  General overpass server error; returned:
The data included in this document is from www.openstreetmap.org. The data is made available under ODbL. runtime error: Query timed out in "recurse" at line 31 after 27 seconds. 
, distance 47 km; split (2)
SUCCESS [2023-11-19 10:20:28] downloaded après 2 split
SUCCESS [2023-11-19 10:20:29] downloaded après 4 split
SUCCESS [2023-11-19 10:20:31] downloaded après 2 split
SUCCESS [2023-11-19 10:20:37] downloaded après 2 split
SUCCESS [2023-11-19 10:20:37] downloaded après 4 split
INFO [2023-11-19 10:21:12] Timed out split (5)
INFO [2023-11-19 10:21:12] Error in check_for_error(paste0(doc)) : 
  General overpass server error; returned:
The data included in this document is from www.openstreetmap.org. The data is made available under ODbL. runtime error: Query timed out in "recurse" at line 31 after 54 seconds. 
, distance 4 km; split (6)
INFO [2023-11-19 10:21:13] Timed out split (4)
INFO [2023-11-19 10:21:13] Error in check_for_error(paste0(doc)) : 
  General overpass server error; returned:
The data included in this document is from www.openstreetmap.org. The data is made available under ODbL. runtime error: Query timed out in "recurse" at line 31 after 36 seconds. 
, distance 26 km; split (5)
SUCCESS [2023-11-19 10:21:14] downloaded après 6 split
SUCCESS [2023-11-19 10:21:15] downloaded après 6 split
SUCCESS [2023-11-19 10:21:17] downloaded après 5 split
INFO [2023-11-19 10:21:22] Timed out split (2)
INFO [2023-11-19 10:21:22] Error in check_for_error(paste0(doc)) : 
  General overpass server error; returned:
The data included in this document is from www.openstreetmap.org. The data is made available under ODbL. runtime error: Query timed out in "recurse" at line 31 after 45 seconds. 
, distance 26 km; split (3)
SUCCESS [2023-11-19 10:21:22] downloaded après 6 split
SUCCESS [2023-11-19 10:21:23] downloaded après 5 split
SUCCESS [2023-11-19 10:21:26] downloaded après 3 split
SUCCESS [2023-11-19 10:21:33] downloaded après 3 split
SUCCESS [2023-11-19 10:21:35] downloaded après 3 split
INFO [2023-11-19 10:21:50] Timed out split (6)
INFO [2023-11-19 10:21:50] Error in check_for_error(paste0(doc)) : 
  General overpass server error; returned:
The data included in this document is from www.openstreetmap.org. The data is made available under ODbL. runtime error: Query timed out in "recurse" at line 31 after 27 seconds. 
, distance 2 km; split (7)
SUCCESS [2023-11-19 10:21:53] downloaded après 5 split
SUCCESS [2023-11-19 10:21:54] downloaded après 7 split
SUCCESS [2023-11-19 10:21:55] downloaded après 5 split
SUCCESS [2023-11-19 10:21:55] downloaded après 7 split
SUCCESS [2023-11-19 10:22:00] downloaded après 5 split
SUCCESS [2023-11-19 10:22:01] downloaded après 7 split
SUCCESS [2023-11-19 10:22:20] downloaded après 0 split
INFO [2023-11-19 10:22:21] Timed out split (3)
INFO [2023-11-19 10:22:21] Error in check_for_error(paste0(doc)) : 
  General overpass server error; returned:
The data included in this document is from www.openstreetmap.org. The data is made available under ODbL. runtime error: Query timed out in "recurse" at line 31 after 46 seconds. 
, distance 14 km; split (4)
SUCCESS [2023-11-19 10:22:27] downloaded après 4 split
INFO [2023-11-19 10:22:37] Timed out split (7)
INFO [2023-11-19 10:22:37] Error in check_for_error(paste0(doc)) : 
  General overpass server error; returned:
The data included in this document is from www.openstreetmap.org. The data is made available under ODbL. runtime error: Query timed out in "recurse" at line 31 after 27 seconds. 
, distance 1 km; split (8)
INFO [2023-11-19 10:22:57] Timed out split (4)
INFO [2023-11-19 10:22:57] Error in check_for_error(paste0(doc)) : 
  General overpass server error; returned:
The data included in this document is from www.openstreetmap.org. The data is made available under ODbL. runtime error: Query timed out in "recurse" at line 31 after 30 seconds. 
, distance 8 km; split (5)
SUCCESS [2023-11-19 10:23:01] downloaded après 5 split
INFO [2023-11-19 10:23:29] Timed out split (5)
INFO [2023-11-19 10:23:29] Error in check_for_error(paste0(doc)) : 
  General overpass server error; returned:
The data included in this document is from www.openstreetmap.org. The data is made available under ODbL. runtime error: Query timed out in "recurse" at line 31 after 26 seconds. 
, distance 4 km; split (6)
INFO [2023-11-19 10:23:35] d<1km, next
SUCCESS [2023-11-19 10:23:42] downloaded après 8 split
INFO [2023-11-19 10:24:02] Timed out split (6)
INFO [2023-11-19 10:24:02] Error in check_for_error(paste0(doc)) : 
  General overpass server error; returned:
The data included in this document is from www.openstreetmap.org. The data is made available under ODbL. runtime error: Query timed out in "recurse" at line 31 after 33 seconds. 
, distance 2 km; split (7)
INFO [2023-11-19 10:24:39] Timed out split (7)
INFO [2023-11-19 10:24:39] Error in check_for_error(paste0(doc)) : 
  General overpass server error; returned:
The data included in this document is from www.openstreetmap.org. The data is made available under ODbL. runtime error: Query timed out in "recurse" at line 31 after 37 seconds. 
, distance 1 km; split (8)
SUCCESS [2023-11-19 10:24:43] downloaded après 8 split
INFO [2023-11-19 10:24:51] d<1km, next
INFO [2023-11-19 10:25:11] d<1km, next
SUCCESS [2023-11-19 10:25:15] downloaded après 8 split
SUCCESS [2023-11-19 10:25:20] downloaded après 8 split
SUCCESS [2023-11-19 10:25:22] downloaded après 8 split
INFO [2023-11-19 10:25:22] d<1km, next
SUCCESS [2023-11-19 10:25:25] downloaded après 8 split
SUCCESS [2023-11-19 10:25:29] downloaded après 8 split
INFO [2023-11-19 10:25:53] d<1km, next
INFO [2023-11-19 10:25:58] Timed out split (8)
INFO [2023-11-19 10:25:58] Error in check_for_error(paste0(doc)) : 
  General overpass server error; returned:
The data included in this document is from www.openstreetmap.org. The data is made available under ODbL. runtime error: Query timed out in "recurse" at line 31 after 27 seconds. 
, distance 1 km; split (9)
SUCCESS [2023-11-19 10:25:59] downloaded après 8 split
SUCCESS [2023-11-19 10:26:02] downloaded après 9 split
SUCCESS [2023-11-19 10:26:07] downloaded après 9 split
SUCCESS [2023-11-19 10:26:58] downloaded après 9 split
SUCCESS [2023-11-19 10:27:00] downloaded après 9 split
INFO [2023-11-19 10:27:04] d<1km, next
SUCCESS [2023-11-19 10:27:07] downloaded après 9 split
SUCCESS [2023-11-19 10:27:11] downloaded après 8 split
SUCCESS [2023-11-19 10:27:12] downloaded après 8 split
SUCCESS [2023-11-19 10:27:57] downloaded après 9 split
SUCCESS [2023-11-19 10:28:03] downloaded après 9 split
SUCCESS [2023-11-19 10:28:07] downloaded après 9 split
SUCCESS [2023-11-19 10:28:11] downloaded après 9 split
SUCCESS [2023-11-19 10:28:12] downloaded après 9 split
SUCCESS [2023-11-19 10:28:16] downloaded après 9 split
SUCCESS [2023-11-19 10:28:31] downloaded après 9 split
INFO [2023-11-19 10:28:32] Timed out split (8)
INFO [2023-11-19 10:28:32] Error in check_for_error(paste0(doc)) : 
  General overpass server error; returned:
The data included in this document is from www.openstreetmap.org. The data is made available under ODbL. runtime error: Query timed out in "recurse" at line 31 after 80 seconds. 
, distance 4 km; split (9)
SUCCESS [2023-11-19 10:28:41] downloaded après 9 split
SUCCESS [2023-11-19 10:28:52] downloaded après 9 split
INFO [2023-11-19 10:29:29] Timed out split (9)
INFO [2023-11-19 10:29:29] Error in check_for_error(paste0(doc)) : 
  General overpass server error; returned:
The data included in this document is from www.openstreetmap.org. The data is made available under ODbL. runtime error: Query timed out in "recurse" at line 31 after 57 seconds. 
, distance 2 km; split (10)
SUCCESS [2023-11-19 10:29:32] downloaded après 10 split
SUCCESS [2023-11-19 10:29:33] downloaded après 10 split
SUCCESS [2023-11-19 10:29:39] downloaded après 10 split
SUCCESS [2023-11-19 10:29:45] downloaded après 10 split
INFO [2023-11-19 10:30:32] Timed out split (10)
INFO [2023-11-19 10:30:32] Error in check_for_error(paste0(doc)) : 
  General overpass server error; returned:
The data included in this document is from www.openstreetmap.org. The data is made available under ODbL. runtime error: Query timed out in "recurse" at line 31 after 47 seconds. 
, distance 2 km; split (11)
SUCCESS [2023-11-19 10:30:39] downloaded après 11 split
INFO [2023-11-19 10:32:27] Timed out split (11)
INFO [2023-11-19 10:32:27] Error in check_for_error(paste0(doc)) : 
  General overpass server error; returned:
The data included in this document is from www.openstreetmap.org. The data is made available under ODbL. runtime error: Query timed out in "recurse" at line 31 after 107 seconds. 
, distance 1 km; split (12)
SUCCESS [2023-11-19 10:32:28] downloaded après 12 split
SUCCESS [2023-11-19 10:32:29] downloaded après 12 split
INFO [2023-11-19 10:33:14] d<1km, next
INFO [2023-11-19 10:34:02] d<1km, next
INFO [2023-11-19 10:34:44] d<1km, next
INFO [2023-11-19 10:35:11] d<1km, next
INFO [2023-11-19 10:35:48] d<1km, next
SUCCESS [2023-11-19 10:35:54] downloaded après 12 split
SUCCESS [2023-11-19 10:36:01] downloaded après 12 split
INFO [2023-11-19 10:37:01] Timed out split (12)
INFO [2023-11-19 10:37:01] Error in check_for_error(paste0(doc)) : 
  General overpass server error; returned:
The data included in this document is from www.openstreetmap.org. The data is made available under ODbL. runtime error: Query timed out in "recurse" at line 31 after 59 seconds. 
, distance 1 km; split (13)
INFO [2023-11-19 10:37:50] d<1km, next
INFO [2023-11-19 10:38:25] d<1km, next
INFO [2023-11-19 10:39:15] d<1km, next
INFO [2023-11-19 10:40:10] d<1km, next
INFO [2023-11-19 10:41:03] d<1km, next
INFO [2023-11-19 10:41:33] d<1km, next
SUCCESS [2023-11-19 10:41:39] downloaded après 13 split
INFO [2023-11-19 10:42:26] d<1km, next
SUCCESS [2023-11-19 10:42:32] downloaded après 13 split
SUCCESS [2023-11-19 10:42:36] downloaded après 13 split
SUCCESS [2023-11-19 10:42:39] downloaded après 13 split
SUCCESS [2023-11-19 10:42:46] downloaded après 13 split
SUCCESS [2023-11-19 10:42:49] downloaded après 13 split
SUCCESS [2023-11-19 10:42:50] downloaded après 13 split
SUCCESS [2023-11-19 10:42:57] downloaded après 13 split
SUCCESS [2023-11-19 10:43:04] downloaded après 13 split
SUCCESS [2023-11-19 10:43:19] downloaded après 13 split
SUCCESS [2023-11-19 10:43:23] downloaded après 13 split
SUCCESS [2023-11-19 10:43:25] downloaded après 13 split
INFO [2023-11-19 10:43:56] Timed out split (13)
INFO [2023-11-19 10:43:56] Error in check_for_error(paste0(doc)) : 
  General overpass server error; returned:
The data included in this document is from www.openstreetmap.org. The data is made available under ODbL. runtime error: Query timed out in "recurse" at line 31 after 31 seconds. 
, distance 26 km; split (14)
SUCCESS [2023-11-19 10:44:04] downloaded après 14 split
SUCCESS [2023-11-19 10:44:35] downloaded après 14 split
SUCCESS [2023-11-19 10:44:40] downloaded après 14 split
SUCCESS [2023-11-19 10:44:44] downloaded après 14 split
SUCCESS [2023-11-19 10:45:16] downloaded après 14 split
SUCCESS [2023-11-19 10:45:26] downloaded après 14 split
SUCCESS [2023-11-19 10:45:32] downloaded après 14 split
SUCCESS [2023-11-19 10:46:04] downloaded après 14 split
SUCCESS [2023-11-19 10:46:08] downloaded après 14 split
SUCCESS [2023-11-19 10:49:20] OSM silicate téléchargé: 35m 13s 2230 Mb
