SUCCESS [2023-11-19 15:54:32] bbox 4.23021323469314
SUCCESS [2023-11-19 15:54:32] bbox 42.9820047706494
SUCCESS [2023-11-19 15:54:32] bbox 7.71898368552039
SUCCESS [2023-11-19 15:54:32] bbox 45.1268441991773
SUCCESS [2023-11-19 15:54:35] downloaded après 0 split
SUCCESS [2023-11-19 15:54:40] downloaded après 0 split
SUCCESS [2023-11-19 15:54:43] downloaded après 0 split
SUCCESS [2023-11-19 15:54:44] downloaded après 0 split
SUCCESS [2023-11-19 15:54:47] downloaded après 0 split
SUCCESS [2023-11-19 15:54:49] downloaded après 0 split
SUCCESS [2023-11-19 15:54:49] downloaded après 0 split
SUCCESS [2023-11-19 15:54:50] downloaded après 0 split
SUCCESS [2023-11-19 15:54:51] downloaded après 0 split
SUCCESS [2023-11-19 15:54:52] downloaded après 0 split
SUCCESS [2023-11-19 15:54:53] downloaded après 0 split
SUCCESS [2023-11-19 15:54:54] downloaded après 0 split
SUCCESS [2023-11-19 15:54:54] downloaded après 0 split
SUCCESS [2023-11-19 15:54:54] downloaded après 0 split
SUCCESS [2023-11-19 15:54:56] downloaded après 0 split
SUCCESS [2023-11-19 15:54:57] downloaded après 0 split
SUCCESS [2023-11-19 15:54:57] downloaded après 0 split
SUCCESS [2023-11-19 15:54:58] downloaded après 0 split
SUCCESS [2023-11-19 15:55:01] downloaded après 0 split
SUCCESS [2023-11-19 15:55:02] downloaded après 0 split
SUCCESS [2023-11-19 15:55:03] downloaded après 0 split
INFO [2023-11-19 15:55:05] Timed out split (0)
INFO [2023-11-19 15:55:05] Error in check_for_error(paste0(doc)) : 
  General overpass server error; returned:
The data included in this document is from www.openstreetmap.org. The data is made available under ODbL. runtime error: Query timed out in "query" at line 6 after 26 seconds. 
, distance 67 km; split (1)
INFO [2023-11-19 15:55:07] Timed out split (0)
INFO [2023-11-19 15:55:07] Error in check_for_error(paste0(doc)) : 
  General overpass server error; returned:
The data included in this document is from www.openstreetmap.org. The data is made available under ODbL. runtime error: Query timed out in "query" at line 4 after 28 seconds. 
, distance 67 km; split (1)
SUCCESS [2023-11-19 15:55:08] downloaded après 0 split
INFO [2023-11-19 15:55:12] Timed out split (0)
INFO [2023-11-19 15:55:12] Error in check_for_error(paste0(doc)) : 
  General overpass server error; returned:
The data included in this document is from www.openstreetmap.org. The data is made available under ODbL. runtime error: Query timed out in "recurse" at line 31 after 29 seconds. 
, distance 67 km; split (1)
SUCCESS [2023-11-19 15:55:19] downloaded après 0 split
SUCCESS [2023-11-19 15:55:19] downloaded après 1 split
SUCCESS [2023-11-19 15:55:20] downloaded après 0 split
SUCCESS [2023-11-19 15:55:21] downloaded après 0 split
INFO [2023-11-19 15:55:28] Timed out split (0)
INFO [2023-11-19 15:55:28] Error in check_for_error(paste0(doc)) : 
  General overpass server error; returned:
The data included in this document is from www.openstreetmap.org. The data is made available under ODbL. runtime error: Query timed out in "recurse" at line 31 after 38 seconds. 
, distance 68 km; split (1)
INFO [2023-11-19 15:55:39] Timed out split (0)
INFO [2023-11-19 15:55:39] Error in check_for_error(paste0(doc)) : 
  General overpass server error; returned:
The data included in this document is from www.openstreetmap.org. The data is made available under ODbL. runtime error: Query timed out in "query" at line 22 after 26 seconds. 
, distance 68 km; split (1)
SUCCESS [2023-11-19 15:55:39] downloaded après 1 split
SUCCESS [2023-11-19 15:55:39] downloaded après 1 split
INFO [2023-11-19 15:55:42] Timed out split (1)
INFO [2023-11-19 15:55:42] Timed out split (1)
INFO [2023-11-19 15:55:42] Error in check_for_error(paste0(doc)) : 
  General overpass server error; returned:
The data included in this document is from www.openstreetmap.org. The data is made available under ODbL. runtime error: Query timed out in "recurse" at line 31 after 37 seconds. 
, distance 37 km; split (2)INFO [2023-11-19 15:55:42] Error in check_for_error(paste0(doc)) : 
  General overpass server error; returned:
The data included in this document is from www.openstreetmap.org. The data is made available under ODbL. runtime error: Query timed out in "recurse" at line 31 after 35 seconds. 
, distance 37 km; split (2)

SUCCESS [2023-11-19 15:55:45] downloaded après 1 split
SUCCESS [2023-11-19 15:55:52] downloaded après 2 split
SUCCESS [2023-11-19 15:55:57] downloaded après 1 split
SUCCESS [2023-11-19 15:56:01] downloaded après 1 split
SUCCESS [2023-11-19 15:56:02] downloaded après 1 split
SUCCESS [2023-11-19 15:56:03] downloaded après 2 split
SUCCESS [2023-11-19 15:56:03] downloaded après 1 split
SUCCESS [2023-11-19 15:56:07] downloaded après 1 split
SUCCESS [2023-11-19 15:56:08] downloaded après 1 split
SUCCESS [2023-11-19 15:56:16] downloaded après 0 split
SUCCESS [2023-11-19 15:56:18] downloaded après 2 split
SUCCESS [2023-11-19 15:56:28] downloaded après 2 split
INFO [2023-11-19 15:56:44] Timed out split (2)
INFO [2023-11-19 15:56:44] Error in check_for_error(paste0(doc)) : 
  General overpass server error; returned:
The data included in this document is from www.openstreetmap.org. The data is made available under ODbL. runtime error: Query timed out in "recurse" at line 31 after 41 seconds. 
, distance 20 km; split (3)
SUCCESS [2023-11-19 15:56:47] downloaded après 1 split
SUCCESS [2023-11-19 15:56:50] downloaded après 0 split
SUCCESS [2023-11-19 15:57:00] downloaded après 2 split
SUCCESS [2023-11-19 15:57:17] downloaded après 3 split
SUCCESS [2023-11-19 15:57:24] downloaded après 3 split
SUCCESS [2023-11-19 15:57:26] downloaded après 3 split
SUCCESS [2023-11-19 15:57:27] downloaded après 3 split
INFO [2023-11-19 15:57:31] Timed out split (2)
INFO [2023-11-19 15:57:31] Error in httr2::req_perform(req) : HTTP 504 Gateway Timeout.
, distance 20 km; split (3)
SUCCESS [2023-11-19 15:57:33] downloaded après 3 split
SUCCESS [2023-11-19 15:57:34] downloaded après 3 split
SUCCESS [2023-11-19 15:57:36] downloaded après 3 split
SUCCESS [2023-11-19 15:57:36] downloaded après 1 split
SUCCESS [2023-11-19 15:57:40] downloaded après 3 split
SUCCESS [2023-11-19 15:57:41] downloaded après 3 split
SUCCESS [2023-11-19 15:57:45] downloaded après 3 split
SUCCESS [2023-11-19 15:57:48] downloaded après 3 split
SUCCESS [2023-11-19 15:57:49] downloaded après 3 split
SUCCESS [2023-11-19 15:57:50] downloaded après 3 split
SUCCESS [2023-11-19 15:57:57] downloaded après 0 split
SUCCESS [2023-11-19 15:57:59] downloaded après 3 split
SUCCESS [2023-11-19 15:58:13] downloaded après 0 split
SUCCESS [2023-11-19 15:58:13] downloaded après 3 split
INFO [2023-11-19 15:58:48] Timed out split (0)
INFO [2023-11-19 15:58:48] Error in check_for_error(paste0(doc)) : 
  General overpass server error; returned:
The data included in this document is from www.openstreetmap.org. The data is made available under ODbL. runtime error: Query timed out in "query" at line 10 after 26 seconds. 
, distance 68 km; split (1)
SUCCESS [2023-11-19 15:59:05] downloaded après 1 split
INFO [2023-11-19 15:59:37] Timed out split (1)
INFO [2023-11-19 15:59:37] Error in httr2::req_perform(req) : HTTP 504 Gateway Timeout.
, distance 37 km; split (2)
INFO [2023-11-19 16:00:08] Timed out split (2)
INFO [2023-11-19 16:00:08] Error in httr2::req_perform(req) : HTTP 504 Gateway Timeout.
, distance 21 km; split (3)
SUCCESS [2023-11-19 16:00:09] downloaded après 3 split
SUCCESS [2023-11-19 16:00:16] downloaded après 3 split
SUCCESS [2023-11-19 16:00:29] downloaded après 3 split
SUCCESS [2023-11-19 16:00:31] downloaded après 3 split
SUCCESS [2023-11-19 16:00:54] downloaded après 3 split
SUCCESS [2023-11-19 16:01:01] downloaded après 3 split
SUCCESS [2023-11-19 16:01:16] downloaded après 3 split
SUCCESS [2023-11-19 16:01:31] downloaded après 3 split
SUCCESS [2023-11-19 16:01:39] downloaded après 3 split
INFO [2023-11-19 16:02:29] Timed out split (0)
INFO [2023-11-19 16:02:29] Error in check_for_error(paste0(doc)) : 
  General overpass server error; returned:
The data included in this document is from www.openstreetmap.org. The data is made available under ODbL. runtime error: Query timed out in "query" at line 5 after 26 seconds. 
, distance 68 km; split (1)
INFO [2023-11-19 16:03:18] Timed out split (1)
INFO [2023-11-19 16:03:18] Error in check_for_error(paste0(doc)) : 
  General overpass server error; returned:
The data included in this document is from www.openstreetmap.org. The data is made available under ODbL. runtime error: Query timed out in "recurse" at line 31 after 49 seconds. 
, distance 37 km; split (2)
INFO [2023-11-19 16:03:51] Timed out split (2)
INFO [2023-11-19 16:03:51] Error in check_for_error(paste0(doc)) : 
  General overpass server error; returned:
The data included in this document is from www.openstreetmap.org. The data is made available under ODbL. runtime error: Query timed out in "recurse" at line 31 after 27 seconds. 
, distance 20 km; split (3)
INFO [2023-11-19 16:04:39] Timed out split (3)
INFO [2023-11-19 16:04:39] Error in check_for_error(paste0(doc)) : 
  General overpass server error; returned:
The data included in this document is from www.openstreetmap.org. The data is made available under ODbL. runtime error: Query timed out in "recurse" at line 31 after 45 seconds. 
, distance 11 km; split (4)
INFO [2023-11-19 16:05:21] Timed out split (4)
INFO [2023-11-19 16:05:21] Error in check_for_error(paste0(doc)) : 
  General overpass server error; returned:
The data included in this document is from www.openstreetmap.org. The data is made available under ODbL. runtime error: Query timed out in "recurse" at line 31 after 41 seconds. 
, distance 6 km; split (5)
SUCCESS [2023-11-19 16:05:23] downloaded après 5 split
SUCCESS [2023-11-19 16:05:27] downloaded après 5 split
INFO [2023-11-19 16:06:32] Timed out split (5)
INFO [2023-11-19 16:06:32] Error in check_for_error(paste0(doc)) : 
  General overpass server error; returned:
The data included in this document is from www.openstreetmap.org. The data is made available under ODbL. runtime error: Query timed out in "recurse" at line 31 after 52 seconds. 
, distance 3 km; split (6)
SUCCESS [2023-11-19 16:06:36] downloaded après 6 split
SUCCESS [2023-11-19 16:06:39] downloaded après 6 split
SUCCESS [2023-11-19 16:06:49] downloaded après 6 split
SUCCESS [2023-11-19 16:06:56] downloaded après 6 split
SUCCESS [2023-11-19 16:07:07] downloaded après 6 split
SUCCESS [2023-11-19 16:07:19] downloaded après 6 split
INFO [2023-11-19 16:07:53] Timed out split (6)
INFO [2023-11-19 16:07:53] Error in check_for_error(paste0(doc)) : 
  General overpass server error; returned:
The data included in this document is from www.openstreetmap.org. The data is made available under ODbL. runtime error: Query timed out in "recurse" at line 31 after 34 seconds. 
, distance 6 km; split (7)
SUCCESS [2023-11-19 16:08:01] downloaded après 7 split
SUCCESS [2023-11-19 16:08:09] downloaded après 7 split
SUCCESS [2023-11-19 16:08:15] downloaded après 7 split
SUCCESS [2023-11-19 16:08:29] downloaded après 7 split
SUCCESS [2023-11-19 16:08:46] downloaded après 7 split
INFO [2023-11-19 16:09:16] Timed out split (7)
INFO [2023-11-19 16:09:16] Error in check_for_error(paste0(doc)) : 
  General overpass server error; returned:
The data included in this document is from www.openstreetmap.org. The data is made available under ODbL. runtime error: Query timed out in "recurse" at line 31 after 30 seconds. 
, distance 11 km; split (8)
INFO [2023-11-19 16:09:47] Timed out split (8)
INFO [2023-11-19 16:09:47] Error in check_for_error(paste0(doc)) : 
  General overpass server error; returned:
The data included in this document is from www.openstreetmap.org. The data is made available under ODbL. runtime error: Query timed out in "recurse" at line 31 after 31 seconds. 
, distance 6 km; split (9)
SUCCESS [2023-11-19 16:09:54] downloaded après 9 split
INFO [2023-11-19 16:10:24] Timed out split (9)
INFO [2023-11-19 16:10:24] Error in check_for_error(paste0(doc)) : 
  General overpass server error; returned:
The data included in this document is from www.openstreetmap.org. The data is made available under ODbL. runtime error: Query timed out in "recurse" at line 31 after 30 seconds. 
, distance 3 km; split (10)
SUCCESS [2023-11-19 16:10:32] downloaded après 10 split
SUCCESS [2023-11-19 16:10:38] downloaded après 10 split
SUCCESS [2023-11-19 16:10:40] downloaded après 10 split
SUCCESS [2023-11-19 16:10:55] downloaded après 10 split
SUCCESS [2023-11-19 16:11:01] downloaded après 10 split
SUCCESS [2023-11-19 16:11:07] downloaded après 10 split
SUCCESS [2023-11-19 16:11:14] downloaded après 10 split
SUCCESS [2023-11-19 16:11:16] downloaded après 10 split
SUCCESS [2023-11-19 16:11:18] downloaded après 10 split
SUCCESS [2023-11-19 16:11:22] downloaded après 10 split
SUCCESS [2023-11-19 16:11:24] downloaded après 10 split
SUCCESS [2023-11-19 16:11:30] downloaded après 10 split
SUCCESS [2023-11-19 16:11:38] downloaded après 10 split
SUCCESS [2023-11-19 16:11:42] downloaded après 10 split
SUCCESS [2023-11-19 16:11:56] downloaded après 10 split
SUCCESS [2023-11-19 16:12:00] downloaded après 10 split
SUCCESS [2023-11-19 16:12:10] downloaded après 10 split
SUCCESS [2023-11-19 16:14:42] OSM silicate téléchargé: 19m 46s 1440 Mb
