SUCCESS [2023-10-11 17:00:40] bbox 4.16849079527423
SUCCESS [2023-10-11 17:00:40] bbox 42.9371144437074
SUCCESS [2023-10-11 17:00:40] bbox 7.78076248363706
SUCCESS [2023-10-11 17:00:40] bbox 45.1716547265787
INFO [2023-10-11 17:01:09] Error in check_for_error(paste0(doc)) : 
  General overpass server error; returned:
The data included in this document is from www.openstreetmap.org. The data is made available under ODbL. runtime error: Query timed out in "query" at line 12 after 26 seconds. 
 split (1)
INFO [2023-10-11 17:01:11] Error in check_for_error(paste0(doc)) : 
  General overpass server error; returned:
The data included in this document is from www.openstreetmap.org. The data is made available under ODbL. runtime error: Query timed out in "query" at line 24 after 26 seconds. 
 split (1)
INFO [2023-10-11 17:01:17] Error in check_for_error(paste0(doc)) : 
  General overpass server error; returned:
The data included in this document is from www.openstreetmap.org. The data is made available under ODbL. runtime error: Query timed out in "recurse" at line 31 after 30 seconds. 
 split (1)
INFO [2023-10-11 17:01:18] Error in check_for_error(paste0(doc)) : 
  General overpass server error; returned:
The data included in this document is from www.openstreetmap.org. The data is made available under ODbL. runtime error: Query timed out in "query" at line 10 after 26 seconds. 
 split (1)
INFO [2023-10-11 17:01:33] Error in check_for_error(paste0(doc)) : 
  General overpass server error; returned:
The data included in this document is from www.openstreetmap.org. The data is made available under ODbL. runtime error: Query timed out in "recurse" at line 31 after 39 seconds. 
 split (1)
INFO [2023-10-11 17:01:35] Error in check_for_error(paste0(doc)) : 
  General overpass server error; returned:
The data included in this document is from www.openstreetmap.org. The data is made available under ODbL. runtime error: Query timed out in "query" at line 22 after 26 seconds. 
 split (2)
INFO [2023-10-11 17:01:50] Error in check_for_error(paste0(doc)) : 
  General overpass server error; returned:
The data included in this document is from www.openstreetmap.org. The data is made available under ODbL. runtime error: Query timed out in "recurse" at line 31 after 35 seconds. 
 split (1)
INFO [2023-10-11 17:01:53] Error in check_for_error(paste0(doc)) : 
  General overpass server error; returned:
The data included in this document is from www.openstreetmap.org. The data is made available under ODbL. runtime error: Query timed out in "recurse" at line 31 after 27 seconds. 
 split (1)
INFO [2023-10-11 17:02:16] Error in check_for_error(paste0(doc)) : 
  General overpass server error; returned:
The data included in this document is from www.openstreetmap.org. The data is made available under ODbL. runtime error: Query timed out in "query" at line 24 after 26 seconds. 
 split (1)
INFO [2023-10-11 17:02:16] Error in check_for_error(paste0(doc)) : 
  General overpass server error; returned:
The data included in this document is from www.openstreetmap.org. The data is made available under ODbL. runtime error: Query timed out in "query" at line 16 after 26 seconds. 
 split (1)
INFO [2023-10-11 17:02:37] Error in check_for_error(paste0(doc)) : 
  General overpass server error; returned:
The data included in this document is from www.openstreetmap.org. The data is made available under ODbL. runtime error: Query timed out in "recurse" at line 31 after 47 seconds. 
 split (2)
INFO [2023-10-11 17:02:39] Error in check_for_error(paste0(doc)) : 
  General overpass server error; returned:
The data included in this document is from www.openstreetmap.org. The data is made available under ODbL. runtime error: Query timed out in "query" at line 15 after 26 seconds. 
 split (1)
INFO [2023-10-11 17:02:42] Error in check_for_error(paste0(doc)) : 
  General overpass server error; returned:
The data included in this document is from www.openstreetmap.org. The data is made available under ODbL. runtime error: Query timed out in "query" at line 13 after 26 seconds. 
 split (2)
INFO [2023-10-11 17:02:49] Error in check_for_error(paste0(doc)) : 
  General overpass server error; returned:
The data included in this document is from www.openstreetmap.org. The data is made available under ODbL. runtime error: Query timed out in "query" at line 17 after 26 seconds. 
 split (1)
INFO [2023-10-11 17:03:15] Error in check_for_error(paste0(doc)) : 
  General overpass server error; returned:
The data included in this document is from www.openstreetmap.org. The data is made available under ODbL. runtime error: Query timed out in "query" at line 21 after 26 seconds. 
 split (2)
