SUCCESS [2023-10-11 17:06:01] bbox 4.16849079527423
SUCCESS [2023-10-11 17:06:01] bbox 42.9371144437074
SUCCESS [2023-10-11 17:06:01] bbox 7.78076248363706
SUCCESS [2023-10-11 17:06:01] bbox 45.1716547265787
INFO [2023-10-11 17:06:30] Error in check_for_error(paste0(doc)) : 
  General overpass server error; returned:
The data included in this document is from www.openstreetmap.org. The data is made available under ODbL. runtime error: Query timed out in "query" at line 9 after 26 seconds. 
 split (1)
INFO [2023-10-11 17:06:33] Error in check_for_error(paste0(doc)) : 
  General overpass server error; returned:
The data included in this document is from www.openstreetmap.org. The data is made available under ODbL. runtime error: Query timed out in "query" at line 4 after 26 seconds. 
 split (1)
INFO [2023-10-11 17:06:33] Error in check_for_error(paste0(doc)) : 
  General overpass server error; returned:
The data included in this document is from www.openstreetmap.org. The data is made available under ODbL. runtime error: Query timed out in "query" at line 7 after 26 seconds. 
 split (1)
INFO [2023-10-11 17:06:39] Error in check_for_error(paste0(doc)) : 
  General overpass server error; returned:
The data included in this document is from www.openstreetmap.org. The data is made available under ODbL. runtime error: Query timed out in "query" at line 19 after 26 seconds. 
 split (1)
INFO [2023-10-11 17:06:56] Error in check_for_error(paste0(doc)) : 
  General overpass server error; returned:
The data included in this document is from www.openstreetmap.org. The data is made available under ODbL. runtime error: Query timed out in "recurse" at line 31 after 39 seconds. 
 split (1)
INFO [2023-10-11 17:06:59] Error in check_for_error(paste0(doc)) : 
  General overpass server error; returned:
The data included in this document is from www.openstreetmap.org. The data is made available under ODbL. runtime error: Query timed out in "query" at line 23 after 26 seconds. 
 split (2)
INFO [2023-10-11 17:07:02] Error in check_for_error(paste0(doc)) : 
  General overpass server error; returned:
The data included in this document is from www.openstreetmap.org. The data is made available under ODbL. runtime error: Query timed out in "query" at line 16 after 26 seconds. 
 split (2)
INFO [2023-10-11 17:07:04] Error in check_for_error(paste0(doc)) : 
  General overpass server error; returned:
The data included in this document is from www.openstreetmap.org. The data is made available under ODbL. runtime error: Query timed out in "query" at line 4 after 26 seconds. 
 split (1)
INFO [2023-10-11 17:07:07] Error in check_for_error(paste0(doc)) : 
  General overpass server error; returned:
The data included in this document is from www.openstreetmap.org. The data is made available under ODbL. runtime error: Query timed out in "query" at line 24 after 26 seconds. 
 split (2)
INFO [2023-10-11 17:07:15] Error in check_for_error(paste0(doc)) : 
  General overpass server error; returned:
The data included in this document is from www.openstreetmap.org. The data is made available under ODbL. runtime error: Query timed out in "query" at line 22 after 26 seconds. 
 split (1)
INFO [2023-10-11 17:07:19] Error in check_for_error(paste0(doc)) : 
  General overpass server error; returned:
The data included in this document is from www.openstreetmap.org. The data is made available under ODbL. runtime error: Query timed out in "query" at line 12 after 26 seconds. 
 split (1)
INFO [2023-10-11 17:07:25] Error in check_for_error(paste0(doc)) : 
  General overpass server error; returned:
The data included in this document is from www.openstreetmap.org. The data is made available under ODbL. runtime error: Query timed out in "query" at line 27 after 26 seconds. 
 split (3)
INFO [2023-10-11 17:07:27] Error in check_for_error(paste0(doc)) : 
  General overpass server error; returned:
The data included in this document is from www.openstreetmap.org. The data is made available under ODbL. runtime error: Query timed out in "recurse" at line 31 after 54 seconds. 
 split (1)
INFO [2023-10-11 17:07:29] Error in check_for_error(paste0(doc)) : 
  General overpass server error; returned:
The data included in this document is from www.openstreetmap.org. The data is made available under ODbL. runtime error: Query timed out in "query" at line 14 after 26 seconds. 
 split (3)
INFO [2023-10-11 17:07:31] Error in check_for_error(paste0(doc)) : 
  General overpass server error; returned:
The data included in this document is from www.openstreetmap.org. The data is made available under ODbL. runtime error: Query timed out in "query" at line 24 after 26 seconds. 
 split (2)
INFO [2023-10-11 17:07:35] Error in check_for_error(paste0(doc)) : 
  General overpass server error; returned:
The data included in this document is from www.openstreetmap.org. The data is made available under ODbL. runtime error: Query timed out in "recurse" at line 31 after 27 seconds. 
 split (3)
INFO [2023-10-11 17:07:44] Error in check_for_error(paste0(doc)) : 
  General overpass server error; returned:
The data included in this document is from www.openstreetmap.org. The data is made available under ODbL. runtime error: Query timed out in "query" at line 21 after 26 seconds. 
 split (2)
INFO [2023-10-11 17:07:45] Error in check_for_error(paste0(doc)) : 
  General overpass server error; returned:
The data included in this document is from www.openstreetmap.org. The data is made available under ODbL. runtime error: Query timed out in "recurse" at line 31 after 26 seconds. 
 split (2)
INFO [2023-10-11 17:07:48] Error in check_for_error(paste0(doc)) : 
  General overpass server error; returned:
The data included in this document is from www.openstreetmap.org. The data is made available under ODbL. runtime error: Query timed out in "query" at line 21 after 26 seconds. 
 split (1)
INFO [2023-10-11 17:07:57] Error in check_for_error(paste0(doc)) : 
  General overpass server error; returned:
The data included in this document is from www.openstreetmap.org. The data is made available under ODbL. runtime error: Query timed out in "query" at line 28 after 26 seconds. 
 split (4)
INFO [2023-10-11 17:07:57] Error in check_for_error(paste0(doc)) : 
  General overpass server error; returned:
The data included in this document is from www.openstreetmap.org. The data is made available under ODbL. runtime error: Query timed out in "query" at line 8 after 26 seconds. 
 split (3)
INFO [2023-10-11 17:08:01] Error in check_for_error(paste0(doc)) : 
  General overpass server error; returned:
The data included in this document is from www.openstreetmap.org. The data is made available under ODbL. runtime error: Query timed out in "query" at line 21 after 26 seconds. 
 split (4)
INFO [2023-10-11 17:08:15] Error in check_for_error(paste0(doc)) : 
  General overpass server error; returned:
The data included in this document is from www.openstreetmap.org. The data is made available under ODbL. runtime error: Query timed out in "query" at line 25 after 26 seconds. 
 split (2)
INFO [2023-10-11 17:08:18] Error in check_for_error(paste0(doc)) : 
  General overpass server error; returned:
The data included in this document is from www.openstreetmap.org. The data is made available under ODbL. runtime error: Query timed out in "recurse" at line 31 after 31 seconds. 
 split (3)
INFO [2023-10-11 17:08:24] Error in check_for_error(paste0(doc)) : 
  General overpass server error; returned:
The data included in this document is from www.openstreetmap.org. The data is made available under ODbL. runtime error: Query timed out in "recurse" at line 31 after 27 seconds. 
 split (5)
INFO [2023-10-11 17:08:27] Error in check_for_error(paste0(doc)) : 
  General overpass server error; returned:
The data included in this document is from www.openstreetmap.org. The data is made available under ODbL. runtime error: Query timed out in "recurse" at line 31 after 26 seconds. 
 split (5)
INFO [2023-10-11 17:08:41] Error in check_for_error(paste0(doc)) : 
  General overpass server error; returned:
The data included in this document is from www.openstreetmap.org. The data is made available under ODbL. runtime error: Query timed out in "query" at line 29 after 26 seconds. 
 split (3)
INFO [2023-10-11 17:08:44] Error in check_for_error(paste0(doc)) : 
  General overpass server error; returned:
The data included in this document is from www.openstreetmap.org. The data is made available under ODbL. runtime error: Query timed out in "recurse" at line 31 after 26 seconds. 
 split (1)
INFO [2023-10-11 17:08:48] Error in check_for_error(paste0(doc)) : 
  General overpass server error; returned:
The data included in this document is from www.openstreetmap.org. The data is made available under ODbL. runtime error: Query timed out in "query" at line 10 after 26 seconds. 
 split (1)
INFO [2023-10-11 17:08:51] Error in check_for_error(paste0(doc)) : 
  General overpass server error; returned:
The data included in this document is from www.openstreetmap.org. The data is made available under ODbL. runtime error: Query timed out in "query" at line 14 after 26 seconds. 
 split (4)
INFO [2023-10-11 17:09:09] Error in check_for_error(paste0(doc)) : 
  General overpass server error; returned:
The data included in this document is from www.openstreetmap.org. The data is made available under ODbL. runtime error: Query timed out in "query" at line 27 after 26 seconds. 
 split (4)
INFO [2023-10-11 17:09:10] Error in check_for_error(paste0(doc)) : 
  General overpass server error; returned:
The data included in this document is from www.openstreetmap.org. The data is made available under ODbL. runtime error: Query timed out in "query" at line 5 after 26 seconds. 
 split (2)
INFO [2023-10-11 17:09:15] Error in check_for_error(paste0(doc)) : 
  General overpass server error; returned:
The data included in this document is from www.openstreetmap.org. The data is made available under ODbL. runtime error: Query timed out in "query" at line 17 after 26 seconds. 
 split (2)
INFO [2023-10-11 17:09:25] Error in check_for_error(paste0(doc)) : 
  General overpass server error; returned:
The data included in this document is from www.openstreetmap.org. The data is made available under ODbL. runtime error: Query timed out in "recurse" at line 31 after 34 seconds. 
 split (5)
INFO [2023-10-11 17:09:37] Error in check_for_error(paste0(doc)) : 
  General overpass server error; returned:
The data included in this document is from www.openstreetmap.org. The data is made available under ODbL. runtime error: Query timed out in "query" at line 28 after 26 seconds. 
 split (5)
INFO [2023-10-11 17:09:38] Error in check_for_error(paste0(doc)) : 
  General overpass server error; returned:
The data included in this document is from www.openstreetmap.org. The data is made available under ODbL. runtime error: Query timed out in "query" at line 24 after 26 seconds. 
 split (3)
INFO [2023-10-11 17:09:41] Error in check_for_error(paste0(doc)) : 
  General overpass server error; returned:
The data included in this document is from www.openstreetmap.org. The data is made available under ODbL. runtime error: Query timed out in "query" at line 8 after 26 seconds. 
 split (3)
INFO [2023-10-11 17:09:50] Error in check_for_error(paste0(doc)) : 
  General overpass server error; returned:
The data included in this document is from www.openstreetmap.org. The data is made available under ODbL. runtime error: Query timed out in "query" at line 6 after 26 seconds. 
 split (1)
INFO [2023-10-11 17:10:04] Error in check_for_error(paste0(doc)) : 
  General overpass server error; returned:
The data included in this document is from www.openstreetmap.org. The data is made available under ODbL. runtime error: Query timed out in "recurse" at line 31 after 38 seconds. 
 split (6)
INFO [2023-10-11 17:10:05] Error in check_for_error(paste0(doc)) : 
  General overpass server error; returned:
The data included in this document is from www.openstreetmap.org. The data is made available under ODbL. runtime error: Query timed out in "query" at line 13 after 26 seconds. 
 split (4)
INFO [2023-10-11 17:10:19] Error in check_for_error(paste0(doc)) : 
  General overpass server error; returned:
The data included in this document is from www.openstreetmap.org. The data is made available under ODbL. runtime error: Query timed out in "query" at line 4 after 28 seconds. 
 split (2)
INFO [2023-10-11 17:10:32] Error in check_for_error(paste0(doc)) : 
  General overpass server error; returned:
The data included in this document is from www.openstreetmap.org. The data is made available under ODbL. runtime error: Query timed out in "query" at line 26 after 26 seconds. 
 split (5)
INFO [2023-10-11 17:10:45] Error in check_for_error(paste0(doc)) : 
  General overpass server error; returned:
The data included in this document is from www.openstreetmap.org. The data is made available under ODbL. runtime error: Query timed out in "query" at line 19 after 26 seconds. 
 split (3)
INFO [2023-10-11 17:10:58] Error in check_for_error(paste0(doc)) : 
  General overpass server error; returned:
The data included in this document is from www.openstreetmap.org. The data is made available under ODbL. runtime error: Query timed out in "query" at line 8 after 26 seconds. 
 split (6)
INFO [2023-10-11 17:11:11] Error in check_for_error(paste0(doc)) : 
  General overpass server error; returned:
The data included in this document is from www.openstreetmap.org. The data is made available under ODbL. runtime error: Query timed out in "query" at line 14 after 26 seconds. 
 split (4)
INFO [2023-10-11 17:11:24] Error in check_for_error(paste0(doc)) : 
  General overpass server error; returned:
The data included in this document is from www.openstreetmap.org. The data is made available under ODbL. runtime error: Query timed out in "query" at line 18 after 26 seconds. 
 split (7)
INFO [2023-10-11 17:11:37] Error in check_for_error(paste0(doc)) : 
  General overpass server error; returned:
The data included in this document is from www.openstreetmap.org. The data is made available under ODbL. runtime error: Query timed out in "query" at line 9 after 26 seconds. 
 split (5)
INFO [2023-10-11 17:11:51] Error in check_for_error(paste0(doc)) : 
  General overpass server error; returned:
The data included in this document is from www.openstreetmap.org. The data is made available under ODbL. runtime error: Query timed out in "query" at line 20 after 26 seconds. 
 split (8)
INFO [2023-10-11 17:12:03] Error in check_for_error(paste0(doc)) : 
  General overpass server error; returned:
The data included in this document is from www.openstreetmap.org. The data is made available under ODbL. runtime error: Query timed out in "query" at line 9 after 26 seconds. 
 split (6)
INFO [2023-10-11 17:12:19] Error in check_for_error(paste0(doc)) : 
  General overpass server error; returned:
The data included in this document is from www.openstreetmap.org. The data is made available under ODbL. runtime error: Query timed out in "query" at line 4 after 26 seconds. 
 split (9)
INFO [2023-10-11 17:12:31] Error in check_for_error(paste0(doc)) : 
  General overpass server error; returned:
The data included in this document is from www.openstreetmap.org. The data is made available under ODbL. runtime error: Query timed out in "query" at line 4 after 28 seconds. 
 split (7)
INFO [2023-10-11 17:12:57] Error in check_for_error(paste0(doc)) : 
  General overpass server error; returned:
The data included in this document is from www.openstreetmap.org. The data is made available under ODbL. runtime error: Query timed out in "query" at line 22 after 26 seconds. 
 split (8)
INFO [2023-10-11 17:13:23] Error in check_for_error(paste0(doc)) : 
  General overpass server error; returned:
The data included in this document is from www.openstreetmap.org. The data is made available under ODbL. runtime error: Query timed out in "query" at line 11 after 26 seconds. 
 split (9)
INFO [2023-10-11 17:13:29] Error in check_for_error(paste0(doc)) : 
  General overpass server error; returned:
The data included in this document is from www.openstreetmap.org. The data is made available under ODbL. runtime error: Query timed out in "query" at line 21 after 26 seconds. 
 split (1)
INFO [2023-10-11 17:13:56] Error in check_for_error(paste0(doc)) : 
  General overpass server error; returned:
The data included in this document is from www.openstreetmap.org. The data is made available under ODbL. runtime error: Query timed out in "query" at line 4 after 26 seconds. 
 split (2)
