SUCCESS [2023-11-19 10:49:31] bbox 2.06287814767609
SUCCESS [2023-11-19 10:49:31] bbox 44.1154926079528
SUCCESS [2023-11-19 10:49:31] bbox 7.18556459920588
SUCCESS [2023-11-19 10:49:31] bbox 46.8042870453284
SUCCESS [2023-11-19 10:49:40] downloaded après 0 split
SUCCESS [2023-11-19 10:49:40] downloaded après 0 split
SUCCESS [2023-11-19 10:49:41] downloaded après 0 split
SUCCESS [2023-11-19 10:49:42] downloaded après 0 split
SUCCESS [2023-11-19 10:49:47] downloaded après 0 split
SUCCESS [2023-11-19 10:49:48] downloaded après 0 split
SUCCESS [2023-11-19 10:49:48] downloaded après 0 split
SUCCESS [2023-11-19 10:49:50] downloaded après 0 split
SUCCESS [2023-11-19 10:49:50] downloaded après 0 split
SUCCESS [2023-11-19 10:49:51] downloaded après 0 split
SUCCESS [2023-11-19 10:49:57] downloaded après 0 split
SUCCESS [2023-11-19 10:49:58] downloaded après 0 split
SUCCESS [2023-11-19 10:49:58] downloaded après 0 split
SUCCESS [2023-11-19 10:50:01] downloaded après 0 split
SUCCESS [2023-11-19 10:50:02] downloaded après 0 split
INFO [2023-11-19 10:50:05] Timed out split (0)
INFO [2023-11-19 10:50:05] Error in check_for_error(paste0(doc)) : 
  General overpass server error; returned:
The data included in this document is from www.openstreetmap.org. The data is made available under ODbL. runtime error: Query timed out in "query" at line 12 after 26 seconds. 
, distance 91 km; split (1)
SUCCESS [2023-11-19 10:50:06] downloaded après 0 split
INFO [2023-11-19 10:50:10] Timed out split (0)
INFO [2023-11-19 10:50:10] Error in check_for_error(paste0(doc)) : 
  General overpass server error; returned:
The data included in this document is from www.openstreetmap.org. The data is made available under ODbL. runtime error: Query timed out in "query" at line 7 after 26 seconds. 
, distance 91 km; split (1)
INFO [2023-11-19 10:50:11] Timed out split (0)
INFO [2023-11-19 10:50:11] Error in check_for_error(paste0(doc)) : 
  General overpass server error; returned:
The data included in this document is from www.openstreetmap.org. The data is made available under ODbL. runtime error: Query timed out in "query" at line 16 after 26 seconds. 
, distance 90 km; split (1)
INFO [2023-11-19 10:50:14] Timed out split (0)
INFO [2023-11-19 10:50:14] Error in check_for_error(paste0(doc)) : 
  General overpass server error; returned:
The data included in this document is from www.openstreetmap.org. The data is made available under ODbL. runtime error: Query timed out in "recurse" at line 31 after 27 seconds. 
, distance 92 km; split (1)
INFO [2023-11-19 10:50:15] Timed out split (0)
INFO [2023-11-19 10:50:15] Error in check_for_error(paste0(doc)) : 
  General overpass server error; returned:
The data included in this document is from www.openstreetmap.org. The data is made available under ODbL. runtime error: Query timed out in "recurse" at line 31 after 35 seconds. 
, distance 93 km; split (1)
INFO [2023-11-19 10:50:15] Timed out split (0)
INFO [2023-11-19 10:50:15] Error in check_for_error(paste0(doc)) : 
  General overpass server error; returned:
The data included in this document is from www.openstreetmap.org. The data is made available under ODbL. runtime error: Query timed out in "recurse" at line 31 after 34 seconds. 
, distance 92 km; split (1)
INFO [2023-11-19 10:50:20] Timed out split (0)
INFO [2023-11-19 10:50:20] Error in check_for_error(paste0(doc)) : 
  General overpass server error; returned:
The data included in this document is from www.openstreetmap.org. The data is made available under ODbL. runtime error: Query timed out in "recurse" at line 31 after 41 seconds. 
, distance 90 km; split (1)
SUCCESS [2023-11-19 10:50:21] downloaded après 1 split
SUCCESS [2023-11-19 10:50:22] downloaded après 0 split
SUCCESS [2023-11-19 10:50:23] downloaded après 0 split
SUCCESS [2023-11-19 10:50:27] downloaded après 0 split
SUCCESS [2023-11-19 10:50:28] downloaded après 1 split
SUCCESS [2023-11-19 10:50:33] downloaded après 1 split
SUCCESS [2023-11-19 10:50:33] downloaded après 1 split
SUCCESS [2023-11-19 10:50:34] downloaded après 1 split
SUCCESS [2023-11-19 10:50:36] downloaded après 1 split
SUCCESS [2023-11-19 10:50:38] downloaded après 0 split
SUCCESS [2023-11-19 10:50:40] downloaded après 1 split
SUCCESS [2023-11-19 10:50:43] downloaded après 1 split
SUCCESS [2023-11-19 10:50:45] downloaded après 1 split
SUCCESS [2023-11-19 10:50:46] downloaded après 0 split
SUCCESS [2023-11-19 10:50:48] downloaded après 1 split
SUCCESS [2023-11-19 10:50:48] downloaded après 1 split
INFO [2023-11-19 10:50:49] Timed out split (1)
INFO [2023-11-19 10:50:49] Error in check_for_error(paste0(doc)) : 
  General overpass server error; returned:
The data included in this document is from www.openstreetmap.org. The data is made available under ODbL. runtime error: Query timed out in "recurse" at line 31 after 34 seconds. 
, distance 51 km; split (2)
SUCCESS [2023-11-19 10:51:01] downloaded après 1 split
SUCCESS [2023-11-19 10:51:06] downloaded après 0 split
INFO [2023-11-19 10:51:06] Timed out split (1)
INFO [2023-11-19 10:51:06] Error in check_for_error(paste0(doc)) : 
  General overpass server error; returned:
The data included in this document is from www.openstreetmap.org. The data is made available under ODbL. runtime error: Query timed out in "recurse" at line 31 after 45 seconds. 
, distance 50 km; split (2)
SUCCESS [2023-11-19 10:51:09] downloaded après 2 split
SUCCESS [2023-11-19 10:51:10] downloaded après 1 split
SUCCESS [2023-11-19 10:51:14] downloaded après 2 split
SUCCESS [2023-11-19 10:51:19] downloaded après 1 split
INFO [2023-11-19 10:51:20] Timed out split (1)
INFO [2023-11-19 10:51:20] Error in check_for_error(paste0(doc)) : 
  General overpass server error; returned:
The data included in this document is from www.openstreetmap.org. The data is made available under ODbL. runtime error: Query timed out in "recurse" at line 31 after 46 seconds. 
, distance 50 km; split (2)
SUCCESS [2023-11-19 10:51:23] downloaded après 1 split
SUCCESS [2023-11-19 10:51:25] downloaded après 2 split
INFO [2023-11-19 10:51:26] Timed out split (1)
INFO [2023-11-19 10:51:26] Error in check_for_error(paste0(doc)) : 
  General overpass server error; returned:
The data included in this document is from www.openstreetmap.org. The data is made available under ODbL. runtime error: Query timed out in "recurse" at line 31 after 37 seconds. 
, distance 50 km; split (2)
SUCCESS [2023-11-19 10:51:33] downloaded après 1 split
INFO [2023-11-19 10:51:36] Timed out split (2)
INFO [2023-11-19 10:51:36] Error in check_for_error(paste0(doc)) : 
  General overpass server error; returned:
The data included in this document is from www.openstreetmap.org. The data is made available under ODbL. runtime error: Query timed out in "recurse" at line 31 after 47 seconds. 
, distance 28 km; split (3)
SUCCESS [2023-11-19 10:51:41] downloaded après 3 split
SUCCESS [2023-11-19 10:51:42] downloaded après 2 split
SUCCESS [2023-11-19 10:51:47] downloaded après 3 split
SUCCESS [2023-11-19 10:51:48] downloaded après 2 split
SUCCESS [2023-11-19 10:51:49] downloaded après 0 split
SUCCESS [2023-11-19 10:51:56] downloaded après 2 split
SUCCESS [2023-11-19 10:51:59] downloaded après 2 split
INFO [2023-11-19 10:52:02] Timed out split (0)
INFO [2023-11-19 10:52:02] Error in check_for_error(paste0(doc)) : 
  General overpass server error; returned:
The data included in this document is from www.openstreetmap.org. The data is made available under ODbL. runtime error: Query timed out in "query" at line 19 after 26 seconds. 
, distance 93 km; split (1)
SUCCESS [2023-11-19 10:52:04] downloaded après 2 split
SUCCESS [2023-11-19 10:52:08] downloaded après 2 split
SUCCESS [2023-11-19 10:52:11] downloaded après 2 split
SUCCESS [2023-11-19 10:52:13] downloaded après 2 split
INFO [2023-11-19 10:52:19] Timed out split (3)
INFO [2023-11-19 10:52:19] Error in check_for_error(paste0(doc)) : 
  General overpass server error; returned:
The data included in this document is from www.openstreetmap.org. The data is made available under ODbL. runtime error: Query timed out in "recurse" at line 31 after 32 seconds. 
, distance 15 km; split (4)
SUCCESS [2023-11-19 10:52:20] downloaded après 2 split
SUCCESS [2023-11-19 10:52:20] downloaded après 1 split
INFO [2023-11-19 10:52:22] Timed out split (2)
INFO [2023-11-19 10:52:22] Error in check_for_error(paste0(doc)) : 
  General overpass server error; returned:
The data included in this document is from www.openstreetmap.org. The data is made available under ODbL. runtime error: Query timed out in "recurse" at line 31 after 34 seconds. 
, distance 28 km; split (3)
SUCCESS [2023-11-19 10:52:22] downloaded après 4 split
SUCCESS [2023-11-19 10:52:27] downloaded après 1 split
SUCCESS [2023-11-19 10:52:29] downloaded après 0 split
SUCCESS [2023-11-19 10:52:30] downloaded après 3 split
SUCCESS [2023-11-19 10:52:32] downloaded après 2 split
SUCCESS [2023-11-19 10:52:32] downloaded après 1 split
SUCCESS [2023-11-19 10:52:37] downloaded après 1 split
SUCCESS [2023-11-19 10:52:38] downloaded après 3 split
SUCCESS [2023-11-19 10:52:45] downloaded après 3 split
INFO [2023-11-19 10:53:06] Timed out split (0)
INFO [2023-11-19 10:53:06] Error in check_for_error(paste0(doc)) : 
  General overpass server error; returned:
The data included in this document is from www.openstreetmap.org. The data is made available under ODbL. runtime error: Query timed out in "recurse" at line 31 after 26 seconds. 
, distance 92 km; split (1)
INFO [2023-11-19 10:53:14] Timed out split (3)
INFO [2023-11-19 10:53:14] Error in check_for_error(paste0(doc)) : 
  General overpass server error; returned:
The data included in this document is from www.openstreetmap.org. The data is made available under ODbL. runtime error: Query timed out in "recurse" at line 31 after 28 seconds. 
, distance 15 km; split (4)
INFO [2023-11-19 10:53:14] Timed out split (4)
INFO [2023-11-19 10:53:14] Error in check_for_error(paste0(doc)) : 
  General overpass server error; returned:
The data included in this document is from www.openstreetmap.org. The data is made available under ODbL. runtime error: Query timed out in "recurse" at line 31 after 51 seconds. 
, distance 8 km; split (5)
SUCCESS [2023-11-19 10:53:16] downloaded après 0 split
SUCCESS [2023-11-19 10:53:18] downloaded après 5 split
SUCCESS [2023-11-19 10:53:19] downloaded après 5 split
SUCCESS [2023-11-19 10:53:20] downloaded après 5 split
SUCCESS [2023-11-19 10:53:20] downloaded après 1 split
SUCCESS [2023-11-19 10:53:27] downloaded après 5 split
SUCCESS [2023-11-19 10:53:31] downloaded après 1 split
SUCCESS [2023-11-19 10:53:39] downloaded après 1 split
SUCCESS [2023-11-19 10:53:40] downloaded après 4 split
SUCCESS [2023-11-19 10:53:43] downloaded après 1 split
SUCCESS [2023-11-19 10:53:46] downloaded après 4 split
SUCCESS [2023-11-19 10:53:48] downloaded après 4 split
SUCCESS [2023-11-19 10:53:48] downloaded après 5 split
SUCCESS [2023-11-19 10:53:53] downloaded après 4 split
SUCCESS [2023-11-19 10:53:57] downloaded après 5 split
SUCCESS [2023-11-19 10:54:02] downloaded après 4 split
SUCCESS [2023-11-19 10:54:06] downloaded après 4 split
SUCCESS [2023-11-19 10:54:16] downloaded après 5 split
SUCCESS [2023-11-19 10:54:38] downloaded après 4 split
INFO [2023-11-19 10:54:46] Timed out split (5)
INFO [2023-11-19 10:54:46] Error in check_for_error(paste0(doc)) : 
  General overpass server error; returned:
The data included in this document is from www.openstreetmap.org. The data is made available under ODbL. runtime error: Query timed out in "recurse" at line 31 after 30 seconds. 
, distance 28 km; split (6)
INFO [2023-11-19 10:55:30] Timed out split (6)
INFO [2023-11-19 10:55:30] Error in check_for_error(paste0(doc)) : 
  General overpass server error; returned:
The data included in this document is from www.openstreetmap.org. The data is made available under ODbL. runtime error: Query timed out in "recurse" at line 31 after 44 seconds. 
, distance 15 km; split (7)
SUCCESS [2023-11-19 10:55:31] downloaded après 0 split
SUCCESS [2023-11-19 10:55:34] downloaded après 7 split
SUCCESS [2023-11-19 10:55:37] downloaded après 7 split
SUCCESS [2023-11-19 10:56:11] downloaded après 7 split
SUCCESS [2023-11-19 10:56:18] downloaded après 7 split
SUCCESS [2023-11-19 10:56:23] downloaded après 7 split
INFO [2023-11-19 10:57:21] Timed out split (7)
INFO [2023-11-19 10:57:21] Error in check_for_error(paste0(doc)) : 
  General overpass server error; returned:
The data included in this document is from www.openstreetmap.org. The data is made available under ODbL. runtime error: Query timed out in "recurse" at line 31 after 58 seconds. 
, distance 15 km; split (8)
INFO [2023-11-19 10:58:21] Timed out split (8)
INFO [2023-11-19 10:58:21] Error in check_for_error(paste0(doc)) : 
  General overpass server error; returned:
The data included in this document is from www.openstreetmap.org. The data is made available under ODbL. runtime error: Query timed out in "recurse" at line 31 after 60 seconds. 
, distance 8 km; split (9)
SUCCESS [2023-11-19 10:58:29] downloaded après 9 split
SUCCESS [2023-11-19 10:58:36] downloaded après 9 split
SUCCESS [2023-11-19 10:58:39] downloaded après 9 split
SUCCESS [2023-11-19 10:58:40] downloaded après 9 split
SUCCESS [2023-11-19 10:58:48] downloaded après 9 split
SUCCESS [2023-11-19 10:58:52] downloaded après 9 split
SUCCESS [2023-11-19 10:58:56] downloaded après 9 split
INFO [2023-11-19 10:59:41] Timed out split (9)
INFO [2023-11-19 10:59:41] Error in check_for_error(paste0(doc)) : 
  General overpass server error; returned:
The data included in this document is from www.openstreetmap.org. The data is made available under ODbL. runtime error: Query timed out in "recurse" at line 31 after 44 seconds. 
, distance 15 km; split (10)
SUCCESS [2023-11-19 10:59:48] downloaded après 10 split
INFO [2023-11-19 11:01:22] Timed out split (10)
INFO [2023-11-19 11:01:22] Error in check_for_error(paste0(doc)) : 
  General overpass server error; returned:
The data included in this document is from www.openstreetmap.org. The data is made available under ODbL. runtime error: Query timed out in "recurse" at line 31 after 93 seconds. 
, distance 8 km; split (11)
INFO [2023-11-19 11:02:11] Timed out split (11)
INFO [2023-11-19 11:02:11] Error in check_for_error(paste0(doc)) : 
  General overpass server error; returned:
The data included in this document is from www.openstreetmap.org. The data is made available under ODbL. runtime error: Query timed out in "recurse" at line 31 after 49 seconds. 
, distance 5 km; split (12)
SUCCESS [2023-11-19 11:02:38] downloaded après 12 split
INFO [2023-11-19 11:03:08] Timed out split (12)
INFO [2023-11-19 11:03:08] Error in check_for_error(paste0(doc)) : 
  General overpass server error; returned:
The data included in this document is from www.openstreetmap.org. The data is made available under ODbL. runtime error: Query timed out in "recurse" at line 31 after 28 seconds. 
, distance 3 km; split (13)
SUCCESS [2023-11-19 11:03:12] downloaded après 13 split
SUCCESS [2023-11-19 11:03:15] downloaded après 13 split
INFO [2023-11-19 11:04:41] Timed out split (13)
INFO [2023-11-19 11:04:41] Error in check_for_error(paste0(doc)) : 
  General overpass server error; returned:
The data included in this document is from www.openstreetmap.org. The data is made available under ODbL. runtime error: Query timed out in "recurse" at line 31 after 85 seconds. 
, distance 1 km; split (14)
SUCCESS [2023-11-19 11:04:44] downloaded après 14 split
SUCCESS [2023-11-19 11:04:46] downloaded après 14 split
SUCCESS [2023-11-19 11:04:54] downloaded après 14 split
SUCCESS [2023-11-19 11:05:00] downloaded après 14 split
INFO [2023-11-19 11:05:34] Timed out split (14)
INFO [2023-11-19 11:05:34] Error in check_for_error(paste0(doc)) : 
  General overpass server error; returned:
The data included in this document is from www.openstreetmap.org. The data is made available under ODbL. runtime error: Query timed out in "recurse" at line 31 after 33 seconds. 
, distance 1 km; split (15)
SUCCESS [2023-11-19 11:05:37] downloaded après 15 split
SUCCESS [2023-11-19 11:05:41] downloaded après 15 split
INFO [2023-11-19 11:06:31] d<1km, next
SUCCESS [2023-11-19 11:06:39] downloaded après 15 split
SUCCESS [2023-11-19 11:06:42] downloaded après 15 split
INFO [2023-11-19 11:07:46] Timed out split (15)
INFO [2023-11-19 11:07:46] Error in check_for_error(paste0(doc)) : 
  General overpass server error; returned:
The data included in this document is from www.openstreetmap.org. The data is made available under ODbL. runtime error: Query timed out in "recurse" at line 31 after 64 seconds. 
, distance 3 km; split (16)
INFO [2023-11-19 11:08:13] Timed out split (16)
INFO [2023-11-19 11:08:13] Error in check_for_error(paste0(doc)) : 
  General overpass server error; returned:
The data included in this document is from www.openstreetmap.org. The data is made available under ODbL. runtime error: Query timed out in "recurse" at line 31 after 27 seconds. 
, distance 1 km; split (17)
INFO [2023-11-19 11:09:13] d<1km, next
INFO [2023-11-19 11:09:39] d<1km, next
INFO [2023-11-19 11:10:30] d<1km, next
INFO [2023-11-19 11:10:56] d<1km, next
INFO [2023-11-19 11:11:38] d<1km, next
INFO [2023-11-19 11:12:35] d<1km, next
SUCCESS [2023-11-19 11:12:42] downloaded après 17 split
INFO [2023-11-19 11:13:49] d<1km, next
INFO [2023-11-19 11:14:22] d<1km, next
SUCCESS [2023-11-19 11:14:30] downloaded après 17 split
SUCCESS [2023-11-19 11:14:31] downloaded après 17 split
SUCCESS [2023-11-19 11:14:35] downloaded après 17 split
INFO [2023-11-19 11:15:13] Timed out split (17)
INFO [2023-11-19 11:15:13] Error in check_for_error(paste0(doc)) : 
  General overpass server error; returned:
The data included in this document is from www.openstreetmap.org. The data is made available under ODbL. runtime error: Query timed out in "recurse" at line 31 after 37 seconds. 
, distance 1 km; split (18)
SUCCESS [2023-11-19 11:15:20] downloaded après 18 split
INFO [2023-11-19 11:16:22] d<1km, next
INFO [2023-11-19 11:17:35] d<1km, next
SUCCESS [2023-11-19 11:17:42] downloaded après 18 split
SUCCESS [2023-11-19 11:17:44] downloaded après 18 split
SUCCESS [2023-11-19 11:17:48] downloaded après 18 split
SUCCESS [2023-11-19 11:17:52] downloaded après 18 split
SUCCESS [2023-11-19 11:17:53] downloaded après 18 split
INFO [2023-11-19 11:18:47] Timed out split (18)
INFO [2023-11-19 11:18:47] Error in check_for_error(paste0(doc)) : 
  General overpass server error; returned:
The data included in this document is from www.openstreetmap.org. The data is made available under ODbL. runtime error: Query timed out in "recurse" at line 31 after 54 seconds. 
, distance 3 km; split (19)
SUCCESS [2023-11-19 11:18:54] downloaded après 19 split
INFO [2023-11-19 11:19:49] Timed out split (19)
INFO [2023-11-19 11:19:49] Error in check_for_error(paste0(doc)) : 
  General overpass server error; returned:
The data included in this document is from www.openstreetmap.org. The data is made available under ODbL. runtime error: Query timed out in "recurse" at line 31 after 55 seconds. 
, distance 1 km; split (20)
INFO [2023-11-19 11:20:15] d<1km, next
SUCCESS [2023-11-19 11:20:24] downloaded après 20 split
SUCCESS [2023-11-19 11:20:32] downloaded après 20 split
SUCCESS [2023-11-19 11:20:33] downloaded après 20 split
SUCCESS [2023-11-19 11:20:35] downloaded après 20 split
SUCCESS [2023-11-19 11:20:36] downloaded après 20 split
SUCCESS [2023-11-19 11:20:37] downloaded après 20 split
SUCCESS [2023-11-19 11:20:44] downloaded après 20 split
SUCCESS [2023-11-19 11:20:48] downloaded après 20 split
INFO [2023-11-19 11:21:53] Timed out split (20)
INFO [2023-11-19 11:21:53] Error in check_for_error(paste0(doc)) : 
  General overpass server error; returned:
The data included in this document is from www.openstreetmap.org. The data is made available under ODbL. runtime error: Query timed out in "recurse" at line 31 after 65 seconds. 
, distance 5 km; split (21)
SUCCESS [2023-11-19 11:21:58] downloaded après 21 split
INFO [2023-11-19 11:22:27] Timed out split (21)
INFO [2023-11-19 11:22:27] Error in check_for_error(paste0(doc)) : 
  General overpass server error; returned:
The data included in this document is from www.openstreetmap.org. The data is made available under ODbL. runtime error: Query timed out in "recurse" at line 31 after 28 seconds. 
, distance 3 km; split (22)
SUCCESS [2023-11-19 11:22:30] downloaded après 22 split
SUCCESS [2023-11-19 11:22:37] downloaded après 22 split
SUCCESS [2023-11-19 11:22:40] downloaded après 22 split
SUCCESS [2023-11-19 11:22:45] downloaded après 22 split
SUCCESS [2023-11-19 11:22:49] downloaded après 22 split
SUCCESS [2023-11-19 11:22:50] downloaded après 22 split
SUCCESS [2023-11-19 11:22:54] downloaded après 22 split
SUCCESS [2023-11-19 11:22:55] downloaded après 22 split
INFO [2023-11-19 11:23:35] Timed out split (22)
INFO [2023-11-19 11:23:35] Error in check_for_error(paste0(doc)) : 
  General overpass server error; returned:
The data included in this document is from www.openstreetmap.org. The data is made available under ODbL. runtime error: Query timed out in "recurse" at line 31 after 39 seconds. 
, distance 28 km; split (23)
SUCCESS [2023-11-19 11:23:42] downloaded après 23 split
SUCCESS [2023-11-19 11:24:08] downloaded après 23 split
SUCCESS [2023-11-19 11:24:11] downloaded après 23 split
SUCCESS [2023-11-19 11:24:16] downloaded après 23 split
SUCCESS [2023-11-19 11:24:23] downloaded après 23 split
INFO [2023-11-19 11:24:54] Timed out split (23)
INFO [2023-11-19 11:24:54] Error in check_for_error(paste0(doc)) : 
  General overpass server error; returned:
The data included in this document is from www.openstreetmap.org. The data is made available under ODbL. runtime error: Query timed out in "recurse" at line 31 after 31 seconds. 
, distance 51 km; split (24)
INFO [2023-11-19 11:25:32] Timed out split (24)
INFO [2023-11-19 11:25:32] Error in check_for_error(paste0(doc)) : 
  General overpass server error; returned:
The data included in this document is from www.openstreetmap.org. The data is made available under ODbL. runtime error: Query timed out in "recurse" at line 31 after 37 seconds. 
, distance 28 km; split (25)
SUCCESS [2023-11-19 11:25:35] downloaded après 25 split
SUCCESS [2023-11-19 11:25:36] downloaded après 25 split
SUCCESS [2023-11-19 11:26:16] downloaded après 25 split
SUCCESS [2023-11-19 11:26:23] downloaded après 25 split
SUCCESS [2023-11-19 11:26:35] downloaded après 25 split
SUCCESS [2023-11-19 11:26:39] downloaded après 25 split
SUCCESS [2023-11-19 11:26:47] downloaded après 25 split
SUCCESS [2023-11-19 11:27:03] downloaded après 25 split
SUCCESS [2023-11-19 11:27:17] downloaded après 25 split
INFO [2023-11-19 11:28:52] Timed out split (0)
INFO [2023-11-19 11:28:52] Error in check_for_error(paste0(doc)) : 
  General overpass server error; returned:
The data included in this document is from www.openstreetmap.org. The data is made available under ODbL. runtime error: Query timed out in "recurse" at line 31 after 49 seconds. 
, distance 92 km; split (1)
INFO [2023-11-19 11:29:47] Timed out split (1)
INFO [2023-11-19 11:29:47] Error in check_for_error(paste0(doc)) : 
  General overpass server error; returned:
The data included in this document is from www.openstreetmap.org. The data is made available under ODbL. runtime error: Query timed out in "recurse" at line 31 after 55 seconds. 
, distance 51 km; split (2)
SUCCESS [2023-11-19 11:29:55] downloaded après 2 split
SUCCESS [2023-11-19 11:30:01] downloaded après 2 split
SUCCESS [2023-11-19 11:30:10] downloaded après 2 split
INFO [2023-11-19 11:30:45] Timed out split (2)
INFO [2023-11-19 11:30:45] Error in check_for_error(paste0(doc)) : 
  General overpass server error; returned:
The data included in this document is from www.openstreetmap.org. The data is made available under ODbL. runtime error: Query timed out in "recurse" at line 31 after 35 seconds. 
, distance 28 km; split (3)
SUCCESS [2023-11-19 11:30:51] downloaded après 3 split
SUCCESS [2023-11-19 11:30:56] downloaded après 3 split
INFO [2023-11-19 11:32:11] Timed out split (3)
INFO [2023-11-19 11:32:11] Error in check_for_error(paste0(doc)) : 
  General overpass server error; returned:
The data included in this document is from www.openstreetmap.org. The data is made available under ODbL. runtime error: Query timed out in "recurse" at line 31 after 75 seconds. 
, distance 15 km; split (4)
INFO [2023-11-19 11:33:35] Timed out split (4)
INFO [2023-11-19 11:33:35] Error in check_for_error(paste0(doc)) : 
  General overpass server error; returned:
The data included in this document is from www.openstreetmap.org. The data is made available under ODbL. runtime error: Query timed out in "recurse" at line 31 after 84 seconds. 
, distance 8 km; split (5)
SUCCESS [2023-11-19 11:33:38] downloaded après 5 split
SUCCESS [2023-11-19 11:33:44] downloaded après 5 split
SUCCESS [2023-11-19 11:33:45] downloaded après 5 split
SUCCESS [2023-11-19 11:33:46] downloaded après 5 split
INFO [2023-11-19 11:34:51] Timed out split (5)
INFO [2023-11-19 11:34:51] Error in check_for_error(paste0(doc)) : 
  General overpass server error; returned:
The data included in this document is from www.openstreetmap.org. The data is made available under ODbL. runtime error: Query timed out in "recurse" at line 31 after 63 seconds. 
, distance 8 km; split (6)
INFO [2023-11-19 11:35:42] Timed out split (6)
INFO [2023-11-19 11:35:42] Error in check_for_error(paste0(doc)) : 
  General overpass server error; returned:
The data included in this document is from www.openstreetmap.org. The data is made available under ODbL. runtime error: Query timed out in "recurse" at line 31 after 51 seconds. 
, distance 5 km; split (7)
INFO [2023-11-19 11:36:12] Timed out split (7)
INFO [2023-11-19 11:36:12] Error in check_for_error(paste0(doc)) : 
  General overpass server error; returned:
The data included in this document is from www.openstreetmap.org. The data is made available under ODbL. runtime error: Query timed out in "recurse" at line 31 after 30 seconds. 
, distance 3 km; split (8)
INFO [2023-11-19 11:37:06] Timed out split (8)
INFO [2023-11-19 11:37:06] Error in check_for_error(paste0(doc)) : 
  General overpass server error; returned:
The data included in this document is from www.openstreetmap.org. The data is made available under ODbL. runtime error: Query timed out in "recurse" at line 31 after 54 seconds. 
, distance 1 km; split (9)
SUCCESS [2023-11-19 11:37:07] downloaded après 9 split
SUCCESS [2023-11-19 11:37:08] downloaded après 9 split
SUCCESS [2023-11-19 11:37:14] downloaded après 9 split
SUCCESS [2023-11-19 11:37:21] downloaded après 9 split
SUCCESS [2023-11-19 11:37:22] downloaded après 9 split
INFO [2023-11-19 11:38:06] Timed out split (9)
INFO [2023-11-19 11:38:06] Error in check_for_error(paste0(doc)) : 
  General overpass server error; returned:
The data included in this document is from www.openstreetmap.org. The data is made available under ODbL. runtime error: Query timed out in "recurse" at line 31 after 44 seconds. 
, distance 1 km; split (10)
SUCCESS [2023-11-19 11:38:09] downloaded après 10 split
INFO [2023-11-19 11:38:39] d<1km, next
INFO [2023-11-19 11:39:28] d<1km, next
SUCCESS [2023-11-19 11:39:35] downloaded après 10 split
SUCCESS [2023-11-19 11:39:36] downloaded après 10 split
SUCCESS [2023-11-19 11:39:39] downloaded après 10 split
SUCCESS [2023-11-19 11:39:45] downloaded après 10 split
SUCCESS [2023-11-19 11:39:52] downloaded après 10 split
SUCCESS [2023-11-19 11:39:53] downloaded après 10 split
SUCCESS [2023-11-19 11:39:59] downloaded après 10 split
INFO [2023-11-19 11:40:56] Timed out split (10)
INFO [2023-11-19 11:40:56] Error in check_for_error(paste0(doc)) : 
  General overpass server error; returned:
The data included in this document is from www.openstreetmap.org. The data is made available under ODbL. runtime error: Query timed out in "recurse" at line 31 after 56 seconds. 
, distance 5 km; split (11)
SUCCESS [2023-11-19 11:40:57] downloaded après 11 split
SUCCESS [2023-11-19 11:41:00] downloaded après 11 split
SUCCESS [2023-11-19 11:41:08] downloaded après 11 split
SUCCESS [2023-11-19 11:41:15] downloaded après 11 split
SUCCESS [2023-11-19 11:41:16] downloaded après 11 split
SUCCESS [2023-11-19 11:41:23] downloaded après 11 split
SUCCESS [2023-11-19 11:41:28] downloaded après 11 split
SUCCESS [2023-11-19 11:41:39] downloaded après 11 split
INFO [2023-11-19 11:42:23] Timed out split (11)
INFO [2023-11-19 11:42:23] Error in check_for_error(paste0(doc)) : 
  General overpass server error; returned:
The data included in this document is from www.openstreetmap.org. The data is made available under ODbL. runtime error: Query timed out in "recurse" at line 31 after 44 seconds. 
, distance 15 km; split (12)
SUCCESS [2023-11-19 11:42:31] downloaded après 12 split
INFO [2023-11-19 11:43:49] Timed out split (12)
INFO [2023-11-19 11:43:49] Error in check_for_error(paste0(doc)) : 
  General overpass server error; returned:
The data included in this document is from www.openstreetmap.org. The data is made available under ODbL. runtime error: Query timed out in "recurse" at line 31 after 76 seconds. 
, distance 8 km; split (13)
SUCCESS [2023-11-19 11:43:53] downloaded après 13 split
SUCCESS [2023-11-19 11:43:54] downloaded après 13 split
SUCCESS [2023-11-19 11:44:01] downloaded après 13 split
INFO [2023-11-19 11:44:30] Timed out split (13)
INFO [2023-11-19 11:44:30] Error in check_for_error(paste0(doc)) : 
  General overpass server error; returned:
The data included in this document is from www.openstreetmap.org. The data is made available under ODbL. runtime error: Query timed out in "recurse" at line 31 after 29 seconds. 
, distance 5 km; split (14)
SUCCESS [2023-11-19 11:44:34] downloaded après 14 split
SUCCESS [2023-11-19 11:44:37] downloaded après 14 split
INFO [2023-11-19 11:45:29] Timed out split (14)
INFO [2023-11-19 11:45:29] Error in check_for_error(paste0(doc)) : 
  General overpass server error; returned:
The data included in this document is from www.openstreetmap.org. The data is made available under ODbL. runtime error: Query timed out in "recurse" at line 31 after 52 seconds. 
, distance 3 km; split (15)
SUCCESS [2023-11-19 11:45:37] downloaded après 15 split
INFO [2023-11-19 11:46:19] Timed out split (15)
INFO [2023-11-19 11:46:19] Error in check_for_error(paste0(doc)) : 
  General overpass server error; returned:
The data included in this document is from www.openstreetmap.org. The data is made available under ODbL. runtime error: Query timed out in "recurse" at line 31 after 42 seconds. 
, distance 1 km; split (16)
SUCCESS [2023-11-19 11:46:23] downloaded après 16 split
SUCCESS [2023-11-19 11:46:26] downloaded après 16 split
SUCCESS [2023-11-19 11:46:33] downloaded après 16 split
INFO [2023-11-19 11:47:38] d<1km, next
SUCCESS [2023-11-19 11:47:46] downloaded après 16 split
SUCCESS [2023-11-19 11:47:47] downloaded après 16 split
SUCCESS [2023-11-19 11:47:48] downloaded après 16 split
INFO [2023-11-19 11:48:16] Timed out split (16)
INFO [2023-11-19 11:48:16] Error in check_for_error(paste0(doc)) : 
  General overpass server error; returned:
The data included in this document is from www.openstreetmap.org. The data is made available under ODbL. runtime error: Query timed out in "recurse" at line 31 after 28 seconds. 
, distance 3 km; split (17)
SUCCESS [2023-11-19 11:48:23] downloaded après 17 split
INFO [2023-11-19 11:49:21] Timed out split (17)
INFO [2023-11-19 11:49:21] Error in check_for_error(paste0(doc)) : 
  General overpass server error; returned:
The data included in this document is from www.openstreetmap.org. The data is made available under ODbL. runtime error: Query timed out in "recurse" at line 31 after 58 seconds. 
, distance 1 km; split (18)
SUCCESS [2023-11-19 11:49:26] downloaded après 18 split
SUCCESS [2023-11-19 11:49:27] downloaded après 18 split
INFO [2023-11-19 11:50:14] d<1km, next
INFO [2023-11-19 11:50:40] d<1km, next
INFO [2023-11-19 11:51:26] d<1km, next
INFO [2023-11-19 11:52:00] d<1km, next
SUCCESS [2023-11-19 11:52:07] downloaded après 18 split
SUCCESS [2023-11-19 11:52:13] downloaded après 18 split
SUCCESS [2023-11-19 11:52:16] downloaded après 18 split
SUCCESS [2023-11-19 11:52:20] downloaded après 18 split
SUCCESS [2023-11-19 11:52:28] downloaded après 18 split
SUCCESS [2023-11-19 11:52:29] downloaded après 18 split
INFO [2023-11-19 11:53:13] Timed out split (18)
INFO [2023-11-19 11:53:13] Error in check_for_error(paste0(doc)) : 
  General overpass server error; returned:
The data included in this document is from www.openstreetmap.org. The data is made available under ODbL. runtime error: Query timed out in "recurse" at line 31 after 44 seconds. 
, distance 51 km; split (19)
SUCCESS [2023-11-19 11:53:34] downloaded après 19 split
SUCCESS [2023-11-19 11:53:39] downloaded après 19 split
SUCCESS [2023-11-19 11:53:49] downloaded après 19 split
SUCCESS [2023-11-19 11:54:08] downloaded après 19 split
SUCCESS [2023-11-19 11:54:21] downloaded après 19 split
SUCCESS [2023-11-19 11:54:40] downloaded après 19 split
SUCCESS [2023-11-19 11:58:49] OSM silicate téléchargé: 68m 29s 2620 Mb
