SUCCESS [2023-11-19 15:09:39] bbox -1.79235095208353
SUCCESS [2023-11-19 15:09:39] bbox 42.7778572059803
SUCCESS [2023-11-19 15:09:39] bbox 2.61128487127764
SUCCESS [2023-11-19 15:09:39] bbox 47.1759905284921
SUCCESS [2023-11-19 15:09:54] downloaded après 0 split
SUCCESS [2023-11-19 15:09:57] downloaded après 0 split
SUCCESS [2023-11-19 15:09:58] downloaded après 0 split
SUCCESS [2023-11-19 15:09:58] downloaded après 0 split
SUCCESS [2023-11-19 15:09:59] downloaded après 0 split
SUCCESS [2023-11-19 15:09:59] downloaded après 0 split
SUCCESS [2023-11-19 15:10:01] downloaded après 0 split
SUCCESS [2023-11-19 15:10:05] downloaded après 0 split
SUCCESS [2023-11-19 15:10:05] downloaded après 0 split
SUCCESS [2023-11-19 15:10:06] downloaded après 0 split
SUCCESS [2023-11-19 15:10:08] downloaded après 0 split
INFO [2023-11-19 15:10:10] Timed out split (0)
INFO [2023-11-19 15:10:10] Error in check_for_error(paste0(doc)) : 
  General overpass server error; returned:
The data included in this document is from www.openstreetmap.org. The data is made available under ODbL. runtime error: Query timed out in "query" at line 16 after 26 seconds. 
, distance 111 km; split (1)
SUCCESS [2023-11-19 15:10:11] downloaded après 0 split
SUCCESS [2023-11-19 15:10:11] downloaded après 0 split
SUCCESS [2023-11-19 15:10:13] downloaded après 0 split
SUCCESS [2023-11-19 15:10:15] downloaded après 0 split
SUCCESS [2023-11-19 15:10:15] downloaded après 0 split
SUCCESS [2023-11-19 15:10:15] downloaded après 0 split
INFO [2023-11-19 15:10:15] Timed out split (0)
INFO [2023-11-19 15:10:15] Error in check_for_error(paste0(doc)) : 
  General overpass server error; returned:
The data included in this document is from www.openstreetmap.org. The data is made available under ODbL. runtime error: Query timed out in "query" at line 4 after 29 seconds. 
, distance 110 km; split (1)
INFO [2023-11-19 15:10:18] Timed out split (0)
INFO [2023-11-19 15:10:18] Error in check_for_error(paste0(doc)) : 
  General overpass server error; returned:
The data included in this document is from www.openstreetmap.org. The data is made available under ODbL. runtime error: Query timed out in "query" at line 12 after 26 seconds. 
, distance 109 km; split (1)
SUCCESS [2023-11-19 15:10:19] downloaded après 0 split
INFO [2023-11-19 15:10:20] Timed out split (0)
INFO [2023-11-19 15:10:20] Error in httr2::req_perform(req) : HTTP 504 Gateway Timeout.
, distance 111 km; split (1)
SUCCESS [2023-11-19 15:10:20] downloaded après 0 split
SUCCESS [2023-11-19 15:10:21] downloaded après 0 split
INFO [2023-11-19 15:10:22] Timed out split (0)
INFO [2023-11-19 15:10:22] Error in check_for_error(paste0(doc)) : 
  General overpass server error; returned:
The data included in this document is from www.openstreetmap.org. The data is made available under ODbL. runtime error: Query timed out in "query" at line 4 after 28 seconds. 
, distance 110 km; split (1)
INFO [2023-11-19 15:10:23] Timed out split (0)
INFO [2023-11-19 15:10:23] Error in check_for_error(paste0(doc)) : 
  General overpass server error; returned:
The data included in this document is from www.openstreetmap.org. The data is made available under ODbL. runtime error: Query timed out in "query" at line 4 after 27 seconds. 
, distance 111 km; split (1)
SUCCESS [2023-11-19 15:10:23] downloaded après 0 split
SUCCESS [2023-11-19 15:10:25] downloaded après 0 split
SUCCESS [2023-11-19 15:10:37] downloaded après 0 split
INFO [2023-11-19 15:10:38] Timed out split (0)
INFO [2023-11-19 15:10:38] Error in httr2::req_perform(req) : HTTP 504 Gateway Timeout.
, distance 109 km; split (1)
INFO [2023-11-19 15:10:39] Timed out split (1)
INFO [2023-11-19 15:10:39] Error in check_for_error(paste0(doc)) : 
  General overpass server error; returned:
The data included in this document is from www.openstreetmap.org. The data is made available under ODbL. runtime error: Query timed out in "recurse" at line 31 after 28 seconds. 
, distance 61 km; split (2)
INFO [2023-11-19 15:10:49] Timed out split (1)
INFO [2023-11-19 15:10:49] Error in httr2::req_perform(req) : HTTP 504 Gateway Timeout.
, distance 60 km; split (2)
INFO [2023-11-19 15:10:51] Timed out split (1)
INFO [2023-11-19 15:10:51] Error in check_for_error(paste0(doc)) : 
  General overpass server error; returned:
The data included in this document is from www.openstreetmap.org. The data is made available under ODbL. runtime error: Query timed out in "recurse" at line 31 after 29 seconds. 
, distance 60 km; split (2)
INFO [2023-11-19 15:10:51] Timed out split (1)
INFO [2023-11-19 15:10:51] Error in httr2::req_perform(req) : HTTP 504 Gateway Timeout.
, distance 61 km; split (2)
SUCCESS [2023-11-19 15:10:54] downloaded après 1 split
SUCCESS [2023-11-19 15:10:55] downloaded après 2 split
SUCCESS [2023-11-19 15:10:56] downloaded après 2 split
SUCCESS [2023-11-19 15:10:59] downloaded après 1 split
SUCCESS [2023-11-19 15:11:04] downloaded après 2 split
SUCCESS [2023-11-19 15:11:07] downloaded après 1 split
SUCCESS [2023-11-19 15:11:10] downloaded après 2 split
INFO [2023-11-19 15:11:10] Timed out split (2)
INFO [2023-11-19 15:11:10] Error in httr2::req_perform(req) : HTTP 504 Gateway Timeout.
, distance 33 km; split (3)
SUCCESS [2023-11-19 15:11:12] downloaded après 2 split
SUCCESS [2023-11-19 15:11:12] downloaded après 2 split
SUCCESS [2023-11-19 15:11:14] downloaded après 3 split
SUCCESS [2023-11-19 15:11:22] downloaded après 2 split
SUCCESS [2023-11-19 15:11:25] downloaded après 1 split
SUCCESS [2023-11-19 15:11:26] downloaded après 2 split
INFO [2023-11-19 15:11:32] Timed out split (1)
INFO [2023-11-19 15:11:32] Error in check_for_error(paste0(doc)) : 
  General overpass server error; returned:
The data included in this document is from www.openstreetmap.org. The data is made available under ODbL. runtime error: Query timed out in "recurse" at line 31 after 33 seconds. 
, distance 60 km; split (2)
INFO [2023-11-19 15:11:36] Timed out split (2)
INFO [2023-11-19 15:11:36] Error in httr2::req_perform(req) : HTTP 504 Gateway Timeout.
, distance 33 km; split (3)
SUCCESS [2023-11-19 15:11:37] downloaded après 2 split
INFO [2023-11-19 15:11:38] Timed out split (1)
INFO [2023-11-19 15:11:38] Error in check_for_error(paste0(doc)) : 
  General overpass server error; returned:
The data included in this document is from www.openstreetmap.org. The data is made available under ODbL. runtime error: Query timed out in "recurse" at line 31 after 29 seconds. 
, distance 61 km; split (2)
SUCCESS [2023-11-19 15:11:50] downloaded après 3 split
INFO [2023-11-19 15:11:51] Timed out split (1)
INFO [2023-11-19 15:11:51] Error in check_for_error(paste0(doc)) : 
  General overpass server error; returned:
The data included in this document is from www.openstreetmap.org. The data is made available under ODbL. runtime error: Query timed out in "recurse" at line 31 after 26 seconds. 
, distance 60 km; split (2)
SUCCESS [2023-11-19 15:11:53] downloaded après 2 split
SUCCESS [2023-11-19 15:11:53] downloaded après 3 split
SUCCESS [2023-11-19 15:12:03] downloaded après 2 split
SUCCESS [2023-11-19 15:12:05] downloaded après 3 split
INFO [2023-11-19 15:12:19] Timed out split (2)
INFO [2023-11-19 15:12:19] Error in check_for_error(paste0(doc)) : 
  General overpass server error; returned:
The data included in this document is from www.openstreetmap.org. The data is made available under ODbL. runtime error: Query timed out in "recurse" at line 31 after 28 seconds. 
, distance 33 km; split (3)
SUCCESS [2023-11-19 15:12:22] downloaded après 2 split
SUCCESS [2023-11-19 15:12:25] downloaded après 2 split
SUCCESS [2023-11-19 15:12:26] downloaded après 3 split
SUCCESS [2023-11-19 15:12:28] downloaded après 2 split
INFO [2023-11-19 15:12:31] Timed out split (2)
INFO [2023-11-19 15:12:31] Error in check_for_error(paste0(doc)) : 
  General overpass server error; returned:
The data included in this document is from www.openstreetmap.org. The data is made available under ODbL. runtime error: Query timed out in "recurse" at line 31 after 38 seconds. 
, distance 33 km; split (3)
SUCCESS [2023-11-19 15:12:32] downloaded après 2 split
SUCCESS [2023-11-19 15:12:34] downloaded après 3 split
SUCCESS [2023-11-19 15:12:38] downloaded après 3 split
SUCCESS [2023-11-19 15:12:39] downloaded après 3 split
SUCCESS [2023-11-19 15:12:39] downloaded après 2 split
INFO [2023-11-19 15:12:54] Timed out split (2)
INFO [2023-11-19 15:12:54] Error in httr2::req_perform(req) : HTTP 504 Gateway Timeout.
, distance 33 km; split (3)
INFO [2023-11-19 15:12:56] Timed out split (2)
INFO [2023-11-19 15:12:56] Error in httr2::req_perform(req) : HTTP 504 Gateway Timeout.
, distance 61 km; split (3)
INFO [2023-11-19 15:12:57] Timed out split (3)
INFO [2023-11-19 15:12:57] Error in httr2::req_perform(req) : HTTP 504 Gateway Timeout.
, distance 18 km; split (4)
INFO [2023-11-19 15:13:05] Timed out split (3)
INFO [2023-11-19 15:13:05] Error in httr2::req_perform(req) : HTTP 504 Gateway Timeout.
, distance 18 km; split (4)
INFO [2023-11-19 15:13:09] Timed out split (3)
INFO [2023-11-19 15:13:09] Error in httr2::req_perform(req) : HTTP 504 Gateway Timeout.
, distance 18 km; split (4)
INFO [2023-11-19 15:13:10] Timed out split (3)
INFO [2023-11-19 15:13:10] Error in httr2::req_perform(req) : HTTP 504 Gateway Timeout.
, distance 18 km; split (4)
INFO [2023-11-19 15:13:25] Timed out split (3)
INFO [2023-11-19 15:13:25] Error in httr2::req_perform(req) : HTTP 504 Gateway Timeout.
, distance 18 km; split (4)
INFO [2023-11-19 15:13:28] Timed out split (3)
INFO [2023-11-19 15:13:28] Error in httr2::req_perform(req) : HTTP 504 Gateway Timeout.
, distance 34 km; split (4)
INFO [2023-11-19 15:13:29] Timed out split (4)
INFO [2023-11-19 15:13:29] Error in httr2::req_perform(req) : HTTP 504 Gateway Timeout.
, distance 10 km; split (5)
SUCCESS [2023-11-19 15:13:36] downloaded après 2 split
INFO [2023-11-19 15:13:37] Timed out split (4)
INFO [2023-11-19 15:13:37] Error in httr2::req_perform(req) : HTTP 504 Gateway Timeout.
, distance 10 km; split (5)
SUCCESS [2023-11-19 15:13:42] downloaded après 5 split
INFO [2023-11-19 15:13:43] Timed out split (4)
INFO [2023-11-19 15:13:43] Error in httr2::req_perform(req) : HTTP 504 Gateway Timeout.
, distance 10 km; split (5)
SUCCESS [2023-11-19 15:13:45] downloaded après 4 split
SUCCESS [2023-11-19 15:13:52] downloaded après 4 split
SUCCESS [2023-11-19 15:13:53] downloaded après 4 split
SUCCESS [2023-11-19 15:13:56] downloaded après 4 split
SUCCESS [2023-11-19 15:13:58] downloaded après 5 split
SUCCESS [2023-11-19 15:14:03] downloaded après 5 split
SUCCESS [2023-11-19 15:14:11] downloaded après 4 split
SUCCESS [2023-11-19 15:14:12] downloaded après 4 split
INFO [2023-11-19 15:14:13] Timed out split (2)
INFO [2023-11-19 15:14:13] Error in check_for_error(paste0(doc)) : 
  General overpass server error; returned:
The data included in this document is from www.openstreetmap.org. The data is made available under ODbL. runtime error: Query timed out in "recurse" at line 31 after 36 seconds. 
, distance 60 km; split (3)
INFO [2023-11-19 15:14:14] Timed out split (5)
INFO [2023-11-19 15:14:14] Error in httr2::req_perform(req) : HTTP 504 Gateway Timeout.
, distance 6 km; split (6)
SUCCESS [2023-11-19 15:14:15] downloaded après 5 split
SUCCESS [2023-11-19 15:14:16] downloaded après 4 split
INFO [2023-11-19 15:14:17] Timed out split (4)
INFO [2023-11-19 15:14:17] Error in httr2::req_perform(req) : HTTP 504 Gateway Timeout.
, distance 10 km; split (5)
SUCCESS [2023-11-19 15:14:26] downloaded après 3 split
SUCCESS [2023-11-19 15:14:27] downloaded après 4 split
INFO [2023-11-19 15:14:35] Timed out split (5)
INFO [2023-11-19 15:14:35] Error in httr2::req_perform(req) : HTTP 504 Gateway Timeout.
, distance 5 km; split (6)
INFO [2023-11-19 15:14:43] Timed out split (4)
INFO [2023-11-19 15:14:43] Error in httr2::req_perform(req) : HTTP 504 Gateway Timeout.
, distance 18 km; split (5)
INFO [2023-11-19 15:14:46] Timed out split (6)
INFO [2023-11-19 15:14:46] Error in httr2::req_perform(req) : HTTP 504 Gateway Timeout.
, distance 3 km; split (7)
INFO [2023-11-19 15:14:46] Timed out split (5)
INFO [2023-11-19 15:14:46] Error in httr2::req_perform(req) : HTTP 504 Gateway Timeout.
, distance 6 km; split (6)
INFO [2023-11-19 15:14:48] Timed out split (5)
INFO [2023-11-19 15:14:48] Error in httr2::req_perform(req) : HTTP 504 Gateway Timeout.
, distance 6 km; split (6)
INFO [2023-11-19 15:14:58] Timed out split (4)
INFO [2023-11-19 15:14:58] Error in httr2::req_perform(req) : HTTP 504 Gateway Timeout.
, distance 18 km; split (5)
SUCCESS [2023-11-19 15:15:02] downloaded après 7 split
SUCCESS [2023-11-19 15:15:03] downloaded après 6 split
SUCCESS [2023-11-19 15:15:06] downloaded après 7 split
INFO [2023-11-19 15:15:06] Timed out split (6)
INFO [2023-11-19 15:15:06] Error in httr2::req_perform(req) : HTTP 504 Gateway Timeout.
, distance 3 km; split (7)
SUCCESS [2023-11-19 15:15:14] downloaded après 3 split
SUCCESS [2023-11-19 15:15:15] downloaded après 5 split
INFO [2023-11-19 15:15:18] Timed out split (6)
INFO [2023-11-19 15:15:18] Error in httr2::req_perform(req) : HTTP 504 Gateway Timeout.
, distance 3 km; split (7)
SUCCESS [2023-11-19 15:15:27] downloaded après 5 split
SUCCESS [2023-11-19 15:15:29] downloaded après 5 split
SUCCESS [2023-11-19 15:15:33] downloaded après 6 split
SUCCESS [2023-11-19 15:15:34] downloaded après 5 split
SUCCESS [2023-11-19 15:15:35] downloaded après 6 split
INFO [2023-11-19 15:15:37] Timed out split (7)
INFO [2023-11-19 15:15:37] Error in httr2::req_perform(req) : HTTP 504 Gateway Timeout.
, distance 2 km; split (8)
INFO [2023-11-19 15:15:37] Timed out split (7)
INFO [2023-11-19 15:15:37] Error in httr2::req_perform(req) : HTTP 504 Gateway Timeout.
, distance 2 km; split (8)
SUCCESS [2023-11-19 15:15:43] downloaded après 7 split
INFO [2023-11-19 15:15:46] Timed out split (3)
INFO [2023-11-19 15:15:46] Error in httr2::req_perform(req) : HTTP 504 Gateway Timeout.
, distance 33 km; split (4)
INFO [2023-11-19 15:15:47] Timed out split (5)
INFO [2023-11-19 15:15:47] Error in httr2::req_perform(req) : HTTP 504 Gateway Timeout.
, distance 10 km; split (6)
INFO [2023-11-19 15:16:07] Timed out split (6)
INFO [2023-11-19 15:16:07] Error in httr2::req_perform(req) : HTTP 504 Gateway Timeout.
, distance 3 km; split (7)
INFO [2023-11-19 15:16:09] d<1km, next
SUCCESS [2023-11-19 15:16:12] downloaded après 8 split
INFO [2023-11-19 15:16:14] Timed out split (7)
INFO [2023-11-19 15:16:14] Error in httr2::req_perform(req) : HTTP 504 Gateway Timeout.
, distance 2 km; split (8)
SUCCESS [2023-11-19 15:16:20] downloaded après 8 split
SUCCESS [2023-11-19 15:16:21] downloaded après 5 split
SUCCESS [2023-11-19 15:16:21] downloaded après 6 split
SUCCESS [2023-11-19 15:16:25] downloaded après 6 split
SUCCESS [2023-11-19 15:16:30] downloaded après 7 split
INFO [2023-11-19 15:16:41] d<1km, next
INFO [2023-11-19 15:16:42] Timed out split (4)
INFO [2023-11-19 15:16:42] Error in check_for_error(paste0(doc)) : 
  General overpass server error; returned:
The data included in this document is from www.openstreetmap.org. The data is made available under ODbL. runtime error: Query timed out in "recurse" at line 31 after 26 seconds. 
, distance 18 km; split (5)
SUCCESS [2023-11-19 15:16:43] downloaded après 8 split
INFO [2023-11-19 15:16:47] d<1km, next
SUCCESS [2023-11-19 15:16:50] downloaded après 5 split
INFO [2023-11-19 15:16:51] d<1km, next
SUCCESS [2023-11-19 15:16:56] downloaded après 8 split
SUCCESS [2023-11-19 15:16:59] downloaded après 6 split
INFO [2023-11-19 15:17:03] Timed out split (7)
INFO [2023-11-19 15:17:03] Error in httr2::req_perform(req) : HTTP 504 Gateway Timeout.
, distance 2 km; split (8)
INFO [2023-11-19 15:17:10] Timed out split (5)
INFO [2023-11-19 15:17:10] Error in check_for_error(paste0(doc)) : 
  General overpass server error; returned:
The data included in this document is from www.openstreetmap.org. The data is made available under ODbL. runtime error: Query timed out in "recurse" at line 31 after 26 seconds. 
, distance 33 km; split (6)
SUCCESS [2023-11-19 15:17:13] downloaded après 8 split
INFO [2023-11-19 15:17:22] Timed out split (5)
INFO [2023-11-19 15:17:22] Error in httr2::req_perform(req) : HTTP 504 Gateway Timeout.
, distance 10 km; split (6)
INFO [2023-11-19 15:17:23] d<1km, next
SUCCESS [2023-11-19 15:17:28] downloaded après 8 split
INFO [2023-11-19 15:17:30] Timed out split (6)
INFO [2023-11-19 15:17:30] Error in httr2::req_perform(req) : HTTP 504 Gateway Timeout.
, distance 6 km; split (7)
INFO [2023-11-19 15:17:35] d<1km, next
SUCCESS [2023-11-19 15:17:41] downloaded après 8 split
INFO [2023-11-19 15:17:44] d<1km, next
SUCCESS [2023-11-19 15:17:49] downloaded après 8 split
SUCCESS [2023-11-19 15:17:54] downloaded après 6 split
INFO [2023-11-19 15:17:58] Timed out split (6)
INFO [2023-11-19 15:17:58] Error in httr2::req_perform(req) : HTTP 504 Gateway Timeout.
, distance 5 km; split (7)
INFO [2023-11-19 15:17:59] d<1km, next
INFO [2023-11-19 15:18:02] Timed out split (7)
INFO [2023-11-19 15:18:02] Error in httr2::req_perform(req) : HTTP 504 Gateway Timeout.
, distance 3 km; split (8)
INFO [2023-11-19 15:18:04] d<1km, next
INFO [2023-11-19 15:18:12] d<1km, next
INFO [2023-11-19 15:18:20] d<1km, next
SUCCESS [2023-11-19 15:18:26] downloaded après 7 split
SUCCESS [2023-11-19 15:18:28] downloaded après 8 split
SUCCESS [2023-11-19 15:18:28] downloaded après 7 split
SUCCESS [2023-11-19 15:18:32] downloaded après 7 split
INFO [2023-11-19 15:18:34] Timed out split (8)
INFO [2023-11-19 15:18:34] Error in httr2::req_perform(req) : HTTP 504 Gateway Timeout.
, distance 2 km; split (9)
SUCCESS [2023-11-19 15:18:35] downloaded après 7 split
INFO [2023-11-19 15:18:36] d<1km, next
SUCCESS [2023-11-19 15:18:39] downloaded après 9 split
INFO [2023-11-19 15:18:46] d<1km, next
SUCCESS [2023-11-19 15:18:47] downloaded après 6 split
SUCCESS [2023-11-19 15:18:49] downloaded après 8 split
SUCCESS [2023-11-19 15:18:51] downloaded après 8 split
INFO [2023-11-19 15:18:52] d<1km, next
SUCCESS [2023-11-19 15:18:53] downloaded après 8 split
SUCCESS [2023-11-19 15:18:54] downloaded après 8 split
SUCCESS [2023-11-19 15:18:58] downloaded après 8 split
SUCCESS [2023-11-19 15:19:04] downloaded après 8 split
SUCCESS [2023-11-19 15:19:05] downloaded après 8 split
SUCCESS [2023-11-19 15:19:06] downloaded après 7 split
SUCCESS [2023-11-19 15:19:07] downloaded après 7 split
SUCCESS [2023-11-19 15:19:07] downloaded après 8 split
SUCCESS [2023-11-19 15:19:10] downloaded après 9 split
SUCCESS [2023-11-19 15:19:14] downloaded après 8 split
SUCCESS [2023-11-19 15:19:15] downloaded après 9 split
SUCCESS [2023-11-19 15:19:16] downloaded après 9 split
SUCCESS [2023-11-19 15:19:17] downloaded après 6 split
SUCCESS [2023-11-19 15:19:18] downloaded après 9 split
SUCCESS [2023-11-19 15:19:19] downloaded après 9 split
SUCCESS [2023-11-19 15:19:20] downloaded après 8 split
SUCCESS [2023-11-19 15:19:22] downloaded après 9 split
SUCCESS [2023-11-19 15:19:22] downloaded après 8 split
SUCCESS [2023-11-19 15:19:24] downloaded après 9 split
SUCCESS [2023-11-19 15:19:24] downloaded après 8 split
SUCCESS [2023-11-19 15:19:25] downloaded après 8 split
SUCCESS [2023-11-19 15:19:25] downloaded après 8 split
INFO [2023-11-19 15:19:25] d<1km, next
SUCCESS [2023-11-19 15:19:26] downloaded après 9 split
SUCCESS [2023-11-19 15:19:28] downloaded après 8 split
SUCCESS [2023-11-19 15:19:31] downloaded après 8 split
SUCCESS [2023-11-19 15:19:32] downloaded après 8 split
SUCCESS [2023-11-19 15:19:33] downloaded après 8 split
INFO [2023-11-19 15:19:38] Timed out split (7)
INFO [2023-11-19 15:19:38] Error in httr2::req_perform(req) : HTTP 504 Gateway Timeout.
, distance 5 km; split (8)
INFO [2023-11-19 15:19:48] Timed out split (6)
INFO [2023-11-19 15:19:48] Error in httr2::req_perform(req) : HTTP 504 Gateway Timeout.
, distance 18 km; split (7)
SUCCESS [2023-11-19 15:19:50] downloaded après 8 split
INFO [2023-11-19 15:19:51] Timed out split (8)
INFO [2023-11-19 15:19:51] Error in httr2::req_perform(req) : HTTP 504 Gateway Timeout.
, distance 3 km; split (9)
SUCCESS [2023-11-19 15:19:53] downloaded après 9 split
SUCCESS [2023-11-19 15:19:54] downloaded après 9 split
SUCCESS [2023-11-19 15:19:55] downloaded après 9 split
INFO [2023-11-19 15:19:57] Timed out split (9)
INFO [2023-11-19 15:19:57] Error in httr2::req_perform(req) : HTTP 504 Gateway Timeout.
, distance 3 km; split (10)
SUCCESS [2023-11-19 15:19:58] downloaded après 10 split
SUCCESS [2023-11-19 15:19:58] downloaded après 8 split
SUCCESS [2023-11-19 15:19:59] downloaded après 10 split
SUCCESS [2023-11-19 15:19:59] downloaded après 8 split
SUCCESS [2023-11-19 15:19:59] downloaded après 8 split
SUCCESS [2023-11-19 15:20:01] downloaded après 8 split
SUCCESS [2023-11-19 15:20:01] downloaded après 8 split
SUCCESS [2023-11-19 15:20:13] downloaded après 8 split
INFO [2023-11-19 15:20:21] Timed out split (8)
INFO [2023-11-19 15:20:21] Error in httr2::req_perform(req) : HTTP 504 Gateway Timeout.
, distance 3 km; split (9)
SUCCESS [2023-11-19 15:20:22] downloaded après 9 split
SUCCESS [2023-11-19 15:20:28] downloaded après 9 split
SUCCESS [2023-11-19 15:20:29] downloaded après 9 split
SUCCESS [2023-11-19 15:20:30] downloaded après 9 split
SUCCESS [2023-11-19 15:20:31] downloaded après 9 split
SUCCESS [2023-11-19 15:20:31] downloaded après 9 split
SUCCESS [2023-11-19 15:20:32] downloaded après 9 split
SUCCESS [2023-11-19 15:20:33] downloaded après 9 split
SUCCESS [2023-11-19 15:20:34] downloaded après 9 split
SUCCESS [2023-11-19 15:20:35] downloaded après 10 split
INFO [2023-11-19 15:20:35] Timed out split (8)
INFO [2023-11-19 15:20:35] Error in httr2::req_perform(req) : HTTP 504 Gateway Timeout.
, distance 6 km; split (9)
SUCCESS [2023-11-19 15:20:37] downloaded après 8 split
SUCCESS [2023-11-19 15:20:38] downloaded après 9 split
SUCCESS [2023-11-19 15:20:38] downloaded après 9 split
SUCCESS [2023-11-19 15:20:40] downloaded après 9 split
SUCCESS [2023-11-19 15:20:41] downloaded après 9 split
SUCCESS [2023-11-19 15:20:41] downloaded après 8 split
SUCCESS [2023-11-19 15:20:42] downloaded après 8 split
SUCCESS [2023-11-19 15:20:43] downloaded après 9 split
SUCCESS [2023-11-19 15:20:44] downloaded après 9 split
SUCCESS [2023-11-19 15:20:44] downloaded après 9 split
SUCCESS [2023-11-19 15:20:45] downloaded après 9 split
SUCCESS [2023-11-19 15:20:47] downloaded après 9 split
SUCCESS [2023-11-19 15:20:47] downloaded après 8 split
SUCCESS [2023-11-19 15:20:47] downloaded après 7 split
SUCCESS [2023-11-19 15:20:47] downloaded après 9 split
SUCCESS [2023-11-19 15:20:48] downloaded après 9 split
SUCCESS [2023-11-19 15:20:50] downloaded après 9 split
SUCCESS [2023-11-19 15:20:50] downloaded après 9 split
SUCCESS [2023-11-19 15:20:50] downloaded après 10 split
SUCCESS [2023-11-19 15:20:50] downloaded après 8 split
SUCCESS [2023-11-19 15:20:51] downloaded après 9 split
SUCCESS [2023-11-19 15:20:53] downloaded après 9 split
SUCCESS [2023-11-19 15:20:53] downloaded après 8 split
SUCCESS [2023-11-19 15:20:54] downloaded après 10 split
SUCCESS [2023-11-19 15:20:58] downloaded après 8 split
SUCCESS [2023-11-19 15:20:59] downloaded après 7 split
SUCCESS [2023-11-19 15:21:02] downloaded après 10 split
SUCCESS [2023-11-19 15:21:09] downloaded après 10 split
SUCCESS [2023-11-19 15:21:11] downloaded après 10 split
SUCCESS [2023-11-19 15:21:14] downloaded après 8 split
SUCCESS [2023-11-19 15:21:21] downloaded après 7 split
SUCCESS [2023-11-19 15:21:23] downloaded après 8 split
SUCCESS [2023-11-19 15:21:24] downloaded après 9 split
SUCCESS [2023-11-19 15:21:32] downloaded après 8 split
SUCCESS [2023-11-19 15:21:33] downloaded après 7 split
SUCCESS [2023-11-19 15:21:34] downloaded après 8 split
SUCCESS [2023-11-19 15:21:37] downloaded après 9 split
INFO [2023-11-19 15:21:38] Timed out split (9)
INFO [2023-11-19 15:21:38] Error in check_for_error(paste0(doc)) : 
  General overpass server error; returned:
The data included in this document is from www.openstreetmap.org. The data is made available under ODbL. runtime error: Query timed out in "recurse" at line 31 after 48 seconds. 
, distance 18 km; split (10)
INFO [2023-11-19 15:21:43] Timed out split (10)
INFO [2023-11-19 15:21:43] Error in httr2::req_perform(req) : HTTP 504 Gateway Timeout.
, distance 34 km; split (11)
SUCCESS [2023-11-19 15:21:43] downloaded après 10 split
SUCCESS [2023-11-19 15:21:44] downloaded après 8 split
SUCCESS [2023-11-19 15:21:45] downloaded après 7 split
SUCCESS [2023-11-19 15:21:47] downloaded après 11 split
SUCCESS [2023-11-19 15:21:51] downloaded après 11 split
SUCCESS [2023-11-19 15:21:51] downloaded après 9 split
SUCCESS [2023-11-19 15:21:52] downloaded après 9 split
SUCCESS [2023-11-19 15:21:55] downloaded après 11 split
SUCCESS [2023-11-19 15:21:56] downloaded après 10 split
SUCCESS [2023-11-19 15:21:59] downloaded après 11 split
SUCCESS [2023-11-19 15:22:01] downloaded après 9 split
SUCCESS [2023-11-19 15:22:07] downloaded après 7 split
SUCCESS [2023-11-19 15:22:07] downloaded après 9 split
SUCCESS [2023-11-19 15:22:08] downloaded après 11 split
SUCCESS [2023-11-19 15:22:14] downloaded après 8 split
SUCCESS [2023-11-19 15:22:15] downloaded après 11 split
SUCCESS [2023-11-19 15:22:16] downloaded après 9 split
SUCCESS [2023-11-19 15:22:18] downloaded après 7 split
INFO [2023-11-19 15:22:20] Timed out split (0)
INFO [2023-11-19 15:22:20] Error in check_for_error(paste0(doc)) : 
  General overpass server error; returned:
The data included in this document is from www.openstreetmap.org. The data is made available under ODbL. runtime error: Query timed out in "query" at line 6 after 26 seconds. 
, distance 110 km; split (1)
SUCCESS [2023-11-19 15:22:21] downloaded après 10 split
SUCCESS [2023-11-19 15:22:24] downloaded après 9 split
SUCCESS [2023-11-19 15:22:25] downloaded après 8 split
SUCCESS [2023-11-19 15:22:27] downloaded après 9 split
SUCCESS [2023-11-19 15:22:29] downloaded après 1 split
SUCCESS [2023-11-19 15:22:32] downloaded après 8 split
SUCCESS [2023-11-19 15:22:38] downloaded après 9 split
SUCCESS [2023-11-19 15:22:45] downloaded après 1 split
SUCCESS [2023-11-19 15:22:47] downloaded après 10 split
INFO [2023-11-19 15:22:49] Timed out split (0)
INFO [2023-11-19 15:22:49] Error in check_for_error(paste0(doc)) : 
  General overpass server error; returned:
The data included in this document is from www.openstreetmap.org. The data is made available under ODbL. runtime error: Query timed out in "query" at line 9 after 26 seconds. 
, distance 111 km; split (1)
INFO [2023-11-19 15:22:52] Timed out split (0)
INFO [2023-11-19 15:22:52] Error in check_for_error(paste0(doc)) : 
  General overpass server error; returned:
The data included in this document is from www.openstreetmap.org. The data is made available under ODbL. runtime error: Query timed out in "query" at line 19 after 26 seconds. 
, distance 110 km; split (1)
SUCCESS [2023-11-19 15:22:59] downloaded après 1 split
INFO [2023-11-19 15:23:03] Timed out split (0)
INFO [2023-11-19 15:23:03] Error in check_for_error(paste0(doc)) : 
  General overpass server error; returned:
The data included in this document is from www.openstreetmap.org. The data is made available under ODbL. runtime error: Query timed out in "query" at line 19 after 26 seconds. 
, distance 111 km; split (1)
INFO [2023-11-19 15:23:13] Timed out split (0)
INFO [2023-11-19 15:23:13] Error in check_for_error(paste0(doc)) : 
  General overpass server error; returned:
The data included in this document is from www.openstreetmap.org. The data is made available under ODbL. runtime error: Query timed out in "recurse" at line 31 after 28 seconds. 
, distance 109 km; split (1)
SUCCESS [2023-11-19 15:23:14] downloaded après 10 split
SUCCESS [2023-11-19 15:23:15] downloaded après 1 split
SUCCESS [2023-11-19 15:23:21] downloaded après 1 split
SUCCESS [2023-11-19 15:23:24] downloaded après 1 split
SUCCESS [2023-11-19 15:23:40] downloaded après 1 split
SUCCESS [2023-11-19 15:23:43] downloaded après 1 split
SUCCESS [2023-11-19 15:23:48] downloaded après 1 split
SUCCESS [2023-11-19 15:23:50] downloaded après 1 split
SUCCESS [2023-11-19 15:23:52] downloaded après 1 split
SUCCESS [2023-11-19 15:23:54] downloaded après 1 split
SUCCESS [2023-11-19 15:23:55] downloaded après 10 split
SUCCESS [2023-11-19 15:23:59] downloaded après 1 split
SUCCESS [2023-11-19 15:24:00] downloaded après 1 split
SUCCESS [2023-11-19 15:24:00] downloaded après 1 split
SUCCESS [2023-11-19 15:24:01] downloaded après 10 split
SUCCESS [2023-11-19 15:24:06] downloaded après 1 split
SUCCESS [2023-11-19 15:24:11] downloaded après 1 split
SUCCESS [2023-11-19 15:24:19] downloaded après 1 split
INFO [2023-11-19 15:24:34] Timed out split (10)
INFO [2023-11-19 15:24:34] Error in check_for_error(paste0(doc)) : 
  General overpass server error; returned:
The data included in this document is from www.openstreetmap.org. The data is made available under ODbL. runtime error: Query timed out in "recurse" at line 31 after 31 seconds. 
, distance 33 km; split (11)
SUCCESS [2023-11-19 15:24:43] downloaded après 1 split
SUCCESS [2023-11-19 15:24:44] downloaded après 11 split
SUCCESS [2023-11-19 15:24:46] downloaded après 11 split
SUCCESS [2023-11-19 15:24:52] downloaded après 11 split
INFO [2023-11-19 15:24:56] Timed out split (1)
INFO [2023-11-19 15:24:56] Error in check_for_error(paste0(doc)) : 
  General overpass server error; returned:
The data included in this document is from www.openstreetmap.org. The data is made available under ODbL. runtime error: Query timed out in "recurse" at line 31 after 29 seconds. 
, distance 60 km; split (2)
SUCCESS [2023-11-19 15:25:11] downloaded après 11 split
SUCCESS [2023-11-19 15:25:22] downloaded après 2 split
SUCCESS [2023-11-19 15:25:38] downloaded après 11 split
SUCCESS [2023-11-19 15:25:43] downloaded après 2 split
SUCCESS [2023-11-19 15:25:59] downloaded après 2 split
SUCCESS [2023-11-19 15:26:06] downloaded après 2 split
INFO [2023-11-19 15:26:18] Timed out split (0)
INFO [2023-11-19 15:26:18] Error in check_for_error(paste0(doc)) : 
  General overpass server error; returned:
The data included in this document is from www.openstreetmap.org. The data is made available under ODbL. runtime error: Query timed out in "query" at line 15 after 26 seconds. 
, distance 109 km; split (1)
SUCCESS [2023-11-19 15:26:54] downloaded après 1 split
SUCCESS [2023-11-19 15:27:07] downloaded après 1 split
SUCCESS [2023-11-19 15:27:37] downloaded après 1 split
SUCCESS [2023-11-19 15:27:57] downloaded après 1 split
SUCCESS [2023-11-19 15:30:27] OSM silicate téléchargé: 20m 14s 1900 Mb
