SUCCESS [2022-02-15 17:30:13] Calcul accessibilite version 2
SUCCESS [2022-02-15 17:30:13] $type
SUCCESS [2022-02-15 17:30:13] [1] "r5_di"
SUCCESS [2022-02-15 17:30:13] 
SUCCESS [2022-02-15 17:30:13] $di
SUCCESS [2022-02-15 17:30:13] [1] TRUE
SUCCESS [2022-02-15 17:30:13] 
SUCCESS [2022-02-15 17:30:13] $path
SUCCESS [2022-02-15 17:30:13] C:\Users\timbe\Dropbox\Applications\nuvolos.cloud\ofce\accessibilite\master\la rochelle/r5
SUCCESS [2022-02-15 17:30:13] FALSE
SUCCESS [2022-02-15 17:30:13] 
SUCCESS [2022-02-15 17:30:13] $string
SUCCESS [2022-02-15 17:30:13] r5_di routing CAR sur C:\Users\timbe\Dropbox\Applications\nuvolos.cloud\ofce\accessibilite\master\la rochelle/r5 a 2022-02-15 17:09:35
SUCCESS [2022-02-15 17:30:13] FALSE
SUCCESS [2022-02-15 17:30:13] 
SUCCESS [2022-02-15 17:30:13] $core
SUCCESS [2022-02-15 17:30:13] [1] "Java-Object{org.ipea.r5r.R5RCore@1da72ea1}"
SUCCESS [2022-02-15 17:30:13] 
SUCCESS [2022-02-15 17:30:13] $montecarlo
SUCCESS [2022-02-15 17:30:13] [1] 10
SUCCESS [2022-02-15 17:30:13] 
SUCCESS [2022-02-15 17:30:13] $time_window
SUCCESS [2022-02-15 17:30:13] [1] 1
SUCCESS [2022-02-15 17:30:13] 
SUCCESS [2022-02-15 17:30:13] $departure_datetime
SUCCESS [2022-02-15 17:30:13] [1] "2022-03-09 08:00:00 UTC"
SUCCESS [2022-02-15 17:30:13] 
SUCCESS [2022-02-15 17:30:13] $mode
SUCCESS [2022-02-15 17:30:13] [1] "CAR"
SUCCESS [2022-02-15 17:30:13] 
SUCCESS [2022-02-15 17:30:13] $percentiles
SUCCESS [2022-02-15 17:30:13] [1] 50
SUCCESS [2022-02-15 17:30:13] 
SUCCESS [2022-02-15 17:30:13] $max_walk_dist
SUCCESS [2022-02-15 17:30:13] [1] Inf
SUCCESS [2022-02-15 17:30:13] 
SUCCESS [2022-02-15 17:30:13] $walk_speed
SUCCESS [2022-02-15 17:30:13] [1] 5
SUCCESS [2022-02-15 17:30:13] 
SUCCESS [2022-02-15 17:30:13] $bike_speed
SUCCESS [2022-02-15 17:30:13] [1] 12
SUCCESS [2022-02-15 17:30:13] 
SUCCESS [2022-02-15 17:30:13] $max_rides
SUCCESS [2022-02-15 17:30:13] [1] 1
SUCCESS [2022-02-15 17:30:13] 
SUCCESS [2022-02-15 17:30:13] $max_lts
SUCCESS [2022-02-15 17:30:13] [1] 2
SUCCESS [2022-02-15 17:30:13] 
SUCCESS [2022-02-15 17:30:13] $use_elevation
SUCCESS [2022-02-15 17:30:13] [1] FALSE
SUCCESS [2022-02-15 17:30:13] 
SUCCESS [2022-02-15 17:30:13] $elevation
SUCCESS [2022-02-15 17:30:13] NULL
SUCCESS [2022-02-15 17:30:13] 
SUCCESS [2022-02-15 17:30:13] $dfMaxLength
SUCCESS [2022-02-15 17:30:13] [1] 10
SUCCESS [2022-02-15 17:30:13] 
SUCCESS [2022-02-15 17:30:13] $elevation_data
SUCCESS [2022-02-15 17:30:13] NULL
SUCCESS [2022-02-15 17:30:13] 
SUCCESS [2022-02-15 17:30:13] $max_rows
SUCCESS [2022-02-15 17:30:13] [1] 5000
SUCCESS [2022-02-15 17:30:13] 
SUCCESS [2022-02-15 17:30:13] $n_threads
SUCCESS [2022-02-15 17:30:13] [1] 16
SUCCESS [2022-02-15 17:30:13] 
SUCCESS [2022-02-15 17:30:13] $future
SUCCESS [2022-02-15 17:30:13] [1] TRUE
SUCCESS [2022-02-15 17:30:13] 
SUCCESS [2022-02-15 17:30:13] $jMem
SUCCESS [2022-02-15 17:30:13] [1] "12G"
SUCCESS [2022-02-15 17:30:13] 
SUCCESS [2022-02-15 17:30:13] $r5r_jar
SUCCESS [2022-02-15 17:30:13] [1] "C:/Users/timbe/RLibs/4.1.2/r5r/jar/r5r_0_6_0.jar"
SUCCESS [2022-02-15 17:30:13] 
SUCCESS [2022-02-15 17:30:13] $r5_jar
SUCCESS [2022-02-15 17:30:13] character(0)
SUCCESS [2022-02-15 17:30:13] 
SUCCESS [2022-02-15 17:30:13] $core_init
SUCCESS [2022-02-15 17:30:13] function(routing){
SUCCESS [2022-02-15 17:30:13]       options(java.parameters = glue::glue('-Xmx{routing$jMem}'))
SUCCESS [2022-02-15 17:30:13]       rJava::.jinit(silent=TRUE)
SUCCESS [2022-02-15 17:30:13]       r5r::stop_r5()
SUCCESS [2022-02-15 17:30:13]       rJava::.jgc(R.gc = TRUE)
SUCCESS [2022-02-15 17:30:13]       options(r5r.montecarlo_draws = routing$montecarlo)
SUCCESS [2022-02-15 17:30:13]       core <- r5r::setup_r5(data_path = routing$path, verbose=FALSE,
SUCCESS [2022-02-15 17:30:13]                             use_elevation=routing$use_elevation)
SUCCESS [2022-02-15 17:30:13]       out <- routing
SUCCESS [2022-02-15 17:30:13]       out$core <- core
SUCCESS [2022-02-15 17:30:13]       if(!is.null(routing$elevation))
SUCCESS [2022-02-15 17:30:13]         out$elevation_data <- terra::rast(str_c(routing$path, "/", routing$elevation))
SUCCESS [2022-02-15 17:30:13]       return(out)
SUCCESS [2022-02-15 17:30:13]     }
SUCCESS [2022-02-15 17:30:13] <environment: 0x000002705ee9ef90>
SUCCESS [2022-02-15 17:30:13] 
SUCCESS [2022-02-15 17:30:13] 
SUCCESS [2022-02-15 17:30:13] tmax:90
SUCCESS [2022-02-15 17:30:13] pdt:1
SUCCESS [2022-02-15 17:30:13] chunk:50M
SUCCESS [2022-02-15 17:30:13] resolution:200
SUCCESS [2022-02-15 17:30:13] out:200
SUCCESS [2022-02-15 17:30:13] les variables sont emplois
SUCCESS [2022-02-15 17:30:13] taille:35.4M gr:8 res_gr:12800
SUCCESS [2022-02-15 17:30:13] 5.4k ou, 6.5k quoi
SUCCESS [2022-02-15 17:30:13] 16 carreaux, 8 subsampling
SUCCESS [2022-02-15 17:30:13] future:FALSE, 1 workers
DEBUG [2022-02-15 17:30:13] [1] aog:N2636800E3481600 8 168
SUCCESS [2022-02-15 17:30:13] [1] carreau:N2636800E3481600 dossier:temp_c
DEBUG [2022-02-15 17:30:13] [1] aog:N2636800E3468800 8 259
SUCCESS [2022-02-15 17:30:13] [1] carreau:N2636800E3468800 dossier:temp_c
DEBUG [2022-02-15 17:30:13] [1] aog:N2636800E3456000 8 42
SUCCESS [2022-02-15 17:30:13] [1] carreau:N2636800E3456000 dossier:temp_c
DEBUG [2022-02-15 17:30:13] [1] aog:N2636800E3494400 8 1
DEBUG [2022-02-15 17:30:13] [1] ttm_ou:0
DEBUG [2022-02-15 17:30:13] 
DEBUG [2022-02-15 17:30:13] iso_ttm:93 1 6500
DEBUG [2022-02-15 17:49:24] 
DEBUG [2022-02-15 17:49:24] result:0
WARN [2022-02-15 17:49:24] 
WARN [2022-02-15 17:49:24] [1] carreau:N2636800E3494400 ou_id:458 ttm_0 vide
WARN [2022-02-15 17:49:24] la matrice des distances entre les ancres et les opportunites est vide
DEBUG [2022-02-15 17:49:24] [1] aog:N2624000E3468800 8 666
DEBUG [2022-02-15 17:49:24] iso_ttm:100 8 658
DEBUG [2022-02-15 17:49:25] 
DEBUG [2022-02-15 17:49:25] result:0
WARN [2022-02-15 17:49:25] 
WARN [2022-02-15 17:49:25] [1] carreau:N2624000E3468800 ou_id:604,1554,1701,2442,2555,2651,2655,2694 ttm_ou vide
WARN [2022-02-15 17:49:25] la matrice des distances interne au carreau est vide
DEBUG [2022-02-15 17:49:25] [1] aog:N2624000E3481600 8 535
DEBUG [2022-02-15 17:49:25] iso_ttm:100 8 527
DEBUG [2022-02-15 17:49:25] 
DEBUG [2022-02-15 17:49:25] result:0
WARN [2022-02-15 17:49:25] 
WARN [2022-02-15 17:49:25] [1] carreau:N2624000E3481600 ou_id:510,1089,1184,1333,2099,2100,2319,2563 ttm_ou vide
WARN [2022-02-15 17:49:25] la matrice des distances interne au carreau est vide
DEBUG [2022-02-15 17:49:25] [1] aog:N2624000E3494400 8 71
DEBUG [2022-02-15 17:49:25] iso_ttm:100 8 63
DEBUG [2022-02-15 17:49:25] 
DEBUG [2022-02-15 17:49:25] result:0
WARN [2022-02-15 17:49:25] 
WARN [2022-02-15 17:49:25] [1] carreau:N2624000E3494400 ou_id:747,782,1092,1673,1894,1964,2182,2713 ttm_ou vide
WARN [2022-02-15 17:49:25] la matrice des distances interne au carreau est vide
DEBUG [2022-02-15 17:49:26] [1] aog:N2624000E3456000 8 1121
DEBUG [2022-02-15 17:49:26] iso_ttm:100 8 1113
DEBUG [2022-02-15 17:49:34] 
DEBUG [2022-02-15 17:49:34] result:0
WARN [2022-02-15 17:49:34] 
WARN [2022-02-15 17:49:34] [1] carreau:N2624000E3456000 ou_id:930,1441,2069,2328,2396,2537,2601,2717 ttm_ou vide
WARN [2022-02-15 17:49:34] la matrice des distances interne au carreau est vide
DEBUG [2022-02-15 17:49:34] [1] aog:N2611200E3456000 8 640
DEBUG [2022-02-15 17:49:34] iso_ttm:100 8 632
DEBUG [2022-02-15 17:49:35] 
DEBUG [2022-02-15 17:49:35] result:0
WARN [2022-02-15 17:49:35] 
WARN [2022-02-15 17:49:35] [1] carreau:N2611200E3456000 ou_id:3215,3280,3287,3410,3753,3860,4337,4726 ttm_ou vide
WARN [2022-02-15 17:49:35] la matrice des distances interne au carreau est vide
DEBUG [2022-02-15 17:49:35] [1] aog:N2611200E3468800 8 768
DEBUG [2022-02-15 17:49:35] iso_ttm:100 8 760
DEBUG [2022-02-15 17:49:35] 
DEBUG [2022-02-15 17:49:35] result:0
WARN [2022-02-15 17:49:35] 
WARN [2022-02-15 17:49:35] [1] carreau:N2611200E3468800 ou_id:3336,3708,3985,3996,4171,4266,5049,5089 ttm_ou vide
WARN [2022-02-15 17:49:35] la matrice des distances interne au carreau est vide
DEBUG [2022-02-15 17:49:35] [1] aog:N2611200E3481600 8 545
DEBUG [2022-02-15 17:49:35] iso_ttm:100 8 537
DEBUG [2022-02-15 17:49:37] 
DEBUG [2022-02-15 17:49:37] result:0
WARN [2022-02-15 17:49:37] 
WARN [2022-02-15 17:49:37] [1] carreau:N2611200E3481600 ou_id:3083,3087,3475,3476,4450,4499,4561,5040 ttm_ou vide
WARN [2022-02-15 17:49:37] la matrice des distances interne au carreau est vide
DEBUG [2022-02-15 17:49:37] [1] aog:N2611200E3494400 8 281
DEBUG [2022-02-15 17:49:37] iso_ttm:100 8 273
DEBUG [2022-02-15 17:49:37] 
DEBUG [2022-02-15 17:49:37] result:0
WARN [2022-02-15 17:49:37] 
WARN [2022-02-15 17:49:37] [1] carreau:N2611200E3494400 ou_id:3570,4206,4228,4472,4569,4573,4806,4953 ttm_ou vide
WARN [2022-02-15 17:49:37] la matrice des distances interne au carreau est vide
DEBUG [2022-02-15 17:49:37] [1] aog:N2598400E3456000 8 23
DEBUG [2022-02-15 17:49:37] iso_ttm:100 5 18
DEBUG [2022-02-15 17:49:37] 
DEBUG [2022-02-15 17:49:37] result:0
WARN [2022-02-15 17:49:37] 
WARN [2022-02-15 17:49:37] [1] carreau:N2598400E3456000 ou_id:5141,5177,5277,5278,5294 ttm_ou vide
WARN [2022-02-15 17:49:37] la matrice des distances interne au carreau est vide
DEBUG [2022-02-15 17:49:37] [1] aog:N2598400E3468800 8 51
DEBUG [2022-02-15 17:49:37] iso_ttm:100 8 43
DEBUG [2022-02-15 17:49:38] 
DEBUG [2022-02-15 17:49:38] result:0
WARN [2022-02-15 17:49:38] 
WARN [2022-02-15 17:49:38] [1] carreau:N2598400E3468800 ou_id:5100,5107,5142,5165,5241,5301,5332,5354 ttm_ou vide
WARN [2022-02-15 17:49:38] la matrice des distances interne au carreau est vide
DEBUG [2022-02-15 17:49:38] [1] aog:N2598400E3481600 8 236
DEBUG [2022-02-15 17:49:38] iso_ttm:100 8 228
DEBUG [2022-02-15 17:49:38] 
DEBUG [2022-02-15 17:49:38] result:0
WARN [2022-02-15 17:49:38] 
WARN [2022-02-15 17:49:38] [1] carreau:N2598400E3481600 ou_id:5111,5132,5183,5208,5236,5271,5312,5370 ttm_ou vide
WARN [2022-02-15 17:49:38] la matrice des distances interne au carreau est vide
DEBUG [2022-02-15 17:49:38] [1] aog:N2598400E3494400 8 39
DEBUG [2022-02-15 17:49:38] iso_ttm:100 8 31
DEBUG [2022-02-15 17:49:38] 
DEBUG [2022-02-15 17:49:38] result:0
WARN [2022-02-15 17:49:38] 
WARN [2022-02-15 17:49:38] [1] carreau:N2598400E3494400 ou_id:5138,5184,5215,5253,5273,5314,5316,5325 ttm_ou vide
WARN [2022-02-15 17:49:38] la matrice des distances interne au carreau est vide
SUCCESS [2022-02-15 17:49:38] r5_di routing CAR sur C:\Users\timbe\Dropbox\Applications\nuvolos.cloud\ofce\accessibilite\master\la rochelle/r5 a 2022-02-15 17:09:35 en 19m 26s - 0 routes - 30.4k routes(brut)/s - 0 routes/s - 100% reduction
