SUCCESS [2022-02-16 09:53:05] Calcul accessibilite version 2
SUCCESS [2022-02-16 09:53:05] $type
SUCCESS [2022-02-16 09:53:05] [1] "r5_di"
SUCCESS [2022-02-16 09:53:05] 
SUCCESS [2022-02-16 09:53:05] $di
SUCCESS [2022-02-16 09:53:05] [1] TRUE
SUCCESS [2022-02-16 09:53:05] 
SUCCESS [2022-02-16 09:53:05] $path
SUCCESS [2022-02-16 09:53:05] C:\Users\timbe\Dropbox\Applications\nuvolos.cloud\ofce\accessibilite\master\la rochelle/r5
SUCCESS [2022-02-16 09:53:05] FALSE
SUCCESS [2022-02-16 09:53:05] 
SUCCESS [2022-02-16 09:53:05] $string
SUCCESS [2022-02-16 09:53:05] r5_di routing CAR sur C:\Users\timbe\Dropbox\Applications\nuvolos.cloud\ofce\accessibilite\master\la rochelle/r5 a 2022-02-16 09:51:26
SUCCESS [2022-02-16 09:53:05] FALSE
SUCCESS [2022-02-16 09:53:05] 
SUCCESS [2022-02-16 09:53:05] $core
SUCCESS [2022-02-16 09:53:05] [1] "Java-Object{org.ipea.r5r.R5RCore@7394b1eb}"
SUCCESS [2022-02-16 09:53:05] 
SUCCESS [2022-02-16 09:53:05] $montecarlo
SUCCESS [2022-02-16 09:53:05] [1] 10
SUCCESS [2022-02-16 09:53:05] 
SUCCESS [2022-02-16 09:53:05] $time_window
SUCCESS [2022-02-16 09:53:05] [1] 1
SUCCESS [2022-02-16 09:53:05] 
SUCCESS [2022-02-16 09:53:05] $departure_datetime
SUCCESS [2022-02-16 09:53:05] [1] "2022-03-09 08:00:00 UTC"
SUCCESS [2022-02-16 09:53:05] 
SUCCESS [2022-02-16 09:53:05] $mode
SUCCESS [2022-02-16 09:53:05] [1] "CAR"
SUCCESS [2022-02-16 09:53:05] 
SUCCESS [2022-02-16 09:53:05] $percentiles
SUCCESS [2022-02-16 09:53:05] [1] 50
SUCCESS [2022-02-16 09:53:05] 
SUCCESS [2022-02-16 09:53:05] $max_walk_dist
SUCCESS [2022-02-16 09:53:05] [1] Inf
SUCCESS [2022-02-16 09:53:05] 
SUCCESS [2022-02-16 09:53:05] $walk_speed
SUCCESS [2022-02-16 09:53:05] [1] 5
SUCCESS [2022-02-16 09:53:05] 
SUCCESS [2022-02-16 09:53:05] $bike_speed
SUCCESS [2022-02-16 09:53:05] [1] 12
SUCCESS [2022-02-16 09:53:05] 
SUCCESS [2022-02-16 09:53:05] $max_rides
SUCCESS [2022-02-16 09:53:05] [1] 1
SUCCESS [2022-02-16 09:53:05] 
SUCCESS [2022-02-16 09:53:05] $max_lts
SUCCESS [2022-02-16 09:53:05] [1] 2
SUCCESS [2022-02-16 09:53:05] 
SUCCESS [2022-02-16 09:53:05] $use_elevation
SUCCESS [2022-02-16 09:53:05] [1] FALSE
SUCCESS [2022-02-16 09:53:05] 
SUCCESS [2022-02-16 09:53:05] $elevation
SUCCESS [2022-02-16 09:53:05] NULL
SUCCESS [2022-02-16 09:53:05] 
SUCCESS [2022-02-16 09:53:05] $dfMaxLength
SUCCESS [2022-02-16 09:53:05] [1] 10
SUCCESS [2022-02-16 09:53:05] 
SUCCESS [2022-02-16 09:53:05] $elevation_data
SUCCESS [2022-02-16 09:53:05] NULL
SUCCESS [2022-02-16 09:53:05] 
SUCCESS [2022-02-16 09:53:05] $max_rows
SUCCESS [2022-02-16 09:53:05] [1] 1000
SUCCESS [2022-02-16 09:53:05] 
SUCCESS [2022-02-16 09:53:05] $n_threads
SUCCESS [2022-02-16 09:53:05] [1] 16
SUCCESS [2022-02-16 09:53:05] 
SUCCESS [2022-02-16 09:53:05] $future
SUCCESS [2022-02-16 09:53:05] [1] TRUE
SUCCESS [2022-02-16 09:53:05] 
SUCCESS [2022-02-16 09:53:05] $jMem
SUCCESS [2022-02-16 09:53:05] [1] "12G"
SUCCESS [2022-02-16 09:53:05] 
SUCCESS [2022-02-16 09:53:05] $r5r_jar
SUCCESS [2022-02-16 09:53:05] [1] "C:/Users/timbe/RLibs/4.1.2/r5r/jar/r5r_0_6_0.jar"
SUCCESS [2022-02-16 09:53:05] 
SUCCESS [2022-02-16 09:53:05] $r5_jar
SUCCESS [2022-02-16 09:53:05] character(0)
SUCCESS [2022-02-16 09:53:05] 
SUCCESS [2022-02-16 09:53:05] $core_init
SUCCESS [2022-02-16 09:53:05] function(routing){
SUCCESS [2022-02-16 09:53:05]       options(java.parameters = glue::glue('-Xmx{routing$jMem}'))
SUCCESS [2022-02-16 09:53:05]       rJava::.jinit(silent=TRUE)
SUCCESS [2022-02-16 09:53:05]       r5r::stop_r5()
SUCCESS [2022-02-16 09:53:05]       rJava::.jgc(R.gc = TRUE)
SUCCESS [2022-02-16 09:53:05]       options(r5r.montecarlo_draws = routing$montecarlo)
SUCCESS [2022-02-16 09:53:05]       core <- r5r::setup_r5(data_path = routing$path, verbose=FALSE,
SUCCESS [2022-02-16 09:53:05]                             use_elevation=routing$use_elevation)
SUCCESS [2022-02-16 09:53:05]       out <- routing
SUCCESS [2022-02-16 09:53:05]       out$core <- core
SUCCESS [2022-02-16 09:53:05]       if(!is.null(routing$elevation))
SUCCESS [2022-02-16 09:53:05]         out$elevation_data <- terra::rast(str_c(routing$path, "/", routing$elevation))
SUCCESS [2022-02-16 09:53:05]       return(out)
SUCCESS [2022-02-16 09:53:05]     }
SUCCESS [2022-02-16 09:53:05] <bytecode: 0x00000192d8031c50>
SUCCESS [2022-02-16 09:53:05] <environment: 0x00000192dc9f8428>
SUCCESS [2022-02-16 09:53:05] 
SUCCESS [2022-02-16 09:53:05] 
SUCCESS [2022-02-16 09:53:05] tmax:30
SUCCESS [2022-02-16 09:53:05] pdt:1
SUCCESS [2022-02-16 09:53:05] chunk:50M
SUCCESS [2022-02-16 09:53:05] resolution:200
SUCCESS [2022-02-16 09:53:05] out:200
SUCCESS [2022-02-16 09:53:05] les variables sont emplois
SUCCESS [2022-02-16 09:53:07] taille:11.8M gr:8 res_gr:12800
SUCCESS [2022-02-16 09:53:07] 5.4k ou, 6.5k quoi
SUCCESS [2022-02-16 09:53:07] 16 carreaux, 8 subsampling
SUCCESS [2022-02-16 09:53:07] future:FALSE, 1 workers
DEBUG [2022-02-16 09:53:07] [1] aog:N2636800E3481600 8 168
SUCCESS [2022-02-16 09:53:07] [1] carreau:N2636800E3481600 dossier:temp_c
DEBUG [2022-02-16 09:53:08] [1] aog:N2636800E3468800 8 259
SUCCESS [2022-02-16 09:53:08] [1] carreau:N2636800E3468800 dossier:temp_c
DEBUG [2022-02-16 09:53:08] [1] aog:N2636800E3456000 8 42
SUCCESS [2022-02-16 09:53:08] [1] carreau:N2636800E3456000 dossier:temp_c
DEBUG [2022-02-16 09:53:08] [1] aog:N2636800E3494400 8 1
SUCCESS [2022-02-16 09:53:08] [1] carreau:N2636800E3494400 dossier:temp_c
DEBUG [2022-02-16 09:53:08] [1] aog:N2624000E3468800 8 666
DEBUG [2022-02-16 09:53:08] iso_ttm:100 8 658
DEBUG [2022-02-16 09:53:09] 
DEBUG [2022-02-16 09:53:09] result:0
WARN [2022-02-16 09:53:09] 
WARN [2022-02-16 09:53:09] [1] carreau:N2624000E3468800 ou_id:987,1157,1555,1559,2001,2086,2552,2853 ttm_ou vide
WARN [2022-02-16 09:53:09] la matrice des distances interne au carreau est vide
DEBUG [2022-02-16 09:53:09] [1] aog:N2624000E3481600 8 535
DEBUG [2022-02-16 09:53:09] iso_ttm:100 8 527
DEBUG [2022-02-16 09:53:10] 
DEBUG [2022-02-16 09:53:10] result:0
WARN [2022-02-16 09:53:10] 
WARN [2022-02-16 09:53:10] [1] carreau:N2624000E3481600 ou_id:592,634,861,1258,1516,1663,1750,2033 ttm_ou vide
WARN [2022-02-16 09:53:10] la matrice des distances interne au carreau est vide
DEBUG [2022-02-16 09:53:10] [1] aog:N2624000E3494400 8 71
DEBUG [2022-02-16 09:53:10] iso_ttm:100 8 63
DEBUG [2022-02-16 09:53:10] 
DEBUG [2022-02-16 09:53:10] result:0
WARN [2022-02-16 09:53:10] 
WARN [2022-02-16 09:53:10] [1] carreau:N2624000E3494400 ou_id:746,919,921,1574,2113,2182,2617,2713 ttm_ou vide
WARN [2022-02-16 09:53:10] la matrice des distances interne au carreau est vide
DEBUG [2022-02-16 09:53:10] [1] aog:N2624000E3456000 8 1121
DEBUG [2022-02-16 09:53:10] iso_ttm:100 8 1113
DEBUG [2022-02-16 09:53:22] 
DEBUG [2022-02-16 09:53:22] result:0
WARN [2022-02-16 09:53:22] 
WARN [2022-02-16 09:53:22] [1] carreau:N2624000E3456000 ou_id:897,1304,1432,1759,1772,2049,2191,2797 ttm_ou vide
WARN [2022-02-16 09:53:22] la matrice des distances interne au carreau est vide
DEBUG [2022-02-16 09:53:22] [1] aog:N2611200E3456000 8 640
DEBUG [2022-02-16 09:53:22] iso_ttm:100 8 632
DEBUG [2022-02-16 09:53:23] 
DEBUG [2022-02-16 09:53:23] result:0
WARN [2022-02-16 09:53:23] 
WARN [2022-02-16 09:53:23] [1] carreau:N2611200E3456000 ou_id:3320,3321,3531,4254,4435,4487,4755,5078 ttm_ou vide
WARN [2022-02-16 09:53:23] la matrice des distances interne au carreau est vide
DEBUG [2022-02-16 09:53:23] [1] aog:N2611200E3468800 8 768
DEBUG [2022-02-16 09:53:23] iso_ttm:100 8 760
DEBUG [2022-02-16 09:53:24] 
DEBUG [2022-02-16 09:53:24] result:0
WARN [2022-02-16 09:53:24] 
WARN [2022-02-16 09:53:24] [1] carreau:N2611200E3468800 ou_id:3238,3334,3685,4390,4444,4903,4993,5059 ttm_ou vide
WARN [2022-02-16 09:53:24] la matrice des distances interne au carreau est vide
DEBUG [2022-02-16 09:53:24] [1] aog:N2611200E3481600 8 545
DEBUG [2022-02-16 09:53:24] iso_ttm:100 8 537
DEBUG [2022-02-16 09:53:25] 
DEBUG [2022-02-16 09:53:25] result:0
WARN [2022-02-16 09:53:25] 
WARN [2022-02-16 09:53:25] [1] carreau:N2611200E3481600 ou_id:2981,3606,3770,4203,4408,4817,4820,5038 ttm_ou vide
WARN [2022-02-16 09:53:25] la matrice des distances interne au carreau est vide
DEBUG [2022-02-16 09:53:25] [1] aog:N2611200E3494400 8 281
DEBUG [2022-02-16 09:53:25] iso_ttm:100 8 273
DEBUG [2022-02-16 09:53:25] 
DEBUG [2022-02-16 09:53:25] result:0
WARN [2022-02-16 09:53:25] 
WARN [2022-02-16 09:53:25] [1] carreau:N2611200E3494400 ou_id:3312,3396,3480,3568,3573,4016,4088,4373 ttm_ou vide
WARN [2022-02-16 09:53:25] la matrice des distances interne au carreau est vide
DEBUG [2022-02-16 09:53:25] [1] aog:N2598400E3456000 8 23
DEBUG [2022-02-16 09:53:25] iso_ttm:100 5 18
DEBUG [2022-02-16 09:53:26] 
DEBUG [2022-02-16 09:53:26] result:0
WARN [2022-02-16 09:53:26] 
WARN [2022-02-16 09:53:26] [1] carreau:N2598400E3456000 ou_id:5258,5274,5293,5294,5327 ttm_ou vide
WARN [2022-02-16 09:53:26] la matrice des distances interne au carreau est vide
DEBUG [2022-02-16 09:53:26] [1] aog:N2598400E3468800 8 51
DEBUG [2022-02-16 09:53:26] iso_ttm:100 8 43
DEBUG [2022-02-16 09:53:26] 
DEBUG [2022-02-16 09:53:26] result:0
WARN [2022-02-16 09:53:26] 
WARN [2022-02-16 09:53:26] [1] carreau:N2598400E3468800 ou_id:5100,5103,5104,5106,5108,5120,5122,5332 ttm_ou vide
WARN [2022-02-16 09:53:26] la matrice des distances interne au carreau est vide
DEBUG [2022-02-16 09:53:26] [1] aog:N2598400E3481600 8 236
DEBUG [2022-02-16 09:53:26] iso_ttm:100 8 228
DEBUG [2022-02-16 09:53:27] 
DEBUG [2022-02-16 09:53:27] result:0
WARN [2022-02-16 09:53:27] 
WARN [2022-02-16 09:53:27] [1] carreau:N2598400E3481600 ou_id:5115,5161,5203,5235,5266,5375,5376,5392 ttm_ou vide
WARN [2022-02-16 09:53:27] la matrice des distances interne au carreau est vide
DEBUG [2022-02-16 09:53:27] [1] aog:N2598400E3494400 8 39
DEBUG [2022-02-16 09:53:27] iso_ttm:100 8 31
DEBUG [2022-02-16 09:53:27] 
DEBUG [2022-02-16 09:53:27] result:0
WARN [2022-02-16 09:53:27] 
WARN [2022-02-16 09:53:27] [1] carreau:N2598400E3494400 ou_id:5117,5151,5198,5215,5300,5308,5311,5314 ttm_ou vide
WARN [2022-02-16 09:53:27] la matrice des distances interne au carreau est vide
SUCCESS [2022-02-16 09:53:28] r5_di routing CAR sur C:\Users\timbe\Dropbox\Applications\nuvolos.cloud\ofce\accessibilite\master\la rochelle/r5 a 2022-02-16 09:51:26 en 22s - 0 routes - 1.6M routes(brut)/s - 0 routes/s - 100% reduction
