SUCCESS [2022-02-15 18:49:45] Calcul accessibilite version 2
SUCCESS [2022-02-15 18:49:45] $type
SUCCESS [2022-02-15 18:49:45] [1] "r5_di"
SUCCESS [2022-02-15 18:49:45] 
SUCCESS [2022-02-15 18:49:45] $di
SUCCESS [2022-02-15 18:49:45] [1] TRUE
SUCCESS [2022-02-15 18:49:45] 
SUCCESS [2022-02-15 18:49:45] $path
SUCCESS [2022-02-15 18:49:45] C:\Users\timbe\Dropbox\Applications\nuvolos.cloud\ofce\accessibilite\master\la rochelle/r5
SUCCESS [2022-02-15 18:49:45] FALSE
SUCCESS [2022-02-15 18:49:45] 
SUCCESS [2022-02-15 18:49:45] $string
SUCCESS [2022-02-15 18:49:45] r5_di routing CAR sur C:\Users\timbe\Dropbox\Applications\nuvolos.cloud\ofce\accessibilite\master\la rochelle/r5 a 2022-02-15 18:49:25
SUCCESS [2022-02-15 18:49:45] FALSE
SUCCESS [2022-02-15 18:49:45] 
SUCCESS [2022-02-15 18:49:45] $core
SUCCESS [2022-02-15 18:49:45] [1] "Java-Object{org.ipea.r5r.R5RCore@676faa4c}"
SUCCESS [2022-02-15 18:49:45] 
SUCCESS [2022-02-15 18:49:45] $montecarlo
SUCCESS [2022-02-15 18:49:45] [1] 10
SUCCESS [2022-02-15 18:49:45] 
SUCCESS [2022-02-15 18:49:45] $time_window
SUCCESS [2022-02-15 18:49:45] [1] 1
SUCCESS [2022-02-15 18:49:45] 
SUCCESS [2022-02-15 18:49:45] $departure_datetime
SUCCESS [2022-02-15 18:49:45] [1] "2022-03-09 08:00:00 UTC"
SUCCESS [2022-02-15 18:49:45] 
SUCCESS [2022-02-15 18:49:45] $mode
SUCCESS [2022-02-15 18:49:45] [1] "CAR"
SUCCESS [2022-02-15 18:49:45] 
SUCCESS [2022-02-15 18:49:45] $percentiles
SUCCESS [2022-02-15 18:49:45] [1] 50
SUCCESS [2022-02-15 18:49:45] 
SUCCESS [2022-02-15 18:49:45] $max_walk_dist
SUCCESS [2022-02-15 18:49:45] [1] Inf
SUCCESS [2022-02-15 18:49:45] 
SUCCESS [2022-02-15 18:49:45] $walk_speed
SUCCESS [2022-02-15 18:49:45] [1] 5
SUCCESS [2022-02-15 18:49:45] 
SUCCESS [2022-02-15 18:49:45] $bike_speed
SUCCESS [2022-02-15 18:49:45] [1] 12
SUCCESS [2022-02-15 18:49:45] 
SUCCESS [2022-02-15 18:49:45] $max_rides
SUCCESS [2022-02-15 18:49:45] [1] 1
SUCCESS [2022-02-15 18:49:45] 
SUCCESS [2022-02-15 18:49:45] $max_lts
SUCCESS [2022-02-15 18:49:45] [1] 2
SUCCESS [2022-02-15 18:49:45] 
SUCCESS [2022-02-15 18:49:45] $use_elevation
SUCCESS [2022-02-15 18:49:45] [1] FALSE
SUCCESS [2022-02-15 18:49:45] 
SUCCESS [2022-02-15 18:49:45] $elevation
SUCCESS [2022-02-15 18:49:45] NULL
SUCCESS [2022-02-15 18:49:45] 
SUCCESS [2022-02-15 18:49:45] $dfMaxLength
SUCCESS [2022-02-15 18:49:45] [1] 10
SUCCESS [2022-02-15 18:49:45] 
SUCCESS [2022-02-15 18:49:45] $elevation_data
SUCCESS [2022-02-15 18:49:45] NULL
SUCCESS [2022-02-15 18:49:45] 
SUCCESS [2022-02-15 18:49:45] $max_rows
SUCCESS [2022-02-15 18:49:45] [1] 2500
SUCCESS [2022-02-15 18:49:45] 
SUCCESS [2022-02-15 18:49:45] $n_threads
SUCCESS [2022-02-15 18:49:45] [1] 16
SUCCESS [2022-02-15 18:49:45] 
SUCCESS [2022-02-15 18:49:45] $future
SUCCESS [2022-02-15 18:49:45] [1] TRUE
SUCCESS [2022-02-15 18:49:45] 
SUCCESS [2022-02-15 18:49:45] $jMem
SUCCESS [2022-02-15 18:49:45] [1] "12G"
SUCCESS [2022-02-15 18:49:45] 
SUCCESS [2022-02-15 18:49:45] $r5r_jar
SUCCESS [2022-02-15 18:49:45] [1] "C:/Users/timbe/RLibs/4.1.2/r5r/jar/r5r_0_6_0.jar"
SUCCESS [2022-02-15 18:49:45] 
SUCCESS [2022-02-15 18:49:45] $r5_jar
SUCCESS [2022-02-15 18:49:45] character(0)
SUCCESS [2022-02-15 18:49:45] 
SUCCESS [2022-02-15 18:49:45] $core_init
SUCCESS [2022-02-15 18:49:45] function(routing){
SUCCESS [2022-02-15 18:49:45]       options(java.parameters = glue::glue('-Xmx{routing$jMem}'))
SUCCESS [2022-02-15 18:49:45]       rJava::.jinit(silent=TRUE)
SUCCESS [2022-02-15 18:49:45]       r5r::stop_r5()
SUCCESS [2022-02-15 18:49:45]       rJava::.jgc(R.gc = TRUE)
SUCCESS [2022-02-15 18:49:45]       options(r5r.montecarlo_draws = routing$montecarlo)
SUCCESS [2022-02-15 18:49:45]       core <- r5r::setup_r5(data_path = routing$path, verbose=FALSE,
SUCCESS [2022-02-15 18:49:45]                             use_elevation=routing$use_elevation)
SUCCESS [2022-02-15 18:49:45]       out <- routing
SUCCESS [2022-02-15 18:49:45]       out$core <- core
SUCCESS [2022-02-15 18:49:45]       if(!is.null(routing$elevation))
SUCCESS [2022-02-15 18:49:45]         out$elevation_data <- terra::rast(str_c(routing$path, "/", routing$elevation))
SUCCESS [2022-02-15 18:49:45]       return(out)
SUCCESS [2022-02-15 18:49:45]     }
SUCCESS [2022-02-15 18:49:45] <bytecode: 0x00000192db260880>
SUCCESS [2022-02-15 18:49:45] <environment: 0x00000192dd6f2d98>
SUCCESS [2022-02-15 18:49:45] 
SUCCESS [2022-02-15 18:49:45] 
SUCCESS [2022-02-15 18:49:45] tmax:90
SUCCESS [2022-02-15 18:49:45] pdt:1
SUCCESS [2022-02-15 18:49:45] chunk:50M
SUCCESS [2022-02-15 18:49:45] resolution:200
SUCCESS [2022-02-15 18:49:45] out:200
SUCCESS [2022-02-15 18:49:45] les variables sont emplois
SUCCESS [2022-02-15 18:49:45] taille:35.4M gr:8 res_gr:12800
SUCCESS [2022-02-15 18:49:45] 5.4k ou, 6.5k quoi
SUCCESS [2022-02-15 18:49:45] 16 carreaux, 8 subsampling
SUCCESS [2022-02-15 18:49:45] future:FALSE, 1 workers
DEBUG [2022-02-15 18:49:45] [1] aog:N2636800E3481600 8 168
DEBUG [2022-02-15 18:49:45] iso_ttm:100 8 160
