SUCCESS [2022-02-16 11:05:59] Calcul accessibilite version 2
SUCCESS [2022-02-16 11:05:59] $type
SUCCESS [2022-02-16 11:05:59] [1] "r5_di"
SUCCESS [2022-02-16 11:05:59] 
SUCCESS [2022-02-16 11:05:59] $di
SUCCESS [2022-02-16 11:05:59] [1] TRUE
SUCCESS [2022-02-16 11:05:59] 
SUCCESS [2022-02-16 11:05:59] $path
SUCCESS [2022-02-16 11:05:59] C:\Users\timbe\Dropbox\Applications\nuvolos.cloud\ofce\accessibilite\master\la rochelle/r5
SUCCESS [2022-02-16 11:05:59] FALSE
SUCCESS [2022-02-16 11:05:59] 
SUCCESS [2022-02-16 11:05:59] $string
SUCCESS [2022-02-16 11:05:59] r5_di routing CAR sur C:\Users\timbe\Dropbox\Applications\nuvolos.cloud\ofce\accessibilite\master\la rochelle/r5 a 2022-02-16 11:05:59
SUCCESS [2022-02-16 11:05:59] FALSE
SUCCESS [2022-02-16 11:05:59] 
SUCCESS [2022-02-16 11:05:59] $core
SUCCESS [2022-02-16 11:05:59] [1] "Java-Object{org.ipea.r5r.R5RCore@54a2622a}"
SUCCESS [2022-02-16 11:05:59] 
SUCCESS [2022-02-16 11:05:59] $montecarlo
SUCCESS [2022-02-16 11:05:59] [1] 10
SUCCESS [2022-02-16 11:05:59] 
SUCCESS [2022-02-16 11:05:59] $time_window
SUCCESS [2022-02-16 11:05:59] [1] 1
SUCCESS [2022-02-16 11:05:59] 
SUCCESS [2022-02-16 11:05:59] $departure_datetime
SUCCESS [2022-02-16 11:05:59] [1] "2022-03-09 08:00:00 UTC"
SUCCESS [2022-02-16 11:05:59] 
SUCCESS [2022-02-16 11:05:59] $mode
SUCCESS [2022-02-16 11:05:59] [1] "CAR"
SUCCESS [2022-02-16 11:05:59] 
SUCCESS [2022-02-16 11:05:59] $percentiles
SUCCESS [2022-02-16 11:05:59] [1] 50
SUCCESS [2022-02-16 11:05:59] 
SUCCESS [2022-02-16 11:05:59] $max_walk_dist
SUCCESS [2022-02-16 11:05:59] [1] Inf
SUCCESS [2022-02-16 11:05:59] 
SUCCESS [2022-02-16 11:05:59] $walk_speed
SUCCESS [2022-02-16 11:05:59] [1] 5
SUCCESS [2022-02-16 11:05:59] 
SUCCESS [2022-02-16 11:05:59] $bike_speed
SUCCESS [2022-02-16 11:05:59] [1] 12
SUCCESS [2022-02-16 11:05:59] 
SUCCESS [2022-02-16 11:05:59] $max_rides
SUCCESS [2022-02-16 11:05:59] [1] 1
SUCCESS [2022-02-16 11:05:59] 
SUCCESS [2022-02-16 11:05:59] $max_lts
SUCCESS [2022-02-16 11:05:59] [1] 2
SUCCESS [2022-02-16 11:05:59] 
SUCCESS [2022-02-16 11:05:59] $use_elevation
SUCCESS [2022-02-16 11:05:59] [1] FALSE
SUCCESS [2022-02-16 11:05:59] 
SUCCESS [2022-02-16 11:05:59] $elevation
SUCCESS [2022-02-16 11:05:59] NULL
SUCCESS [2022-02-16 11:05:59] 
SUCCESS [2022-02-16 11:05:59] $dfMaxLength
SUCCESS [2022-02-16 11:05:59] [1] 10
SUCCESS [2022-02-16 11:05:59] 
SUCCESS [2022-02-16 11:05:59] $elevation_data
SUCCESS [2022-02-16 11:05:59] NULL
SUCCESS [2022-02-16 11:05:59] 
SUCCESS [2022-02-16 11:05:59] $max_rows
SUCCESS [2022-02-16 11:05:59] [1] 500
SUCCESS [2022-02-16 11:05:59] 
SUCCESS [2022-02-16 11:05:59] $n_threads
SUCCESS [2022-02-16 11:05:59] [1] 8
SUCCESS [2022-02-16 11:05:59] 
SUCCESS [2022-02-16 11:05:59] $future
SUCCESS [2022-02-16 11:05:59] [1] TRUE
SUCCESS [2022-02-16 11:05:59] 
SUCCESS [2022-02-16 11:05:59] $jMem
SUCCESS [2022-02-16 11:05:59] [1] "12G"
SUCCESS [2022-02-16 11:05:59] 
SUCCESS [2022-02-16 11:05:59] $r5r_jar
SUCCESS [2022-02-16 11:05:59] [1] "C:/Users/timbe/RLibs/4.1.2/r5r/jar/r5r_0_6_0.jar"
SUCCESS [2022-02-16 11:05:59] 
SUCCESS [2022-02-16 11:05:59] $r5_jar
SUCCESS [2022-02-16 11:05:59] character(0)
SUCCESS [2022-02-16 11:05:59] 
SUCCESS [2022-02-16 11:05:59] $core_init
SUCCESS [2022-02-16 11:05:59] function(routing){
SUCCESS [2022-02-16 11:05:59]       options(java.parameters = glue::glue('-Xmx{routing$jMem}'))
SUCCESS [2022-02-16 11:05:59]       rJava::.jinit(silent=TRUE)
SUCCESS [2022-02-16 11:05:59]       r5r::stop_r5()
SUCCESS [2022-02-16 11:05:59]       rJava::.jgc(R.gc = TRUE)
SUCCESS [2022-02-16 11:05:59]       options(r5r.montecarlo_draws = routing$montecarlo)
SUCCESS [2022-02-16 11:05:59]       core <- r5r::setup_r5(data_path = routing$path, verbose=FALSE,
SUCCESS [2022-02-16 11:05:59]                             use_elevation=routing$use_elevation)
SUCCESS [2022-02-16 11:05:59]       out <- routing
SUCCESS [2022-02-16 11:05:59]       out$core <- core
SUCCESS [2022-02-16 11:05:59]       if(!is.null(routing$elevation))
SUCCESS [2022-02-16 11:05:59]         out$elevation_data <- terra::rast(str_c(routing$path, "/", routing$elevation))
SUCCESS [2022-02-16 11:05:59]       return(out)
SUCCESS [2022-02-16 11:05:59]     }
SUCCESS [2022-02-16 11:05:59] <bytecode: 0x00000192dd1a9958>
SUCCESS [2022-02-16 11:05:59] <environment: 0x0000019b4c0464e0>
SUCCESS [2022-02-16 11:05:59] 
SUCCESS [2022-02-16 11:05:59] 
SUCCESS [2022-02-16 11:05:59] tmax:30
SUCCESS [2022-02-16 11:05:59] pdt:1
SUCCESS [2022-02-16 11:05:59] chunk:50M
SUCCESS [2022-02-16 11:05:59] resolution:200
SUCCESS [2022-02-16 11:05:59] out:200
SUCCESS [2022-02-16 11:05:59] les variables sont emplois
SUCCESS [2022-02-16 11:06:00] taille:11.7M gr:8 res_gr:12800
SUCCESS [2022-02-16 11:06:00] 5.4k ou, 6.5k quoi
SUCCESS [2022-02-16 11:06:00] 16 carreaux, 8 subsampling
SUCCESS [2022-02-16 11:06:00] future:FALSE, 1 workers
DEBUG [2022-02-16 11:06:00] [1] aog:N2636800E3481600 8 168
DEBUG [2022-02-16 11:06:00] iso_ttm:100 8 160
DEBUG [2022-02-16 11:06:00] 
DEBUG [2022-02-16 11:06:00] result:1280
DEBUG [2022-02-16 11:06:00] [1] ttm_ou:1280
DEBUG [2022-02-16 11:06:00] 
DEBUG [2022-02-16 11:06:00] iso_ttm:66 8 6079
