SUCCESS [2022-02-15 11:06:11] Calcul accessibilite version 2
SUCCESS [2022-02-15 11:06:11] $type
SUCCESS [2022-02-15 11:06:11] [1] "r5"
SUCCESS [2022-02-15 11:06:11] 
SUCCESS [2022-02-15 11:06:11] $di
SUCCESS [2022-02-15 11:06:11] [1] FALSE
SUCCESS [2022-02-15 11:06:11] 
SUCCESS [2022-02-15 11:06:11] $path
SUCCESS [2022-02-15 11:06:11] C:\Users\timbe\Dropbox\Applications\nuvolos.cloud\ofce\accessibilite\master\la rochelle/r5
SUCCESS [2022-02-15 11:06:11] FALSE
SUCCESS [2022-02-15 11:06:11] 
SUCCESS [2022-02-15 11:06:11] $string
SUCCESS [2022-02-15 11:06:11] r5 routing CAR sur C:\Users\timbe\Dropbox\Applications\nuvolos.cloud\ofce\accessibilite\master\la rochelle/r5 a 2022-02-15 11:04:19
SUCCESS [2022-02-15 11:06:11] FALSE
SUCCESS [2022-02-15 11:06:11] 
SUCCESS [2022-02-15 11:06:11] $core
SUCCESS [2022-02-15 11:06:11] [1] "Java-Object{org.ipea.r5r.R5RCore@7c37eb13}"
SUCCESS [2022-02-15 11:06:11] 
SUCCESS [2022-02-15 11:06:11] $montecarlo
SUCCESS [2022-02-15 11:06:11] [1] 10
SUCCESS [2022-02-15 11:06:11] 
SUCCESS [2022-02-15 11:06:11] $time_window
SUCCESS [2022-02-15 11:06:11] [1] 1
SUCCESS [2022-02-15 11:06:11] 
SUCCESS [2022-02-15 11:06:11] $departure_datetime
SUCCESS [2022-02-15 11:06:11] [1] "2022-03-09 08:00:00 UTC"
SUCCESS [2022-02-15 11:06:11] 
SUCCESS [2022-02-15 11:06:11] $mode
SUCCESS [2022-02-15 11:06:11] [1] "CAR"
SUCCESS [2022-02-15 11:06:11] 
SUCCESS [2022-02-15 11:06:11] $percentiles
SUCCESS [2022-02-15 11:06:11] [1] 50
SUCCESS [2022-02-15 11:06:11] 
SUCCESS [2022-02-15 11:06:11] $max_walk_dist
SUCCESS [2022-02-15 11:06:11] [1] Inf
SUCCESS [2022-02-15 11:06:11] 
SUCCESS [2022-02-15 11:06:11] $walk_speed
SUCCESS [2022-02-15 11:06:11] [1] 5
SUCCESS [2022-02-15 11:06:11] 
SUCCESS [2022-02-15 11:06:11] $bike_speed
SUCCESS [2022-02-15 11:06:11] [1] 12
SUCCESS [2022-02-15 11:06:11] 
SUCCESS [2022-02-15 11:06:11] $max_rides
SUCCESS [2022-02-15 11:06:11] [1] 1
SUCCESS [2022-02-15 11:06:11] 
SUCCESS [2022-02-15 11:06:11] $max_lts
SUCCESS [2022-02-15 11:06:11] [1] 2
SUCCESS [2022-02-15 11:06:11] 
SUCCESS [2022-02-15 11:06:11] $use_elevation
SUCCESS [2022-02-15 11:06:11] [1] FALSE
SUCCESS [2022-02-15 11:06:11] 
SUCCESS [2022-02-15 11:06:11] $elevation
SUCCESS [2022-02-15 11:06:11] NULL
SUCCESS [2022-02-15 11:06:11] 
SUCCESS [2022-02-15 11:06:11] $dfMaxLength
SUCCESS [2022-02-15 11:06:11] [1] 10
SUCCESS [2022-02-15 11:06:11] 
SUCCESS [2022-02-15 11:06:11] $elevation_data
SUCCESS [2022-02-15 11:06:11] NULL
SUCCESS [2022-02-15 11:06:11] 
SUCCESS [2022-02-15 11:06:11] $n_threads
SUCCESS [2022-02-15 11:06:11] [1] 16
SUCCESS [2022-02-15 11:06:11] 
SUCCESS [2022-02-15 11:06:11] $future
SUCCESS [2022-02-15 11:06:11] [1] TRUE
SUCCESS [2022-02-15 11:06:11] 
SUCCESS [2022-02-15 11:06:11] $jMem
SUCCESS [2022-02-15 11:06:11] [1] "12G"
SUCCESS [2022-02-15 11:06:11] 
SUCCESS [2022-02-15 11:06:11] $r5r_jar
SUCCESS [2022-02-15 11:06:11] [1] "C:/Users/timbe/RLibs/4.1.2/r5r/jar/r5r_0_6_0.jar"
SUCCESS [2022-02-15 11:06:11] 
SUCCESS [2022-02-15 11:06:11] $r5_jar
SUCCESS [2022-02-15 11:06:11] character(0)
SUCCESS [2022-02-15 11:06:11] 
SUCCESS [2022-02-15 11:06:11] $core_init
SUCCESS [2022-02-15 11:06:11] function(routing){
SUCCESS [2022-02-15 11:06:11]       options(java.parameters = glue::glue('-Xmx{routing$jMem}'))
SUCCESS [2022-02-15 11:06:11]       rJava::.jinit(silent=TRUE)
SUCCESS [2022-02-15 11:06:11]       r5r::stop_r5()
SUCCESS [2022-02-15 11:06:11]       rJava::.jgc(R.gc = TRUE)
SUCCESS [2022-02-15 11:06:11]       options(r5r.montecarlo_draws = routing$montecarlo)
SUCCESS [2022-02-15 11:06:11]       core <- r5r::setup_r5(data_path = routing$path, verbose=FALSE,
SUCCESS [2022-02-15 11:06:11]                             use_elevation=routing$use_elevation)
SUCCESS [2022-02-15 11:06:11]       out <- routing
SUCCESS [2022-02-15 11:06:11]       out$core <- core
SUCCESS [2022-02-15 11:06:11]       if(!is.null(routing$elevation))
SUCCESS [2022-02-15 11:06:11]         out$elevation_data <- terra::rast(str_c(routing$path, "/", routing$elevation))
SUCCESS [2022-02-15 11:06:11]       return(out)
SUCCESS [2022-02-15 11:06:11]     }
SUCCESS [2022-02-15 11:06:11] <environment: 0x000001b5f3c09490>
SUCCESS [2022-02-15 11:06:11] 
SUCCESS [2022-02-15 11:06:11] 
SUCCESS [2022-02-15 11:06:11] tmax:90
SUCCESS [2022-02-15 11:06:11] pdt:1
SUCCESS [2022-02-15 11:06:11] chunk:50M
SUCCESS [2022-02-15 11:06:11] resolution:200
SUCCESS [2022-02-15 11:06:11] out:200
SUCCESS [2022-02-15 11:06:11] les variables sont emplois
SUCCESS [2022-02-15 11:06:12] taille:35.4M gr:8 res_gr:12800
SUCCESS [2022-02-15 11:06:12] 5.4k ou, 6.5k quoi
SUCCESS [2022-02-15 11:06:12] 16 carreaux, 8 subsampling
SUCCESS [2022-02-15 11:06:12] future:FALSE, 1 workers
DEBUG [2022-02-15 11:06:12] [1] aog:N2636800E3481600 8 168
DEBUG [2022-02-15 11:06:12] iso_ttm:100 8 160
