SUCCESS [2022-02-16 08:51:31] Calcul accessibilite version 2
SUCCESS [2022-02-16 08:51:31] $type
SUCCESS [2022-02-16 08:51:31] [1] "r5"
SUCCESS [2022-02-16 08:51:31] 
SUCCESS [2022-02-16 08:51:31] $di
SUCCESS [2022-02-16 08:51:31] [1] FALSE
SUCCESS [2022-02-16 08:51:31] 
SUCCESS [2022-02-16 08:51:31] $path
SUCCESS [2022-02-16 08:51:31] C:\Users\timbe\Dropbox\Applications\nuvolos.cloud\ofce\accessibilite\master\la rochelle/r5
SUCCESS [2022-02-16 08:51:31] FALSE
SUCCESS [2022-02-16 08:51:31] 
SUCCESS [2022-02-16 08:51:31] $string
SUCCESS [2022-02-16 08:51:31] r5 routing CAR sur C:\Users\timbe\Dropbox\Applications\nuvolos.cloud\ofce\accessibilite\master\la rochelle/r5 a 2022-02-16 08:51:22
SUCCESS [2022-02-16 08:51:31] FALSE
SUCCESS [2022-02-16 08:51:31] 
SUCCESS [2022-02-16 08:51:31] $core
SUCCESS [2022-02-16 08:51:31] [1] "Java-Object{org.ipea.r5r.R5RCore@6c91f9c2}"
SUCCESS [2022-02-16 08:51:31] 
SUCCESS [2022-02-16 08:51:31] $montecarlo
SUCCESS [2022-02-16 08:51:31] [1] 10
SUCCESS [2022-02-16 08:51:31] 
SUCCESS [2022-02-16 08:51:31] $time_window
SUCCESS [2022-02-16 08:51:31] [1] 1
SUCCESS [2022-02-16 08:51:31] 
SUCCESS [2022-02-16 08:51:31] $departure_datetime
SUCCESS [2022-02-16 08:51:31] [1] "2022-03-09 08:00:00 UTC"
SUCCESS [2022-02-16 08:51:31] 
SUCCESS [2022-02-16 08:51:31] $mode
SUCCESS [2022-02-16 08:51:31] [1] "CAR"
SUCCESS [2022-02-16 08:51:31] 
SUCCESS [2022-02-16 08:51:31] $percentiles
SUCCESS [2022-02-16 08:51:31] [1] 50
SUCCESS [2022-02-16 08:51:31] 
SUCCESS [2022-02-16 08:51:31] $max_walk_dist
SUCCESS [2022-02-16 08:51:31] [1] Inf
SUCCESS [2022-02-16 08:51:31] 
SUCCESS [2022-02-16 08:51:31] $walk_speed
SUCCESS [2022-02-16 08:51:31] [1] 5
SUCCESS [2022-02-16 08:51:31] 
SUCCESS [2022-02-16 08:51:31] $bike_speed
SUCCESS [2022-02-16 08:51:31] [1] 12
SUCCESS [2022-02-16 08:51:31] 
SUCCESS [2022-02-16 08:51:31] $max_rides
SUCCESS [2022-02-16 08:51:31] [1] 1
SUCCESS [2022-02-16 08:51:31] 
SUCCESS [2022-02-16 08:51:31] $max_lts
SUCCESS [2022-02-16 08:51:31] [1] 2
SUCCESS [2022-02-16 08:51:31] 
SUCCESS [2022-02-16 08:51:31] $use_elevation
SUCCESS [2022-02-16 08:51:31] [1] FALSE
SUCCESS [2022-02-16 08:51:31] 
SUCCESS [2022-02-16 08:51:31] $elevation
SUCCESS [2022-02-16 08:51:31] NULL
SUCCESS [2022-02-16 08:51:31] 
SUCCESS [2022-02-16 08:51:31] $dfMaxLength
SUCCESS [2022-02-16 08:51:31] [1] 10
SUCCESS [2022-02-16 08:51:31] 
SUCCESS [2022-02-16 08:51:31] $elevation_data
SUCCESS [2022-02-16 08:51:31] NULL
SUCCESS [2022-02-16 08:51:31] 
SUCCESS [2022-02-16 08:51:31] $max_rows
SUCCESS [2022-02-16 08:51:31] [1] 2500
SUCCESS [2022-02-16 08:51:31] 
SUCCESS [2022-02-16 08:51:31] $n_threads
SUCCESS [2022-02-16 08:51:31] [1] 16
SUCCESS [2022-02-16 08:51:31] 
SUCCESS [2022-02-16 08:51:31] $future
SUCCESS [2022-02-16 08:51:31] [1] TRUE
SUCCESS [2022-02-16 08:51:31] 
SUCCESS [2022-02-16 08:51:31] $jMem
SUCCESS [2022-02-16 08:51:31] [1] "12G"
SUCCESS [2022-02-16 08:51:31] 
SUCCESS [2022-02-16 08:51:31] $r5r_jar
SUCCESS [2022-02-16 08:51:31] [1] "C:/Users/timbe/RLibs/4.1.2/r5r/jar/r5r_0_6_0.jar"
SUCCESS [2022-02-16 08:51:31] 
SUCCESS [2022-02-16 08:51:31] $r5_jar
SUCCESS [2022-02-16 08:51:31] character(0)
SUCCESS [2022-02-16 08:51:31] 
SUCCESS [2022-02-16 08:51:31] $core_init
SUCCESS [2022-02-16 08:51:31] function(routing){
SUCCESS [2022-02-16 08:51:31]       options(java.parameters = glue::glue('-Xmx{routing$jMem}'))
SUCCESS [2022-02-16 08:51:31]       rJava::.jinit(silent=TRUE)
SUCCESS [2022-02-16 08:51:31]       r5r::stop_r5()
SUCCESS [2022-02-16 08:51:31]       rJava::.jgc(R.gc = TRUE)
SUCCESS [2022-02-16 08:51:31]       options(r5r.montecarlo_draws = routing$montecarlo)
SUCCESS [2022-02-16 08:51:31]       core <- r5r::setup_r5(data_path = routing$path, verbose=FALSE,
SUCCESS [2022-02-16 08:51:31]                             use_elevation=routing$use_elevation)
SUCCESS [2022-02-16 08:51:31]       out <- routing
SUCCESS [2022-02-16 08:51:31]       out$core <- core
SUCCESS [2022-02-16 08:51:31]       if(!is.null(routing$elevation))
SUCCESS [2022-02-16 08:51:31]         out$elevation_data <- terra::rast(str_c(routing$path, "/", routing$elevation))
SUCCESS [2022-02-16 08:51:31]       return(out)
SUCCESS [2022-02-16 08:51:31]     }
SUCCESS [2022-02-16 08:51:31] <environment: 0x00000192d7e5d320>
SUCCESS [2022-02-16 08:51:31] 
SUCCESS [2022-02-16 08:51:31] 
SUCCESS [2022-02-16 08:51:31] tmax:90
SUCCESS [2022-02-16 08:51:31] pdt:1
SUCCESS [2022-02-16 08:51:31] chunk:50M
SUCCESS [2022-02-16 08:51:31] resolution:200
SUCCESS [2022-02-16 08:51:31] out:200
SUCCESS [2022-02-16 08:51:31] les variables sont emplois
SUCCESS [2022-02-16 08:51:32] taille:35.4M gr:8 res_gr:12800
SUCCESS [2022-02-16 08:51:32] 5.4k ou, 6.5k quoi
SUCCESS [2022-02-16 08:51:32] 16 carreaux, 8 subsampling
SUCCESS [2022-02-16 08:51:32] future:FALSE, 1 workers
DEBUG [2022-02-16 08:51:32] [1] aog:N2636800E3481600 8 168
DEBUG [2022-02-16 08:51:32] iso_ttm:100 8 160
DEBUG [2022-02-16 08:51:45] result:1280
DEBUG [2022-02-16 08:51:45] [1] ttm_ou:1280
DEBUG [2022-02-16 08:51:45] 
DEBUG [2022-02-16 08:51:45] iso_ttm:111 8 6500
DEBUG [2022-02-16 08:51:55] result:51186
DEBUG [2022-02-16 08:51:55] [1] toc 51186
DEBUG [2022-02-16 08:51:55] iso_ttm:91 12 6357
DEBUG [2022-02-16 08:52:07] result:72806
DEBUG [2022-02-16 08:52:07] iso_ttm:91 7 6196
DEBUG [2022-02-16 08:52:14] result:42098
DEBUG [2022-02-16 08:52:14] iso_ttm:91 73 6290
DEBUG [2022-02-16 08:53:18] result:443472
DEBUG [2022-02-16 08:53:18] iso_ttm:91 22 6366
DEBUG [2022-02-16 08:53:36] result:137078
DEBUG [2022-02-16 08:53:36] iso_ttm:91 2 6248
DEBUG [2022-02-16 08:53:40] result:12489
DEBUG [2022-02-16 08:53:40] iso_ttm:91 25 6285
DEBUG [2022-02-16 08:54:03] result:149846
DEBUG [2022-02-16 08:54:03] iso_ttm:91 3 6270
DEBUG [2022-02-16 08:54:07] result:18555
DEBUG [2022-02-16 08:54:07] iso_ttm:91 16 6235
DEBUG [2022-02-16 08:54:21] result:98242
SUCCESS [2022-02-16 08:54:21] [1] carreau:N2636800E3481600 8 ancres 1.1M@6.2kp/s demandees, 1M@6kp/s retenues
DEBUG [2022-02-16 08:54:21] [1] aog:N2636800E3468800 8 259
DEBUG [2022-02-16 08:54:21] iso_ttm:100 8 251
DEBUG [2022-02-16 08:54:30] result:2008
DEBUG [2022-02-16 08:54:30] [1] ttm_ou:2008
DEBUG [2022-02-16 08:54:30] 
DEBUG [2022-02-16 08:54:30] iso_ttm:109 8 6500
DEBUG [2022-02-16 08:54:41] result:51469
DEBUG [2022-02-16 08:54:41] [1] toc 51469
DEBUG [2022-02-16 08:54:41] iso_ttm:91 34 6327
DEBUG [2022-02-16 08:55:15] result:209168
DEBUG [2022-02-16 08:55:15] iso_ttm:91 24 6373
DEBUG [2022-02-16 08:55:37] result:148594
DEBUG [2022-02-16 08:55:37] iso_ttm:91 5 6197
DEBUG [2022-02-16 08:55:42] result:30912
DEBUG [2022-02-16 08:55:42] iso_ttm:91 171 6428
DEBUG [2022-02-16 08:58:47] result:1066397
DEBUG [2022-02-16 08:58:47] iso_ttm:91 1 6259
DEBUG [2022-02-16 08:58:51] result:6259
DEBUG [2022-02-16 08:58:51] iso_ttm:91 1 6170
DEBUG [2022-02-16 08:58:55] result:6170
DEBUG [2022-02-16 08:58:55] iso_ttm:91 15 6301
DEBUG [2022-02-16 08:59:09] result:93518
SUCCESS [2022-02-16 08:59:09] [1] carreau:N2636800E3468800 7 ancres 1.7M@5.8kp/s demandees, 1.6M@5.6kp/s retenues
DEBUG [2022-02-16 08:59:09] [1] aog:N2636800E3456000 8 42
DEBUG [2022-02-16 08:59:09] iso_ttm:100 8 34
DEBUG [2022-02-16 08:59:18] result:272
DEBUG [2022-02-16 08:59:18] [1] ttm_ou:272
DEBUG [2022-02-16 08:59:18] 
DEBUG [2022-02-16 08:59:18] iso_ttm:98 8 6500
DEBUG [2022-02-16 08:59:27] result:50389
DEBUG [2022-02-16 08:59:27] [1] toc 50389
DEBUG [2022-02-16 08:59:27] iso_ttm:91 7 6121
DEBUG [2022-02-16 08:59:33] result:42417
DEBUG [2022-02-16 08:59:33] iso_ttm:91 9 6187
DEBUG [2022-02-16 08:59:41] result:55086
DEBUG [2022-02-16 08:59:41] iso_ttm:91 1 6082
DEBUG [2022-02-16 08:59:45] result:6082
DEBUG [2022-02-16 08:59:45] iso_ttm:91 10 6194
DEBUG [2022-02-16 08:59:53] result:61423
DEBUG [2022-02-16 08:59:54] iso_ttm:91 5 6200
DEBUG [2022-02-16 08:59:59] result:30909
DEBUG [2022-02-16 08:59:59] iso_ttm:91 2 6146
DEBUG [2022-02-16 09:00:03] result:12292
SUCCESS [2022-02-16 09:00:03] [1] carreau:N2636800E3456000 6 ancres 261.8k@4.8kp/s demandees, 258.6k@4.8kp/s retenues
DEBUG [2022-02-16 09:00:03] [1] aog:N2636800E3494400 8 1
DEBUG [2022-02-16 09:00:03] [1] ttm_ou:0
DEBUG [2022-02-16 09:00:03] 
DEBUG [2022-02-16 09:00:03] iso_ttm:93 1 6500
DEBUG [2022-02-16 09:00:07] result:6007
DEBUG [2022-02-16 09:00:07] [1] toc 6007
SUCCESS [2022-02-16 09:00:07] [1] carreau:N2636800E3494400 0 ancres 6.5k@1.7kp/s demandees, 6k@1.5kp/s retenues
DEBUG [2022-02-16 09:00:07] [1] aog:N2624000E3468800 8 666
DEBUG [2022-02-16 09:00:07] iso_ttm:100 8 658
DEBUG [2022-02-16 09:00:17] result:5264
DEBUG [2022-02-16 09:00:17] [1] ttm_ou:5264
DEBUG [2022-02-16 09:00:17] 
DEBUG [2022-02-16 09:00:17] iso_ttm:110 8 6500
DEBUG [2022-02-16 09:00:28] result:51834
DEBUG [2022-02-16 09:00:28] [1] toc 51834
DEBUG [2022-02-16 09:00:28] iso_ttm:91 12 6382
DEBUG [2022-02-16 09:00:39] result:74939
DEBUG [2022-02-16 09:00:39] iso_ttm:91 44 6428
DEBUG [2022-02-16 09:01:12] result:279505
DEBUG [2022-02-16 09:01:12] iso_ttm:91 68 6455
DEBUG [2022-02-16 09:02:10] result:431483
DEBUG [2022-02-16 09:02:10] iso_ttm:91 180 6488
DEBUG [2022-02-16 09:05:11] result:1147082
DEBUG [2022-02-16 09:05:11] iso_ttm:91 36 6439
DEBUG [2022-02-16 09:05:45] result:229948
DEBUG [2022-02-16 09:05:45] iso_ttm:91 111 6488
DEBUG [2022-02-16 09:07:25] result:709376
DEBUG [2022-02-16 09:07:25] iso_ttm:91 131 6486
DEBUG [2022-02-16 09:09:07] result:831149
DEBUG [2022-02-16 09:09:07] iso_ttm:91 76 6439
DEBUG [2022-02-16 09:10:08] result:484957
SUCCESS [2022-02-16 09:10:09] [1] carreau:N2624000E3468800 8 ancres 4.3M@7.2kp/s demandees, 4.2M@7kp/s retenues
DEBUG [2022-02-16 09:10:09] [1] aog:N2624000E3481600 8 535
DEBUG [2022-02-16 09:10:09] iso_ttm:100 8 527
DEBUG [2022-02-16 09:10:19] result:4216
DEBUG [2022-02-16 09:10:19] [1] ttm_ou:4216
DEBUG [2022-02-16 09:10:19] 
DEBUG [2022-02-16 09:10:19] iso_ttm:106 8 6500
DEBUG [2022-02-16 09:10:30] result:51434
DEBUG [2022-02-16 09:10:30] [1] toc 51434
DEBUG [2022-02-16 09:10:30] iso_ttm:91 109 6411
DEBUG [2022-02-16 09:12:07] result:685693
DEBUG [2022-02-16 09:12:07] iso_ttm:91 159 6323
DEBUG [2022-02-16 09:14:26] result:987499
DEBUG [2022-02-16 09:14:26] iso_ttm:91 47 6416
DEBUG [2022-02-16 09:15:06] result:296628
DEBUG [2022-02-16 09:15:06] iso_ttm:91 30 6377
DEBUG [2022-02-16 09:15:33] result:189530
DEBUG [2022-02-16 09:15:33] iso_ttm:91 32 6409
DEBUG [2022-02-16 09:16:01] result:201948
DEBUG [2022-02-16 09:16:01] iso_ttm:91 57 6378
DEBUG [2022-02-16 09:16:48] result:357056
DEBUG [2022-02-16 09:16:48] iso_ttm:91 45 6375
DEBUG [2022-02-16 09:17:27] result:282242
DEBUG [2022-02-16 09:17:27] iso_ttm:91 48 6329
DEBUG [2022-02-16 09:18:06] result:301643
SUCCESS [2022-02-16 09:18:07] [1] carreau:N2624000E3481600 8 ancres 3.4M@7.1kp/s demandees, 3.4M@7kp/s retenues
DEBUG [2022-02-16 09:18:07] [1] aog:N2624000E3494400 8 71
DEBUG [2022-02-16 09:18:07] iso_ttm:100 8 63
DEBUG [2022-02-16 09:18:16] result:504
DEBUG [2022-02-16 09:18:16] [1] ttm_ou:504
DEBUG [2022-02-16 09:18:16] 
DEBUG [2022-02-16 09:18:16] iso_ttm:114 8 6500
DEBUG [2022-02-16 09:18:26] result:51471
DEBUG [2022-02-16 09:18:26] [1] toc 51471
DEBUG [2022-02-16 09:18:26] iso_ttm:91 6 6366
DEBUG [2022-02-16 09:18:32] result:35579
DEBUG [2022-02-16 09:18:32] iso_ttm:91 6 6201
DEBUG [2022-02-16 09:18:38] result:36382
DEBUG [2022-02-16 09:18:38] iso_ttm:91 2 6197
DEBUG [2022-02-16 09:18:41] result:12394
DEBUG [2022-02-16 09:18:41] iso_ttm:91 10 6234
DEBUG [2022-02-16 09:18:48] result:61899
DEBUG [2022-02-16 09:18:49] iso_ttm:91 4 6199
DEBUG [2022-02-16 09:18:53] result:24744
DEBUG [2022-02-16 09:18:53] iso_ttm:91 12 6305
DEBUG [2022-02-16 09:19:02] result:74519
DEBUG [2022-02-16 09:19:02] iso_ttm:91 8 6218
DEBUG [2022-02-16 09:19:08] result:49437
DEBUG [2022-02-16 09:19:08] iso_ttm:91 15 6300
DEBUG [2022-02-16 09:19:20] result:92463
SUCCESS [2022-02-16 09:19:20] [1] carreau:N2624000E3494400 8 ancres 446.8k@6.2kp/s demandees, 438.9k@6kp/s retenues
DEBUG [2022-02-16 09:19:20] [1] aog:N2624000E3456000 8 1121
DEBUG [2022-02-16 09:19:20] iso_ttm:100 8 1113
DEBUG [2022-02-16 09:19:28] result:8904
DEBUG [2022-02-16 09:19:28] [1] ttm_ou:8904
DEBUG [2022-02-16 09:19:28] 
DEBUG [2022-02-16 09:19:28] iso_ttm:108 8 6500
DEBUG [2022-02-16 09:19:38] result:51903
DEBUG [2022-02-16 09:19:38] [1] toc 51903
DEBUG [2022-02-16 09:19:38] iso_ttm:91 183 6468
DEBUG [2022-02-16 09:22:10] result:1163317
DEBUG [2022-02-16 09:22:10] iso_ttm:91 199 6450
DEBUG [2022-02-16 09:24:38] result:1265877
DEBUG [2022-02-16 09:24:38] iso_ttm:91 183 6488
DEBUG [2022-02-16 09:27:11] result:1174005
DEBUG [2022-02-16 09:27:11] iso_ttm:91 168 6487
DEBUG [2022-02-16 09:29:35] result:1078991
DEBUG [2022-02-16 09:29:35] iso_ttm:91 84 6476
DEBUG [2022-02-16 09:30:42] result:538657
DEBUG [2022-02-16 09:30:42] iso_ttm:91 102 6474
DEBUG [2022-02-16 09:32:01] result:653377
DEBUG [2022-02-16 09:32:01] iso_ttm:91 174 6488
DEBUG [2022-02-16 09:34:21] result:1119441
DEBUG [2022-02-16 09:34:21] iso_ttm:91 20 6434
DEBUG [2022-02-16 09:34:36] result:127527
SUCCESS [2022-02-16 09:34:37] [1] carreau:N2624000E3456000 8 ancres 7.3M@7.9kp/s demandees, 7.2M@7.8kp/s retenues
DEBUG [2022-02-16 09:34:37] [1] aog:N2611200E3456000 8 640
DEBUG [2022-02-16 09:34:37] iso_ttm:100 8 632
DEBUG [2022-02-16 09:34:44] result:5056
DEBUG [2022-02-16 09:34:44] [1] ttm_ou:5056
DEBUG [2022-02-16 09:34:44] 
DEBUG [2022-02-16 09:34:44] iso_ttm:109 8 6500
DEBUG [2022-02-16 09:34:54] result:51904
DEBUG [2022-02-16 09:34:54] [1] toc 51904
DEBUG [2022-02-16 09:34:54] iso_ttm:91 97 6488
DEBUG [2022-02-16 09:36:02] result:620453
DEBUG [2022-02-16 09:36:02] iso_ttm:91 88 6488
DEBUG [2022-02-16 09:37:11] result:567390
DEBUG [2022-02-16 09:37:11] iso_ttm:91 156 6488
DEBUG [2022-02-16 09:39:11] result:1003871
DEBUG [2022-02-16 09:39:11] iso_ttm:91 139 6488
