SUCCESS [278] [2023-05-22 13:09:55] Calcul accessibilite version 2
SUCCESS [278] [2023-05-22 13:09:55] $type
SUCCESS [278] [2023-05-22 13:09:55] [1] "r5_di"
SUCCESS [278] [2023-05-22 13:09:55] 
SUCCESS [278] [2023-05-22 13:09:55] $di
SUCCESS [278] [2023-05-22 13:09:55] [1] TRUE
SUCCESS [278] [2023-05-22 13:09:55] 
SUCCESS [278] [2023-05-22 13:09:55] $path
SUCCESS [278] [2023-05-22 13:09:55] ~/files/la rochelle/r5_base
SUCCESS [278] [2023-05-22 13:09:55] FALSE
SUCCESS [278] [2023-05-22 13:09:55] 
SUCCESS [278] [2023-05-22 13:09:55] $string
SUCCESS [278] [2023-05-22 13:09:55] r5_di routing WALK&TRANSIT sur ~/files/la rochelle/r5_base a 2023-05-22 13:09:54
SUCCESS [278] [2023-05-22 13:09:55] FALSE
SUCCESS [278] [2023-05-22 13:09:55] 
SUCCESS [278] [2023-05-22 13:09:55] $core
SUCCESS [278] [2023-05-22 13:09:55] [1] "Java-Object{org.ipea.r5r.R5RCore@2931522b}"
SUCCESS [278] [2023-05-22 13:09:55] 
SUCCESS [278] [2023-05-22 13:09:55] $montecarlo
SUCCESS [278] [2023-05-22 13:09:55] [1] 10
SUCCESS [278] [2023-05-22 13:09:55] 
SUCCESS [278] [2023-05-22 13:09:55] $time_window
SUCCESS [278] [2023-05-22 13:09:55] [1] 1
SUCCESS [278] [2023-05-22 13:09:55] 
SUCCESS [278] [2023-05-22 13:09:55] $departure_datetime
SUCCESS [278] [2023-05-22 13:09:55] [1] "2022-03-09 08:00:00 UTC"
SUCCESS [278] [2023-05-22 13:09:55] 
SUCCESS [278] [2023-05-22 13:09:55] $mode
SUCCESS [278] [2023-05-22 13:09:55] [1] "WALK"    "TRANSIT"
SUCCESS [278] [2023-05-22 13:09:55] 
SUCCESS [278] [2023-05-22 13:09:55] $percentiles
SUCCESS [278] [2023-05-22 13:09:55] [1] 50
SUCCESS [278] [2023-05-22 13:09:55] 
SUCCESS [278] [2023-05-22 13:09:55] $max_walk_time
SUCCESS [278] [2023-05-22 13:09:55] [1] Inf
SUCCESS [278] [2023-05-22 13:09:55] 
SUCCESS [278] [2023-05-22 13:09:55] $walk_speed
SUCCESS [278] [2023-05-22 13:09:55] [1] 5
SUCCESS [278] [2023-05-22 13:09:55] 
SUCCESS [278] [2023-05-22 13:09:55] $bike_speed
SUCCESS [278] [2023-05-22 13:09:55] [1] 12
SUCCESS [278] [2023-05-22 13:09:55] 
SUCCESS [278] [2023-05-22 13:09:55] $max_rides
SUCCESS [278] [2023-05-22 13:09:55] [1] 3
SUCCESS [278] [2023-05-22 13:09:55] 
SUCCESS [278] [2023-05-22 13:09:55] $max_lts
SUCCESS [278] [2023-05-22 13:09:55] [1] 2
SUCCESS [278] [2023-05-22 13:09:55] 
SUCCESS [278] [2023-05-22 13:09:55] $elevation
SUCCESS [278] [2023-05-22 13:09:55] [1] "NONE"
SUCCESS [278] [2023-05-22 13:09:55] 
SUCCESS [278] [2023-05-22 13:09:55] $elevation_tif
SUCCESS [278] [2023-05-22 13:09:55] NULL
SUCCESS [278] [2023-05-22 13:09:55] 
SUCCESS [278] [2023-05-22 13:09:55] $pkg
SUCCESS [278] [2023-05-22 13:09:55] [1] "r5r"   "rJava"
SUCCESS [278] [2023-05-22 13:09:55] 
SUCCESS [278] [2023-05-22 13:09:55] $dfMaxLength
SUCCESS [278] [2023-05-22 13:09:55] [1] 10
SUCCESS [278] [2023-05-22 13:09:55] 
SUCCESS [278] [2023-05-22 13:09:55] $breakdown
SUCCESS [278] [2023-05-22 13:09:55] [1] TRUE
SUCCESS [278] [2023-05-22 13:09:55] 
SUCCESS [278] [2023-05-22 13:09:55] $elevation_data
SUCCESS [278] [2023-05-22 13:09:55] NULL
SUCCESS [278] [2023-05-22 13:09:55] 
SUCCESS [278] [2023-05-22 13:09:55] $max_rows
SUCCESS [278] [2023-05-22 13:09:55] [1] 5000
SUCCESS [278] [2023-05-22 13:09:55] 
SUCCESS [278] [2023-05-22 13:09:55] $n_threads
SUCCESS [278] [2023-05-22 13:09:55] [1] 16
SUCCESS [278] [2023-05-22 13:09:55] 
SUCCESS [278] [2023-05-22 13:09:55] $future
SUCCESS [278] [2023-05-22 13:09:55] [1] TRUE
SUCCESS [278] [2023-05-22 13:09:55] 
SUCCESS [278] [2023-05-22 13:09:55] $jMem
SUCCESS [278] [2023-05-22 13:09:55] [1] "12G"
SUCCESS [278] [2023-05-22 13:09:55] 
SUCCESS [278] [2023-05-22 13:09:55] $r5r_jar
SUCCESS [278] [2023-05-22 13:09:55] [1] "/usr/local/lib/R/site-library/r5r/jar/r5r_0_6_0.jar"
SUCCESS [278] [2023-05-22 13:09:55] 
SUCCESS [278] [2023-05-22 13:09:55] $r5_jar
SUCCESS [278] [2023-05-22 13:09:55] character(0)
SUCCESS [278] [2023-05-22 13:09:55] 
SUCCESS [278] [2023-05-22 13:09:55] $future_routing
SUCCESS [278] [2023-05-22 13:09:55] function(routing) {
SUCCESS [278] [2023-05-22 13:09:55]       rout <- routing
SUCCESS [278] [2023-05-22 13:09:55]       rout$elevation_data <- NULL
SUCCESS [278] [2023-05-22 13:09:55]       return(rout)}
SUCCESS [278] [2023-05-22 13:09:55] <bytecode: 0x557fb174d650>
SUCCESS [278] [2023-05-22 13:09:55] <environment: 0x557fc3994118>
SUCCESS [278] [2023-05-22 13:09:55] 
SUCCESS [278] [2023-05-22 13:09:55] $core_init
SUCCESS [278] [2023-05-22 13:09:55] function(routing){
SUCCESS [278] [2023-05-22 13:09:55]       options(java.parameters = glue::glue('-Xmx{routing$jMem}'))
SUCCESS [278] [2023-05-22 13:09:55]       rJava::.jinit(silent=TRUE)
SUCCESS [278] [2023-05-22 13:09:55]       r5r::stop_r5()
SUCCESS [278] [2023-05-22 13:09:55]       rJava::.jgc(R.gc = TRUE)
SUCCESS [278] [2023-05-22 13:09:55]       options(r5r.montecarlo_draws = routing$montecarlo)
SUCCESS [278] [2023-05-22 13:09:55]       core <- r5r::setup_r5(data_path = routing$path, verbose=FALSE,
SUCCESS [278] [2023-05-22 13:09:55]                             elevation=routing$elevation)
SUCCESS [278] [2023-05-22 13:09:55]       out <- routing
SUCCESS [278] [2023-05-22 13:09:55]       out$core <- core
SUCCESS [278] [2023-05-22 13:09:55]       if(!is.null(routing$elevation_tif))
SUCCESS [278] [2023-05-22 13:09:55]         out$elevation_data <- terra::rast(str_c(routing$path, "/", routing$elevation_tif))
SUCCESS [278] [2023-05-22 13:09:55]       return(out)
SUCCESS [278] [2023-05-22 13:09:55]     }
SUCCESS [278] [2023-05-22 13:09:55] <bytecode: 0x557fb5c8a660>
SUCCESS [278] [2023-05-22 13:09:55] <environment: 0x557fc3994118>
SUCCESS [278] [2023-05-22 13:09:55] 
SUCCESS [278] [2023-05-22 13:09:55] 
SUCCESS [278] [2023-05-22 13:09:55] tmax:120
SUCCESS [278] [2023-05-22 13:09:55] pdt:1
SUCCESS [278] [2023-05-22 13:09:55] chunk:10M
SUCCESS [278] [2023-05-22 13:09:55] resolution:200
SUCCESS [278] [2023-05-22 13:09:55] out:200
SUCCESS [278] [2023-05-22 13:09:56] les variables sont NB
SUCCESS [278] [2023-05-22 13:09:57] taille:3.9M gr:8 res_gr:12800
SUCCESS [278] [2023-05-22 13:09:57] 5.5k ou, 713 quoi
SUCCESS [278] [2023-05-22 13:09:57] 16 carreaux, 8 subsampling
SUCCESS [278] [2023-05-22 13:09:58] future:TRUE, 1 workers
SUCCESS [278] [2023-05-22 13:11:54] carreau:N2598400E3481600 8 ancres 11.7k@108.9p/s demandees, 3.4k@31.3p/s retenues
