SUCCESS [2022-02-15 17:30:02] Calcul accessibilite version 2
SUCCESS [2022-02-15 17:30:02] $type
SUCCESS [2022-02-15 17:30:02] [1] "r5_di"
SUCCESS [2022-02-15 17:30:02] 
SUCCESS [2022-02-15 17:30:02] $di
SUCCESS [2022-02-15 17:30:02] [1] TRUE
SUCCESS [2022-02-15 17:30:02] 
SUCCESS [2022-02-15 17:30:02] $path
SUCCESS [2022-02-15 17:30:02] C:\Users\timbe\Dropbox\Applications\nuvolos.cloud\ofce\accessibilite\master\la rochelle/r5
SUCCESS [2022-02-15 17:30:02] FALSE
SUCCESS [2022-02-15 17:30:02] 
SUCCESS [2022-02-15 17:30:02] $string
SUCCESS [2022-02-15 17:30:02] r5_di routing CAR sur C:\Users\timbe\Dropbox\Applications\nuvolos.cloud\ofce\accessibilite\master\la rochelle/r5 a 2022-02-15 17:09:35
SUCCESS [2022-02-15 17:30:02] FALSE
SUCCESS [2022-02-15 17:30:02] 
SUCCESS [2022-02-15 17:30:02] $core
SUCCESS [2022-02-15 17:30:02] [1] "Java-Object{org.ipea.r5r.R5RCore@1da72ea1}"
SUCCESS [2022-02-15 17:30:02] 
SUCCESS [2022-02-15 17:30:02] $montecarlo
SUCCESS [2022-02-15 17:30:02] [1] 10
SUCCESS [2022-02-15 17:30:02] 
SUCCESS [2022-02-15 17:30:02] $time_window
SUCCESS [2022-02-15 17:30:02] [1] 1
SUCCESS [2022-02-15 17:30:02] 
SUCCESS [2022-02-15 17:30:02] $departure_datetime
SUCCESS [2022-02-15 17:30:02] [1] "2022-03-09 08:00:00 UTC"
SUCCESS [2022-02-15 17:30:02] 
SUCCESS [2022-02-15 17:30:02] $mode
SUCCESS [2022-02-15 17:30:02] [1] "CAR"
SUCCESS [2022-02-15 17:30:02] 
SUCCESS [2022-02-15 17:30:02] $percentiles
SUCCESS [2022-02-15 17:30:02] [1] 50
SUCCESS [2022-02-15 17:30:02] 
SUCCESS [2022-02-15 17:30:02] $max_walk_dist
SUCCESS [2022-02-15 17:30:02] [1] Inf
SUCCESS [2022-02-15 17:30:02] 
SUCCESS [2022-02-15 17:30:02] $walk_speed
SUCCESS [2022-02-15 17:30:02] [1] 5
SUCCESS [2022-02-15 17:30:02] 
SUCCESS [2022-02-15 17:30:02] $bike_speed
SUCCESS [2022-02-15 17:30:02] [1] 12
SUCCESS [2022-02-15 17:30:02] 
SUCCESS [2022-02-15 17:30:02] $max_rides
SUCCESS [2022-02-15 17:30:02] [1] 1
SUCCESS [2022-02-15 17:30:02] 
SUCCESS [2022-02-15 17:30:02] $max_lts
SUCCESS [2022-02-15 17:30:02] [1] 2
SUCCESS [2022-02-15 17:30:02] 
SUCCESS [2022-02-15 17:30:02] $use_elevation
SUCCESS [2022-02-15 17:30:02] [1] FALSE
SUCCESS [2022-02-15 17:30:02] 
SUCCESS [2022-02-15 17:30:02] $elevation
SUCCESS [2022-02-15 17:30:02] NULL
SUCCESS [2022-02-15 17:30:02] 
SUCCESS [2022-02-15 17:30:02] $dfMaxLength
SUCCESS [2022-02-15 17:30:02] [1] 10
SUCCESS [2022-02-15 17:30:02] 
SUCCESS [2022-02-15 17:30:02] $elevation_data
SUCCESS [2022-02-15 17:30:02] NULL
SUCCESS [2022-02-15 17:30:02] 
SUCCESS [2022-02-15 17:30:02] $max_rows
SUCCESS [2022-02-15 17:30:02] [1] 5000
SUCCESS [2022-02-15 17:30:02] 
SUCCESS [2022-02-15 17:30:02] $n_threads
SUCCESS [2022-02-15 17:30:02] [1] 16
SUCCESS [2022-02-15 17:30:02] 
SUCCESS [2022-02-15 17:30:02] $future
SUCCESS [2022-02-15 17:30:02] [1] TRUE
SUCCESS [2022-02-15 17:30:02] 
SUCCESS [2022-02-15 17:30:02] $jMem
SUCCESS [2022-02-15 17:30:02] [1] "12G"
SUCCESS [2022-02-15 17:30:02] 
SUCCESS [2022-02-15 17:30:02] $r5r_jar
SUCCESS [2022-02-15 17:30:02] [1] "C:/Users/timbe/RLibs/4.1.2/r5r/jar/r5r_0_6_0.jar"
SUCCESS [2022-02-15 17:30:02] 
SUCCESS [2022-02-15 17:30:02] $r5_jar
SUCCESS [2022-02-15 17:30:02] character(0)
SUCCESS [2022-02-15 17:30:02] 
SUCCESS [2022-02-15 17:30:02] $core_init
SUCCESS [2022-02-15 17:30:02] function(routing){
SUCCESS [2022-02-15 17:30:02]       options(java.parameters = glue::glue('-Xmx{routing$jMem}'))
SUCCESS [2022-02-15 17:30:02]       rJava::.jinit(silent=TRUE)
SUCCESS [2022-02-15 17:30:02]       r5r::stop_r5()
SUCCESS [2022-02-15 17:30:02]       rJava::.jgc(R.gc = TRUE)
SUCCESS [2022-02-15 17:30:02]       options(r5r.montecarlo_draws = routing$montecarlo)
SUCCESS [2022-02-15 17:30:02]       core <- r5r::setup_r5(data_path = routing$path, verbose=FALSE,
SUCCESS [2022-02-15 17:30:02]                             use_elevation=routing$use_elevation)
SUCCESS [2022-02-15 17:30:02]       out <- routing
SUCCESS [2022-02-15 17:30:02]       out$core <- core
SUCCESS [2022-02-15 17:30:02]       if(!is.null(routing$elevation))
SUCCESS [2022-02-15 17:30:02]         out$elevation_data <- terra::rast(str_c(routing$path, "/", routing$elevation))
SUCCESS [2022-02-15 17:30:02]       return(out)
SUCCESS [2022-02-15 17:30:02]     }
SUCCESS [2022-02-15 17:30:02] <environment: 0x000002705ee9ef90>
SUCCESS [2022-02-15 17:30:02] 
SUCCESS [2022-02-15 17:30:02] 
SUCCESS [2022-02-15 17:30:02] tmax:90
SUCCESS [2022-02-15 17:30:02] pdt:1
SUCCESS [2022-02-15 17:30:02] chunk:50M
SUCCESS [2022-02-15 17:30:02] resolution:200
SUCCESS [2022-02-15 17:30:02] out:200
SUCCESS [2022-02-15 17:30:02] les variables sont emplois
SUCCESS [2022-02-15 17:30:03] taille:35.4M gr:8 res_gr:12800
SUCCESS [2022-02-15 17:30:03] 5.4k ou, 6.5k quoi
SUCCESS [2022-02-15 17:30:03] 16 carreaux, 8 subsampling
SUCCESS [2022-02-15 17:30:03] future:FALSE, 1 workers
DEBUG [2022-02-15 17:30:03] [1] aog:N2636800E3481600 8 168
SUCCESS [2022-02-15 17:30:03] [1] carreau:N2636800E3481600 dossier:temp_c
DEBUG [2022-02-15 17:30:03] [1] aog:N2636800E3468800 8 259
SUCCESS [2022-02-15 17:30:03] [1] carreau:N2636800E3468800 dossier:temp_c
DEBUG [2022-02-15 17:30:03] [1] aog:N2636800E3456000 8 42
SUCCESS [2022-02-15 17:30:03] [1] carreau:N2636800E3456000 dossier:temp_c
DEBUG [2022-02-15 17:30:03] [1] aog:N2636800E3494400 8 1
DEBUG [2022-02-15 17:30:03] [1] ttm_ou:0
DEBUG [2022-02-15 17:30:03] 
DEBUG [2022-02-15 17:30:03] iso_ttm:93 1 6500
