SUCCESS [2022-02-16 09:51:26] Calcul accessibilite version 2
SUCCESS [2022-02-16 09:51:26] $type
SUCCESS [2022-02-16 09:51:26] [1] "r5_di"
SUCCESS [2022-02-16 09:51:26] 
SUCCESS [2022-02-16 09:51:26] $di
SUCCESS [2022-02-16 09:51:26] [1] TRUE
SUCCESS [2022-02-16 09:51:26] 
SUCCESS [2022-02-16 09:51:26] $path
SUCCESS [2022-02-16 09:51:26] C:\Users\timbe\Dropbox\Applications\nuvolos.cloud\ofce\accessibilite\master\la rochelle/r5
SUCCESS [2022-02-16 09:51:26] FALSE
SUCCESS [2022-02-16 09:51:26] 
SUCCESS [2022-02-16 09:51:26] $string
SUCCESS [2022-02-16 09:51:26] r5_di routing CAR sur C:\Users\timbe\Dropbox\Applications\nuvolos.cloud\ofce\accessibilite\master\la rochelle/r5 a 2022-02-16 09:51:26
SUCCESS [2022-02-16 09:51:26] FALSE
SUCCESS [2022-02-16 09:51:26] 
SUCCESS [2022-02-16 09:51:26] $core
SUCCESS [2022-02-16 09:51:26] [1] "Java-Object{org.ipea.r5r.R5RCore@7394b1eb}"
SUCCESS [2022-02-16 09:51:26] 
SUCCESS [2022-02-16 09:51:26] $montecarlo
SUCCESS [2022-02-16 09:51:26] [1] 10
SUCCESS [2022-02-16 09:51:26] 
SUCCESS [2022-02-16 09:51:26] $time_window
SUCCESS [2022-02-16 09:51:26] [1] 1
SUCCESS [2022-02-16 09:51:26] 
SUCCESS [2022-02-16 09:51:26] $departure_datetime
SUCCESS [2022-02-16 09:51:26] [1] "2022-03-09 08:00:00 UTC"
SUCCESS [2022-02-16 09:51:26] 
SUCCESS [2022-02-16 09:51:26] $mode
SUCCESS [2022-02-16 09:51:26] [1] "CAR"
SUCCESS [2022-02-16 09:51:26] 
SUCCESS [2022-02-16 09:51:26] $percentiles
SUCCESS [2022-02-16 09:51:26] [1] 50
SUCCESS [2022-02-16 09:51:26] 
SUCCESS [2022-02-16 09:51:26] $max_walk_dist
SUCCESS [2022-02-16 09:51:26] [1] Inf
SUCCESS [2022-02-16 09:51:26] 
SUCCESS [2022-02-16 09:51:26] $walk_speed
SUCCESS [2022-02-16 09:51:26] [1] 5
SUCCESS [2022-02-16 09:51:26] 
SUCCESS [2022-02-16 09:51:26] $bike_speed
SUCCESS [2022-02-16 09:51:26] [1] 12
SUCCESS [2022-02-16 09:51:26] 
SUCCESS [2022-02-16 09:51:26] $max_rides
SUCCESS [2022-02-16 09:51:26] [1] 1
SUCCESS [2022-02-16 09:51:26] 
SUCCESS [2022-02-16 09:51:26] $max_lts
SUCCESS [2022-02-16 09:51:26] [1] 2
SUCCESS [2022-02-16 09:51:26] 
SUCCESS [2022-02-16 09:51:26] $use_elevation
SUCCESS [2022-02-16 09:51:26] [1] FALSE
SUCCESS [2022-02-16 09:51:26] 
SUCCESS [2022-02-16 09:51:26] $elevation
SUCCESS [2022-02-16 09:51:26] NULL
SUCCESS [2022-02-16 09:51:26] 
SUCCESS [2022-02-16 09:51:26] $dfMaxLength
SUCCESS [2022-02-16 09:51:26] [1] 10
SUCCESS [2022-02-16 09:51:26] 
SUCCESS [2022-02-16 09:51:26] $elevation_data
SUCCESS [2022-02-16 09:51:26] NULL
SUCCESS [2022-02-16 09:51:26] 
SUCCESS [2022-02-16 09:51:26] $max_rows
SUCCESS [2022-02-16 09:51:26] [1] 1000
SUCCESS [2022-02-16 09:51:26] 
SUCCESS [2022-02-16 09:51:26] $n_threads
SUCCESS [2022-02-16 09:51:26] [1] 16
SUCCESS [2022-02-16 09:51:26] 
SUCCESS [2022-02-16 09:51:26] $future
SUCCESS [2022-02-16 09:51:26] [1] TRUE
SUCCESS [2022-02-16 09:51:26] 
SUCCESS [2022-02-16 09:51:26] $jMem
SUCCESS [2022-02-16 09:51:26] [1] "12G"
SUCCESS [2022-02-16 09:51:26] 
SUCCESS [2022-02-16 09:51:26] $r5r_jar
SUCCESS [2022-02-16 09:51:26] [1] "C:/Users/timbe/RLibs/4.1.2/r5r/jar/r5r_0_6_0.jar"
SUCCESS [2022-02-16 09:51:26] 
SUCCESS [2022-02-16 09:51:26] $r5_jar
SUCCESS [2022-02-16 09:51:26] character(0)
SUCCESS [2022-02-16 09:51:26] 
SUCCESS [2022-02-16 09:51:26] $core_init
SUCCESS [2022-02-16 09:51:26] function(routing){
SUCCESS [2022-02-16 09:51:26]       options(java.parameters = glue::glue('-Xmx{routing$jMem}'))
SUCCESS [2022-02-16 09:51:26]       rJava::.jinit(silent=TRUE)
SUCCESS [2022-02-16 09:51:26]       r5r::stop_r5()
SUCCESS [2022-02-16 09:51:26]       rJava::.jgc(R.gc = TRUE)
SUCCESS [2022-02-16 09:51:26]       options(r5r.montecarlo_draws = routing$montecarlo)
SUCCESS [2022-02-16 09:51:26]       core <- r5r::setup_r5(data_path = routing$path, verbose=FALSE,
SUCCESS [2022-02-16 09:51:26]                             use_elevation=routing$use_elevation)
SUCCESS [2022-02-16 09:51:26]       out <- routing
SUCCESS [2022-02-16 09:51:26]       out$core <- core
SUCCESS [2022-02-16 09:51:26]       if(!is.null(routing$elevation))
SUCCESS [2022-02-16 09:51:26]         out$elevation_data <- terra::rast(str_c(routing$path, "/", routing$elevation))
SUCCESS [2022-02-16 09:51:26]       return(out)
SUCCESS [2022-02-16 09:51:26]     }
SUCCESS [2022-02-16 09:51:26] <bytecode: 0x00000192d8031c50>
SUCCESS [2022-02-16 09:51:26] <environment: 0x00000192dc9f8428>
SUCCESS [2022-02-16 09:51:26] 
SUCCESS [2022-02-16 09:51:26] 
SUCCESS [2022-02-16 09:51:26] tmax:30
SUCCESS [2022-02-16 09:51:26] pdt:1
SUCCESS [2022-02-16 09:51:26] chunk:50M
SUCCESS [2022-02-16 09:51:26] resolution:200
SUCCESS [2022-02-16 09:51:26] out:200
SUCCESS [2022-02-16 09:51:26] les variables sont emplois
SUCCESS [2022-02-16 09:51:26] taille:11.7M gr:8 res_gr:12800
SUCCESS [2022-02-16 09:51:26] 5.4k ou, 6.5k quoi
SUCCESS [2022-02-16 09:51:26] 16 carreaux, 8 subsampling
SUCCESS [2022-02-16 09:51:26] future:FALSE, 1 workers
DEBUG [2022-02-16 09:51:26] [1] aog:N2636800E3481600 8 168
DEBUG [2022-02-16 09:51:26] iso_ttm:100 8 160
DEBUG [2022-02-16 09:51:49] 
DEBUG [2022-02-16 09:51:49] result:0
WARN [2022-02-16 09:51:49] 
WARN [2022-02-16 09:51:49] [1] carreau:N2636800E3481600 ou_id:133,320,333,334,355,419,428,431 ttm_ou vide
WARN [2022-02-16 09:51:49] la matrice des distances interne au carreau est vide
DEBUG [2022-02-16 09:51:51] [1] aog:N2636800E3468800 8 259
DEBUG [2022-02-16 09:51:51] iso_ttm:100 8 251
DEBUG [2022-02-16 09:52:12] 
DEBUG [2022-02-16 09:52:12] result:0
WARN [2022-02-16 09:52:12] 
WARN [2022-02-16 09:52:12] [1] carreau:N2636800E3468800 ou_id:52,59,84,98,122,166,233,331 ttm_ou vide
WARN [2022-02-16 09:52:12] la matrice des distances interne au carreau est vide
DEBUG [2022-02-16 09:52:12] [1] aog:N2636800E3456000 8 42
DEBUG [2022-02-16 09:52:12] iso_ttm:100 8 34
DEBUG [2022-02-16 09:52:19] 
DEBUG [2022-02-16 09:52:19] result:0
WARN [2022-02-16 09:52:19] 
WARN [2022-02-16 09:52:19] [1] carreau:N2636800E3456000 ou_id:137,139,143,144,170,172,200,222 ttm_ou vide
WARN [2022-02-16 09:52:19] la matrice des distances interne au carreau est vide
DEBUG [2022-02-16 09:52:19] [1] aog:N2636800E3494400 8 1
DEBUG [2022-02-16 09:52:19] [1] ttm_ou:0
DEBUG [2022-02-16 09:52:19] 
DEBUG [2022-02-16 09:52:19] iso_ttm:33 1 2079
DEBUG [2022-02-16 09:52:30] 
DEBUG [2022-02-16 09:52:30] result:0
WARN [2022-02-16 09:52:30] 
WARN [2022-02-16 09:52:30] [1] carreau:N2636800E3494400 ou_id:458 ttm_0 vide
WARN [2022-02-16 09:52:30] la matrice des distances entre les ancres et les opportunites est vide
DEBUG [2022-02-16 09:52:30] [1] aog:N2624000E3468800 8 666
DEBUG [2022-02-16 09:52:30] iso_ttm:100 8 658
