SUCCESS [2022-02-15 12:17:48] Calcul accessibilite version 2
SUCCESS [2022-02-15 12:17:48] $type
SUCCESS [2022-02-15 12:17:48] [1] "r5_di"
SUCCESS [2022-02-15 12:17:48] 
SUCCESS [2022-02-15 12:17:48] $di
SUCCESS [2022-02-15 12:17:48] [1] TRUE
SUCCESS [2022-02-15 12:17:48] 
SUCCESS [2022-02-15 12:17:48] $path
SUCCESS [2022-02-15 12:17:48] C:\Users\timbe\Dropbox\Applications\nuvolos.cloud\ofce\accessibilite\master\la rochelle/r5
SUCCESS [2022-02-15 12:17:48] FALSE
SUCCESS [2022-02-15 12:17:48] 
SUCCESS [2022-02-15 12:17:48] $string
SUCCESS [2022-02-15 12:17:48] r5_di routing CAR sur C:\Users\timbe\Dropbox\Applications\nuvolos.cloud\ofce\accessibilite\master\la rochelle/r5 a 2022-02-15 12:17:04
SUCCESS [2022-02-15 12:17:48] FALSE
SUCCESS [2022-02-15 12:17:48] 
SUCCESS [2022-02-15 12:17:48] $core
SUCCESS [2022-02-15 12:17:48] [1] "Java-Object{org.ipea.r5r.R5RCore@7c37eb13}"
SUCCESS [2022-02-15 12:17:48] 
SUCCESS [2022-02-15 12:17:48] $montecarlo
SUCCESS [2022-02-15 12:17:48] [1] 10
SUCCESS [2022-02-15 12:17:48] 
SUCCESS [2022-02-15 12:17:48] $time_window
SUCCESS [2022-02-15 12:17:48] [1] 1
SUCCESS [2022-02-15 12:17:48] 
SUCCESS [2022-02-15 12:17:48] $departure_datetime
SUCCESS [2022-02-15 12:17:48] [1] "2022-03-09 08:00:00 UTC"
SUCCESS [2022-02-15 12:17:48] 
SUCCESS [2022-02-15 12:17:48] $mode
SUCCESS [2022-02-15 12:17:48] [1] "CAR"
SUCCESS [2022-02-15 12:17:48] 
SUCCESS [2022-02-15 12:17:48] $percentiles
SUCCESS [2022-02-15 12:17:48] [1] 50
SUCCESS [2022-02-15 12:17:48] 
SUCCESS [2022-02-15 12:17:48] $max_walk_dist
SUCCESS [2022-02-15 12:17:48] [1] Inf
SUCCESS [2022-02-15 12:17:48] 
SUCCESS [2022-02-15 12:17:48] $walk_speed
SUCCESS [2022-02-15 12:17:48] [1] 5
SUCCESS [2022-02-15 12:17:48] 
SUCCESS [2022-02-15 12:17:48] $bike_speed
SUCCESS [2022-02-15 12:17:48] [1] 12
SUCCESS [2022-02-15 12:17:48] 
SUCCESS [2022-02-15 12:17:48] $max_rides
SUCCESS [2022-02-15 12:17:48] [1] 1
SUCCESS [2022-02-15 12:17:48] 
SUCCESS [2022-02-15 12:17:48] $max_lts
SUCCESS [2022-02-15 12:17:48] [1] 2
SUCCESS [2022-02-15 12:17:48] 
SUCCESS [2022-02-15 12:17:48] $use_elevation
SUCCESS [2022-02-15 12:17:48] [1] FALSE
SUCCESS [2022-02-15 12:17:48] 
SUCCESS [2022-02-15 12:17:48] $elevation
SUCCESS [2022-02-15 12:17:48] NULL
SUCCESS [2022-02-15 12:17:48] 
SUCCESS [2022-02-15 12:17:48] $dfMaxLength
SUCCESS [2022-02-15 12:17:48] [1] 10
SUCCESS [2022-02-15 12:17:48] 
SUCCESS [2022-02-15 12:17:48] $elevation_data
SUCCESS [2022-02-15 12:17:48] NULL
SUCCESS [2022-02-15 12:17:48] 
SUCCESS [2022-02-15 12:17:48] $n_threads
SUCCESS [2022-02-15 12:17:48] [1] 16
SUCCESS [2022-02-15 12:17:48] 
SUCCESS [2022-02-15 12:17:48] $future
SUCCESS [2022-02-15 12:17:48] [1] TRUE
SUCCESS [2022-02-15 12:17:48] 
SUCCESS [2022-02-15 12:17:48] $jMem
SUCCESS [2022-02-15 12:17:48] [1] "12G"
SUCCESS [2022-02-15 12:17:48] 
SUCCESS [2022-02-15 12:17:48] $r5r_jar
SUCCESS [2022-02-15 12:17:48] [1] "C:/Users/timbe/RLibs/4.1.2/r5r/jar/r5r_0_6_0.jar"
SUCCESS [2022-02-15 12:17:48] 
SUCCESS [2022-02-15 12:17:48] $r5_jar
SUCCESS [2022-02-15 12:17:48] character(0)
SUCCESS [2022-02-15 12:17:48] 
SUCCESS [2022-02-15 12:17:48] $core_init
SUCCESS [2022-02-15 12:17:48] function(routing){
SUCCESS [2022-02-15 12:17:48]       options(java.parameters = glue::glue('-Xmx{routing$jMem}'))
SUCCESS [2022-02-15 12:17:48]       rJava::.jinit(silent=TRUE)
SUCCESS [2022-02-15 12:17:48]       r5r::stop_r5()
SUCCESS [2022-02-15 12:17:48]       rJava::.jgc(R.gc = TRUE)
SUCCESS [2022-02-15 12:17:48]       options(r5r.montecarlo_draws = routing$montecarlo)
SUCCESS [2022-02-15 12:17:48]       core <- r5r::setup_r5(data_path = routing$path, verbose=FALSE,
SUCCESS [2022-02-15 12:17:48]                             use_elevation=routing$use_elevation)
SUCCESS [2022-02-15 12:17:48]       out <- routing
SUCCESS [2022-02-15 12:17:48]       out$core <- core
SUCCESS [2022-02-15 12:17:48]       if(!is.null(routing$elevation))
SUCCESS [2022-02-15 12:17:48]         out$elevation_data <- terra::rast(str_c(routing$path, "/", routing$elevation))
SUCCESS [2022-02-15 12:17:48]       return(out)
SUCCESS [2022-02-15 12:17:48]     }
SUCCESS [2022-02-15 12:17:48] <environment: 0x000002ba69c795a8>
SUCCESS [2022-02-15 12:17:48] 
SUCCESS [2022-02-15 12:17:48] 
SUCCESS [2022-02-15 12:17:48] tmax:90
SUCCESS [2022-02-15 12:17:48] pdt:1
SUCCESS [2022-02-15 12:17:48] chunk:50M
SUCCESS [2022-02-15 12:17:48] resolution:200
SUCCESS [2022-02-15 12:17:48] out:200
SUCCESS [2022-02-15 12:17:48] les variables sont emplois
SUCCESS [2022-02-15 12:17:48] taille:35.4M gr:8 res_gr:12800
SUCCESS [2022-02-15 12:17:48] 5.4k ou, 6.5k quoi
SUCCESS [2022-02-15 12:17:48] 16 carreaux, 8 subsampling
SUCCESS [2022-02-15 12:17:48] future:FALSE, 1 workers
DEBUG [2022-02-15 12:17:48] [1] aog:N2636800E3481600 8 168
DEBUG [2022-02-15 12:17:48] iso_ttm:100 8 160
