SUCCESS [1672] [2023-05-22 15:20:16] Calcul accessibilite version 2
SUCCESS [1672] [2023-05-22 15:20:16] $type
SUCCESS [1672] [2023-05-22 15:20:16] [1] "r5_di"
SUCCESS [1672] [2023-05-22 15:20:16] 
SUCCESS [1672] [2023-05-22 15:20:16] $di
SUCCESS [1672] [2023-05-22 15:20:16] [1] TRUE
SUCCESS [1672] [2023-05-22 15:20:16] 
SUCCESS [1672] [2023-05-22 15:20:16] $path
SUCCESS [1672] [2023-05-22 15:20:16] ~/files/la rochelle/r5_base
SUCCESS [1672] [2023-05-22 15:20:16] FALSE
SUCCESS [1672] [2023-05-22 15:20:16] 
SUCCESS [1672] [2023-05-22 15:20:16] $string
SUCCESS [1672] [2023-05-22 15:20:16] r5_di routing BICYCLE sur ~/files/la rochelle/r5_base a 2023-05-22 15:17:11
SUCCESS [1672] [2023-05-22 15:20:16] FALSE
SUCCESS [1672] [2023-05-22 15:20:16] 
SUCCESS [1672] [2023-05-22 15:20:16] $core
SUCCESS [1672] [2023-05-22 15:20:16] [1] "Java-Object{org.ipea.r5r.R5RCore@47171edb}"
SUCCESS [1672] [2023-05-22 15:20:16] 
SUCCESS [1672] [2023-05-22 15:20:16] $montecarlo
SUCCESS [1672] [2023-05-22 15:20:16] [1] 10
SUCCESS [1672] [2023-05-22 15:20:16] 
SUCCESS [1672] [2023-05-22 15:20:16] $time_window
SUCCESS [1672] [2023-05-22 15:20:16] [1] 1
SUCCESS [1672] [2023-05-22 15:20:16] 
SUCCESS [1672] [2023-05-22 15:20:16] $departure_datetime
SUCCESS [1672] [2023-05-22 15:20:16] [1] "2022-03-09 08:00:00 UTC"
SUCCESS [1672] [2023-05-22 15:20:16] 
SUCCESS [1672] [2023-05-22 15:20:16] $mode
SUCCESS [1672] [2023-05-22 15:20:16] [1] "BICYCLE"
SUCCESS [1672] [2023-05-22 15:20:16] 
SUCCESS [1672] [2023-05-22 15:20:16] $percentiles
SUCCESS [1672] [2023-05-22 15:20:16] [1] 50
SUCCESS [1672] [2023-05-22 15:20:16] 
SUCCESS [1672] [2023-05-22 15:20:16] $max_walk_time
SUCCESS [1672] [2023-05-22 15:20:16] [1] Inf
SUCCESS [1672] [2023-05-22 15:20:16] 
SUCCESS [1672] [2023-05-22 15:20:16] $walk_speed
SUCCESS [1672] [2023-05-22 15:20:16] [1] 5
SUCCESS [1672] [2023-05-22 15:20:16] 
SUCCESS [1672] [2023-05-22 15:20:16] $bike_speed
SUCCESS [1672] [2023-05-22 15:20:16] [1] 12
SUCCESS [1672] [2023-05-22 15:20:16] 
SUCCESS [1672] [2023-05-22 15:20:16] $max_rides
SUCCESS [1672] [2023-05-22 15:20:16] [1] 1
SUCCESS [1672] [2023-05-22 15:20:16] 
SUCCESS [1672] [2023-05-22 15:20:16] $max_lts
SUCCESS [1672] [2023-05-22 15:20:16] [1] 2
SUCCESS [1672] [2023-05-22 15:20:16] 
SUCCESS [1672] [2023-05-22 15:20:16] $elevation
SUCCESS [1672] [2023-05-22 15:20:16] [1] "NONE"
SUCCESS [1672] [2023-05-22 15:20:16] 
SUCCESS [1672] [2023-05-22 15:20:16] $elevation_tif
SUCCESS [1672] [2023-05-22 15:20:16] [1] "elevation.tif"
SUCCESS [1672] [2023-05-22 15:20:16] 
SUCCESS [1672] [2023-05-22 15:20:16] $pkg
SUCCESS [1672] [2023-05-22 15:20:16] [1] "r5r"   "rJava"
SUCCESS [1672] [2023-05-22 15:20:16] 
SUCCESS [1672] [2023-05-22 15:20:16] $dfMaxLength
SUCCESS [1672] [2023-05-22 15:20:16] [1] 10
SUCCESS [1672] [2023-05-22 15:20:16] 
SUCCESS [1672] [2023-05-22 15:20:16] $breakdown
SUCCESS [1672] [2023-05-22 15:20:16] [1] FALSE
SUCCESS [1672] [2023-05-22 15:20:16] 
SUCCESS [1672] [2023-05-22 15:20:16] $elevation_data
SUCCESS [1672] [2023-05-22 15:20:16] class       : SpatRaster 
SUCCESS [1672] [2023-05-22 15:20:16] dimensions  : 7762, 8722, 1  (nrow, ncol, nlyr)
SUCCESS [1672] [2023-05-22 15:20:16] resolution  : 7.054164e-05, 7.054164e-05  (x, y)
SUCCESS [1672] [2023-05-22 15:20:16] extent      : -1.274414, -0.6591499, 45.92059, 46.46813  (xmin, xmax, ymin, ymax)
SUCCESS [1672] [2023-05-22 15:20:16] coord. ref. : lon/lat WGS 84 (EPSG:4326) 
SUCCESS [1672] [2023-05-22 15:20:16] source      : elevation.tif 
SUCCESS [1672] [2023-05-22 15:20:16] name        : elevation 
SUCCESS [1672] [2023-05-22 15:20:16] min value   :   0.00000 
SUCCESS [1672] [2023-05-22 15:20:16] max value   :  86.10102 
SUCCESS [1672] [2023-05-22 15:20:16] 
SUCCESS [1672] [2023-05-22 15:20:16] $max_rows
SUCCESS [1672] [2023-05-22 15:20:16] [1] 50000
SUCCESS [1672] [2023-05-22 15:20:16] 
SUCCESS [1672] [2023-05-22 15:20:16] $n_threads
SUCCESS [1672] [2023-05-22 15:20:16] [1] 16
SUCCESS [1672] [2023-05-22 15:20:16] 
SUCCESS [1672] [2023-05-22 15:20:16] $future
SUCCESS [1672] [2023-05-22 15:20:16] [1] TRUE
SUCCESS [1672] [2023-05-22 15:20:16] 
SUCCESS [1672] [2023-05-22 15:20:16] $jMem
SUCCESS [1672] [2023-05-22 15:20:16] [1] "12G"
SUCCESS [1672] [2023-05-22 15:20:16] 
SUCCESS [1672] [2023-05-22 15:20:16] $r5r_jar
SUCCESS [1672] [2023-05-22 15:20:16] [1] "/usr/local/lib/R/site-library/r5r/jar/r5r_0_6_0.jar"
SUCCESS [1672] [2023-05-22 15:20:16] 
SUCCESS [1672] [2023-05-22 15:20:16] $r5_jar
SUCCESS [1672] [2023-05-22 15:20:16] character(0)
SUCCESS [1672] [2023-05-22 15:20:16] 
SUCCESS [1672] [2023-05-22 15:20:16] $future_routing
SUCCESS [1672] [2023-05-22 15:20:16] function(routing) {
SUCCESS [1672] [2023-05-22 15:20:16]       rout <- routing
SUCCESS [1672] [2023-05-22 15:20:16]       rout$elevation_data <- NULL
SUCCESS [1672] [2023-05-22 15:20:16]       return(rout)}
SUCCESS [1672] [2023-05-22 15:20:16] <bytecode: 0x55b6e81aa918>
SUCCESS [1672] [2023-05-22 15:20:16] <environment: 0x55b6e3d95bb8>
SUCCESS [1672] [2023-05-22 15:20:16] 
SUCCESS [1672] [2023-05-22 15:20:16] $core_init
SUCCESS [1672] [2023-05-22 15:20:16] function(routing){
SUCCESS [1672] [2023-05-22 15:20:16]       options(java.parameters = glue::glue('-Xmx{routing$jMem}'))
SUCCESS [1672] [2023-05-22 15:20:16]       rJava::.jinit(silent=TRUE)
SUCCESS [1672] [2023-05-22 15:20:16]       r5r::stop_r5()
SUCCESS [1672] [2023-05-22 15:20:16]       rJava::.jgc(R.gc = TRUE)
SUCCESS [1672] [2023-05-22 15:20:16]       options(r5r.montecarlo_draws = routing$montecarlo)
SUCCESS [1672] [2023-05-22 15:20:16]       core <- r5r::setup_r5(data_path = routing$path, verbose=FALSE,
SUCCESS [1672] [2023-05-22 15:20:16]                             elevation=routing$elevation)
SUCCESS [1672] [2023-05-22 15:20:16]       out <- routing
SUCCESS [1672] [2023-05-22 15:20:16]       out$core <- core
SUCCESS [1672] [2023-05-22 15:20:16]       if(!is.null(routing$elevation_tif))
SUCCESS [1672] [2023-05-22 15:20:16]         out$elevation_data <- terra::rast(str_c(routing$path, "/", routing$elevation_tif))
SUCCESS [1672] [2023-05-22 15:20:16]       return(out)
SUCCESS [1672] [2023-05-22 15:20:16]     }
SUCCESS [1672] [2023-05-22 15:20:16] <bytecode: 0x55b6ea869288>
SUCCESS [1672] [2023-05-22 15:20:16] <environment: 0x55b6e3d95bb8>
SUCCESS [1672] [2023-05-22 15:20:16] 
SUCCESS [1672] [2023-05-22 15:20:16] 
SUCCESS [1672] [2023-05-22 15:20:17] tmax:120
SUCCESS [1672] [2023-05-22 15:20:17] pdt:1
SUCCESS [1672] [2023-05-22 15:20:17] chunk:10M
SUCCESS [1672] [2023-05-22 15:20:18] resolution:200
SUCCESS [1672] [2023-05-22 15:20:18] out:200
SUCCESS [1672] [2023-05-22 15:20:19] les variables sont NB
SUCCESS [1672] [2023-05-22 15:20:21] taille:3.9M gr:8 res_gr:12800
SUCCESS [1672] [2023-05-22 15:20:21] 5.5k ou, 713 quoi
SUCCESS [1672] [2023-05-22 15:20:21] 16 carreaux, 8 subsampling
SUCCESS [1672] [2023-05-22 15:20:22] future:TRUE, 1 workers
