SUCCESS [2022-02-15 13:15:03] Calcul accessibilite version 2
SUCCESS [2022-02-15 13:15:03] $type
SUCCESS [2022-02-15 13:15:03] [1] "r5_di"
SUCCESS [2022-02-15 13:15:03] 
SUCCESS [2022-02-15 13:15:03] $di
SUCCESS [2022-02-15 13:15:03] [1] TRUE
SUCCESS [2022-02-15 13:15:03] 
SUCCESS [2022-02-15 13:15:03] $path
SUCCESS [2022-02-15 13:15:03] C:\Users\timbe\Dropbox\Applications\nuvolos.cloud\ofce\accessibilite\master\la rochelle/r5
SUCCESS [2022-02-15 13:15:03] FALSE
SUCCESS [2022-02-15 13:15:03] 
SUCCESS [2022-02-15 13:15:03] $string
SUCCESS [2022-02-15 13:15:03] r5_di routing CAR sur C:\Users\timbe\Dropbox\Applications\nuvolos.cloud\ofce\accessibilite\master\la rochelle/r5 a 2022-02-15 12:17:04
SUCCESS [2022-02-15 13:15:03] FALSE
SUCCESS [2022-02-15 13:15:03] 
SUCCESS [2022-02-15 13:15:03] $core
SUCCESS [2022-02-15 13:15:03] [1] "Java-Object{org.ipea.r5r.R5RCore@7c37eb13}"
SUCCESS [2022-02-15 13:15:03] 
SUCCESS [2022-02-15 13:15:03] $montecarlo
SUCCESS [2022-02-15 13:15:03] [1] 10
SUCCESS [2022-02-15 13:15:03] 
SUCCESS [2022-02-15 13:15:03] $time_window
SUCCESS [2022-02-15 13:15:03] [1] 1
SUCCESS [2022-02-15 13:15:03] 
SUCCESS [2022-02-15 13:15:03] $departure_datetime
SUCCESS [2022-02-15 13:15:03] [1] "2022-03-09 08:00:00 UTC"
SUCCESS [2022-02-15 13:15:03] 
SUCCESS [2022-02-15 13:15:03] $mode
SUCCESS [2022-02-15 13:15:03] [1] "CAR"
SUCCESS [2022-02-15 13:15:03] 
SUCCESS [2022-02-15 13:15:03] $percentiles
SUCCESS [2022-02-15 13:15:03] [1] 50
SUCCESS [2022-02-15 13:15:03] 
SUCCESS [2022-02-15 13:15:03] $max_walk_dist
SUCCESS [2022-02-15 13:15:03] [1] Inf
SUCCESS [2022-02-15 13:15:03] 
SUCCESS [2022-02-15 13:15:03] $walk_speed
SUCCESS [2022-02-15 13:15:03] [1] 5
SUCCESS [2022-02-15 13:15:03] 
SUCCESS [2022-02-15 13:15:03] $bike_speed
SUCCESS [2022-02-15 13:15:03] [1] 12
SUCCESS [2022-02-15 13:15:03] 
SUCCESS [2022-02-15 13:15:03] $max_rides
SUCCESS [2022-02-15 13:15:03] [1] 1
SUCCESS [2022-02-15 13:15:03] 
SUCCESS [2022-02-15 13:15:03] $max_lts
SUCCESS [2022-02-15 13:15:03] [1] 2
SUCCESS [2022-02-15 13:15:03] 
SUCCESS [2022-02-15 13:15:03] $use_elevation
SUCCESS [2022-02-15 13:15:03] [1] FALSE
SUCCESS [2022-02-15 13:15:03] 
SUCCESS [2022-02-15 13:15:03] $elevation
SUCCESS [2022-02-15 13:15:03] NULL
SUCCESS [2022-02-15 13:15:03] 
SUCCESS [2022-02-15 13:15:03] $dfMaxLength
SUCCESS [2022-02-15 13:15:03] [1] 10
SUCCESS [2022-02-15 13:15:03] 
SUCCESS [2022-02-15 13:15:03] $elevation_data
SUCCESS [2022-02-15 13:15:03] NULL
SUCCESS [2022-02-15 13:15:03] 
SUCCESS [2022-02-15 13:15:03] $n_threads
SUCCESS [2022-02-15 13:15:03] [1] 16
SUCCESS [2022-02-15 13:15:03] 
SUCCESS [2022-02-15 13:15:03] $future
SUCCESS [2022-02-15 13:15:03] [1] TRUE
SUCCESS [2022-02-15 13:15:03] 
SUCCESS [2022-02-15 13:15:03] $jMem
SUCCESS [2022-02-15 13:15:03] [1] "12G"
SUCCESS [2022-02-15 13:15:03] 
SUCCESS [2022-02-15 13:15:03] $r5r_jar
SUCCESS [2022-02-15 13:15:03] [1] "C:/Users/timbe/RLibs/4.1.2/r5r/jar/r5r_0_6_0.jar"
SUCCESS [2022-02-15 13:15:03] 
SUCCESS [2022-02-15 13:15:03] $r5_jar
SUCCESS [2022-02-15 13:15:03] character(0)
SUCCESS [2022-02-15 13:15:03] 
SUCCESS [2022-02-15 13:15:03] $core_init
SUCCESS [2022-02-15 13:15:03] function(routing){
SUCCESS [2022-02-15 13:15:03]       options(java.parameters = glue::glue('-Xmx{routing$jMem}'))
SUCCESS [2022-02-15 13:15:03]       rJava::.jinit(silent=TRUE)
SUCCESS [2022-02-15 13:15:03]       r5r::stop_r5()
SUCCESS [2022-02-15 13:15:03]       rJava::.jgc(R.gc = TRUE)
SUCCESS [2022-02-15 13:15:03]       options(r5r.montecarlo_draws = routing$montecarlo)
SUCCESS [2022-02-15 13:15:03]       core <- r5r::setup_r5(data_path = routing$path, verbose=FALSE,
SUCCESS [2022-02-15 13:15:03]                             use_elevation=routing$use_elevation)
SUCCESS [2022-02-15 13:15:03]       out <- routing
SUCCESS [2022-02-15 13:15:03]       out$core <- core
SUCCESS [2022-02-15 13:15:03]       if(!is.null(routing$elevation))
SUCCESS [2022-02-15 13:15:03]         out$elevation_data <- terra::rast(str_c(routing$path, "/", routing$elevation))
SUCCESS [2022-02-15 13:15:03]       return(out)
SUCCESS [2022-02-15 13:15:03]     }
SUCCESS [2022-02-15 13:15:03] <environment: 0x000002ba69c795a8>
SUCCESS [2022-02-15 13:15:03] 
SUCCESS [2022-02-15 13:15:03] 
SUCCESS [2022-02-15 13:15:03] tmax:90
SUCCESS [2022-02-15 13:15:03] pdt:1
SUCCESS [2022-02-15 13:15:03] chunk:50M
SUCCESS [2022-02-15 13:15:03] resolution:200
SUCCESS [2022-02-15 13:15:03] out:200
SUCCESS [2022-02-15 13:15:03] les variables sont emplois
SUCCESS [2022-02-15 13:15:03] taille:35.4M gr:8 res_gr:12800
SUCCESS [2022-02-15 13:15:03] 5.4k ou, 6.5k quoi
SUCCESS [2022-02-15 13:15:03] 16 carreaux, 8 subsampling
SUCCESS [2022-02-15 13:15:03] future:FALSE, 1 workers
DEBUG [2022-02-15 13:15:03] [1] aog:N2636800E3481600 8 168
DEBUG [2022-02-15 13:15:03] iso_ttm:100 8 160
DEBUG [2022-02-15 13:15:13] 
DEBUG [2022-02-15 13:15:13] result:0
WARN [2022-02-15 13:15:13] 
WARN [2022-02-15 13:15:13] [1] carreau:N2636800E3481600 ou_id:236,263,280,336,338,400,416,417 ttm_ou vide
WARN [2022-02-15 13:15:13] la matrice des distances interne au carreau est vide
DEBUG [2022-02-15 13:15:13] [1] aog:N2636800E3468800 8 259
DEBUG [2022-02-15 13:15:13] iso_ttm:100 8 251
DEBUG [2022-02-15 13:15:25] 
DEBUG [2022-02-15 13:15:25] result:0
WARN [2022-02-15 13:15:25] 
WARN [2022-02-15 13:15:25] [1] carreau:N2636800E3468800 ou_id:44,55,127,152,156,248,348,362 ttm_ou vide
WARN [2022-02-15 13:15:25] la matrice des distances interne au carreau est vide
DEBUG [2022-02-15 13:15:25] [1] aog:N2636800E3456000 8 42
DEBUG [2022-02-15 13:15:25] iso_ttm:100 8 34
