SUCCESS [1672] [2023-05-22 15:18:24] Calcul accessibilite version 2
SUCCESS [1672] [2023-05-22 15:18:24] $type
SUCCESS [1672] [2023-05-22 15:18:24] [1] "r5_di"
SUCCESS [1672] [2023-05-22 15:18:24] 
SUCCESS [1672] [2023-05-22 15:18:24] $di
SUCCESS [1672] [2023-05-22 15:18:24] [1] TRUE
SUCCESS [1672] [2023-05-22 15:18:24] 
SUCCESS [1672] [2023-05-22 15:18:24] $path
SUCCESS [1672] [2023-05-22 15:18:24] ~/files/la rochelle/r5_base
SUCCESS [1672] [2023-05-22 15:18:24] FALSE
SUCCESS [1672] [2023-05-22 15:18:24] 
SUCCESS [1672] [2023-05-22 15:18:24] $string
SUCCESS [1672] [2023-05-22 15:18:24] r5_di routing BICYCLE sur ~/files/la rochelle/r5_base a 2023-05-22 15:17:11
SUCCESS [1672] [2023-05-22 15:18:24] FALSE
SUCCESS [1672] [2023-05-22 15:18:24] 
SUCCESS [1672] [2023-05-22 15:18:24] $core
SUCCESS [1672] [2023-05-22 15:18:24] [1] "Java-Object{org.ipea.r5r.R5RCore@47171edb}"
SUCCESS [1672] [2023-05-22 15:18:24] 
SUCCESS [1672] [2023-05-22 15:18:24] $montecarlo
SUCCESS [1672] [2023-05-22 15:18:24] [1] 10
SUCCESS [1672] [2023-05-22 15:18:24] 
SUCCESS [1672] [2023-05-22 15:18:24] $time_window
SUCCESS [1672] [2023-05-22 15:18:24] [1] 1
SUCCESS [1672] [2023-05-22 15:18:24] 
SUCCESS [1672] [2023-05-22 15:18:24] $departure_datetime
SUCCESS [1672] [2023-05-22 15:18:24] [1] "2022-03-09 08:00:00 UTC"
SUCCESS [1672] [2023-05-22 15:18:24] 
SUCCESS [1672] [2023-05-22 15:18:24] $mode
SUCCESS [1672] [2023-05-22 15:18:24] [1] "BICYCLE"
SUCCESS [1672] [2023-05-22 15:18:24] 
SUCCESS [1672] [2023-05-22 15:18:24] $percentiles
SUCCESS [1672] [2023-05-22 15:18:24] [1] 50
SUCCESS [1672] [2023-05-22 15:18:24] 
SUCCESS [1672] [2023-05-22 15:18:24] $max_walk_time
SUCCESS [1672] [2023-05-22 15:18:24] [1] Inf
SUCCESS [1672] [2023-05-22 15:18:24] 
SUCCESS [1672] [2023-05-22 15:18:24] $walk_speed
SUCCESS [1672] [2023-05-22 15:18:24] [1] 5
SUCCESS [1672] [2023-05-22 15:18:24] 
SUCCESS [1672] [2023-05-22 15:18:24] $bike_speed
SUCCESS [1672] [2023-05-22 15:18:24] [1] 12
SUCCESS [1672] [2023-05-22 15:18:24] 
SUCCESS [1672] [2023-05-22 15:18:24] $max_rides
SUCCESS [1672] [2023-05-22 15:18:24] [1] 1
SUCCESS [1672] [2023-05-22 15:18:24] 
SUCCESS [1672] [2023-05-22 15:18:24] $max_lts
SUCCESS [1672] [2023-05-22 15:18:24] [1] 2
SUCCESS [1672] [2023-05-22 15:18:24] 
SUCCESS [1672] [2023-05-22 15:18:24] $elevation
SUCCESS [1672] [2023-05-22 15:18:24] [1] "NONE"
SUCCESS [1672] [2023-05-22 15:18:24] 
SUCCESS [1672] [2023-05-22 15:18:24] $elevation_tif
SUCCESS [1672] [2023-05-22 15:18:24] [1] "elevation.tif"
SUCCESS [1672] [2023-05-22 15:18:24] 
SUCCESS [1672] [2023-05-22 15:18:24] $pkg
SUCCESS [1672] [2023-05-22 15:18:24] [1] "r5r"   "rJava"
SUCCESS [1672] [2023-05-22 15:18:24] 
SUCCESS [1672] [2023-05-22 15:18:24] $dfMaxLength
SUCCESS [1672] [2023-05-22 15:18:24] [1] 10
SUCCESS [1672] [2023-05-22 15:18:24] 
SUCCESS [1672] [2023-05-22 15:18:24] $breakdown
SUCCESS [1672] [2023-05-22 15:18:24] [1] FALSE
SUCCESS [1672] [2023-05-22 15:18:24] 
SUCCESS [1672] [2023-05-22 15:18:24] $elevation_data
SUCCESS [1672] [2023-05-22 15:18:24] class       : SpatRaster 
SUCCESS [1672] [2023-05-22 15:18:24] dimensions  : 7762, 8722, 1  (nrow, ncol, nlyr)
SUCCESS [1672] [2023-05-22 15:18:24] resolution  : 7.054164e-05, 7.054164e-05  (x, y)
SUCCESS [1672] [2023-05-22 15:18:24] extent      : -1.274414, -0.6591499, 45.92059, 46.46813  (xmin, xmax, ymin, ymax)
SUCCESS [1672] [2023-05-22 15:18:24] coord. ref. : lon/lat WGS 84 (EPSG:4326) 
SUCCESS [1672] [2023-05-22 15:18:24] source      : elevation.tif 
SUCCESS [1672] [2023-05-22 15:18:24] name        : elevation 
SUCCESS [1672] [2023-05-22 15:18:24] min value   :   0.00000 
SUCCESS [1672] [2023-05-22 15:18:24] max value   :  86.10102 
SUCCESS [1672] [2023-05-22 15:18:24] 
SUCCESS [1672] [2023-05-22 15:18:24] $max_rows
SUCCESS [1672] [2023-05-22 15:18:24] [1] 50000
SUCCESS [1672] [2023-05-22 15:18:24] 
SUCCESS [1672] [2023-05-22 15:18:24] $n_threads
SUCCESS [1672] [2023-05-22 15:18:24] [1] 16
SUCCESS [1672] [2023-05-22 15:18:24] 
SUCCESS [1672] [2023-05-22 15:18:24] $future
SUCCESS [1672] [2023-05-22 15:18:24] [1] TRUE
SUCCESS [1672] [2023-05-22 15:18:24] 
SUCCESS [1672] [2023-05-22 15:18:24] $jMem
SUCCESS [1672] [2023-05-22 15:18:24] [1] "12G"
SUCCESS [1672] [2023-05-22 15:18:24] 
SUCCESS [1672] [2023-05-22 15:18:24] $r5r_jar
SUCCESS [1672] [2023-05-22 15:18:24] [1] "/usr/local/lib/R/site-library/r5r/jar/r5r_0_6_0.jar"
SUCCESS [1672] [2023-05-22 15:18:24] 
SUCCESS [1672] [2023-05-22 15:18:24] $r5_jar
SUCCESS [1672] [2023-05-22 15:18:24] character(0)
SUCCESS [1672] [2023-05-22 15:18:24] 
SUCCESS [1672] [2023-05-22 15:18:24] $future_routing
SUCCESS [1672] [2023-05-22 15:18:24] function(routing) {
SUCCESS [1672] [2023-05-22 15:18:24]       rout <- routing
SUCCESS [1672] [2023-05-22 15:18:24]       rout$elevation_data <- NULL
SUCCESS [1672] [2023-05-22 15:18:24]       return(rout)}
SUCCESS [1672] [2023-05-22 15:18:24] <bytecode: 0x55b6e81aa918>
SUCCESS [1672] [2023-05-22 15:18:24] <environment: 0x55b6e3d95bb8>
SUCCESS [1672] [2023-05-22 15:18:24] 
SUCCESS [1672] [2023-05-22 15:18:24] $core_init
SUCCESS [1672] [2023-05-22 15:18:24] function(routing){
SUCCESS [1672] [2023-05-22 15:18:24]       options(java.parameters = glue::glue('-Xmx{routing$jMem}'))
SUCCESS [1672] [2023-05-22 15:18:24]       rJava::.jinit(silent=TRUE)
SUCCESS [1672] [2023-05-22 15:18:24]       r5r::stop_r5()
SUCCESS [1672] [2023-05-22 15:18:24]       rJava::.jgc(R.gc = TRUE)
SUCCESS [1672] [2023-05-22 15:18:24]       options(r5r.montecarlo_draws = routing$montecarlo)
SUCCESS [1672] [2023-05-22 15:18:24]       core <- r5r::setup_r5(data_path = routing$path, verbose=FALSE,
SUCCESS [1672] [2023-05-22 15:18:24]                             elevation=routing$elevation)
SUCCESS [1672] [2023-05-22 15:18:24]       out <- routing
SUCCESS [1672] [2023-05-22 15:18:24]       out$core <- core
SUCCESS [1672] [2023-05-22 15:18:24]       if(!is.null(routing$elevation_tif))
SUCCESS [1672] [2023-05-22 15:18:24]         out$elevation_data <- terra::rast(str_c(routing$path, "/", routing$elevation_tif))
SUCCESS [1672] [2023-05-22 15:18:24]       return(out)
SUCCESS [1672] [2023-05-22 15:18:24]     }
SUCCESS [1672] [2023-05-22 15:18:24] <bytecode: 0x55b6ea869288>
SUCCESS [1672] [2023-05-22 15:18:24] <environment: 0x55b6e3d95bb8>
SUCCESS [1672] [2023-05-22 15:18:24] 
SUCCESS [1672] [2023-05-22 15:18:24] 
SUCCESS [1672] [2023-05-22 15:18:24] tmax:120
SUCCESS [1672] [2023-05-22 15:18:24] pdt:1
SUCCESS [1672] [2023-05-22 15:18:24] chunk:10M
SUCCESS [1672] [2023-05-22 15:18:24] resolution:200
SUCCESS [1672] [2023-05-22 15:18:24] out:200
SUCCESS [1672] [2023-05-22 15:18:24] les variables sont NB
SUCCESS [1672] [2023-05-22 15:18:26] taille:3.9M gr:8 res_gr:12800
SUCCESS [1672] [2023-05-22 15:18:26] 5.5k ou, 713 quoi
SUCCESS [1672] [2023-05-22 15:18:26] 16 carreaux, 8 subsampling
SUCCESS [1672] [2023-05-22 15:18:26] future:TRUE, 1 workers
