SUCCESS [2022-02-16 10:06:04] Calcul accessibilite version 2
SUCCESS [2022-02-16 10:06:04] $type
SUCCESS [2022-02-16 10:06:04] [1] "r5_di"
SUCCESS [2022-02-16 10:06:04] 
SUCCESS [2022-02-16 10:06:04] $di
SUCCESS [2022-02-16 10:06:04] [1] TRUE
SUCCESS [2022-02-16 10:06:04] 
SUCCESS [2022-02-16 10:06:04] $path
SUCCESS [2022-02-16 10:06:04] C:\Users\timbe\Dropbox\Applications\nuvolos.cloud\ofce\accessibilite\master\la rochelle/r5car
SUCCESS [2022-02-16 10:06:04] FALSE
SUCCESS [2022-02-16 10:06:04] 
SUCCESS [2022-02-16 10:06:04] $string
SUCCESS [2022-02-16 10:06:04] r5_di routing CAR sur C:\Users\timbe\Dropbox\Applications\nuvolos.cloud\ofce\accessibilite\master\la rochelle/r5car a 2022-02-16 10:05:59
SUCCESS [2022-02-16 10:06:04] FALSE
SUCCESS [2022-02-16 10:06:04] 
SUCCESS [2022-02-16 10:06:04] $core
SUCCESS [2022-02-16 10:06:04] [1] "Java-Object{org.ipea.r5r.R5RCore@2f038af9}"
SUCCESS [2022-02-16 10:06:04] 
SUCCESS [2022-02-16 10:06:04] $montecarlo
SUCCESS [2022-02-16 10:06:04] [1] 10
SUCCESS [2022-02-16 10:06:04] 
SUCCESS [2022-02-16 10:06:04] $time_window
SUCCESS [2022-02-16 10:06:04] [1] 1
SUCCESS [2022-02-16 10:06:04] 
SUCCESS [2022-02-16 10:06:04] $departure_datetime
SUCCESS [2022-02-16 10:06:04] [1] "2022-03-09 08:00:00 UTC"
SUCCESS [2022-02-16 10:06:04] 
SUCCESS [2022-02-16 10:06:04] $mode
SUCCESS [2022-02-16 10:06:04] [1] "CAR"
SUCCESS [2022-02-16 10:06:04] 
SUCCESS [2022-02-16 10:06:04] $percentiles
SUCCESS [2022-02-16 10:06:04] [1] 50
SUCCESS [2022-02-16 10:06:04] 
SUCCESS [2022-02-16 10:06:04] $max_walk_dist
SUCCESS [2022-02-16 10:06:04] [1] Inf
SUCCESS [2022-02-16 10:06:04] 
SUCCESS [2022-02-16 10:06:04] $walk_speed
SUCCESS [2022-02-16 10:06:04] [1] 5
SUCCESS [2022-02-16 10:06:04] 
SUCCESS [2022-02-16 10:06:04] $bike_speed
SUCCESS [2022-02-16 10:06:04] [1] 12
SUCCESS [2022-02-16 10:06:04] 
SUCCESS [2022-02-16 10:06:04] $max_rides
SUCCESS [2022-02-16 10:06:04] [1] 1
SUCCESS [2022-02-16 10:06:04] 
SUCCESS [2022-02-16 10:06:04] $max_lts
SUCCESS [2022-02-16 10:06:04] [1] 2
SUCCESS [2022-02-16 10:06:04] 
SUCCESS [2022-02-16 10:06:04] $use_elevation
SUCCESS [2022-02-16 10:06:04] [1] FALSE
SUCCESS [2022-02-16 10:06:04] 
SUCCESS [2022-02-16 10:06:04] $elevation
SUCCESS [2022-02-16 10:06:04] NULL
SUCCESS [2022-02-16 10:06:04] 
SUCCESS [2022-02-16 10:06:04] $dfMaxLength
SUCCESS [2022-02-16 10:06:04] [1] 10
SUCCESS [2022-02-16 10:06:04] 
SUCCESS [2022-02-16 10:06:04] $elevation_data
SUCCESS [2022-02-16 10:06:04] NULL
SUCCESS [2022-02-16 10:06:04] 
SUCCESS [2022-02-16 10:06:04] $max_rows
SUCCESS [2022-02-16 10:06:04] [1] 1000
SUCCESS [2022-02-16 10:06:04] 
SUCCESS [2022-02-16 10:06:04] $n_threads
SUCCESS [2022-02-16 10:06:04] [1] 8
SUCCESS [2022-02-16 10:06:04] 
SUCCESS [2022-02-16 10:06:04] $future
SUCCESS [2022-02-16 10:06:04] [1] TRUE
SUCCESS [2022-02-16 10:06:04] 
SUCCESS [2022-02-16 10:06:04] $jMem
SUCCESS [2022-02-16 10:06:04] [1] "12G"
SUCCESS [2022-02-16 10:06:04] 
SUCCESS [2022-02-16 10:06:04] $r5r_jar
SUCCESS [2022-02-16 10:06:04] [1] "C:/Users/timbe/RLibs/4.1.2/r5r/jar/r5r_0_6_0.jar"
SUCCESS [2022-02-16 10:06:04] 
SUCCESS [2022-02-16 10:06:04] $r5_jar
SUCCESS [2022-02-16 10:06:04] character(0)
SUCCESS [2022-02-16 10:06:04] 
SUCCESS [2022-02-16 10:06:04] $core_init
SUCCESS [2022-02-16 10:06:04] function(routing){
SUCCESS [2022-02-16 10:06:04]       options(java.parameters = glue::glue('-Xmx{routing$jMem}'))
SUCCESS [2022-02-16 10:06:04]       rJava::.jinit(silent=TRUE)
SUCCESS [2022-02-16 10:06:04]       r5r::stop_r5()
SUCCESS [2022-02-16 10:06:04]       rJava::.jgc(R.gc = TRUE)
SUCCESS [2022-02-16 10:06:04]       options(r5r.montecarlo_draws = routing$montecarlo)
SUCCESS [2022-02-16 10:06:04]       core <- r5r::setup_r5(data_path = routing$path, verbose=FALSE,
SUCCESS [2022-02-16 10:06:04]                             use_elevation=routing$use_elevation)
SUCCESS [2022-02-16 10:06:04]       out <- routing
SUCCESS [2022-02-16 10:06:04]       out$core <- core
SUCCESS [2022-02-16 10:06:04]       if(!is.null(routing$elevation))
SUCCESS [2022-02-16 10:06:04]         out$elevation_data <- terra::rast(str_c(routing$path, "/", routing$elevation))
SUCCESS [2022-02-16 10:06:04]       return(out)
SUCCESS [2022-02-16 10:06:04]     }
SUCCESS [2022-02-16 10:06:04] <environment: 0x00000192d3aba258>
SUCCESS [2022-02-16 10:06:04] 
SUCCESS [2022-02-16 10:06:04] 
SUCCESS [2022-02-16 10:06:04] tmax:30
SUCCESS [2022-02-16 10:06:04] pdt:1
SUCCESS [2022-02-16 10:06:04] chunk:50M
SUCCESS [2022-02-16 10:06:04] resolution:200
SUCCESS [2022-02-16 10:06:04] out:200
SUCCESS [2022-02-16 10:06:04] les variables sont emplois
SUCCESS [2022-02-16 10:06:04] taille:11.7M gr:8 res_gr:12800
SUCCESS [2022-02-16 10:06:04] 5.4k ou, 6.5k quoi
SUCCESS [2022-02-16 10:06:04] 16 carreaux, 8 subsampling
SUCCESS [2022-02-16 10:06:04] future:FALSE, 1 workers
DEBUG [2022-02-16 10:06:04] [1] aog:N2636800E3481600 8 168
DEBUG [2022-02-16 10:06:04] iso_ttm:100 8 160
DEBUG [2022-02-16 10:06:05] 
DEBUG [2022-02-16 10:06:05] result:1280
DEBUG [2022-02-16 10:06:05] [1] ttm_ou:1280
DEBUG [2022-02-16 10:06:05] 
DEBUG [2022-02-16 10:06:05] iso_ttm:51 8 4912
DEBUG [2022-02-16 10:10:03] 
DEBUG [2022-02-16 10:10:03] result:16668
DEBUG [2022-02-16 10:10:03] [1] toc 16668
DEBUG [2022-02-16 10:10:03] iso_ttm:31 11 511
DEBUG [2022-02-16 10:10:05] 
DEBUG [2022-02-16 10:10:05] result:4448
DEBUG [2022-02-16 10:10:05] iso_ttm:31 11 595
DEBUG [2022-02-16 10:10:10] 
DEBUG [2022-02-16 10:10:10] result:4555
DEBUG [2022-02-16 10:10:10] iso_ttm:31 14 283
DEBUG [2022-02-16 10:10:11] 
DEBUG [2022-02-16 10:10:11] result:2913
DEBUG [2022-02-16 10:10:11] iso_ttm:31 29 620
DEBUG [2022-02-16 10:10:23] 
DEBUG [2022-02-16 10:10:23] result:10140
DEBUG [2022-02-16 10:10:23] iso_ttm:31 35 474
DEBUG [2022-02-16 10:10:30] 
DEBUG [2022-02-16 10:10:30] result:13677
DEBUG [2022-02-16 10:10:30] iso_ttm:31 60 344
DEBUG [2022-02-16 10:10:36] 
DEBUG [2022-02-16 10:10:36] result:18625
SUCCESS [2022-02-16 10:10:36] [1] carreau:N2636800E3481600 6 ancres 123.3k@453.5p/s demandees, 71k@261.1p/s retenues
DEBUG [2022-02-16 10:10:36] [1] aog:N2636800E3468800 8 259
DEBUG [2022-02-16 10:10:36] iso_ttm:100 8 251
DEBUG [2022-02-16 10:10:37] 
DEBUG [2022-02-16 10:10:37] result:2008
DEBUG [2022-02-16 10:10:37] [1] ttm_ou:2008
DEBUG [2022-02-16 10:10:37] 
DEBUG [2022-02-16 10:10:37] iso_ttm:51 8 4802
DEBUG [2022-02-16 10:13:38] 
DEBUG [2022-02-16 10:13:38] result:16895
DEBUG [2022-02-16 10:13:38] [1] toc 16895
DEBUG [2022-02-16 10:13:38] iso_ttm:31 8 508
DEBUG [2022-02-16 10:13:40] 
DEBUG [2022-02-16 10:13:40] result:2621
DEBUG [2022-02-16 10:13:40] iso_ttm:31 10 360
DEBUG [2022-02-16 10:13:42] 
DEBUG [2022-02-16 10:13:42] result:2923
DEBUG [2022-02-16 10:13:42] iso_ttm:31 34 1040
DEBUG [2022-02-16 10:14:07] 
DEBUG [2022-02-16 10:14:07] result:16923
DEBUG [2022-02-16 10:14:07] iso_ttm:31 36 1500
DEBUG [2022-02-16 10:14:42] 
DEBUG [2022-02-16 10:14:42] result:19898
DEBUG [2022-02-16 10:14:42] iso_ttm:31 45 677
DEBUG [2022-02-16 10:14:57] 
DEBUG [2022-02-16 10:14:57] result:21571
DEBUG [2022-02-16 10:14:57] iso_ttm:31 32 314
DEBUG [2022-02-16 10:14:59] 
DEBUG [2022-02-16 10:14:59] result:9184
DEBUG [2022-02-16 10:14:59] iso_ttm:31 86 967
DEBUG [2022-02-16 10:15:55] 
DEBUG [2022-02-16 10:15:55] result:41292
SUCCESS [2022-02-16 10:15:55] [1] carreau:N2636800E3468800 7 ancres 272.7k@856.5p/s demandees, 131.3k@412.4p/s retenues
DEBUG [2022-02-16 10:15:55] [1] aog:N2636800E3456000 8 42
DEBUG [2022-02-16 10:15:55] iso_ttm:100 8 34
DEBUG [2022-02-16 10:15:55] 
DEBUG [2022-02-16 10:15:55] result:272
DEBUG [2022-02-16 10:15:55] [1] ttm_ou:272
DEBUG [2022-02-16 10:15:55] 
DEBUG [2022-02-16 10:15:55] iso_ttm:37 8 2736
DEBUG [2022-02-16 10:16:13] 
DEBUG [2022-02-16 10:16:13] result:5111
DEBUG [2022-02-16 10:16:13] [1] toc 5111
DEBUG [2022-02-16 10:16:13] iso_ttm:31 9 538
DEBUG [2022-02-16 10:16:14] 
DEBUG [2022-02-16 10:16:14] result:3659
DEBUG [2022-02-16 10:16:14] iso_ttm:31 24 581
DEBUG [2022-02-16 10:16:18] 
DEBUG [2022-02-16 10:16:18] result:6829
DEBUG [2022-02-16 10:16:18] iso_ttm:31 1 489
DEBUG [2022-02-16 10:16:18] 
DEBUG [2022-02-16 10:16:18] result:484
SUCCESS [2022-02-16 10:16:18] [1] carreau:N2636800E3456000 3 ancres 71.3k@3kp/s demandees, 16.1k@685.5p/s retenues
DEBUG [2022-02-16 10:16:18] [1] aog:N2636800E3494400 8 1
DEBUG [2022-02-16 10:16:18] [1] ttm_ou:0
DEBUG [2022-02-16 10:16:18] 
DEBUG [2022-02-16 10:16:18] iso_ttm:33 1 2079
DEBUG [2022-02-16 10:16:22] 
DEBUG [2022-02-16 10:16:22] result:436
DEBUG [2022-02-16 10:16:22] [1] toc 436
SUCCESS [2022-02-16 10:16:22] [1] carreau:N2636800E3494400 0 ancres 6.5k@1.7kp/s demandees, 436@112.7p/s retenues
DEBUG [2022-02-16 10:16:22] [1] aog:N2624000E3468800 8 666
DEBUG [2022-02-16 10:16:22] iso_ttm:100 8 658
DEBUG [2022-02-16 10:16:23] 
DEBUG [2022-02-16 10:16:23] result:5264
DEBUG [2022-02-16 10:16:23] [1] ttm_ou:5264
DEBUG [2022-02-16 10:16:23] 
DEBUG [2022-02-16 10:16:23] iso_ttm:55 8 5763
DEBUG [2022-02-16 10:21:27] 
DEBUG [2022-02-16 10:21:27] result:23066
DEBUG [2022-02-16 10:21:27] [1] toc 23066
DEBUG [2022-02-16 10:21:27] iso_ttm:31 48 1096
DEBUG [2022-02-16 10:21:59] 
DEBUG [2022-02-16 10:21:59] result:37725
DEBUG [2022-02-16 10:21:59] iso_ttm:31 105 1814
DEBUG [2022-02-16 10:25:32] 
DEBUG [2022-02-16 10:25:32] result:103613
DEBUG [2022-02-16 10:25:32] iso_ttm:31 46 1209
DEBUG [2022-02-16 10:25:59] 
DEBUG [2022-02-16 10:26:00] result:48823
DEBUG [2022-02-16 10:26:00] iso_ttm:31 89 2123
DEBUG [2022-02-16 10:30:07] 
DEBUG [2022-02-16 10:30:08] result:93592
DEBUG [2022-02-16 10:30:08] iso_ttm:31 102 1116
DEBUG [2022-02-16 10:31:10] 
DEBUG [2022-02-16 10:31:10] result:97602
DEBUG [2022-02-16 10:31:10] iso_ttm:31 20 454
DEBUG [2022-02-16 10:31:15] 
DEBUG [2022-02-16 10:31:15] result:7912
DEBUG [2022-02-16 10:31:15] iso_ttm:31 93 1262
DEBUG [2022-02-16 10:32:56] 
DEBUG [2022-02-16 10:32:56] result:90779
DEBUG [2022-02-16 10:32:56] iso_ttm:31 155 1199
DEBUG [2022-02-16 10:34:37] 
DEBUG [2022-02-16 10:34:37] result:159433
SUCCESS [2022-02-16 10:34:37] [1] carreau:N2624000E3468800 8 ancres 965.8k@881.8p/s demandees, 662.5k@604.9p/s retenues
DEBUG [2022-02-16 10:34:38] [1] aog:N2624000E3481600 8 535
DEBUG [2022-02-16 10:34:38] iso_ttm:100 8 527
DEBUG [2022-02-16 10:34:38] 
DEBUG [2022-02-16 10:34:38] result:4216
DEBUG [2022-02-16 10:34:38] [1] ttm_ou:4216
DEBUG [2022-02-16 10:34:38] 
DEBUG [2022-02-16 10:34:38] iso_ttm:54 8 5600
DEBUG [2022-02-16 10:40:15] 
DEBUG [2022-02-16 10:40:15] result:23045
DEBUG [2022-02-16 10:40:15] [1] toc 23045
DEBUG [2022-02-16 10:40:15] iso_ttm:31 19 256
DEBUG [2022-02-16 10:40:17] 
DEBUG [2022-02-16 10:40:17] result:4589
DEBUG [2022-02-16 10:40:17] iso_ttm:31 24 256
DEBUG [2022-02-16 10:40:18] 
DEBUG [2022-02-16 10:40:18] result:5953
DEBUG [2022-02-16 10:40:18] iso_ttm:31 59 1105
DEBUG [2022-02-16 10:41:45] 
DEBUG [2022-02-16 10:41:45] result:30198
DEBUG [2022-02-16 10:41:45] iso_ttm:31 58 939
DEBUG [2022-02-16 10:42:57] 
DEBUG [2022-02-16 10:42:57] result:27482
DEBUG [2022-02-16 10:42:57] iso_ttm:31 47 1041
DEBUG [2022-02-16 10:44:01] 
DEBUG [2022-02-16 10:44:01] result:27591
DEBUG [2022-02-16 10:44:02] iso_ttm:31 163 1483
DEBUG [2022-02-16 10:49:40] 
DEBUG [2022-02-16 10:49:41] result:158938
DEBUG [2022-02-16 10:49:41] iso_ttm:31 157 2156
