SUCCESS [2022-02-15 10:24:49] Calcul accessibilite version 2
SUCCESS [2022-02-15 10:24:49] $type
SUCCESS [2022-02-15 10:24:49] [1] "r5"
SUCCESS [2022-02-15 10:24:49] 
SUCCESS [2022-02-15 10:24:49] $di
SUCCESS [2022-02-15 10:24:49] [1] FALSE
SUCCESS [2022-02-15 10:24:49] 
SUCCESS [2022-02-15 10:24:49] $path
SUCCESS [2022-02-15 10:24:49] C:\Users\timbe\Dropbox\Applications\nuvolos.cloud\ofce\accessibilite\master\la rochelle/r5
SUCCESS [2022-02-15 10:24:49] FALSE
SUCCESS [2022-02-15 10:24:49] 
SUCCESS [2022-02-15 10:24:49] $string
SUCCESS [2022-02-15 10:24:49] r5 routing CAR sur C:\Users\timbe\Dropbox\Applications\nuvolos.cloud\ofce\accessibilite\master\la rochelle/r5 a 2022-02-15 10:24:24
SUCCESS [2022-02-15 10:24:49] FALSE
SUCCESS [2022-02-15 10:24:49] 
SUCCESS [2022-02-15 10:24:49] $core
SUCCESS [2022-02-15 10:24:49] [1] "Java-Object{org.ipea.r5r.R5RCore@7c55419b}"
SUCCESS [2022-02-15 10:24:49] 
SUCCESS [2022-02-15 10:24:49] $montecarlo
SUCCESS [2022-02-15 10:24:49] [1] 10
SUCCESS [2022-02-15 10:24:49] 
SUCCESS [2022-02-15 10:24:49] $time_window
SUCCESS [2022-02-15 10:24:49] [1] 1
SUCCESS [2022-02-15 10:24:49] 
SUCCESS [2022-02-15 10:24:49] $departure_datetime
SUCCESS [2022-02-15 10:24:49] [1] "2022-03-09 08:00:00 UTC"
SUCCESS [2022-02-15 10:24:49] 
SUCCESS [2022-02-15 10:24:49] $mode
SUCCESS [2022-02-15 10:24:49] [1] "CAR"
SUCCESS [2022-02-15 10:24:49] 
SUCCESS [2022-02-15 10:24:49] $percentiles
SUCCESS [2022-02-15 10:24:49] [1] 50
SUCCESS [2022-02-15 10:24:49] 
SUCCESS [2022-02-15 10:24:49] $max_walk_dist
SUCCESS [2022-02-15 10:24:49] [1] Inf
SUCCESS [2022-02-15 10:24:49] 
SUCCESS [2022-02-15 10:24:49] $walk_speed
SUCCESS [2022-02-15 10:24:49] [1] 5
SUCCESS [2022-02-15 10:24:49] 
SUCCESS [2022-02-15 10:24:49] $bike_speed
SUCCESS [2022-02-15 10:24:49] [1] 12
SUCCESS [2022-02-15 10:24:49] 
SUCCESS [2022-02-15 10:24:49] $max_rides
SUCCESS [2022-02-15 10:24:49] [1] 5
SUCCESS [2022-02-15 10:24:49] 
SUCCESS [2022-02-15 10:24:49] $max_lts
SUCCESS [2022-02-15 10:24:49] [1] 2
SUCCESS [2022-02-15 10:24:49] 
SUCCESS [2022-02-15 10:24:49] $use_elevation
SUCCESS [2022-02-15 10:24:49] [1] FALSE
SUCCESS [2022-02-15 10:24:49] 
SUCCESS [2022-02-15 10:24:49] $elevation
SUCCESS [2022-02-15 10:24:49] NULL
SUCCESS [2022-02-15 10:24:49] 
SUCCESS [2022-02-15 10:24:49] $dfMaxLength
SUCCESS [2022-02-15 10:24:49] [1] 10
SUCCESS [2022-02-15 10:24:49] 
SUCCESS [2022-02-15 10:24:49] $elevation_data
SUCCESS [2022-02-15 10:24:49] NULL
SUCCESS [2022-02-15 10:24:49] 
SUCCESS [2022-02-15 10:24:49] $n_threads
SUCCESS [2022-02-15 10:24:49] [1] 16
SUCCESS [2022-02-15 10:24:49] 
SUCCESS [2022-02-15 10:24:49] $future
SUCCESS [2022-02-15 10:24:49] [1] TRUE
SUCCESS [2022-02-15 10:24:49] 
SUCCESS [2022-02-15 10:24:49] $jMem
SUCCESS [2022-02-15 10:24:49] [1] "12G"
SUCCESS [2022-02-15 10:24:49] 
SUCCESS [2022-02-15 10:24:49] $r5r_jar
SUCCESS [2022-02-15 10:24:49] [1] "C:/Users/timbe/RLibs/4.1.2/r5r/jar/r5r_0_6_0.jar"
SUCCESS [2022-02-15 10:24:49] 
SUCCESS [2022-02-15 10:24:49] $r5_jar
SUCCESS [2022-02-15 10:24:49] character(0)
SUCCESS [2022-02-15 10:24:49] 
SUCCESS [2022-02-15 10:24:49] $core_init
SUCCESS [2022-02-15 10:24:49] function(routing){
SUCCESS [2022-02-15 10:24:49]       options(java.parameters = glue::glue('-Xmx{routing$jMem}'))
SUCCESS [2022-02-15 10:24:49]       rJava::.jinit(silent=TRUE)
SUCCESS [2022-02-15 10:24:49]       r5r::stop_r5()
SUCCESS [2022-02-15 10:24:49]       rJava::.jgc(R.gc = TRUE)
SUCCESS [2022-02-15 10:24:49]       options(r5r.montecarlo_draws = routing$montecarlo)
SUCCESS [2022-02-15 10:24:49]       core <- r5r::setup_r5(data_path = routing$path, verbose=FALSE,
SUCCESS [2022-02-15 10:24:49]                             use_elevation=routing$use_elevation)
SUCCESS [2022-02-15 10:24:49]       out <- routing
SUCCESS [2022-02-15 10:24:49]       out$core <- core
SUCCESS [2022-02-15 10:24:49]       if(!is.null(routing$elevation))
SUCCESS [2022-02-15 10:24:49]         out$elevation_data <- terra::rast(str_c(routing$path, "/", routing$elevation))
SUCCESS [2022-02-15 10:24:49]       return(out)
SUCCESS [2022-02-15 10:24:49]     }
SUCCESS [2022-02-15 10:24:49] <bytecode: 0x0000019bb0cf29f8>
SUCCESS [2022-02-15 10:24:49] <environment: 0x0000019baf8f3628>
SUCCESS [2022-02-15 10:24:49] 
SUCCESS [2022-02-15 10:24:49] 
SUCCESS [2022-02-15 10:24:49] tmax:90
SUCCESS [2022-02-15 10:24:49] pdt:1
SUCCESS [2022-02-15 10:24:49] chunk:50M
SUCCESS [2022-02-15 10:24:49] resolution:200
SUCCESS [2022-02-15 10:24:49] out:200
SUCCESS [2022-02-15 10:24:49] les variables sont emplois
SUCCESS [2022-02-15 10:24:51] taille:35.4M gr:8 res_gr:12800
SUCCESS [2022-02-15 10:24:51] 5.4k ou, 6.5k quoi
SUCCESS [2022-02-15 10:24:51] 16 carreaux, 8 subsampling
SUCCESS [2022-02-15 10:24:51] future:FALSE, 1 workers
DEBUG [2022-02-15 10:24:51] [1] aog:N2636800E3481600 8 168
DEBUG [2022-02-15 10:24:51] iso_ttm:100 8 160
WARN [2022-02-15 10:25:00] error r5::travel_time_matrix, give an empty matrix after 2 attemps
DEBUG [2022-02-15 10:25:00] result:0
WARN [2022-02-15 10:25:00] erreur de routeur ttm_ou Error in .jcall("RJavaTools", "Ljava/lang/Object;", "invokeMethod", cl, : java.util.concurrent.ExecutionException: java.lang.OutOfMemoryError

WARN [2022-02-15 10:25:00] [1] carreau:N2636800E3481600 ou_id:168,169,221,236,262,303,393,468 ttm_ou vide
WARN [2022-02-15 10:25:00] la matrice des distances interne au carreau est vide
DEBUG [2022-02-15 10:25:00] [1] aog:N2636800E3468800 8 259
DEBUG [2022-02-15 10:25:00] iso_ttm:100 8 251
WARN [2022-02-15 10:25:15] error r5::travel_time_matrix, give an empty matrix after 2 attemps
DEBUG [2022-02-15 10:25:15] result:0
WARN [2022-02-15 10:25:15] erreur de routeur ttm_ou Error in .jcall("RJavaTools", "Ljava/lang/Object;", "invokeMethod", cl, : java.util.concurrent.ExecutionException: java.lang.OutOfMemoryError

WARN [2022-02-15 10:25:15] [1] carreau:N2636800E3468800 ou_id:31,74,77,208,278,295,332,395 ttm_ou vide
WARN [2022-02-15 10:25:15] la matrice des distances interne au carreau est vide
DEBUG [2022-02-15 10:25:15] [1] aog:N2636800E3456000 8 42
DEBUG [2022-02-15 10:25:15] iso_ttm:100 8 34
WARN [2022-02-15 10:25:46] error r5::travel_time_matrix, give an empty matrix after 2 attemps
DEBUG [2022-02-15 10:25:46] result:0
WARN [2022-02-15 10:25:46] erreur de routeur ttm_ou Error in .jcall("RJavaTools", "Ljava/lang/Object;", "invokeMethod", cl, : java.util.concurrent.ExecutionException: java.lang.OutOfMemoryError

WARN [2022-02-15 10:25:46] [1] carreau:N2636800E3456000 ou_id:115,142,147,265,286,307,326,344 ttm_ou vide
WARN [2022-02-15 10:25:46] la matrice des distances interne au carreau est vide
DEBUG [2022-02-15 10:25:46] [1] aog:N2636800E3494400 8 1
DEBUG [2022-02-15 10:25:46] [1] ttm_ou:0
DEBUG [2022-02-15 10:25:46] 
DEBUG [2022-02-15 10:25:46] iso_ttm:93 1 6500
WARN [2022-02-15 10:25:56] error r5::travel_time_matrix, give an empty matrix after 2 attemps
DEBUG [2022-02-15 10:25:56] result:0
WARN [2022-02-15 10:25:56] [1] carreau:N2636800E3494400 ou_id:458 erreur ttm_0 Error in .jcall("RJavaTools", "Ljava/lang/Object;", "invokeMethod", cl, : com.google.common.util.concurrent.ExecutionError: java.lang.OutOfMemoryError

WARN [2022-02-15 10:25:56] [1] carreau:N2636800E3494400 ou_id:458 ttm_0 vide
WARN [2022-02-15 10:25:56] la matrice des distances entre les ancres et les opportunites est vide
DEBUG [2022-02-15 10:25:56] [1] aog:N2624000E3468800 8 666
DEBUG [2022-02-15 10:25:56] iso_ttm:100 8 658
WARN [2022-02-15 10:26:14] error r5::travel_time_matrix, give an empty matrix after 2 attemps
DEBUG [2022-02-15 10:26:14] result:0
WARN [2022-02-15 10:26:14] erreur de routeur ttm_ou Error in .jcall("RJavaTools", "Ljava/lang/Object;", "invokeMethod", cl, : java.util.concurrent.ExecutionException: java.lang.OutOfMemoryError

WARN [2022-02-15 10:26:14] [1] carreau:N2624000E3468800 ou_id:1010,1039,1158,1328,1503,1658,1659,2652 ttm_ou vide
WARN [2022-02-15 10:26:14] la matrice des distances interne au carreau est vide
DEBUG [2022-02-15 10:26:14] [1] aog:N2624000E3481600 8 535
DEBUG [2022-02-15 10:26:14] iso_ttm:100 8 527
