SUCCESS [2022-02-15 10:40:51] Calcul accessibilite version 2
SUCCESS [2022-02-15 10:40:51] $type
SUCCESS [2022-02-15 10:40:51] [1] "r5"
SUCCESS [2022-02-15 10:40:51] 
SUCCESS [2022-02-15 10:40:51] $di
SUCCESS [2022-02-15 10:40:51] [1] FALSE
SUCCESS [2022-02-15 10:40:51] 
SUCCESS [2022-02-15 10:40:51] $path
SUCCESS [2022-02-15 10:40:51] C:\Users\timbe\Dropbox\Applications\nuvolos.cloud\ofce\accessibilite\master\la rochelle/r5
SUCCESS [2022-02-15 10:40:51] FALSE
SUCCESS [2022-02-15 10:40:51] 
SUCCESS [2022-02-15 10:40:51] $string
SUCCESS [2022-02-15 10:40:51] r5 routing CAR sur C:\Users\timbe\Dropbox\Applications\nuvolos.cloud\ofce\accessibilite\master\la rochelle/r5 a 2022-02-15 10:40:36
SUCCESS [2022-02-15 10:40:51] FALSE
SUCCESS [2022-02-15 10:40:51] 
SUCCESS [2022-02-15 10:40:51] $core
SUCCESS [2022-02-15 10:40:51] [1] "Java-Object{org.ipea.r5r.R5RCore@58cd4eb3}"
SUCCESS [2022-02-15 10:40:51] 
SUCCESS [2022-02-15 10:40:51] $montecarlo
SUCCESS [2022-02-15 10:40:51] [1] 10
SUCCESS [2022-02-15 10:40:51] 
SUCCESS [2022-02-15 10:40:51] $time_window
SUCCESS [2022-02-15 10:40:51] [1] 1
SUCCESS [2022-02-15 10:40:51] 
SUCCESS [2022-02-15 10:40:51] $departure_datetime
SUCCESS [2022-02-15 10:40:51] [1] "2022-03-09 08:00:00 UTC"
SUCCESS [2022-02-15 10:40:51] 
SUCCESS [2022-02-15 10:40:51] $mode
SUCCESS [2022-02-15 10:40:51] [1] "CAR"
SUCCESS [2022-02-15 10:40:51] 
SUCCESS [2022-02-15 10:40:51] $percentiles
SUCCESS [2022-02-15 10:40:51] [1] 50
SUCCESS [2022-02-15 10:40:51] 
SUCCESS [2022-02-15 10:40:51] $max_walk_dist
SUCCESS [2022-02-15 10:40:51] [1] Inf
SUCCESS [2022-02-15 10:40:51] 
SUCCESS [2022-02-15 10:40:51] $walk_speed
SUCCESS [2022-02-15 10:40:51] [1] 5
SUCCESS [2022-02-15 10:40:51] 
SUCCESS [2022-02-15 10:40:51] $bike_speed
SUCCESS [2022-02-15 10:40:51] [1] 12
SUCCESS [2022-02-15 10:40:51] 
SUCCESS [2022-02-15 10:40:51] $max_rides
SUCCESS [2022-02-15 10:40:51] [1] 5
SUCCESS [2022-02-15 10:40:51] 
SUCCESS [2022-02-15 10:40:51] $max_lts
SUCCESS [2022-02-15 10:40:51] [1] 2
SUCCESS [2022-02-15 10:40:51] 
SUCCESS [2022-02-15 10:40:51] $use_elevation
SUCCESS [2022-02-15 10:40:51] [1] FALSE
SUCCESS [2022-02-15 10:40:51] 
SUCCESS [2022-02-15 10:40:51] $elevation
SUCCESS [2022-02-15 10:40:51] NULL
SUCCESS [2022-02-15 10:40:51] 
SUCCESS [2022-02-15 10:40:51] $dfMaxLength
SUCCESS [2022-02-15 10:40:51] [1] 10
SUCCESS [2022-02-15 10:40:51] 
SUCCESS [2022-02-15 10:40:51] $elevation_data
SUCCESS [2022-02-15 10:40:51] NULL
SUCCESS [2022-02-15 10:40:51] 
SUCCESS [2022-02-15 10:40:51] $n_threads
SUCCESS [2022-02-15 10:40:51] [1] 16
SUCCESS [2022-02-15 10:40:51] 
SUCCESS [2022-02-15 10:40:51] $future
SUCCESS [2022-02-15 10:40:51] [1] TRUE
SUCCESS [2022-02-15 10:40:51] 
SUCCESS [2022-02-15 10:40:51] $jMem
SUCCESS [2022-02-15 10:40:51] [1] "12G"
SUCCESS [2022-02-15 10:40:51] 
SUCCESS [2022-02-15 10:40:51] $r5r_jar
SUCCESS [2022-02-15 10:40:51] [1] "C:/Users/timbe/RLibs/4.1.2/r5r/jar/r5r_0_6_0.jar"
SUCCESS [2022-02-15 10:40:51] 
SUCCESS [2022-02-15 10:40:51] $r5_jar
SUCCESS [2022-02-15 10:40:51] character(0)
SUCCESS [2022-02-15 10:40:51] 
SUCCESS [2022-02-15 10:40:51] $core_init
SUCCESS [2022-02-15 10:40:51] function(routing){
SUCCESS [2022-02-15 10:40:51]       options(java.parameters = glue::glue('-Xmx{routing$jMem}'))
SUCCESS [2022-02-15 10:40:51]       rJava::.jinit(silent=TRUE)
SUCCESS [2022-02-15 10:40:51]       r5r::stop_r5()
SUCCESS [2022-02-15 10:40:51]       rJava::.jgc(R.gc = TRUE)
SUCCESS [2022-02-15 10:40:51]       options(r5r.montecarlo_draws = routing$montecarlo)
SUCCESS [2022-02-15 10:40:51]       core <- r5r::setup_r5(data_path = routing$path, verbose=FALSE,
SUCCESS [2022-02-15 10:40:51]                             use_elevation=routing$use_elevation)
SUCCESS [2022-02-15 10:40:51]       out <- routing
SUCCESS [2022-02-15 10:40:51]       out$core <- core
SUCCESS [2022-02-15 10:40:51]       if(!is.null(routing$elevation))
SUCCESS [2022-02-15 10:40:51]         out$elevation_data <- terra::rast(str_c(routing$path, "/", routing$elevation))
SUCCESS [2022-02-15 10:40:51]       return(out)
SUCCESS [2022-02-15 10:40:51]     }
SUCCESS [2022-02-15 10:40:51] <environment: 0x000002b3e5eb29a0>
SUCCESS [2022-02-15 10:40:51] 
SUCCESS [2022-02-15 10:40:51] 
SUCCESS [2022-02-15 10:40:51] tmax:90
SUCCESS [2022-02-15 10:40:51] pdt:1
SUCCESS [2022-02-15 10:40:51] chunk:50M
SUCCESS [2022-02-15 10:40:51] resolution:200
SUCCESS [2022-02-15 10:40:51] out:200
SUCCESS [2022-02-15 10:40:51] les variables sont emplois
SUCCESS [2022-02-15 10:40:51] taille:35.4M gr:8 res_gr:12800
SUCCESS [2022-02-15 10:40:51] 5.4k ou, 6.5k quoi
SUCCESS [2022-02-15 10:40:51] 16 carreaux, 8 subsampling
SUCCESS [2022-02-15 10:40:51] future:FALSE, 1 workers
DEBUG [2022-02-15 10:40:51] [1] aog:N2636800E3481600 8 168
DEBUG [2022-02-15 10:40:51] iso_ttm:100 8 160
