SUCCESS [2022-02-15 18:51:03] Calcul accessibilite version 2
SUCCESS [2022-02-15 18:51:03] $type
SUCCESS [2022-02-15 18:51:03] [1] "r5_di"
SUCCESS [2022-02-15 18:51:03] 
SUCCESS [2022-02-15 18:51:03] $di
SUCCESS [2022-02-15 18:51:03] [1] TRUE
SUCCESS [2022-02-15 18:51:03] 
SUCCESS [2022-02-15 18:51:03] $path
SUCCESS [2022-02-15 18:51:03] C:\Users\timbe\Dropbox\Applications\nuvolos.cloud\ofce\accessibilite\master\la rochelle/r5
SUCCESS [2022-02-15 18:51:03] FALSE
SUCCESS [2022-02-15 18:51:03] 
SUCCESS [2022-02-15 18:51:03] $string
SUCCESS [2022-02-15 18:51:03] r5_di routing CAR sur C:\Users\timbe\Dropbox\Applications\nuvolos.cloud\ofce\accessibilite\master\la rochelle/r5 a 2022-02-15 18:49:25
SUCCESS [2022-02-15 18:51:03] FALSE
SUCCESS [2022-02-15 18:51:03] 
SUCCESS [2022-02-15 18:51:03] $core
SUCCESS [2022-02-15 18:51:03] [1] "Java-Object{org.ipea.r5r.R5RCore@676faa4c}"
SUCCESS [2022-02-15 18:51:03] 
SUCCESS [2022-02-15 18:51:03] $montecarlo
SUCCESS [2022-02-15 18:51:03] [1] 10
SUCCESS [2022-02-15 18:51:03] 
SUCCESS [2022-02-15 18:51:03] $time_window
SUCCESS [2022-02-15 18:51:03] [1] 1
SUCCESS [2022-02-15 18:51:03] 
SUCCESS [2022-02-15 18:51:03] $departure_datetime
SUCCESS [2022-02-15 18:51:03] [1] "2022-03-09 08:00:00 UTC"
SUCCESS [2022-02-15 18:51:03] 
SUCCESS [2022-02-15 18:51:03] $mode
SUCCESS [2022-02-15 18:51:03] [1] "CAR"
SUCCESS [2022-02-15 18:51:03] 
SUCCESS [2022-02-15 18:51:03] $percentiles
SUCCESS [2022-02-15 18:51:03] [1] 50
SUCCESS [2022-02-15 18:51:03] 
SUCCESS [2022-02-15 18:51:03] $max_walk_dist
SUCCESS [2022-02-15 18:51:03] [1] Inf
SUCCESS [2022-02-15 18:51:03] 
SUCCESS [2022-02-15 18:51:03] $walk_speed
SUCCESS [2022-02-15 18:51:03] [1] 5
SUCCESS [2022-02-15 18:51:03] 
SUCCESS [2022-02-15 18:51:03] $bike_speed
SUCCESS [2022-02-15 18:51:03] [1] 12
SUCCESS [2022-02-15 18:51:03] 
SUCCESS [2022-02-15 18:51:03] $max_rides
SUCCESS [2022-02-15 18:51:03] [1] 1
SUCCESS [2022-02-15 18:51:03] 
SUCCESS [2022-02-15 18:51:03] $max_lts
SUCCESS [2022-02-15 18:51:03] [1] 2
SUCCESS [2022-02-15 18:51:03] 
SUCCESS [2022-02-15 18:51:03] $use_elevation
SUCCESS [2022-02-15 18:51:03] [1] FALSE
SUCCESS [2022-02-15 18:51:03] 
SUCCESS [2022-02-15 18:51:03] $elevation
SUCCESS [2022-02-15 18:51:03] NULL
SUCCESS [2022-02-15 18:51:03] 
SUCCESS [2022-02-15 18:51:03] $dfMaxLength
SUCCESS [2022-02-15 18:51:03] [1] 10
SUCCESS [2022-02-15 18:51:03] 
SUCCESS [2022-02-15 18:51:03] $elevation_data
SUCCESS [2022-02-15 18:51:03] NULL
SUCCESS [2022-02-15 18:51:03] 
SUCCESS [2022-02-15 18:51:03] $max_rows
SUCCESS [2022-02-15 18:51:03] [1] 2500
SUCCESS [2022-02-15 18:51:03] 
SUCCESS [2022-02-15 18:51:03] $n_threads
SUCCESS [2022-02-15 18:51:03] [1] 16
SUCCESS [2022-02-15 18:51:03] 
SUCCESS [2022-02-15 18:51:03] $future
SUCCESS [2022-02-15 18:51:03] [1] TRUE
SUCCESS [2022-02-15 18:51:03] 
SUCCESS [2022-02-15 18:51:03] $jMem
SUCCESS [2022-02-15 18:51:03] [1] "12G"
SUCCESS [2022-02-15 18:51:03] 
SUCCESS [2022-02-15 18:51:03] $r5r_jar
SUCCESS [2022-02-15 18:51:03] [1] "C:/Users/timbe/RLibs/4.1.2/r5r/jar/r5r_0_6_0.jar"
SUCCESS [2022-02-15 18:51:03] 
SUCCESS [2022-02-15 18:51:03] $r5_jar
SUCCESS [2022-02-15 18:51:03] character(0)
SUCCESS [2022-02-15 18:51:03] 
SUCCESS [2022-02-15 18:51:03] $core_init
SUCCESS [2022-02-15 18:51:03] function(routing){
SUCCESS [2022-02-15 18:51:03]       options(java.parameters = glue::glue('-Xmx{routing$jMem}'))
SUCCESS [2022-02-15 18:51:03]       rJava::.jinit(silent=TRUE)
SUCCESS [2022-02-15 18:51:03]       r5r::stop_r5()
SUCCESS [2022-02-15 18:51:03]       rJava::.jgc(R.gc = TRUE)
SUCCESS [2022-02-15 18:51:03]       options(r5r.montecarlo_draws = routing$montecarlo)
SUCCESS [2022-02-15 18:51:03]       core <- r5r::setup_r5(data_path = routing$path, verbose=FALSE,
SUCCESS [2022-02-15 18:51:03]                             use_elevation=routing$use_elevation)
SUCCESS [2022-02-15 18:51:03]       out <- routing
SUCCESS [2022-02-15 18:51:03]       out$core <- core
SUCCESS [2022-02-15 18:51:03]       if(!is.null(routing$elevation))
SUCCESS [2022-02-15 18:51:03]         out$elevation_data <- terra::rast(str_c(routing$path, "/", routing$elevation))
SUCCESS [2022-02-15 18:51:03]       return(out)
SUCCESS [2022-02-15 18:51:03]     }
SUCCESS [2022-02-15 18:51:03] <bytecode: 0x00000192db260880>
SUCCESS [2022-02-15 18:51:03] <environment: 0x00000192dd6f2d98>
SUCCESS [2022-02-15 18:51:03] 
SUCCESS [2022-02-15 18:51:03] 
SUCCESS [2022-02-15 18:51:03] tmax:90
SUCCESS [2022-02-15 18:51:03] pdt:1
SUCCESS [2022-02-15 18:51:03] chunk:50M
SUCCESS [2022-02-15 18:51:03] resolution:200
SUCCESS [2022-02-15 18:51:03] out:200
SUCCESS [2022-02-15 18:51:03] les variables sont emplois
SUCCESS [2022-02-15 18:51:03] taille:35.4M gr:8 res_gr:12800
SUCCESS [2022-02-15 18:51:03] 5.4k ou, 6.5k quoi
SUCCESS [2022-02-15 18:51:03] 16 carreaux, 8 subsampling
SUCCESS [2022-02-15 18:51:03] future:FALSE, 1 workers
DEBUG [2022-02-15 18:51:03] [1] aog:N2636800E3481600 8 168
DEBUG [2022-02-15 18:51:03] iso_ttm:100 8 160
DEBUG [2022-02-15 18:51:11] 
DEBUG [2022-02-15 18:51:11] result:0
WARN [2022-02-15 18:51:11] 
WARN [2022-02-15 18:51:11] [1] carreau:N2636800E3481600 ou_id:199,284,381,400,411,427,445,454 ttm_ou vide
WARN [2022-02-15 18:51:11] la matrice des distances interne au carreau est vide
DEBUG [2022-02-15 18:51:12] [1] aog:N2636800E3468800 8 259
DEBUG [2022-02-15 18:51:12] iso_ttm:100 8 251
DEBUG [2022-02-15 18:51:15] 
DEBUG [2022-02-15 18:51:15] result:0
WARN [2022-02-15 18:51:15] 
WARN [2022-02-15 18:51:15] [1] carreau:N2636800E3468800 ou_id:27,66,129,164,208,214,276,279 ttm_ou vide
WARN [2022-02-15 18:51:15] la matrice des distances interne au carreau est vide
DEBUG [2022-02-15 18:51:15] [1] aog:N2636800E3456000 8 42
DEBUG [2022-02-15 18:51:15] iso_ttm:100 8 34
DEBUG [2022-02-15 18:51:17] 
DEBUG [2022-02-15 18:51:17] result:0
WARN [2022-02-15 18:51:17] 
WARN [2022-02-15 18:51:17] [1] carreau:N2636800E3456000 ou_id:137,138,141,143,264,286,357,358 ttm_ou vide
WARN [2022-02-15 18:51:17] la matrice des distances interne au carreau est vide
DEBUG [2022-02-15 18:51:17] [1] aog:N2636800E3494400 8 1
DEBUG [2022-02-15 18:51:17] [1] ttm_ou:0
DEBUG [2022-02-15 18:51:17] 
DEBUG [2022-02-15 18:51:17] iso_ttm:93 1 6500
DEBUG [2022-02-15 19:09:41] 
DEBUG [2022-02-15 19:09:41] result:0
WARN [2022-02-15 19:09:41] 
WARN [2022-02-15 19:09:41] [1] carreau:N2636800E3494400 ou_id:458 ttm_0 vide
WARN [2022-02-15 19:09:41] la matrice des distances entre les ancres et les opportunites est vide
DEBUG [2022-02-15 19:09:41] [1] aog:N2624000E3468800 8 666
DEBUG [2022-02-15 19:09:41] iso_ttm:100 8 658
DEBUG [2022-02-15 19:09:42] 
DEBUG [2022-02-15 19:09:42] result:0
WARN [2022-02-15 19:09:42] 
WARN [2022-02-15 19:09:42] [1] carreau:N2624000E3468800 ou_id:801,954,1081,1606,1829,1878,2305,2646 ttm_ou vide
WARN [2022-02-15 19:09:42] la matrice des distances interne au carreau est vide
DEBUG [2022-02-15 19:09:42] [1] aog:N2624000E3481600 8 535
DEBUG [2022-02-15 19:09:42] iso_ttm:100 8 527
DEBUG [2022-02-16 08:47:45] 
DEBUG [2022-02-16 08:47:45] result:0
WARN [2022-02-16 08:47:45] 
WARN [2022-02-16 08:47:45] [1] carreau:N2624000E3481600 ou_id:633,660,781,1090,1334,1456,1671,2178 ttm_ou vide
WARN [2022-02-16 08:47:45] la matrice des distances interne au carreau est vide
DEBUG [2022-02-16 08:47:45] [1] aog:N2624000E3494400 8 71
DEBUG [2022-02-16 08:47:45] iso_ttm:100 8 63
DEBUG [2022-02-16 08:47:48] 
DEBUG [2022-02-16 08:47:48] result:0
WARN [2022-02-16 08:47:48] 
WARN [2022-02-16 08:47:48] [1] carreau:N2624000E3494400 ou_id:920,949,1894,2035,2250,2568,2617,2665 ttm_ou vide
WARN [2022-02-16 08:47:48] la matrice des distances interne au carreau est vide
DEBUG [2022-02-16 08:47:48] [1] aog:N2624000E3456000 8 1121
DEBUG [2022-02-16 08:47:48] iso_ttm:100 8 1113
DEBUG [2022-02-16 08:47:56] 
DEBUG [2022-02-16 08:47:56] result:0
WARN [2022-02-16 08:47:56] 
WARN [2022-02-16 08:47:56] [1] carreau:N2624000E3456000 ou_id:841,927,1019,1153,1304,1383,1529,2620 ttm_ou vide
WARN [2022-02-16 08:47:56] la matrice des distances interne au carreau est vide
DEBUG [2022-02-16 08:47:56] [1] aog:N2611200E3456000 8 640
DEBUG [2022-02-16 08:47:56] iso_ttm:100 8 632
DEBUG [2022-02-16 08:47:59] 
DEBUG [2022-02-16 08:47:59] result:0
WARN [2022-02-16 08:47:59] 
WARN [2022-02-16 08:47:59] [1] carreau:N2611200E3456000 ou_id:3096,3177,3290,3365,3492,3749,4290,4723 ttm_ou vide
WARN [2022-02-16 08:47:59] la matrice des distances interne au carreau est vide
DEBUG [2022-02-16 08:47:59] [1] aog:N2611200E3468800 8 768
DEBUG [2022-02-16 08:47:59] iso_ttm:100 8 760
DEBUG [2022-02-16 08:48:01] 
DEBUG [2022-02-16 08:48:01] result:0
WARN [2022-02-16 08:48:01] 
WARN [2022-02-16 08:48:01] [1] carreau:N2611200E3468800 ou_id:3650,3888,3988,4177,4733,4913,4990,4993 ttm_ou vide
WARN [2022-02-16 08:48:01] la matrice des distances interne au carreau est vide
DEBUG [2022-02-16 08:48:01] [1] aog:N2611200E3481600 8 545
DEBUG [2022-02-16 08:48:01] iso_ttm:100 8 537
DEBUG [2022-02-16 08:48:02] 
DEBUG [2022-02-16 08:48:02] result:0
WARN [2022-02-16 08:48:02] 
WARN [2022-02-16 08:48:02] [1] carreau:N2611200E3481600 ou_id:3088,3242,4003,4220,4307,4315,4465,4779 ttm_ou vide
WARN [2022-02-16 08:48:02] la matrice des distances interne au carreau est vide
DEBUG [2022-02-16 08:48:02] [1] aog:N2611200E3494400 8 281
DEBUG [2022-02-16 08:48:02] iso_ttm:100 8 273
DEBUG [2022-02-16 08:48:03] 
DEBUG [2022-02-16 08:48:03] result:0
WARN [2022-02-16 08:48:03] 
WARN [2022-02-16 08:48:03] [1] carreau:N2611200E3494400 ou_id:3311,3478,3613,4012,4229,4320,4802,5044 ttm_ou vide
WARN [2022-02-16 08:48:03] la matrice des distances interne au carreau est vide
DEBUG [2022-02-16 08:48:03] [1] aog:N2598400E3456000 8 23
DEBUG [2022-02-16 08:48:03] iso_ttm:100 5 18
DEBUG [2022-02-16 08:48:04] 
DEBUG [2022-02-16 08:48:04] result:0
WARN [2022-02-16 08:48:04] 
WARN [2022-02-16 08:48:04] [1] carreau:N2598400E3456000 ou_id:5098,5257,5291,5292,5327 ttm_ou vide
WARN [2022-02-16 08:48:04] la matrice des distances interne au carreau est vide
DEBUG [2022-02-16 08:48:04] [1] aog:N2598400E3468800 8 51
DEBUG [2022-02-16 08:48:04] iso_ttm:100 8 43
DEBUG [2022-02-16 08:48:06] 
DEBUG [2022-02-16 08:48:06] result:0
WARN [2022-02-16 08:48:06] 
WARN [2022-02-16 08:48:06] [1] carreau:N2598400E3468800 ou_id:5103,5108,5142,5154,5179,5201,5328,5329 ttm_ou vide
WARN [2022-02-16 08:48:06] la matrice des distances interne au carreau est vide
DEBUG [2022-02-16 08:48:06] [1] aog:N2598400E3481600 8 236
DEBUG [2022-02-16 08:48:06] iso_ttm:100 8 228
DEBUG [2022-02-16 08:48:07] 
DEBUG [2022-02-16 08:48:07] result:0
WARN [2022-02-16 08:48:07] 
WARN [2022-02-16 08:48:07] [1] carreau:N2598400E3481600 ou_id:5195,5227,5344,5372,5387,5391,5404,5428 ttm_ou vide
WARN [2022-02-16 08:48:07] la matrice des distances interne au carreau est vide
DEBUG [2022-02-16 08:48:07] [1] aog:N2598400E3494400 8 39
DEBUG [2022-02-16 08:48:07] iso_ttm:100 8 31
DEBUG [2022-02-16 08:48:15] 
DEBUG [2022-02-16 08:48:15] result:0
WARN [2022-02-16 08:48:15] 
WARN [2022-02-16 08:48:15] [1] carreau:N2598400E3494400 ou_id:5137,5138,5176,5212,5214,5272,5307,5310 ttm_ou vide
WARN [2022-02-16 08:48:15] la matrice des distances interne au carreau est vide
SUCCESS [2022-02-16 08:48:15] r5_di routing CAR sur C:\Users\timbe\Dropbox\Applications\nuvolos.cloud\ofce\accessibilite\master\la rochelle/r5 a 2022-02-15 18:49:25 en 13h 57m 13s - 0 routes - 704.7 routes(brut)/s - 0 routes/s - 100% reduction
