SUCCESS [2022-02-15 11:34:47] Calcul accessibilite version 2
SUCCESS [2022-02-15 11:34:47] $type
SUCCESS [2022-02-15 11:34:47] [1] "r5_di"
SUCCESS [2022-02-15 11:34:47] 
SUCCESS [2022-02-15 11:34:47] $di
SUCCESS [2022-02-15 11:34:47] [1] TRUE
SUCCESS [2022-02-15 11:34:47] 
SUCCESS [2022-02-15 11:34:47] $path
SUCCESS [2022-02-15 11:34:47] C:\Users\timbe\Dropbox\Applications\nuvolos.cloud\ofce\accessibilite\master\la rochelle/r5
SUCCESS [2022-02-15 11:34:47] FALSE
SUCCESS [2022-02-15 11:34:47] 
SUCCESS [2022-02-15 11:34:47] $string
SUCCESS [2022-02-15 11:34:47] r5_di routing CAR sur C:\Users\timbe\Dropbox\Applications\nuvolos.cloud\ofce\accessibilite\master\la rochelle/r5 a 2022-02-15 11:33:38
SUCCESS [2022-02-15 11:34:47] FALSE
SUCCESS [2022-02-15 11:34:47] 
SUCCESS [2022-02-15 11:34:47] $core
SUCCESS [2022-02-15 11:34:47] [1] "Java-Object{org.ipea.r5r.R5RCore@5e214d27}"
SUCCESS [2022-02-15 11:34:47] 
SUCCESS [2022-02-15 11:34:47] $montecarlo
SUCCESS [2022-02-15 11:34:47] [1] 10
SUCCESS [2022-02-15 11:34:47] 
SUCCESS [2022-02-15 11:34:47] $time_window
SUCCESS [2022-02-15 11:34:47] [1] 1
SUCCESS [2022-02-15 11:34:47] 
SUCCESS [2022-02-15 11:34:47] $departure_datetime
SUCCESS [2022-02-15 11:34:47] [1] "2022-03-09 08:00:00 UTC"
SUCCESS [2022-02-15 11:34:47] 
SUCCESS [2022-02-15 11:34:47] $mode
SUCCESS [2022-02-15 11:34:47] [1] "CAR"
SUCCESS [2022-02-15 11:34:47] 
SUCCESS [2022-02-15 11:34:47] $percentiles
SUCCESS [2022-02-15 11:34:47] [1] 50
SUCCESS [2022-02-15 11:34:47] 
SUCCESS [2022-02-15 11:34:47] $max_walk_dist
SUCCESS [2022-02-15 11:34:47] [1] Inf
SUCCESS [2022-02-15 11:34:47] 
SUCCESS [2022-02-15 11:34:47] $walk_speed
SUCCESS [2022-02-15 11:34:47] [1] 5
SUCCESS [2022-02-15 11:34:47] 
SUCCESS [2022-02-15 11:34:47] $bike_speed
SUCCESS [2022-02-15 11:34:47] [1] 12
SUCCESS [2022-02-15 11:34:47] 
SUCCESS [2022-02-15 11:34:47] $max_rides
SUCCESS [2022-02-15 11:34:47] [1] 1
SUCCESS [2022-02-15 11:34:47] 
SUCCESS [2022-02-15 11:34:47] $max_lts
SUCCESS [2022-02-15 11:34:47] [1] 2
SUCCESS [2022-02-15 11:34:47] 
SUCCESS [2022-02-15 11:34:47] $use_elevation
SUCCESS [2022-02-15 11:34:47] [1] FALSE
SUCCESS [2022-02-15 11:34:47] 
SUCCESS [2022-02-15 11:34:47] $elevation
SUCCESS [2022-02-15 11:34:47] NULL
SUCCESS [2022-02-15 11:34:47] 
SUCCESS [2022-02-15 11:34:47] $dfMaxLength
SUCCESS [2022-02-15 11:34:47] [1] 10
SUCCESS [2022-02-15 11:34:47] 
SUCCESS [2022-02-15 11:34:47] $elevation_data
SUCCESS [2022-02-15 11:34:47] NULL
SUCCESS [2022-02-15 11:34:47] 
SUCCESS [2022-02-15 11:34:47] $n_threads
SUCCESS [2022-02-15 11:34:47] [1] 16
SUCCESS [2022-02-15 11:34:47] 
SUCCESS [2022-02-15 11:34:47] $future
SUCCESS [2022-02-15 11:34:47] [1] TRUE
SUCCESS [2022-02-15 11:34:47] 
SUCCESS [2022-02-15 11:34:47] $jMem
SUCCESS [2022-02-15 11:34:47] [1] "12G"
SUCCESS [2022-02-15 11:34:47] 
SUCCESS [2022-02-15 11:34:47] $r5r_jar
SUCCESS [2022-02-15 11:34:47] [1] "C:/Users/timbe/RLibs/4.1.2/r5r/jar/r5r_0_6_0.jar"
SUCCESS [2022-02-15 11:34:47] 
SUCCESS [2022-02-15 11:34:47] $r5_jar
SUCCESS [2022-02-15 11:34:47] character(0)
SUCCESS [2022-02-15 11:34:47] 
SUCCESS [2022-02-15 11:34:47] $core_init
SUCCESS [2022-02-15 11:34:47] function(routing){
SUCCESS [2022-02-15 11:34:47]       options(java.parameters = glue::glue('-Xmx{routing$jMem}'))
SUCCESS [2022-02-15 11:34:47]       rJava::.jinit(silent=TRUE)
SUCCESS [2022-02-15 11:34:47]       r5r::stop_r5()
SUCCESS [2022-02-15 11:34:47]       rJava::.jgc(R.gc = TRUE)
SUCCESS [2022-02-15 11:34:47]       options(r5r.montecarlo_draws = routing$montecarlo)
SUCCESS [2022-02-15 11:34:47]       core <- r5r::setup_r5(data_path = routing$path, verbose=FALSE,
SUCCESS [2022-02-15 11:34:47]                             use_elevation=routing$use_elevation)
SUCCESS [2022-02-15 11:34:47]       out <- routing
SUCCESS [2022-02-15 11:34:47]       out$core <- core
SUCCESS [2022-02-15 11:34:47]       if(!is.null(routing$elevation))
SUCCESS [2022-02-15 11:34:47]         out$elevation_data <- terra::rast(str_c(routing$path, "/", routing$elevation))
SUCCESS [2022-02-15 11:34:47]       return(out)
SUCCESS [2022-02-15 11:34:47]     }
SUCCESS [2022-02-15 11:34:47] <environment: 0x000001981ec7c068>
SUCCESS [2022-02-15 11:34:47] 
SUCCESS [2022-02-15 11:34:47] 
SUCCESS [2022-02-15 11:34:47] tmax:90
SUCCESS [2022-02-15 11:34:47] pdt:1
SUCCESS [2022-02-15 11:34:47] chunk:50M
SUCCESS [2022-02-15 11:34:47] resolution:200
SUCCESS [2022-02-15 11:34:47] out:200
SUCCESS [2022-02-15 11:34:47] les variables sont emplois
SUCCESS [2022-02-15 11:34:47] taille:35.4M gr:8 res_gr:12800
SUCCESS [2022-02-15 11:34:47] 5.4k ou, 6.5k quoi
SUCCESS [2022-02-15 11:34:47] 16 carreaux, 8 subsampling
SUCCESS [2022-02-15 11:34:47] future:FALSE, 1 workers
DEBUG [2022-02-15 11:34:47] [1] aog:N2636800E3481600 8 168
DEBUG [2022-02-15 11:34:47] iso_ttm:100 8 160
