SUCCESS [2022-02-15 18:06:06] Calcul accessibilite version 2
SUCCESS [2022-02-15 18:06:06] $type
SUCCESS [2022-02-15 18:06:06] [1] "r5_di"
SUCCESS [2022-02-15 18:06:06] 
SUCCESS [2022-02-15 18:06:06] $di
SUCCESS [2022-02-15 18:06:06] [1] TRUE
SUCCESS [2022-02-15 18:06:06] 
SUCCESS [2022-02-15 18:06:06] $path
SUCCESS [2022-02-15 18:06:06] C:\Users\timbe\Dropbox\Applications\nuvolos.cloud\ofce\accessibilite\master\la rochelle/r5
SUCCESS [2022-02-15 18:06:06] FALSE
SUCCESS [2022-02-15 18:06:06] 
SUCCESS [2022-02-15 18:06:06] $string
SUCCESS [2022-02-15 18:06:06] r5_di routing CAR sur C:\Users\timbe\Dropbox\Applications\nuvolos.cloud\ofce\accessibilite\master\la rochelle/r5 a 2022-02-15 18:06:01
SUCCESS [2022-02-15 18:06:06] FALSE
SUCCESS [2022-02-15 18:06:06] 
SUCCESS [2022-02-15 18:06:06] $core
SUCCESS [2022-02-15 18:06:06] [1] "Java-Object{org.ipea.r5r.R5RCore@3de39993}"
SUCCESS [2022-02-15 18:06:06] 
SUCCESS [2022-02-15 18:06:06] $montecarlo
SUCCESS [2022-02-15 18:06:06] [1] 10
SUCCESS [2022-02-15 18:06:06] 
SUCCESS [2022-02-15 18:06:06] $time_window
SUCCESS [2022-02-15 18:06:06] [1] 1
SUCCESS [2022-02-15 18:06:06] 
SUCCESS [2022-02-15 18:06:06] $departure_datetime
SUCCESS [2022-02-15 18:06:06] [1] "2022-03-09 08:00:00 UTC"
SUCCESS [2022-02-15 18:06:06] 
SUCCESS [2022-02-15 18:06:06] $mode
SUCCESS [2022-02-15 18:06:06] [1] "CAR"
SUCCESS [2022-02-15 18:06:06] 
SUCCESS [2022-02-15 18:06:06] $percentiles
SUCCESS [2022-02-15 18:06:06] [1] 50
SUCCESS [2022-02-15 18:06:06] 
SUCCESS [2022-02-15 18:06:06] $max_walk_dist
SUCCESS [2022-02-15 18:06:06] [1] Inf
SUCCESS [2022-02-15 18:06:06] 
SUCCESS [2022-02-15 18:06:06] $walk_speed
SUCCESS [2022-02-15 18:06:06] [1] 5
SUCCESS [2022-02-15 18:06:06] 
SUCCESS [2022-02-15 18:06:06] $bike_speed
SUCCESS [2022-02-15 18:06:06] [1] 12
SUCCESS [2022-02-15 18:06:06] 
SUCCESS [2022-02-15 18:06:06] $max_rides
SUCCESS [2022-02-15 18:06:06] [1] 1
SUCCESS [2022-02-15 18:06:06] 
SUCCESS [2022-02-15 18:06:06] $max_lts
SUCCESS [2022-02-15 18:06:06] [1] 2
SUCCESS [2022-02-15 18:06:06] 
SUCCESS [2022-02-15 18:06:06] $use_elevation
SUCCESS [2022-02-15 18:06:06] [1] FALSE
SUCCESS [2022-02-15 18:06:06] 
SUCCESS [2022-02-15 18:06:06] $elevation
SUCCESS [2022-02-15 18:06:06] NULL
SUCCESS [2022-02-15 18:06:06] 
SUCCESS [2022-02-15 18:06:06] $dfMaxLength
SUCCESS [2022-02-15 18:06:06] [1] 10
SUCCESS [2022-02-15 18:06:06] 
SUCCESS [2022-02-15 18:06:06] $elevation_data
SUCCESS [2022-02-15 18:06:06] NULL
SUCCESS [2022-02-15 18:06:06] 
SUCCESS [2022-02-15 18:06:06] $max_rows
SUCCESS [2022-02-15 18:06:06] [1] 2500
SUCCESS [2022-02-15 18:06:06] 
SUCCESS [2022-02-15 18:06:06] $n_threads
SUCCESS [2022-02-15 18:06:06] [1] 16
SUCCESS [2022-02-15 18:06:06] 
SUCCESS [2022-02-15 18:06:06] $future
SUCCESS [2022-02-15 18:06:06] [1] TRUE
SUCCESS [2022-02-15 18:06:06] 
SUCCESS [2022-02-15 18:06:06] $jMem
SUCCESS [2022-02-15 18:06:06] [1] "12G"
SUCCESS [2022-02-15 18:06:06] 
SUCCESS [2022-02-15 18:06:06] $r5r_jar
SUCCESS [2022-02-15 18:06:06] [1] "C:/Users/timbe/RLibs/4.1.2/r5r/jar/r5r_0_6_0.jar"
SUCCESS [2022-02-15 18:06:06] 
SUCCESS [2022-02-15 18:06:06] $r5_jar
SUCCESS [2022-02-15 18:06:06] character(0)
SUCCESS [2022-02-15 18:06:06] 
SUCCESS [2022-02-15 18:06:06] $core_init
SUCCESS [2022-02-15 18:06:06] function(routing){
SUCCESS [2022-02-15 18:06:06]       options(java.parameters = glue::glue('-Xmx{routing$jMem}'))
SUCCESS [2022-02-15 18:06:06]       rJava::.jinit(silent=TRUE)
SUCCESS [2022-02-15 18:06:06]       r5r::stop_r5()
SUCCESS [2022-02-15 18:06:06]       rJava::.jgc(R.gc = TRUE)
SUCCESS [2022-02-15 18:06:06]       options(r5r.montecarlo_draws = routing$montecarlo)
SUCCESS [2022-02-15 18:06:06]       core <- r5r::setup_r5(data_path = routing$path, verbose=FALSE,
SUCCESS [2022-02-15 18:06:06]                             use_elevation=routing$use_elevation)
SUCCESS [2022-02-15 18:06:06]       out <- routing
SUCCESS [2022-02-15 18:06:06]       out$core <- core
SUCCESS [2022-02-15 18:06:06]       if(!is.null(routing$elevation))
SUCCESS [2022-02-15 18:06:06]         out$elevation_data <- terra::rast(str_c(routing$path, "/", routing$elevation))
SUCCESS [2022-02-15 18:06:06]       return(out)
SUCCESS [2022-02-15 18:06:06]     }
SUCCESS [2022-02-15 18:06:06] <bytecode: 0x0000027060634e38>
SUCCESS [2022-02-15 18:06:06] <environment: 0x000002705b1ae880>
SUCCESS [2022-02-15 18:06:06] 
SUCCESS [2022-02-15 18:06:06] 
SUCCESS [2022-02-15 18:06:06] tmax:90
SUCCESS [2022-02-15 18:06:06] pdt:1
SUCCESS [2022-02-15 18:06:06] chunk:50M
SUCCESS [2022-02-15 18:06:06] resolution:200
SUCCESS [2022-02-15 18:06:06] out:200
SUCCESS [2022-02-15 18:06:06] les variables sont emplois
SUCCESS [2022-02-15 18:06:07] taille:35.4M gr:8 res_gr:12800
SUCCESS [2022-02-15 18:06:07] 5.4k ou, 6.5k quoi
SUCCESS [2022-02-15 18:06:07] 16 carreaux, 8 subsampling
SUCCESS [2022-02-15 18:06:07] future:FALSE, 1 workers
DEBUG [2022-02-15 18:06:07] [1] aog:N2636800E3481600 8 168
DEBUG [2022-02-15 18:06:07] iso_ttm:100 8 160
DEBUG [2022-02-15 18:06:07] 
DEBUG [2022-02-15 18:06:07] result:0
WARN [2022-02-15 18:06:07] 
WARN [2022-02-15 18:06:07] [1] carreau:N2636800E3481600 ou_id:106,241,334,390,406,442,443,448 ttm_ou vide
WARN [2022-02-15 18:06:07] la matrice des distances interne au carreau est vide
DEBUG [2022-02-15 18:06:07] [1] aog:N2636800E3468800 8 259
DEBUG [2022-02-15 18:06:07] iso_ttm:100 8 251
DEBUG [2022-02-15 18:06:08] 
DEBUG [2022-02-15 18:06:08] result:0
WARN [2022-02-15 18:06:08] 
WARN [2022-02-15 18:06:08] [1] carreau:N2636800E3468800 ou_id:69,79,116,119,128,192,205,364 ttm_ou vide
WARN [2022-02-15 18:06:08] la matrice des distances interne au carreau est vide
DEBUG [2022-02-15 18:06:08] [1] aog:N2636800E3456000 8 42
DEBUG [2022-02-15 18:06:08] iso_ttm:100 8 34
DEBUG [2022-02-15 18:06:08] 
DEBUG [2022-02-15 18:06:08] result:0
WARN [2022-02-15 18:06:08] 
WARN [2022-02-15 18:06:08] [1] carreau:N2636800E3456000 ou_id:110,137,138,200,306,325,343,345 ttm_ou vide
WARN [2022-02-15 18:06:08] la matrice des distances interne au carreau est vide
DEBUG [2022-02-15 18:06:08] [1] aog:N2636800E3494400 8 1
DEBUG [2022-02-15 18:06:08] [1] ttm_ou:0
DEBUG [2022-02-15 18:06:08] 
DEBUG [2022-02-15 18:06:08] iso_ttm:93 1 6500
