SUCCESS [2022-02-16 11:00:43] Calcul accessibilite version 2
SUCCESS [2022-02-16 11:00:43] $type
SUCCESS [2022-02-16 11:00:43] [1] "r5_di"
SUCCESS [2022-02-16 11:00:43] 
SUCCESS [2022-02-16 11:00:43] $di
SUCCESS [2022-02-16 11:00:43] [1] TRUE
SUCCESS [2022-02-16 11:00:43] 
SUCCESS [2022-02-16 11:00:43] $path
SUCCESS [2022-02-16 11:00:43] C:\Users\timbe\Dropbox\Applications\nuvolos.cloud\ofce\accessibilite\master\la rochelle/r5car
SUCCESS [2022-02-16 11:00:43] FALSE
SUCCESS [2022-02-16 11:00:43] 
SUCCESS [2022-02-16 11:00:43] $string
SUCCESS [2022-02-16 11:00:43] r5_di routing CAR sur C:\Users\timbe\Dropbox\Applications\nuvolos.cloud\ofce\accessibilite\master\la rochelle/r5car a 2022-02-16 11:00:42
SUCCESS [2022-02-16 11:00:43] FALSE
SUCCESS [2022-02-16 11:00:43] 
SUCCESS [2022-02-16 11:00:43] $core
SUCCESS [2022-02-16 11:00:43] [1] "Java-Object{org.ipea.r5r.R5RCore@15cb2a26}"
SUCCESS [2022-02-16 11:00:43] 
SUCCESS [2022-02-16 11:00:43] $montecarlo
SUCCESS [2022-02-16 11:00:43] [1] 10
SUCCESS [2022-02-16 11:00:43] 
SUCCESS [2022-02-16 11:00:43] $time_window
SUCCESS [2022-02-16 11:00:43] [1] 1
SUCCESS [2022-02-16 11:00:43] 
SUCCESS [2022-02-16 11:00:43] $departure_datetime
SUCCESS [2022-02-16 11:00:43] [1] "2022-03-09 08:00:00 UTC"
SUCCESS [2022-02-16 11:00:43] 
SUCCESS [2022-02-16 11:00:43] $mode
SUCCESS [2022-02-16 11:00:43] [1] "CAR"
SUCCESS [2022-02-16 11:00:43] 
SUCCESS [2022-02-16 11:00:43] $percentiles
SUCCESS [2022-02-16 11:00:43] [1] 50
SUCCESS [2022-02-16 11:00:43] 
SUCCESS [2022-02-16 11:00:43] $max_walk_dist
SUCCESS [2022-02-16 11:00:43] [1] Inf
SUCCESS [2022-02-16 11:00:43] 
SUCCESS [2022-02-16 11:00:43] $walk_speed
SUCCESS [2022-02-16 11:00:43] [1] 5
SUCCESS [2022-02-16 11:00:43] 
SUCCESS [2022-02-16 11:00:43] $bike_speed
SUCCESS [2022-02-16 11:00:43] [1] 12
SUCCESS [2022-02-16 11:00:43] 
SUCCESS [2022-02-16 11:00:43] $max_rides
SUCCESS [2022-02-16 11:00:43] [1] 1
SUCCESS [2022-02-16 11:00:43] 
SUCCESS [2022-02-16 11:00:43] $max_lts
SUCCESS [2022-02-16 11:00:43] [1] 2
SUCCESS [2022-02-16 11:00:43] 
SUCCESS [2022-02-16 11:00:43] $use_elevation
SUCCESS [2022-02-16 11:00:43] [1] FALSE
SUCCESS [2022-02-16 11:00:43] 
SUCCESS [2022-02-16 11:00:43] $elevation
SUCCESS [2022-02-16 11:00:43] NULL
SUCCESS [2022-02-16 11:00:43] 
SUCCESS [2022-02-16 11:00:43] $dfMaxLength
SUCCESS [2022-02-16 11:00:43] [1] 10
SUCCESS [2022-02-16 11:00:43] 
SUCCESS [2022-02-16 11:00:43] $elevation_data
SUCCESS [2022-02-16 11:00:43] NULL
SUCCESS [2022-02-16 11:00:43] 
SUCCESS [2022-02-16 11:00:43] $max_rows
SUCCESS [2022-02-16 11:00:43] [1] 500
SUCCESS [2022-02-16 11:00:43] 
SUCCESS [2022-02-16 11:00:43] $n_threads
SUCCESS [2022-02-16 11:00:43] [1] 8
SUCCESS [2022-02-16 11:00:43] 
SUCCESS [2022-02-16 11:00:43] $future
SUCCESS [2022-02-16 11:00:43] [1] TRUE
SUCCESS [2022-02-16 11:00:43] 
SUCCESS [2022-02-16 11:00:43] $jMem
SUCCESS [2022-02-16 11:00:43] [1] "12G"
SUCCESS [2022-02-16 11:00:43] 
SUCCESS [2022-02-16 11:00:43] $r5r_jar
SUCCESS [2022-02-16 11:00:43] [1] "C:/Users/timbe/RLibs/4.1.2/r5r/jar/r5r_0_6_0.jar"
SUCCESS [2022-02-16 11:00:43] 
SUCCESS [2022-02-16 11:00:43] $r5_jar
SUCCESS [2022-02-16 11:00:43] character(0)
SUCCESS [2022-02-16 11:00:43] 
SUCCESS [2022-02-16 11:00:43] $core_init
SUCCESS [2022-02-16 11:00:43] function(routing){
SUCCESS [2022-02-16 11:00:43]       options(java.parameters = glue::glue('-Xmx{routing$jMem}'))
SUCCESS [2022-02-16 11:00:43]       rJava::.jinit(silent=TRUE)
SUCCESS [2022-02-16 11:00:43]       r5r::stop_r5()
SUCCESS [2022-02-16 11:00:43]       rJava::.jgc(R.gc = TRUE)
SUCCESS [2022-02-16 11:00:43]       options(r5r.montecarlo_draws = routing$montecarlo)
SUCCESS [2022-02-16 11:00:43]       core <- r5r::setup_r5(data_path = routing$path, verbose=FALSE,
SUCCESS [2022-02-16 11:00:43]                             use_elevation=routing$use_elevation)
SUCCESS [2022-02-16 11:00:43]       out <- routing
SUCCESS [2022-02-16 11:00:43]       out$core <- core
SUCCESS [2022-02-16 11:00:43]       if(!is.null(routing$elevation))
SUCCESS [2022-02-16 11:00:43]         out$elevation_data <- terra::rast(str_c(routing$path, "/", routing$elevation))
SUCCESS [2022-02-16 11:00:43]       return(out)
SUCCESS [2022-02-16 11:00:43]     }
SUCCESS [2022-02-16 11:00:43] <bytecode: 0x00000192dd1a9958>
SUCCESS [2022-02-16 11:00:43] <environment: 0x00000192da8de768>
SUCCESS [2022-02-16 11:00:43] 
SUCCESS [2022-02-16 11:00:43] 
SUCCESS [2022-02-16 11:00:43] tmax:30
SUCCESS [2022-02-16 11:00:43] pdt:1
SUCCESS [2022-02-16 11:00:43] chunk:50M
SUCCESS [2022-02-16 11:00:43] resolution:200
SUCCESS [2022-02-16 11:00:43] out:200
SUCCESS [2022-02-16 11:00:43] les variables sont emplois
SUCCESS [2022-02-16 11:00:45] taille:11.6M gr:8 res_gr:12800
SUCCESS [2022-02-16 11:00:45] 5.4k ou, 6.5k quoi
SUCCESS [2022-02-16 11:00:45] 16 carreaux, 8 subsampling
SUCCESS [2022-02-16 11:00:45] future:FALSE, 1 workers
DEBUG [2022-02-16 11:00:45] [1] aog:N2636800E3481600 8 168
SUCCESS [2022-02-16 11:00:45] [1] carreau:N2636800E3481600 dossier:temp_c
DEBUG [2022-02-16 11:00:45] [1] aog:N2636800E3468800 8 259
SUCCESS [2022-02-16 11:00:45] [1] carreau:N2636800E3468800 dossier:temp_c
DEBUG [2022-02-16 11:00:45] [1] aog:N2636800E3456000 8 42
SUCCESS [2022-02-16 11:00:45] [1] carreau:N2636800E3456000 dossier:temp_c
DEBUG [2022-02-16 11:00:45] [1] aog:N2636800E3494400 8 1
SUCCESS [2022-02-16 11:00:45] [1] carreau:N2636800E3494400 dossier:temp_c
DEBUG [2022-02-16 11:00:45] [1] aog:N2624000E3468800 8 666
SUCCESS [2022-02-16 11:00:45] [1] carreau:N2624000E3468800 dossier:temp_c
DEBUG [2022-02-16 11:00:45] [1] aog:N2624000E3481600 8 535
DEBUG [2022-02-16 11:00:45] iso_ttm:100 8 527
DEBUG [2022-02-16 11:00:46] 
DEBUG [2022-02-16 11:00:46] result:4216
DEBUG [2022-02-16 11:00:46] [1] ttm_ou:4216
DEBUG [2022-02-16 11:00:46] 
DEBUG [2022-02-16 11:00:46] iso_ttm:55 8 5978
