SUCCESS [2022-02-15 11:35:52] Calcul accessibilite version 2
SUCCESS [2022-02-15 11:35:52] $type
SUCCESS [2022-02-15 11:35:52] [1] "r5_di"
SUCCESS [2022-02-15 11:35:52] 
SUCCESS [2022-02-15 11:35:52] $di
SUCCESS [2022-02-15 11:35:52] [1] TRUE
SUCCESS [2022-02-15 11:35:52] 
SUCCESS [2022-02-15 11:35:52] $path
SUCCESS [2022-02-15 11:35:52] C:\Users\timbe\Dropbox\Applications\nuvolos.cloud\ofce\accessibilite\master\la rochelle/r5
SUCCESS [2022-02-15 11:35:52] FALSE
SUCCESS [2022-02-15 11:35:52] 
SUCCESS [2022-02-15 11:35:52] $string
SUCCESS [2022-02-15 11:35:52] r5_di routing CAR sur C:\Users\timbe\Dropbox\Applications\nuvolos.cloud\ofce\accessibilite\master\la rochelle/r5 a 2022-02-15 11:33:38
SUCCESS [2022-02-15 11:35:52] FALSE
SUCCESS [2022-02-15 11:35:52] 
SUCCESS [2022-02-15 11:35:52] $core
SUCCESS [2022-02-15 11:35:52] [1] "Java-Object{org.ipea.r5r.R5RCore@5e214d27}"
SUCCESS [2022-02-15 11:35:52] 
SUCCESS [2022-02-15 11:35:52] $montecarlo
SUCCESS [2022-02-15 11:35:52] [1] 10
SUCCESS [2022-02-15 11:35:52] 
SUCCESS [2022-02-15 11:35:52] $time_window
SUCCESS [2022-02-15 11:35:52] [1] 1
SUCCESS [2022-02-15 11:35:52] 
SUCCESS [2022-02-15 11:35:52] $departure_datetime
SUCCESS [2022-02-15 11:35:52] [1] "2022-03-09 08:00:00 UTC"
SUCCESS [2022-02-15 11:35:52] 
SUCCESS [2022-02-15 11:35:52] $mode
SUCCESS [2022-02-15 11:35:52] [1] "CAR"
SUCCESS [2022-02-15 11:35:52] 
SUCCESS [2022-02-15 11:35:52] $percentiles
SUCCESS [2022-02-15 11:35:52] [1] 50
SUCCESS [2022-02-15 11:35:52] 
SUCCESS [2022-02-15 11:35:52] $max_walk_dist
SUCCESS [2022-02-15 11:35:52] [1] Inf
SUCCESS [2022-02-15 11:35:52] 
SUCCESS [2022-02-15 11:35:52] $walk_speed
SUCCESS [2022-02-15 11:35:52] [1] 5
SUCCESS [2022-02-15 11:35:52] 
SUCCESS [2022-02-15 11:35:52] $bike_speed
SUCCESS [2022-02-15 11:35:52] [1] 12
SUCCESS [2022-02-15 11:35:52] 
SUCCESS [2022-02-15 11:35:52] $max_rides
SUCCESS [2022-02-15 11:35:52] [1] 1
SUCCESS [2022-02-15 11:35:52] 
SUCCESS [2022-02-15 11:35:52] $max_lts
SUCCESS [2022-02-15 11:35:52] [1] 2
SUCCESS [2022-02-15 11:35:52] 
SUCCESS [2022-02-15 11:35:52] $use_elevation
SUCCESS [2022-02-15 11:35:52] [1] FALSE
SUCCESS [2022-02-15 11:35:52] 
SUCCESS [2022-02-15 11:35:52] $elevation
SUCCESS [2022-02-15 11:35:52] NULL
SUCCESS [2022-02-15 11:35:52] 
SUCCESS [2022-02-15 11:35:52] $dfMaxLength
SUCCESS [2022-02-15 11:35:52] [1] 10
SUCCESS [2022-02-15 11:35:52] 
SUCCESS [2022-02-15 11:35:52] $elevation_data
SUCCESS [2022-02-15 11:35:52] NULL
SUCCESS [2022-02-15 11:35:52] 
SUCCESS [2022-02-15 11:35:52] $n_threads
SUCCESS [2022-02-15 11:35:52] [1] 16
SUCCESS [2022-02-15 11:35:52] 
SUCCESS [2022-02-15 11:35:52] $future
SUCCESS [2022-02-15 11:35:52] [1] TRUE
SUCCESS [2022-02-15 11:35:52] 
SUCCESS [2022-02-15 11:35:52] $jMem
SUCCESS [2022-02-15 11:35:52] [1] "12G"
SUCCESS [2022-02-15 11:35:52] 
SUCCESS [2022-02-15 11:35:52] $r5r_jar
SUCCESS [2022-02-15 11:35:52] [1] "C:/Users/timbe/RLibs/4.1.2/r5r/jar/r5r_0_6_0.jar"
SUCCESS [2022-02-15 11:35:52] 
SUCCESS [2022-02-15 11:35:52] $r5_jar
SUCCESS [2022-02-15 11:35:52] character(0)
SUCCESS [2022-02-15 11:35:52] 
SUCCESS [2022-02-15 11:35:52] $core_init
SUCCESS [2022-02-15 11:35:52] function(routing){
SUCCESS [2022-02-15 11:35:52]       options(java.parameters = glue::glue('-Xmx{routing$jMem}'))
SUCCESS [2022-02-15 11:35:52]       rJava::.jinit(silent=TRUE)
SUCCESS [2022-02-15 11:35:52]       r5r::stop_r5()
SUCCESS [2022-02-15 11:35:52]       rJava::.jgc(R.gc = TRUE)
SUCCESS [2022-02-15 11:35:52]       options(r5r.montecarlo_draws = routing$montecarlo)
SUCCESS [2022-02-15 11:35:52]       core <- r5r::setup_r5(data_path = routing$path, verbose=FALSE,
SUCCESS [2022-02-15 11:35:52]                             use_elevation=routing$use_elevation)
SUCCESS [2022-02-15 11:35:52]       out <- routing
SUCCESS [2022-02-15 11:35:52]       out$core <- core
SUCCESS [2022-02-15 11:35:52]       if(!is.null(routing$elevation))
SUCCESS [2022-02-15 11:35:52]         out$elevation_data <- terra::rast(str_c(routing$path, "/", routing$elevation))
SUCCESS [2022-02-15 11:35:52]       return(out)
SUCCESS [2022-02-15 11:35:52]     }
SUCCESS [2022-02-15 11:35:52] <environment: 0x000001981ec7c068>
SUCCESS [2022-02-15 11:35:52] 
SUCCESS [2022-02-15 11:35:52] 
SUCCESS [2022-02-15 11:35:52] tmax:90
SUCCESS [2022-02-15 11:35:52] pdt:1
SUCCESS [2022-02-15 11:35:52] chunk:50M
SUCCESS [2022-02-15 11:35:52] resolution:200
SUCCESS [2022-02-15 11:35:52] out:200
SUCCESS [2022-02-15 11:35:52] les variables sont emplois
SUCCESS [2022-02-15 11:35:52] taille:35.4M gr:8 res_gr:12800
SUCCESS [2022-02-15 11:35:52] 5.4k ou, 6.5k quoi
SUCCESS [2022-02-15 11:35:52] 16 carreaux, 8 subsampling
SUCCESS [2022-02-15 11:35:52] future:FALSE, 1 workers
DEBUG [2022-02-15 11:35:52] [1] aog:N2636800E3481600 8 168
DEBUG [2022-02-15 11:35:52] iso_ttm:100 8 160
DEBUG [2022-02-15 11:35:56] calcul de distances (0.16 s. 1280 paires)
DEBUG [2022-02-15 11:35:56] result:1280
DEBUG [2022-02-15 11:35:56] [1] ttm_ou:1280
DEBUG [2022-02-15 11:35:56] 
DEBUG [2022-02-15 11:35:56] iso_ttm:110 8 6500
