SUCCESS [2022-02-15 10:18:31] Calcul accessibilite version 2
SUCCESS [2022-02-15 10:18:31] $type
SUCCESS [2022-02-15 10:18:31] [1] "r5_di"
SUCCESS [2022-02-15 10:18:31] 
SUCCESS [2022-02-15 10:18:31] $di
SUCCESS [2022-02-15 10:18:31] [1] TRUE
SUCCESS [2022-02-15 10:18:31] 
SUCCESS [2022-02-15 10:18:31] $path
SUCCESS [2022-02-15 10:18:31] C:\Users\timbe\Dropbox\Applications\nuvolos.cloud\ofce\accessibilite\master\la rochelle/r5
SUCCESS [2022-02-15 10:18:31] FALSE
SUCCESS [2022-02-15 10:18:31] 
SUCCESS [2022-02-15 10:18:31] $string
SUCCESS [2022-02-15 10:18:31] r5_di routing CAR sur C:\Users\timbe\Dropbox\Applications\nuvolos.cloud\ofce\accessibilite\master\la rochelle/r5 a 2022-02-15 10:17:01
SUCCESS [2022-02-15 10:18:31] FALSE
SUCCESS [2022-02-15 10:18:31] 
SUCCESS [2022-02-15 10:18:31] $core
SUCCESS [2022-02-15 10:18:31] [1] "Java-Object{org.ipea.r5r.R5RCore@25c2a532}"
SUCCESS [2022-02-15 10:18:31] 
SUCCESS [2022-02-15 10:18:31] $montecarlo
SUCCESS [2022-02-15 10:18:31] [1] 10
SUCCESS [2022-02-15 10:18:31] 
SUCCESS [2022-02-15 10:18:31] $time_window
SUCCESS [2022-02-15 10:18:31] [1] 1
SUCCESS [2022-02-15 10:18:31] 
SUCCESS [2022-02-15 10:18:31] $departure_datetime
SUCCESS [2022-02-15 10:18:31] [1] "2022-03-09 08:00:00 UTC"
SUCCESS [2022-02-15 10:18:31] 
SUCCESS [2022-02-15 10:18:31] $mode
SUCCESS [2022-02-15 10:18:31] [1] "CAR"
SUCCESS [2022-02-15 10:18:31] 
SUCCESS [2022-02-15 10:18:31] $percentiles
SUCCESS [2022-02-15 10:18:31] [1] 50
SUCCESS [2022-02-15 10:18:31] 
SUCCESS [2022-02-15 10:18:31] $max_walk_dist
SUCCESS [2022-02-15 10:18:31] [1] Inf
SUCCESS [2022-02-15 10:18:31] 
SUCCESS [2022-02-15 10:18:31] $walk_speed
SUCCESS [2022-02-15 10:18:31] [1] 5
SUCCESS [2022-02-15 10:18:31] 
SUCCESS [2022-02-15 10:18:31] $bike_speed
SUCCESS [2022-02-15 10:18:31] [1] 12
SUCCESS [2022-02-15 10:18:31] 
SUCCESS [2022-02-15 10:18:31] $max_rides
SUCCESS [2022-02-15 10:18:31] [1] 5
SUCCESS [2022-02-15 10:18:31] 
SUCCESS [2022-02-15 10:18:31] $max_lts
SUCCESS [2022-02-15 10:18:31] [1] 2
SUCCESS [2022-02-15 10:18:31] 
SUCCESS [2022-02-15 10:18:31] $use_elevation
SUCCESS [2022-02-15 10:18:31] [1] FALSE
SUCCESS [2022-02-15 10:18:31] 
SUCCESS [2022-02-15 10:18:31] $elevation
SUCCESS [2022-02-15 10:18:31] NULL
SUCCESS [2022-02-15 10:18:31] 
SUCCESS [2022-02-15 10:18:31] $dfMaxLength
SUCCESS [2022-02-15 10:18:31] [1] 10
SUCCESS [2022-02-15 10:18:31] 
SUCCESS [2022-02-15 10:18:31] $elevation_data
SUCCESS [2022-02-15 10:18:31] NULL
SUCCESS [2022-02-15 10:18:31] 
SUCCESS [2022-02-15 10:18:31] $n_threads
SUCCESS [2022-02-15 10:18:31] [1] 16
SUCCESS [2022-02-15 10:18:31] 
SUCCESS [2022-02-15 10:18:31] $future
SUCCESS [2022-02-15 10:18:31] [1] TRUE
SUCCESS [2022-02-15 10:18:31] 
SUCCESS [2022-02-15 10:18:31] $jMem
SUCCESS [2022-02-15 10:18:31] [1] "12G"
SUCCESS [2022-02-15 10:18:31] 
SUCCESS [2022-02-15 10:18:31] $r5r_jar
SUCCESS [2022-02-15 10:18:31] [1] "C:/Users/timbe/RLibs/4.1.2/r5r/jar/r5r_0_6_0.jar"
SUCCESS [2022-02-15 10:18:31] 
SUCCESS [2022-02-15 10:18:31] $r5_jar
SUCCESS [2022-02-15 10:18:31] character(0)
SUCCESS [2022-02-15 10:18:31] 
SUCCESS [2022-02-15 10:18:31] $core_init
SUCCESS [2022-02-15 10:18:31] function(routing){
SUCCESS [2022-02-15 10:18:31]       options(java.parameters = glue::glue('-Xmx{routing$jMem}'))
SUCCESS [2022-02-15 10:18:31]       rJava::.jinit(silent=TRUE)
SUCCESS [2022-02-15 10:18:31]       r5r::stop_r5()
SUCCESS [2022-02-15 10:18:31]       rJava::.jgc(R.gc = TRUE)
SUCCESS [2022-02-15 10:18:31]       options(r5r.montecarlo_draws = routing$montecarlo)
SUCCESS [2022-02-15 10:18:31]       core <- r5r::setup_r5(data_path = routing$path, verbose=FALSE,
SUCCESS [2022-02-15 10:18:31]                             use_elevation=routing$use_elevation)
SUCCESS [2022-02-15 10:18:31]       out <- routing
SUCCESS [2022-02-15 10:18:31]       out$core <- core
SUCCESS [2022-02-15 10:18:31]       if(!is.null(routing$elevation))
SUCCESS [2022-02-15 10:18:31]         out$elevation_data <- terra::rast(str_c(routing$path, "/", routing$elevation))
SUCCESS [2022-02-15 10:18:31]       return(out)
SUCCESS [2022-02-15 10:18:31]     }
SUCCESS [2022-02-15 10:18:31] <bytecode: 0x0000029fcbc2ace0>
SUCCESS [2022-02-15 10:18:31] <environment: 0x0000029fc6f9a288>
SUCCESS [2022-02-15 10:18:31] 
SUCCESS [2022-02-15 10:18:31] 
SUCCESS [2022-02-15 10:18:31] tmax:90
SUCCESS [2022-02-15 10:18:31] pdt:1
SUCCESS [2022-02-15 10:18:31] chunk:50M
SUCCESS [2022-02-15 10:18:31] resolution:200
SUCCESS [2022-02-15 10:18:31] out:200
SUCCESS [2022-02-15 10:18:31] les variables sont emplois
SUCCESS [2022-02-15 10:18:32] taille:35.4M gr:8 res_gr:12800
SUCCESS [2022-02-15 10:18:32] 5.4k ou, 6.5k quoi
SUCCESS [2022-02-15 10:18:32] 16 carreaux, 8 subsampling
SUCCESS [2022-02-15 10:18:32] future:FALSE, 1 workers
DEBUG [2022-02-15 10:18:32] [1] aog:N2636800E3481600 8 168
DEBUG [2022-02-15 10:18:32] iso_ttm:100 8 160
DEBUG [2022-02-15 10:18:33] calcul de distances (0.57 s.)
DEBUG [2022-02-15 10:18:33] result:1280
DEBUG [2022-02-15 10:18:33] [1] ttm_ou:1280
DEBUG [2022-02-15 10:18:33] 
DEBUG [2022-02-15 10:18:33] iso_ttm:125 8 6500
