SUCCESS [2023-05-22 15:17:12] Calcul accessibilite version 2
SUCCESS [2023-05-22 15:17:12] $type
SUCCESS [2023-05-22 15:17:12] [1] "r5_di"
SUCCESS [2023-05-22 15:17:12] 
SUCCESS [2023-05-22 15:17:12] $di
SUCCESS [2023-05-22 15:17:12] [1] TRUE
SUCCESS [2023-05-22 15:17:12] 
SUCCESS [2023-05-22 15:17:12] $path
SUCCESS [2023-05-22 15:17:12] ~/files/la rochelle/r5_base
SUCCESS [2023-05-22 15:17:12] FALSE
SUCCESS [2023-05-22 15:17:12] 
SUCCESS [2023-05-22 15:17:12] $string
SUCCESS [2023-05-22 15:17:12] r5_di routing BICYCLE sur ~/files/la rochelle/r5_base a 2023-05-22 15:17:11
SUCCESS [2023-05-22 15:17:12] FALSE
SUCCESS [2023-05-22 15:17:12] 
SUCCESS [2023-05-22 15:17:12] $core
SUCCESS [2023-05-22 15:17:12] [1] "Java-Object{org.ipea.r5r.R5RCore@47171edb}"
SUCCESS [2023-05-22 15:17:12] 
SUCCESS [2023-05-22 15:17:12] $montecarlo
SUCCESS [2023-05-22 15:17:12] [1] 10
SUCCESS [2023-05-22 15:17:12] 
SUCCESS [2023-05-22 15:17:12] $time_window
SUCCESS [2023-05-22 15:17:12] [1] 1
SUCCESS [2023-05-22 15:17:12] 
SUCCESS [2023-05-22 15:17:12] $departure_datetime
SUCCESS [2023-05-22 15:17:12] [1] "2022-03-09 08:00:00 UTC"
SUCCESS [2023-05-22 15:17:12] 
SUCCESS [2023-05-22 15:17:12] $mode
SUCCESS [2023-05-22 15:17:12] [1] "BICYCLE"
SUCCESS [2023-05-22 15:17:12] 
SUCCESS [2023-05-22 15:17:12] $percentiles
SUCCESS [2023-05-22 15:17:12] [1] 50
SUCCESS [2023-05-22 15:17:12] 
SUCCESS [2023-05-22 15:17:12] $max_walk_time
SUCCESS [2023-05-22 15:17:12] [1] Inf
SUCCESS [2023-05-22 15:17:12] 
SUCCESS [2023-05-22 15:17:12] $walk_speed
SUCCESS [2023-05-22 15:17:12] [1] 5
SUCCESS [2023-05-22 15:17:12] 
SUCCESS [2023-05-22 15:17:12] $bike_speed
SUCCESS [2023-05-22 15:17:12] [1] 12
SUCCESS [2023-05-22 15:17:12] 
SUCCESS [2023-05-22 15:17:12] $max_rides
SUCCESS [2023-05-22 15:17:12] [1] 1
SUCCESS [2023-05-22 15:17:12] 
SUCCESS [2023-05-22 15:17:12] $max_lts
SUCCESS [2023-05-22 15:17:12] [1] 2
SUCCESS [2023-05-22 15:17:12] 
SUCCESS [2023-05-22 15:17:12] $elevation
SUCCESS [2023-05-22 15:17:12] [1] "NONE"
SUCCESS [2023-05-22 15:17:12] 
SUCCESS [2023-05-22 15:17:12] $elevation_tif
SUCCESS [2023-05-22 15:17:12] [1] "elevation.tif"
SUCCESS [2023-05-22 15:17:12] 
SUCCESS [2023-05-22 15:17:12] $pkg
SUCCESS [2023-05-22 15:17:12] [1] "r5r"   "rJava"
SUCCESS [2023-05-22 15:17:12] 
SUCCESS [2023-05-22 15:17:12] $dfMaxLength
SUCCESS [2023-05-22 15:17:12] [1] 10
SUCCESS [2023-05-22 15:17:12] 
SUCCESS [2023-05-22 15:17:12] $breakdown
SUCCESS [2023-05-22 15:17:12] [1] FALSE
SUCCESS [2023-05-22 15:17:12] 
SUCCESS [2023-05-22 15:17:12] $elevation_data
SUCCESS [2023-05-22 15:17:12] class       : SpatRaster 
SUCCESS [2023-05-22 15:17:12] dimensions  : 7762, 8722, 1  (nrow, ncol, nlyr)
SUCCESS [2023-05-22 15:17:12] resolution  : 7.054164e-05, 7.054164e-05  (x, y)
SUCCESS [2023-05-22 15:17:12] extent      : -1.274414, -0.6591499, 45.92059, 46.46813  (xmin, xmax, ymin, ymax)
SUCCESS [2023-05-22 15:17:12] coord. ref. : lon/lat WGS 84 (EPSG:4326) 
SUCCESS [2023-05-22 15:17:12] source      : elevation.tif 
SUCCESS [2023-05-22 15:17:12] name        : elevation 
SUCCESS [2023-05-22 15:17:12] min value   :   0.00000 
SUCCESS [2023-05-22 15:17:12] max value   :  86.10102 
SUCCESS [2023-05-22 15:17:12] 
SUCCESS [2023-05-22 15:17:12] $max_rows
SUCCESS [2023-05-22 15:17:12] [1] 50000
SUCCESS [2023-05-22 15:17:12] 
SUCCESS [2023-05-22 15:17:12] $n_threads
SUCCESS [2023-05-22 15:17:12] [1] 16
SUCCESS [2023-05-22 15:17:12] 
SUCCESS [2023-05-22 15:17:12] $future
SUCCESS [2023-05-22 15:17:12] [1] TRUE
SUCCESS [2023-05-22 15:17:12] 
SUCCESS [2023-05-22 15:17:12] $jMem
SUCCESS [2023-05-22 15:17:12] [1] "12G"
SUCCESS [2023-05-22 15:17:12] 
SUCCESS [2023-05-22 15:17:12] $r5r_jar
SUCCESS [2023-05-22 15:17:12] [1] "/usr/local/lib/R/site-library/r5r/jar/r5r_0_6_0.jar"
SUCCESS [2023-05-22 15:17:12] 
SUCCESS [2023-05-22 15:17:12] $r5_jar
SUCCESS [2023-05-22 15:17:12] character(0)
SUCCESS [2023-05-22 15:17:12] 
SUCCESS [2023-05-22 15:17:12] $future_routing
SUCCESS [2023-05-22 15:17:12] function(routing) {
SUCCESS [2023-05-22 15:17:12]       rout <- routing
SUCCESS [2023-05-22 15:17:12]       rout$elevation_data <- NULL
SUCCESS [2023-05-22 15:17:12]       return(rout)}
SUCCESS [2023-05-22 15:17:12] <bytecode: 0x55b6e81aa918>
SUCCESS [2023-05-22 15:17:12] <environment: 0x55b6e3d95bb8>
SUCCESS [2023-05-22 15:17:12] 
SUCCESS [2023-05-22 15:17:12] $core_init
SUCCESS [2023-05-22 15:17:12] function(routing){
SUCCESS [2023-05-22 15:17:12]       options(java.parameters = glue::glue('-Xmx{routing$jMem}'))
SUCCESS [2023-05-22 15:17:12]       rJava::.jinit(silent=TRUE)
SUCCESS [2023-05-22 15:17:12]       r5r::stop_r5()
SUCCESS [2023-05-22 15:17:12]       rJava::.jgc(R.gc = TRUE)
SUCCESS [2023-05-22 15:17:12]       options(r5r.montecarlo_draws = routing$montecarlo)
SUCCESS [2023-05-22 15:17:12]       core <- r5r::setup_r5(data_path = routing$path, verbose=FALSE,
SUCCESS [2023-05-22 15:17:12]                             elevation=routing$elevation)
SUCCESS [2023-05-22 15:17:12]       out <- routing
SUCCESS [2023-05-22 15:17:12]       out$core <- core
SUCCESS [2023-05-22 15:17:12]       if(!is.null(routing$elevation_tif))
SUCCESS [2023-05-22 15:17:12]         out$elevation_data <- terra::rast(str_c(routing$path, "/", routing$elevation_tif))
SUCCESS [2023-05-22 15:17:12]       return(out)
SUCCESS [2023-05-22 15:17:12]     }
SUCCESS [2023-05-22 15:17:12] <bytecode: 0x55b6ea869288>
SUCCESS [2023-05-22 15:17:12] <environment: 0x55b6e3d95bb8>
SUCCESS [2023-05-22 15:17:12] 
SUCCESS [2023-05-22 15:17:12] 
SUCCESS [2023-05-22 15:17:12] tmax:120
SUCCESS [2023-05-22 15:17:13] pdt:1
SUCCESS [2023-05-22 15:17:13] chunk:10M
SUCCESS [2023-05-22 15:17:13] resolution:200
SUCCESS [2023-05-22 15:17:13] out:200
SUCCESS [2023-05-22 15:17:14] les variables sont NB
SUCCESS [2023-05-22 15:17:16] taille:3.9M gr:8 res_gr:12800
SUCCESS [2023-05-22 15:17:16] 5.5k ou, 713 quoi
SUCCESS [2023-05-22 15:17:16] 16 carreaux, 8 subsampling
SUCCESS [2023-05-22 15:17:17] future:TRUE, 1 workers
SUCCESS [1672] [2023-05-22 15:17:26] carreau:N2598400E3481600 dossier:temp_t3_test
