SUCCESS [2022-02-16 09:55:38] Calcul accessibilite version 2
SUCCESS [2022-02-16 09:55:38] $type
SUCCESS [2022-02-16 09:55:38] [1] "r5_di"
SUCCESS [2022-02-16 09:55:38] 
SUCCESS [2022-02-16 09:55:38] $di
SUCCESS [2022-02-16 09:55:38] [1] TRUE
SUCCESS [2022-02-16 09:55:38] 
SUCCESS [2022-02-16 09:55:38] $path
SUCCESS [2022-02-16 09:55:38] C:\Users\timbe\Dropbox\Applications\nuvolos.cloud\ofce\accessibilite\master\la rochelle/r5
SUCCESS [2022-02-16 09:55:38] FALSE
SUCCESS [2022-02-16 09:55:38] 
SUCCESS [2022-02-16 09:55:38] $string
SUCCESS [2022-02-16 09:55:38] r5_di routing CAR sur C:\Users\timbe\Dropbox\Applications\nuvolos.cloud\ofce\accessibilite\master\la rochelle/r5 a 2022-02-16 09:51:26
SUCCESS [2022-02-16 09:55:38] FALSE
SUCCESS [2022-02-16 09:55:38] 
SUCCESS [2022-02-16 09:55:38] $core
SUCCESS [2022-02-16 09:55:38] [1] "Java-Object{org.ipea.r5r.R5RCore@7394b1eb}"
SUCCESS [2022-02-16 09:55:38] 
SUCCESS [2022-02-16 09:55:38] $montecarlo
SUCCESS [2022-02-16 09:55:38] [1] 10
SUCCESS [2022-02-16 09:55:38] 
SUCCESS [2022-02-16 09:55:38] $time_window
SUCCESS [2022-02-16 09:55:38] [1] 1
SUCCESS [2022-02-16 09:55:38] 
SUCCESS [2022-02-16 09:55:38] $departure_datetime
SUCCESS [2022-02-16 09:55:38] [1] "2022-03-09 08:00:00 UTC"
SUCCESS [2022-02-16 09:55:38] 
SUCCESS [2022-02-16 09:55:38] $mode
SUCCESS [2022-02-16 09:55:38] [1] "CAR"
SUCCESS [2022-02-16 09:55:38] 
SUCCESS [2022-02-16 09:55:38] $percentiles
SUCCESS [2022-02-16 09:55:38] [1] 50
SUCCESS [2022-02-16 09:55:38] 
SUCCESS [2022-02-16 09:55:38] $max_walk_dist
SUCCESS [2022-02-16 09:55:38] [1] Inf
SUCCESS [2022-02-16 09:55:38] 
SUCCESS [2022-02-16 09:55:38] $walk_speed
SUCCESS [2022-02-16 09:55:38] [1] 5
SUCCESS [2022-02-16 09:55:38] 
SUCCESS [2022-02-16 09:55:38] $bike_speed
SUCCESS [2022-02-16 09:55:38] [1] 12
SUCCESS [2022-02-16 09:55:38] 
SUCCESS [2022-02-16 09:55:38] $max_rides
SUCCESS [2022-02-16 09:55:38] [1] 1
SUCCESS [2022-02-16 09:55:38] 
SUCCESS [2022-02-16 09:55:38] $max_lts
SUCCESS [2022-02-16 09:55:38] [1] 2
SUCCESS [2022-02-16 09:55:38] 
SUCCESS [2022-02-16 09:55:38] $use_elevation
SUCCESS [2022-02-16 09:55:38] [1] FALSE
SUCCESS [2022-02-16 09:55:38] 
SUCCESS [2022-02-16 09:55:38] $elevation
SUCCESS [2022-02-16 09:55:38] NULL
SUCCESS [2022-02-16 09:55:38] 
SUCCESS [2022-02-16 09:55:38] $dfMaxLength
SUCCESS [2022-02-16 09:55:38] [1] 10
SUCCESS [2022-02-16 09:55:38] 
SUCCESS [2022-02-16 09:55:38] $elevation_data
SUCCESS [2022-02-16 09:55:38] NULL
SUCCESS [2022-02-16 09:55:38] 
SUCCESS [2022-02-16 09:55:38] $max_rows
SUCCESS [2022-02-16 09:55:38] [1] 1000
SUCCESS [2022-02-16 09:55:38] 
SUCCESS [2022-02-16 09:55:38] $n_threads
SUCCESS [2022-02-16 09:55:38] [1] 16
SUCCESS [2022-02-16 09:55:38] 
SUCCESS [2022-02-16 09:55:38] $future
SUCCESS [2022-02-16 09:55:38] [1] TRUE
SUCCESS [2022-02-16 09:55:38] 
SUCCESS [2022-02-16 09:55:38] $jMem
SUCCESS [2022-02-16 09:55:38] [1] "12G"
SUCCESS [2022-02-16 09:55:38] 
SUCCESS [2022-02-16 09:55:38] $r5r_jar
SUCCESS [2022-02-16 09:55:38] [1] "C:/Users/timbe/RLibs/4.1.2/r5r/jar/r5r_0_6_0.jar"
SUCCESS [2022-02-16 09:55:38] 
SUCCESS [2022-02-16 09:55:38] $r5_jar
SUCCESS [2022-02-16 09:55:38] character(0)
SUCCESS [2022-02-16 09:55:38] 
SUCCESS [2022-02-16 09:55:38] $core_init
SUCCESS [2022-02-16 09:55:38] function(routing){
SUCCESS [2022-02-16 09:55:38]       options(java.parameters = glue::glue('-Xmx{routing$jMem}'))
SUCCESS [2022-02-16 09:55:38]       rJava::.jinit(silent=TRUE)
SUCCESS [2022-02-16 09:55:38]       r5r::stop_r5()
SUCCESS [2022-02-16 09:55:38]       rJava::.jgc(R.gc = TRUE)
SUCCESS [2022-02-16 09:55:38]       options(r5r.montecarlo_draws = routing$montecarlo)
SUCCESS [2022-02-16 09:55:38]       core <- r5r::setup_r5(data_path = routing$path, verbose=FALSE,
SUCCESS [2022-02-16 09:55:38]                             use_elevation=routing$use_elevation)
SUCCESS [2022-02-16 09:55:38]       out <- routing
SUCCESS [2022-02-16 09:55:38]       out$core <- core
SUCCESS [2022-02-16 09:55:38]       if(!is.null(routing$elevation))
SUCCESS [2022-02-16 09:55:38]         out$elevation_data <- terra::rast(str_c(routing$path, "/", routing$elevation))
SUCCESS [2022-02-16 09:55:38]       return(out)
SUCCESS [2022-02-16 09:55:38]     }
SUCCESS [2022-02-16 09:55:38] <bytecode: 0x00000192d8031c50>
SUCCESS [2022-02-16 09:55:38] <environment: 0x00000192dc9f8428>
SUCCESS [2022-02-16 09:55:38] 
SUCCESS [2022-02-16 09:55:38] 
SUCCESS [2022-02-16 09:55:38] tmax:30
SUCCESS [2022-02-16 09:55:38] pdt:1
SUCCESS [2022-02-16 09:55:38] chunk:50M
SUCCESS [2022-02-16 09:55:38] resolution:200
SUCCESS [2022-02-16 09:55:38] out:200
SUCCESS [2022-02-16 09:55:38] les variables sont emplois
SUCCESS [2022-02-16 09:55:39] taille:11.7M gr:8 res_gr:12800
SUCCESS [2022-02-16 09:55:39] 5.4k ou, 6.5k quoi
SUCCESS [2022-02-16 09:55:39] 16 carreaux, 8 subsampling
SUCCESS [2022-02-16 09:55:39] future:FALSE, 1 workers
DEBUG [2022-02-16 09:55:39] [1] aog:N2636800E3481600 8 168
DEBUG [2022-02-16 09:55:39] iso_ttm:100 8 160
