SUCCESS [2023-10-14 16:48:34] Calcul accessibilite version 2
SUCCESS [2023-10-14 16:48:34] $type
SUCCESS [2023-10-14 16:48:34] [1] "dodgr_di"
SUCCESS [2023-10-14 16:48:34] 
SUCCESS [2023-10-14 16:48:34] $path
SUCCESS [2023-10-14 16:48:34] /space_mounts/data/larochelle/dodgr/
SUCCESS [2023-10-14 16:48:34] FALSE
SUCCESS [2023-10-14 16:48:34] 
SUCCESS [2023-10-14 16:48:34] $graph
SUCCESS [2023-10-14 16:48:34] # A tibble: 2,383,653 × 21
SUCCESS [2023-10-14 16:48:34]    .vx0      .vx1  edge_ .vx0_x .vx0_y .vx1_x .vx1_y     d    dz object_ bicycle
SUCCESS [2023-10-14 16:48:34]    <chr>     <chr> <chr>  <dbl>  <dbl>  <dbl>  <dbl> <dbl> <dbl> <chr>   <chr>  
SUCCESS [2023-10-14 16:48:34]  1 503050716 7066… qpXJ…  -1.41   46.0  -1.41   46.0  9.17     0 563235… <NA>   
SUCCESS [2023-10-14 16:48:34]  2 706690541 7066… bZxX…  -1.41   46.0  -1.41   46.0 30.0      0 563235… <NA>   
SUCCESS [2023-10-14 16:48:34]  3 706690449 5200… gkXM…  -1.41   46.0  -1.41   46.0 28.1      1 563235… <NA>   
SUCCESS [2023-10-14 16:48:34]  4 52008728… 5200… KUiN…  -1.41   46.0  -1.41   46.0 22.4     -1 563235… <NA>   
SUCCESS [2023-10-14 16:48:34]  5 52008729… 5200… m2Hk…  -1.41   46.0  -1.41   46.0 32.3      1 563235… <NA>   
SUCCESS [2023-10-14 16:48:34]  6 52008728… 7066… HcEZ…  -1.41   46.0  -1.41   46.0  2.94     0 563235… <NA>   
SUCCESS [2023-10-14 16:48:34]  7 706690433 7066… AzJ1…  -1.41   46.0  -1.41   46.0 33.3      1 563235… <NA>   
SUCCESS [2023-10-14 16:48:34]  8 706690460 7066… 1pWw…  -1.41   46.0  -1.41   46.0 17.9      1 563235… <NA>   
SUCCESS [2023-10-14 16:48:34]  9 706690488 5200… z1Ko…  -1.41   46.0  -1.41   46.0 33.0      1 563235… <NA>   
SUCCESS [2023-10-14 16:48:34] 10 52008728… 7066… eb5l…  -1.41   46.0  -1.41   46.0  4.32     0 563235… <NA>   
SUCCESS [2023-10-14 16:48:34] # ℹ 2,383,643 more rows
SUCCESS [2023-10-14 16:48:34] # ℹ 10 more variables: foot <chr>, highway <chr>, oneway_bicycle <lgl>,
SUCCESS [2023-10-14 16:48:34] #   lanes <chr>, junction <chr>, d_weighted <dbl>, time <dbl>,
SUCCESS [2023-10-14 16:48:34] #   time_weighted <dbl>, component <int>, weight <dbl>
SUCCESS [2023-10-14 16:48:34] # ℹ Use `print(n = ...)` to see more rows
SUCCESS [2023-10-14 16:48:34] 
SUCCESS [2023-10-14 16:48:34] $vertices
SUCCESS [2023-10-14 16:48:34]              id         x        y component   n
SUCCESS [2023-10-14 16:48:34] 1     503050716 -1.410452 46.04767         1   0
SUCCESS [2023-10-14 16:48:34] 2     706690541 -1.410337 46.04768         1   1
SUCCESS [2023-10-14 16:48:34] 3     706690449 -1.409952 46.04766         1   2
SUCCESS [2023-10-14 16:48:34] 4    5200872899 -1.409593 46.04761         1   3
SUCCESS [2023-10-14 16:48:34] 5    5200872900 -1.409319 46.04755         1   4
SUCCESS [2023-10-14 16:48:34] 6    5200872896 -1.409016 46.04735         1   5
SUCCESS [2023-10-14 16:48:34] 7     706690433 -1.408987 46.04733         1   6
SUCCESS [2023-10-14 16:48:34] 8     706690460 -1.408663 46.04713         1   7
SUCCESS [2023-10-14 16:48:34] 9     706690488 -1.408529 46.04700         1   8
SUCCESS [2023-10-14 16:48:34] 10   5200872898 -1.408340 46.04674         1   9
SUCCESS [2023-10-14 16:48:34] 11    706690535 -1.408313 46.04670         1  10
SUCCESS [2023-10-14 16:48:34] 12    706690470 -1.407709 46.04633         1  11
SUCCESS [2023-10-14 16:48:34] 13    505401393 -1.407998 46.04402         1  12
SUCCESS [2023-10-14 16:48:34] 14    322663477 -1.408028 46.04398         1  13
SUCCESS [2023-10-14 16:48:34] 15   5052021621 -1.408132 46.04387         1  14
SUCCESS [2023-10-14 16:48:34] 16    712867650 -1.409092 46.04292         1  15
SUCCESS [2023-10-14 16:48:34] 17    322663675 -1.409578 46.04242         1  16
SUCCESS [2023-10-14 16:48:34] 18    322663677 -1.409726 46.04223         1  17
SUCCESS [2023-10-14 16:48:34] 19    322663679 -1.409800 46.04202         1  18
SUCCESS [2023-10-14 16:48:34] 20    322663681 -1.409820 46.04182         1  19
SUCCESS [2023-10-14 16:48:34] 21    322664058 -1.409780 46.04160         1  20
SUCCESS [2023-10-14 16:48:34] 22   1402601209 -1.409509 46.04086         1  21
SUCCESS [2023-10-14 16:48:34] 23    712861460 -1.409202 46.04002         1  22
SUCCESS [2023-10-14 16:48:34] 24   2510243641 -1.408434 46.03797         1  23
SUCCESS [2023-10-14 16:48:34] 25    712861486 -1.408416 46.03792         1  24
SUCCESS [2023-10-14 16:48:34] 26    712861506 -1.407839 46.03635         1  25
SUCCESS [2023-10-14 16:48:34] 27    322664059 -1.407433 46.03519         1  26
SUCCESS [2023-10-14 16:48:34] 28    712861492 -1.407294 46.03483         1  27
SUCCESS [2023-10-14 16:48:34] 29    712861481 -1.406742 46.03315         1  28
SUCCESS [2023-10-14 16:48:34] 30    712867628 -1.405989 46.03087         1  29
SUCCESS [2023-10-14 16:48:34] 31   4459551088 -1.405953 46.03077         1  30
SUCCESS [2023-10-14 16:48:34] 32   7797393262 -1.405939 46.03073         1  31
SUCCESS [2023-10-14 16:48:34] 33   5041150732 -1.405709 46.03002         1  32
SUCCESS [2023-10-14 16:48:34] 34   4459551691 -1.405693 46.02997         1  33
SUCCESS [2023-10-14 16:48:34] 35    322664060 -1.405633 46.02979         1  34
SUCCESS [2023-10-14 16:48:34] 36   5079518329 -1.405166 46.02916         1  35
SUCCESS [2023-10-14 16:48:34] 37    712861511 -1.404176 46.02786         1  36
SUCCESS [2023-10-14 16:48:34] 38    712861480 -1.402854 46.02599         1  37
SUCCESS [2023-10-14 16:48:34] 39  11156248127 -1.402306 46.02519         1  38
SUCCESS [2023-10-14 16:48:34] 40    322664063 -1.402214 46.02510         1  39
SUCCESS [2023-10-14 16:48:34] 41  11156248126 -1.402106 46.02502         1  40
SUCCESS [2023-10-14 16:48:34] 42   4022302783 -1.401417 46.02459         1  41
SUCCESS [2023-10-14 16:48:34] 43   4459551711 -1.400258 46.02384         1  42
SUCCESS [2023-10-14 16:48:34] 44    712861466 -1.397414 46.02204         1  43
SUCCESS [2023-10-14 16:48:34] 45   8949727686 -1.396916 46.02171         1  44
SUCCESS [2023-10-14 16:48:34] 46    503057966 -1.396832 46.02164         1  45
SUCCESS [2023-10-14 16:48:34] 47   5084184130 -1.396818 46.02163         1  46
SUCCESS [2023-10-14 16:48:34] 48    322664064 -1.396656 46.02150         1  47
SUCCESS [2023-10-14 16:48:34] 49   6415106663 -1.396176 46.02101         1  48
SUCCESS [2023-10-14 16:48:34] 50   6415106665 -1.395992 46.02087         1  49
SUCCESS [2023-10-14 16:48:34] 51   6415106664 -1.395617 46.02056         1  50
SUCCESS [2023-10-14 16:48:34] 52    712647254 -1.395053 46.02008         1  51
SUCCESS [2023-10-14 16:48:34] 53    322664065 -1.394618 46.01970         1  52
SUCCESS [2023-10-14 16:48:34] 54   6415106671 -1.394363 46.01957         1  53
SUCCESS [2023-10-14 16:48:34] 55    712647203 -1.394085 46.01947         1  54
SUCCESS [2023-10-14 16:48:34] 56    712647294 -1.393436 46.01926         1  55
SUCCESS [2023-10-14 16:48:34] 58    322665468 -1.411435 46.04689         1  56
SUCCESS [2023-10-14 16:48:34] 59   2510243946 -1.411391 46.04695         1  57
SUCCESS [2023-10-14 16:48:34] 60    706690463 -1.411312 46.04702         1  58
SUCCESS [2023-10-14 16:48:34] 61   7798177563 -1.410986 46.04726         1  59
SUCCESS [2023-10-14 16:48:34] 63   7798177565 -1.410974 46.04725         1  60
SUCCESS [2023-10-14 16:48:34] 64    274973538 -1.503900 46.24111         1  61
SUCCESS [2023-10-14 16:48:34] 65   1190095842 -1.503884 46.24121         1  62
SUCCESS [2023-10-14 16:48:34] 66    274973537 -1.503856 46.24129         1  63
SUCCESS [2023-10-14 16:48:34] 67   7009876667 -1.503810 46.24137         1  64
SUCCESS [2023-10-14 16:48:34] 68   7009876666 -1.503744 46.24146         1  65
SUCCESS [2023-10-14 16:48:34] 69    274973536 -1.503566 46.24168         1  66
SUCCESS [2023-10-14 16:48:34] 70    278520846 -1.431249 46.19591         1  67
SUCCESS [2023-10-14 16:48:34] 71    274972404 -1.431086 46.19605         1  68
SUCCESS [2023-10-14 16:48:34] 72   1147829559 -1.430806 46.19615         1  69
SUCCESS [2023-10-14 16:48:34] 74   7009876668 -1.503899 46.24099         1  70
SUCCESS [2023-10-14 16:48:34] 75   5884395969 -1.503883 46.24085         1  71
SUCCESS [2023-10-14 16:48:34] 76   1190096285 -1.503872 46.24078         1  72
SUCCESS [2023-10-14 16:48:34] 77   8866459074 -1.503859 46.24073         1  73
SUCCESS [2023-10-14 16:48:34] 78   1188206567 -1.503837 46.24064         1  74
SUCCESS [2023-10-14 16:48:34] 79   6910559121 -1.503778 46.24039         1  75
SUCCESS [2023-10-14 16:48:34] 80    275180529 -1.503792 46.24035         1  76
SUCCESS [2023-10-14 16:48:34] 81    292965780 -1.454032 46.20961         1  77
SUCCESS [2023-10-14 16:48:34] 82   6394795225 -1.454290 46.20971         1  78
SUCCESS [2023-10-14 16:48:34] 83   1213953591 -1.454552 46.20981         1  79
SUCCESS [2023-10-14 16:48:34] 84    278743239 -1.455150 46.21001         1  80
SUCCESS [2023-10-14 16:48:34] 85   1213953703 -1.455587 46.21013         1  81
SUCCESS [2023-10-14 16:48:34] 86   2704274799 -1.455757 46.21018         1  82
SUCCESS [2023-10-14 16:48:34] 87   1213952986 -1.455943 46.21024         1  83
SUCCESS [2023-10-14 16:48:34] 88    278743240 -1.456144 46.21031         1  84
SUCCESS [2023-10-14 16:48:34] 89   2704274801 -1.456245 46.21033         1  85
SUCCESS [2023-10-14 16:48:34] 90   2704274804 -1.456980 46.21048         1  86
SUCCESS [2023-10-14 16:48:34] 91    278586406 -1.457808 46.21065         1  87
SUCCESS [2023-10-14 16:48:34] 92    278586407 -1.458502 46.21078         1  88
SUCCESS [2023-10-14 16:48:34] 93    278586408 -1.458728 46.21081         1  89
SUCCESS [2023-10-14 16:48:34] 94   2704274811 -1.459010 46.21084         1  90
SUCCESS [2023-10-14 16:48:34] 95    278586409 -1.459250 46.21087         1  91
SUCCESS [2023-10-14 16:48:34] 96   1387775465 -1.459704 46.21093         1  92
SUCCESS [2023-10-14 16:48:34] 97    278586410 -1.459907 46.21098         1  93
SUCCESS [2023-10-14 16:48:34] 98    278583639 -1.443990 46.20637         1  94
SUCCESS [2023-10-14 16:48:34] 99   6394795220 -1.443875 46.20643         1  95
SUCCESS [2023-10-14 16:48:34] 100  3700263719 -1.443851 46.20645         1  96
SUCCESS [2023-10-14 16:48:34] 101  2376804066 -1.443627 46.20659         1  97
SUCCESS [2023-10-14 16:48:34] 102  2376804082 -1.443320 46.20685         1  98
SUCCESS [2023-10-14 16:48:34] 103   278986677 -1.442729 46.20731         1  99
SUCCESS [2023-10-14 16:48:34] 104  3055210333 -1.441765 46.20788         1 100
SUCCESS [2023-10-14 16:48:34] 105  2376804115 -1.441500 46.20804         1 101
SUCCESS [2023-10-14 16:48:34] 106   278986678 -1.441027 46.20843         1 102
SUCCESS [2023-10-14 16:48:34] 107   278986723 -1.439674 46.22380         1 103
SUCCESS [2023-10-14 16:48:34] 108  1848604647 -1.439864 46.22320         1 104
SUCCESS [2023-10-14 16:48:34] 109  4553136680 -1.439901 46.22312         1 105
SUCCESS [2023-10-14 16:48:34] 110   278986722 -1.439954 46.22299         1 106
SUCCESS [2023-10-14 16:48:34] 111  8788144790 -1.440107 46.22288         1 107
SUCCESS [2023-10-14 16:48:34] 113   482847619 -1.439143 46.22377         1 108
SUCCESS [2023-10-14 16:48:34] 114   278986724 -1.438652 46.22374         1 109
SUCCESS [2023-10-14 16:48:34] 115   278986721 -1.440316 46.22276         1 110
SUCCESS [2023-10-14 16:48:34] 116   374114847 -1.440063 46.22270         1 111
SUCCESS [2023-10-14 16:48:34] 117   374114836 -1.439860 46.22262         1 112
SUCCESS [2023-10-14 16:48:34] 118   278986714 -1.440058 46.21727         1 113
SUCCESS [2023-10-14 16:48:34] 119  2157356284 -1.440132 46.21732         1 114
SUCCESS [2023-10-14 16:48:34] 120  1409047932 -1.440184 46.21736         1 115
SUCCESS [2023-10-14 16:48:34] 121   278986715 -1.440352 46.21750         1 116
SUCCESS [2023-10-14 16:48:34] 122  1409047933 -1.440837 46.21785         1 117
SUCCESS [2023-10-14 16:48:34] 123  1409047934 -1.441010 46.21802         1 118
SUCCESS [2023-10-14 16:48:34] 124   278986716 -1.441203 46.21826         1 119
SUCCESS [2023-10-14 16:48:34] 125  2376804226 -1.441187 46.21836         1 120
SUCCESS [2023-10-14 16:48:34] 126  2376804236 -1.440980 46.21886         1 121
SUCCESS [2023-10-14 16:48:34] 127   278986717 -1.440898 46.21896         1 122
SUCCESS [2023-10-14 16:48:34] 128  2376804244 -1.440759 46.21917         1 123
SUCCESS [2023-10-14 16:48:34] 129   278986718 -1.440679 46.21937         1 124
SUCCESS [2023-10-14 16:48:34] 130   278986719 -1.440577 46.21975         1 125
SUCCESS [2023-10-14 16:48:34] 131  1867679097 -1.440528 46.21996         1 126
SUCCESS [2023-10-14 16:48:34] 132  1192276530 -1.440315 46.22051         1 127
SUCCESS [2023-10-14 16:48:34] 133   374114843 -1.440101 46.22105         1 128
SUCCESS [2023-10-14 16:48:34] 134   374114844 -1.439878 46.22174         1 129
SUCCESS [2023-10-14 16:48:34] 135   482847606 -1.439773 46.22218         1 130
SUCCESS [2023-10-14 16:48:34] 136   374114840 -1.439708 46.22231         1 131
SUCCESS [2023-10-14 16:48:34] 137   374114839 -1.439612 46.22235         1 132
SUCCESS [2023-10-14 16:48:34] 138  1848604382 -1.439080 46.21629         1 133
SUCCESS [2023-10-14 16:48:34] 139  2157356274 -1.439169 46.21629         1 134
SUCCESS [2023-10-14 16:48:34] 140  2157356275 -1.439202 46.21629         1 135
SUCCESS [2023-10-14 16:48:34] 141   278986731 -1.439247 46.21630         1 136
SUCCESS [2023-10-14 16:48:34] 142  1848604383 -1.439288 46.21631         1 137
SUCCESS [2023-10-14 16:48:34] 143  1154157295 -1.520656 46.21058         1 138
SUCCESS [2023-10-14 16:48:34] 144  1154157297 -1.520733 46.21065         1 139
SUCCESS [2023-10-14 16:48:34] 145  1179811271 -1.520806 46.21068         1 140
SUCCESS [2023-10-14 16:48:34] 146  1179810713 -1.520875 46.21069         1 141
SUCCESS [2023-10-14 16:48:34] 147   278990661 -1.520990 46.21070         1 142
SUCCESS [2023-10-14 16:48:34] 148  1181382373 -1.521028 46.21070         1 143
SUCCESS [2023-10-14 16:48:34] 149  1181382445 -1.521056 46.21068         1 144
SUCCESS [2023-10-14 16:48:34] 150   292970681 -1.513731 46.20899         1 145
SUCCESS [2023-10-14 16:48:34] 151   278990676 -1.514188 46.20907         1 146
SUCCESS [2023-10-14 16:48:34] 152  4554574043 -1.514380 46.20912         1 147
SUCCESS [2023-10-14 16:48:34] 153   871645082 -1.514580 46.20916         1 148
SUCCESS [2023-10-14 16:48:34] 154   278990675 -1.514841 46.20920         1 149
SUCCESS [2023-10-14 16:48:34] 155  1183628455 -1.515484 46.20929         1 150
SUCCESS [2023-10-14 16:48:34] 156   278990674 -1.515624 46.20930         1 151
SUCCESS [2023-10-14 16:48:34] 157  1183628117 -1.515693 46.20930         1 152
SUCCESS [2023-10-14 16:48:34] 158  1183628638 -1.515787 46.20929         1 153
SUCCESS [2023-10-14 16:48:34] 159   922414407 -1.515868 46.20928         1 154
SUCCESS [2023-10-14 16:48:34] 160  1183628353 -1.515947 46.20926         1 155
SUCCESS [2023-10-14 16:48:34] 161  1183628530 -1.516037 46.20923         1 156
SUCCESS [2023-10-14 16:48:34] 162  1181685694 -1.516144 46.20920         1 157
SUCCESS [2023-10-14 16:48:34] 163   278990673 -1.516247 46.20917         1 158
SUCCESS [2023-10-14 16:48:34] 164  1181685447 -1.516442 46.20913         1 159
SUCCESS [2023-10-14 16:48:34] 165   976613000 -1.516666 46.20910         1 160
SUCCESS [2023-10-14 16:48:34] 166  1181685511 -1.516738 46.20908         1 161
SUCCESS [2023-10-14 16:48:34] 167   976613003 -1.516887 46.20905         1 162
SUCCESS [2023-10-14 16:48:34] 168   298138455 -1.512561 46.21074         1 163
SUCCESS [2023-10-14 16:48:34] 169  2336861273 -1.512652 46.21075         1 164
SUCCESS [2023-10-14 16:48:34] 170  1188124754 -1.512720 46.21077         1 165
SUCCESS [2023-10-14 16:48:34] 171  2336861277 -1.512848 46.21080         1 166
SUCCESS [2023-10-14 16:48:34] 172   278990680 -1.512901 46.21081         1 167
SUCCESS [2023-10-14 16:48:34] 173  2336861283 -1.513046 46.21085         1 168
SUCCESS [2023-10-14 16:48:34] 174  2290817597 -1.513078 46.21086         1 169
SUCCESS [2023-10-14 16:48:34] 175   922418607 -1.513245 46.21091         1 170
SUCCESS [2023-10-14 16:48:34] 176   278587395 -1.421686 46.19499         1 171
SUCCESS [2023-10-14 16:48:34] 177  1426100266 -1.421464 46.19510         1 172
SUCCESS [2023-10-14 16:48:34] 178   279239693 -1.420820 46.19536         1 173
SUCCESS [2023-10-14 16:48:34] 179   274973329 -1.526221 46.24535         1 174
SUCCESS [2023-10-14 16:48:34] 180  1179698313 -1.526243 46.24555         1 175
SUCCESS [2023-10-14 16:48:34] 181  1179698623 -1.526293 46.24595         1 176
SUCCESS [2023-10-14 16:48:34] 182  1179698545 -1.526291 46.24602         1 177
SUCCESS [2023-10-14 16:48:34] 183  1179698450 -1.526232 46.24627         1 178
SUCCESS [2023-10-14 16:48:34] 184   283853964 -1.526219 46.24637         1 179
SUCCESS [2023-10-14 16:48:34] 185  1179698191 -1.526223 46.24647         1 180
SUCCESS [2023-10-14 16:48:34] 186  1179698519 -1.526251 46.24663         1 181
SUCCESS [2023-10-14 16:48:34] 187   283854342 -1.526264 46.24674         1 182
SUCCESS [2023-10-14 16:48:34] 188  1179698337 -1.526244 46.24683         1 183
SUCCESS [2023-10-14 16:48:34] 189  1152476406 -1.526215 46.24692         1 184
SUCCESS [2023-10-14 16:48:34] 190  1179698264 -1.525845 46.24774         1 185
SUCCESS [2023-10-14 16:48:34] 191  1179698407 -1.525710 46.24801         1 186
SUCCESS [2023-10-14 16:48:34] 192   274973328 -1.528795 46.24463         1 187
SUCCESS [2023-10-14 16:48:34] 193   283854999 -1.528660 46.24417         1 188
SUCCESS [2023-10-14 16:48:34] 194  1179698542 -1.528610 46.24412         1 189
SUCCESS [2023-10-14 16:48:34] 195  1179698446 -1.528549 46.24410         1 190
SUCCESS [2023-10-14 16:48:34] 196  1179698306 -1.528474 46.24409         1 191
SUCCESS [2023-10-14 16:48:34] 197  1179698640 -1.528153 46.24409         1 192
SUCCESS [2023-10-14 16:48:34] 198  1179698501 -1.528069 46.24407         1 193
SUCCESS [2023-10-14 16:48:34] 199  1179698379 -1.528013 46.24404         1 194
SUCCESS [2023-10-14 16:48:34] 200   283855315 -1.527979 46.24400         1 195
SUCCESS [2023-10-14 16:48:34] 201   283855003 -1.527280 46.24009         1 196
SUCCESS [2023-10-14 16:48:34] 202  1179736092 -1.527232 46.24002         1 197
SUCCESS [2023-10-14 16:48:34] 203  1179736171 -1.527175 46.23998         1 198
SUCCESS [2023-10-14 16:48:34] 204  1179736427 -1.527096 46.23996         1 199
SUCCESS [2023-10-14 16:48:34]  [ reached 'max' / getOption("max.print") -- omitted 1217436 rows ]
SUCCESS [2023-10-14 16:48:34] 
SUCCESS [2023-10-14 16:48:34] $distances
SUCCESS [2023-10-14 16:48:34] [1] TRUE
SUCCESS [2023-10-14 16:48:34] 
SUCCESS [2023-10-14 16:48:34] $pkg
SUCCESS [2023-10-14 16:48:34] [1] "dodgr"
SUCCESS [2023-10-14 16:48:34] 
SUCCESS [2023-10-14 16:48:34] $turn_penalty
SUCCESS [2023-10-14 16:48:34] [1] TRUE
SUCCESS [2023-10-14 16:48:34] 
SUCCESS [2023-10-14 16:48:34] $graph_name
SUCCESS [2023-10-14 16:48:34] /space_mounts/data/larochelle/dodgr//larochelle.motorcar.dodgrnet
SUCCESS [2023-10-14 16:48:34] FALSE
SUCCESS [2023-10-14 16:48:34] 
SUCCESS [2023-10-14 16:48:34] $string
SUCCESS [2023-10-14 16:48:34] dodgr_di routing motorcar sur /space_mounts/data/larochelle/dodgr/ a 2023-10-14 16:48:08.979941
SUCCESS [2023-10-14 16:48:34] FALSE
SUCCESS [2023-10-14 16:48:34] 
SUCCESS [2023-10-14 16:48:34] $departure_datetime
SUCCESS [2023-10-14 16:48:34] [1] "2019-12-17 08:00:00 UTC"
SUCCESS [2023-10-14 16:48:34] 
SUCCESS [2023-10-14 16:48:34] $mode
SUCCESS [2023-10-14 16:48:34] [1] "motorcar"
SUCCESS [2023-10-14 16:48:34] 
SUCCESS [2023-10-14 16:48:34] $n_threads
SUCCESS [2023-10-14 16:48:34] [1] 4
SUCCESS [2023-10-14 16:48:34] 
SUCCESS [2023-10-14 16:48:34] $future
SUCCESS [2023-10-14 16:48:34] [1] TRUE
SUCCESS [2023-10-14 16:48:34] 
SUCCESS [2023-10-14 16:48:34] $future_routing
SUCCESS [2023-10-14 16:48:34] function(routing) {
SUCCESS [2023-10-14 16:48:34]       rout <- routing
SUCCESS [2023-10-14 16:48:34]       rout$graph <- NULL
SUCCESS [2023-10-14 16:48:34]       rout$elevation_data <- NULL
SUCCESS [2023-10-14 16:48:34]       return(rout)
SUCCESS [2023-10-14 16:48:34]     }
SUCCESS [2023-10-14 16:48:34] <environment: 0x55b1b9df9910>
SUCCESS [2023-10-14 16:48:34] 
SUCCESS [2023-10-14 16:48:34] $core_init
SUCCESS [2023-10-14 16:48:34] function(routing){
SUCCESS [2023-10-14 16:48:34]       RcppParallel::setThreadOptions(numThreads = routing$n_threads)
SUCCESS [2023-10-14 16:48:34]       # refresh le graph à partir du disque en cas de multicore
SUCCESS [2023-10-14 16:48:34]       rout <- routing
SUCCESS [2023-10-14 16:48:34]       rout$graph <- load_street_network(routing$graph_name)
SUCCESS [2023-10-14 16:48:34]       rout$vertices <- dodgr::dodgr_vertices(rout$graph)
SUCCESS [2023-10-14 16:48:34]       return(rout)
SUCCESS [2023-10-14 16:48:34]     }
SUCCESS [2023-10-14 16:48:34] <environment: 0x55b1b9df9910>
SUCCESS [2023-10-14 16:48:34] 
SUCCESS [2023-10-14 16:48:34] 
SUCCESS [2023-10-14 16:48:34] tmax:60
SUCCESS [2023-10-14 16:48:34] pdt:1
SUCCESS [2023-10-14 16:48:34] chunk:10M
SUCCESS [2023-10-14 16:48:34] resolution:200
SUCCESS [2023-10-14 16:48:34] out:200
